# servo_sweep log
# mode=continuous duration=1200 min_ticks=102 max_ticks=511 center_ticks=307
# period_ms=1000
# timestamp = CLOCK_REALTIME microseconds at host i2c_write call
# actual PWM wire edge appears ~100us after timestamp
# columns: timestamp_us,event,ticks
1779672668574548,START,307
1779672668775308,TO_MAX,511
1779672669776045,TO_MIN,102
1779672670776777,TO_MAX,511
1779672671777535,TO_MIN,102
1779672672778323,TO_MAX,511
1779672673779121,TO_MIN,102
1779672674779908,TO_MAX,511
1779672675780654,TO_MIN,102
1779672676781409,TO_MAX,511
1779672677782136,TO_MIN,102
1779672678782889,TO_MAX,511
1779672679783622,TO_MIN,102
1779672680784417,TO_MAX,511
1779672681785167,TO_MIN,102
1779672682785907,TO_MAX,511
1779672683786657,TO_MIN,102
1779672684787395,TO_MAX,511
1779672685788176,TO_MIN,102
1779672686788916,TO_MAX,511
1779672687789732,TO_MIN,102
1779672688790493,TO_MAX,511
1779672689791247,TO_MIN,102
1779672690792009,TO_MAX,511
1779672691792742,TO_MIN,102
1779672692793577,TO_MAX,511
1779672693794366,TO_MIN,102
1779672694795164,TO_MAX,511
1779672695795936,TO_MIN,102
1779672696796683,TO_MAX,511
1779672697797425,TO_MIN,102
1779672698798158,TO_MAX,511
1779672699798936,TO_MIN,102
1779672700799654,TO_MAX,511
1779672701800421,TO_MIN,102
1779672702801223,TO_MAX,511
1779672703802010,TO_MIN,102
1779672704802816,TO_MAX,511
1779672705803577,TO_MIN,102
1779672706804373,TO_MAX,511
1779672707805182,TO_MIN,102
1779672708805935,TO_MAX,511
1779672709806669,TO_MIN,102
1779672710807459,TO_MAX,511
1779672711808206,TO_MIN,102
1779672712808972,TO_MAX,511
1779672713809754,TO_MIN,102
1779672714810543,TO_MAX,511
1779672715811326,TO_MIN,102
1779672716812076,TO_MAX,511
1779672717812852,TO_MIN,102
1779672718813590,TO_MAX,511
1779672719814374,TO_MIN,102
1779672720815164,TO_MAX,511
1779672721815931,TO_MIN,102
1779672722816753,TO_MAX,511
1779672723817538,TO_MIN,102
1779672724818307,TO_MAX,511
1779672725819044,TO_MIN,102
1779672726819789,TO_MAX,511
1779672727820576,TO_MIN,102
1779672728821377,TO_MAX,511
1779672729822206,TO_MIN,102
1779672730822979,TO_MAX,511
1779672731823706,TO_MIN,102
1779672732824482,TO_MAX,511
1779672733825292,TO_MIN,102
1779672734826046,TO_MAX,511
1779672735826825,TO_MIN,102
1779672736827552,TO_MAX,511
1779672737828310,TO_MIN,102
1779672738829041,TO_MAX,511
1779672739829830,TO_MIN,102
1779672740830616,TO_MAX,511
1779672741831398,TO_MIN,102
1779672742832121,TO_MAX,511
1779672743832865,TO_MIN,102
1779672744833654,TO_MAX,511
1779672745834451,TO_MIN,102
1779672746835221,TO_MAX,511
1779672747835951,TO_MIN,102
1779672748836723,TO_MAX,511
1779672749837459,TO_MIN,102
1779672750838282,TO_MAX,511
1779672751839072,TO_MIN,102
1779672752839846,TO_MAX,511
1779672753840614,TO_MIN,102
1779672754841346,TO_MAX,511
1779672755842139,TO_MIN,102
1779672756842932,TO_MAX,511
1779672757843736,TO_MIN,102
1779672758844523,TO_MAX,511
1779672759845261,TO_MIN,102
1779672760846044,TO_MAX,511
1779672761846819,TO_MIN,102
1779672762847591,TO_MAX,511
1779672763848366,TO_MIN,102
1779672764849128,TO_MAX,511
1779672765849867,TO_MIN,102
1779672766850615,TO_MAX,511
1779672767851393,TO_MIN,102
1779672768852118,TO_MAX,511
1779672769852871,TO_MIN,102
1779672770853661,TO_MAX,511
1779672771854428,TO_MIN,102
1779672772855161,TO_MAX,511
1779672773855908,TO_MIN,102
1779672774856686,TO_MAX,511
1779672775857423,TO_MIN,102
1779672776858215,TO_MAX,511
1779672777859010,TO_MIN,102
1779672778859787,TO_MAX,511
1779672779860520,TO_MIN,102
1779672780861335,TO_MAX,511
1779672781862120,TO_MIN,102
1779672782862876,TO_MAX,511
1779672783863657,TO_MIN,102
1779672784864388,TO_MAX,511
1779672785865169,TO_MIN,102
1779672786865963,TO_MAX,511
1779672787866753,TO_MIN,102
1779672788867530,TO_MAX,511
1779672789868255,TO_MIN,102
1779672790869018,TO_MAX,511
1779672791869750,TO_MIN,102
1779672792870546,TO_MAX,511
1779672793871285,TO_MIN,102
1779672794872077,TO_MAX,511
1779672795872871,TO_MIN,102
1779672796873642,TO_MAX,511
1779672797874429,TO_MIN,102
1779672798875204,TO_MAX,511
1779672799875979,TO_MIN,102
1779672800876782,TO_MAX,511
1779672801877550,TO_MIN,102
1779672802878340,TO_MAX,511
1779672803879087,TO_MIN,102
1779672804879887,TO_MAX,511
1779672805880619,TO_MIN,102
1779672806881411,TO_MAX,511
1779672807882206,TO_MIN,102
1779672808882987,TO_MAX,511
1779672809883760,TO_MIN,102
1779672810884523,TO_MAX,511
1779672811885304,TO_MIN,102
1779672812886041,TO_MAX,511
1779672813886771,TO_MIN,102
1779672814887495,TO_MAX,511
1779672815888263,TO_MIN,102
1779672816888996,TO_MAX,511
1779672817889766,TO_MIN,102
1779672818890562,TO_MAX,511
1779672819891349,TO_MIN,102
1779672820892111,TO_MAX,511
1779672821892847,TO_MIN,102
1779672822893623,TO_MAX,511
1779672823894414,TO_MIN,102
1779672824895199,TO_MAX,511
1779672825895937,TO_MIN,102
1779672826896708,TO_MAX,511
1779672827897444,TO_MIN,102
1779672828898197,TO_MAX,511
1779672829898976,TO_MIN,102
1779672830899769,TO_MAX,511
1779672831900534,TO_MIN,102
1779672832901285,TO_MAX,511
1779672833902102,TO_MIN,102
1779672834902906,TO_MAX,511
1779672835903683,TO_MIN,102
1779672836904458,TO_MAX,511
1779672837905284,TO_MIN,102
1779672838906068,TO_MAX,511
1779672839906804,TO_MIN,102
1779672840907588,TO_MAX,511
1779672841908365,TO_MIN,102
1779672842909140,TO_MAX,511
1779672843909978,TO_MIN,102
1779672844910758,TO_MAX,511
1779672845911528,TO_MIN,102
1779672846912263,TO_MAX,511
1779672847913048,TO_MIN,102
1779672848914136,TO_MAX,511
1779672849914918,TO_MIN,102
1779672850915703,TO_MAX,511
1779672851916447,TO_MIN,102
1779672852917528,TO_MAX,511
1779672853918359,TO_MIN,102
1779672854919440,TO_MAX,511
1779672855920253,TO_MIN,102
1779672856921031,TO_MAX,511
1779672857921817,TO_MIN,102
1779672858922607,TO_MAX,511
1779672859923386,TO_MIN,102
1779672860924156,TO_MAX,511
1779672861924891,TO_MIN,102
1779672862925672,TO_MAX,511
1779672863926402,TO_MIN,102
1779672864927212,TO_MAX,511
1779672865927994,TO_MIN,102
1779672866928772,TO_MAX,511
1779672867929533,TO_MIN,102
1779672868930260,TO_MAX,511
1779672869931021,TO_MIN,102
1779672870931760,TO_MAX,511
1779672871932538,TO_MIN,102
1779672872933294,TO_MAX,511
1779672873934065,TO_MIN,102
1779672874934865,TO_MAX,511
1779672875935604,TO_MIN,102
1779672876936368,TO_MAX,511
1779672877937143,TO_MIN,102
1779672878937916,TO_MAX,511
1779672879938655,TO_MIN,102
1779672880939431,TO_MAX,511
1779672881940165,TO_MIN,102
1779672882940918,TO_MAX,511
1779672883941653,TO_MIN,102
1779672884942440,TO_MAX,511
1779672885943190,TO_MIN,102
1779672886943923,TO_MAX,511
1779672887944697,TO_MIN,102
1779672888945428,TO_MAX,511
1779672889946196,TO_MIN,102
1779672890946934,TO_MAX,511
1779672891947716,TO_MIN,102
1779672892948514,TO_MAX,511
1779672893949329,TO_MIN,102
1779672894950125,TO_MAX,511
1779672895950846,TO_MIN,102
1779672896951636,TO_MAX,511
1779672897952424,TO_MIN,102
1779672898953173,TO_MAX,511
1779672899953903,TO_MIN,102
1779672900954671,TO_MAX,511
1779672901955447,TO_MIN,102
1779672902956226,TO_MAX,511
1779672903957002,TO_MIN,102
1779672904957765,TO_MAX,511
1779672905958519,TO_MIN,102
1779672906959315,TO_MAX,511
1779672907960090,TO_MIN,102
1779672908960817,TO_MAX,511
1779672909961575,TO_MIN,102
1779672910962345,TO_MAX,511
1779672911963090,TO_MIN,102
1779672912963865,TO_MAX,511
1779672913964684,TO_MIN,102
1779672914965475,TO_MAX,511
1779672915966286,TO_MIN,102
1779672916967079,TO_MAX,511
1779672917967817,TO_MIN,102
1779672918968595,TO_MAX,511
1779672919969331,TO_MIN,102
1779672920970103,TO_MAX,511
1779672921970840,TO_MIN,102
1779672922971614,TO_MAX,511
1779672923972358,TO_MIN,102
1779672924973145,TO_MAX,511
1779672925973943,TO_MIN,102
1779672926974675,TO_MAX,511
1779672927975426,TO_MIN,102
1779672928976147,TO_MAX,511
1779672929976907,TO_MIN,102
1779672930977690,TO_MAX,511
1779672931978457,TO_MIN,102
1779672932979246,TO_MAX,511
1779672933979989,TO_MIN,102
1779672934980787,TO_MAX,511
1779672935981602,TO_MIN,102
1779672936982392,TO_MAX,511
1779672937983119,TO_MIN,102
1779672938983888,TO_MAX,511
1779672939984614,TO_MIN,102
1779672940985393,TO_MAX,511
1779672941986174,TO_MIN,102
1779672942986957,TO_MAX,511
1779672943987707,TO_MIN,102
1779672944988440,TO_MAX,511
1779672945989222,TO_MIN,102
1779672946990004,TO_MAX,511
1779672947990802,TO_MIN,102
1779672948991589,TO_MAX,511
1779672949992604,TO_MIN,102
1779672950993353,TO_MAX,511
1779672951994177,TO_MIN,102
1779672952994957,TO_MAX,511
1779672953995713,TO_MIN,102
1779672954996496,TO_MAX,511
1779672955997297,TO_MIN,102
1779672956998098,TO_MAX,511
1779672957998825,TO_MIN,102
1779672958999608,TO_MAX,511
1779672960000331,TO_MIN,102
1779672961001081,TO_MAX,511
1779672962001850,TO_MIN,102
1779672963002637,TO_MAX,511
1779672964003382,TO_MIN,102
1779672965004170,TO_MAX,511
1779672966004916,TO_MIN,102
1779672967005689,TO_MAX,511
1779672968006425,TO_MIN,102
1779672969007176,TO_MAX,511
1779672970007921,TO_MIN,102
1779672971008691,TO_MAX,511
1779672972009451,TO_MIN,102
1779672973010226,TO_MAX,511
1779672974011006,TO_MIN,102
1779672975011827,TO_MAX,511
1779672976012627,TO_MIN,102
1779672977013422,TO_MAX,511
1779672978014219,TO_MIN,102
1779672979015004,TO_MAX,511
1779672980015756,TO_MIN,102
1779672981016533,TO_MAX,511
1779672982017273,TO_MIN,102
1779672983018038,TO_MAX,511
1779672984018760,TO_MIN,102
1779672985019510,TO_MAX,511
1779672986020283,TO_MIN,102
1779672987021078,TO_MAX,511
1779672988021807,TO_MIN,102
1779672989022588,TO_MAX,511
1779672990023376,TO_MIN,102
1779672991024119,TO_MAX,511
1779672992024902,TO_MIN,102
1779672993025698,TO_MAX,511
1779672994026456,TO_MIN,102
1779672995027249,TO_MAX,511
1779672996028051,TO_MIN,102
1779672997028833,TO_MAX,511
1779672998029631,TO_MIN,102
1779672999030404,TO_MAX,511
1779673000031168,TO_MIN,102
1779673001031958,TO_MAX,511
1779673002032682,TO_MIN,102
1779673003033442,TO_MAX,511
1779673004034161,TO_MIN,102
1779673005034942,TO_MAX,511
1779673006035725,TO_MIN,102
1779673007036499,TO_MAX,511
1779673008037248,TO_MIN,102
1779673009038007,TO_MAX,511
1779673010038775,TO_MIN,102
1779673011039507,TO_MAX,511
1779673012040261,TO_MIN,102
1779673013040984,TO_MAX,511
1779673014041760,TO_MIN,102
1779673015042549,TO_MAX,511
1779673016043356,TO_MIN,102
1779673017044171,TO_MAX,511
1779673018044926,TO_MIN,102
1779673019045763,TO_MAX,511
1779673020046511,TO_MIN,102
1779673021047323,TO_MAX,511
1779673022048060,TO_MIN,102
1779673023048860,TO_MAX,511
1779673024049646,TO_MIN,102
1779673025050433,TO_MAX,511
1779673026051224,TO_MIN,102
1779673027052034,TO_MAX,511
1779673028052838,TO_MIN,102
1779673029053599,TO_MAX,511
1779673030054359,TO_MIN,102
1779673031055094,TO_MAX,511
1779673032055875,TO_MIN,102
1779673033056635,TO_MAX,511
1779673034057389,TO_MIN,102
1779673035058134,TO_MAX,511
1779673036058943,TO_MIN,102
1779673037059733,TO_MAX,511
1779673038060502,TO_MIN,102
1779673039061291,TO_MAX,511
1779673040062035,TO_MIN,102
1779673041062834,TO_MAX,511
1779673042063572,TO_MIN,102
1779673043064352,TO_MAX,511
1779673044065137,TO_MIN,102
1779673045065912,TO_MAX,511
1779673046066702,TO_MIN,102
1779673047067504,TO_MAX,511
1779673048068244,TO_MIN,102
1779673049068976,TO_MAX,511
1779673050069746,TO_MIN,102
1779673051070533,TO_MAX,511
1779673052071310,TO_MIN,102
1779673053072049,TO_MAX,511
1779673054072801,TO_MIN,102
1779673055073561,TO_MAX,511
1779673056074336,TO_MIN,102
1779673057075114,TO_MAX,511
1779673058075861,TO_MIN,102
1779673059076639,TO_MAX,511
1779673060077372,TO_MIN,102
1779673061078155,TO_MAX,511
1779673062078876,TO_MIN,102
1779673063079640,TO_MAX,511
1779673064080393,TO_MIN,102
1779673065081166,TO_MAX,511
1779673066081939,TO_MIN,102
1779673067082714,TO_MAX,511
1779673068083477,TO_MIN,102
1779673069084260,TO_MAX,511
1779673070085023,TO_MIN,102
1779673071085769,TO_MAX,511
1779673072086517,TO_MIN,102
1779673073087289,TO_MAX,511
1779673074088023,TO_MIN,102
1779673075088778,TO_MAX,511
1779673076089511,TO_MIN,102
1779673077090290,TO_MAX,511
1779673078091025,TO_MIN,102
1779673079091780,TO_MAX,511
1779673080092522,TO_MIN,102
1779673081093272,TO_MAX,511
1779673082094077,TO_MIN,102
1779673083094838,TO_MAX,511
1779673084095629,TO_MIN,102
1779673085096374,TO_MAX,511
1779673086097137,TO_MIN,102
1779673087097888,TO_MAX,511
1779673088098627,TO_MIN,102
1779673089099416,TO_MAX,511
1779673090100194,TO_MIN,102
1779673091100960,TO_MAX,511
1779673092101678,TO_MIN,102
1779673093102398,TO_MAX,511
1779673094103140,TO_MIN,102
1779673095103898,TO_MAX,511
1779673096104681,TO_MIN,102
1779673097105428,TO_MAX,511
1779673098106218,TO_MIN,102
1779673099106994,TO_MAX,511
1779673100107751,TO_MIN,102
1779673101108511,TO_MAX,511
1779673102109309,TO_MIN,102
1779673103110058,TO_MAX,511
1779673104110837,TO_MIN,102
1779673105111566,TO_MAX,511
1779673106112329,TO_MIN,102
1779673107113067,TO_MAX,511
1779673108113848,TO_MIN,102
1779673109114608,TO_MAX,511
1779673110115343,TO_MIN,102
1779673111116125,TO_MAX,511
1779673112116855,TO_MIN,102
1779673113117644,TO_MAX,511
1779673114118385,TO_MIN,102
1779673115119168,TO_MAX,511
1779673116119950,TO_MIN,102
1779673117120719,TO_MAX,511
1779673118121505,TO_MIN,102
1779673119122261,TO_MAX,511
1779673120123058,TO_MIN,102
1779673121123868,TO_MAX,511
1779673122124656,TO_MIN,102
1779673123125380,TO_MAX,511
1779673124126150,TO_MIN,102
1779673125126891,TO_MAX,511
1779673126127642,TO_MIN,102
1779673127128428,TO_MAX,511
1779673128129194,TO_MIN,102
1779673129129975,TO_MAX,511
1779673130130759,TO_MIN,102
1779673131131522,TO_MAX,511
1779673132132247,TO_MIN,102
1779673133133008,TO_MAX,511
1779673134133734,TO_MIN,102
1779673135134498,TO_MAX,511
1779673136135226,TO_MIN,102
1779673137135981,TO_MAX,511
1779673138136740,TO_MIN,102
1779673139137521,TO_MAX,511
1779673140138300,TO_MIN,102
1779673141139039,TO_MAX,511
1779673142139813,TO_MIN,102
1779673143140558,TO_MAX,511
1779673144141325,TO_MIN,102
1779673145142111,TO_MAX,511
1779673146142886,TO_MIN,102
1779673147143613,TO_MAX,511
1779673148144381,TO_MIN,102
1779673149145177,TO_MAX,511
1779673150145947,TO_MIN,102
1779673151146672,TO_MAX,511
1779673152147450,TO_MIN,102
1779673153148222,TO_MAX,511
1779673154148971,TO_MIN,102
1779673155149708,TO_MAX,511
1779673156150480,TO_MIN,102
1779673157151201,TO_MAX,511
1779673158151930,TO_MIN,102
1779673159152702,TO_MAX,511
1779673160153484,TO_MIN,102
1779673161154299,TO_MAX,511
1779673162155101,TO_MIN,102
1779673163155895,TO_MAX,511
1779673164156656,TO_MIN,102
1779673165157431,TO_MAX,511
1779673166158255,TO_MIN,102
1779673167159060,TO_MAX,511
1779673168159802,TO_MIN,102
1779673169160521,TO_MAX,511
1779673170161295,TO_MIN,102
1779673171162025,TO_MAX,511
1779673172162856,TO_MIN,102
1779673173163661,TO_MAX,511
1779673174164415,TO_MIN,102
1779673175165176,TO_MAX,511
1779673176165942,TO_MIN,102
1779673177166727,TO_MAX,511
1779673178167526,TO_MIN,102
1779673179168285,TO_MAX,511
1779673180169025,TO_MIN,102
1779673181169842,TO_MAX,511
1779673182170675,TO_MIN,102
1779673183171485,TO_MAX,511
1779673184172290,TO_MIN,102
1779673185173024,TO_MAX,511
1779673186173812,TO_MIN,102
1779673187174548,TO_MAX,511
1779673188175339,TO_MIN,102
1779673189176145,TO_MAX,511
1779673190176920,TO_MIN,102
1779673191177698,TO_MAX,511
1779673192178487,TO_MIN,102
1779673193179269,TO_MAX,511
1779673194180059,TO_MIN,102
1779673195180884,TO_MAX,511
1779673196181683,TO_MIN,102
1779673197182494,TO_MAX,511
1779673198183271,TO_MIN,102
1779673199184028,TO_MAX,511
1779673200184817,TO_MIN,102
1779673201185574,TO_MAX,511
1779673202186307,TO_MIN,102
1779673203187089,TO_MAX,511
1779673204187861,TO_MIN,102
1779673205188630,TO_MAX,511
1779673206189434,TO_MIN,102
1779673207190164,TO_MAX,511
1779673208190946,TO_MIN,102
1779673209191739,TO_MAX,511
1779673210192525,TO_MIN,102
1779673211193314,TO_MAX,511
1779673212194082,TO_MIN,102
1779673213194871,TO_MAX,511
1779673214195638,TO_MIN,102
1779673215196437,TO_MAX,511
1779673216197188,TO_MIN,102
1779673217197975,TO_MAX,511
1779673218198694,TO_MIN,102
1779673219199470,TO_MAX,511
1779673220200205,TO_MIN,102
1779673221200969,TO_MAX,511
1779673222201768,TO_MIN,102
1779673223202593,TO_MAX,511
1779673224203395,TO_MIN,102
1779673225204134,TO_MAX,511
1779673226204913,TO_MIN,102
1779673227205633,TO_MAX,511
1779673228206393,TO_MIN,102
1779673229207127,TO_MAX,511
1779673230207928,TO_MIN,102
1779673231208700,TO_MAX,511
1779673232209469,TO_MIN,102
1779673233210248,TO_MAX,511
1779673234211025,TO_MIN,102
1779673235211775,TO_MAX,511
1779673236212505,TO_MIN,102
1779673237213296,TO_MAX,511
1779673238214088,TO_MIN,102
1779673239214876,TO_MAX,511
1779673240215631,TO_MIN,102
1779673241216430,TO_MAX,511
1779673242217173,TO_MIN,102
1779673243217897,TO_MAX,511
1779673244218752,TO_MIN,102
1779673245219544,TO_MAX,511
1779673246220330,TO_MIN,102
1779673247221059,TO_MAX,511
1779673248221844,TO_MIN,102
1779673249222578,TO_MAX,511
1779673250223330,TO_MIN,102
1779673251224108,TO_MAX,511
1779673252224828,TO_MIN,102
1779673253225543,TO_MAX,511
1779673254226321,TO_MIN,102
1779673255227094,TO_MAX,511
1779673256227813,TO_MIN,102
1779673257228560,TO_MAX,511
1779673258229325,TO_MIN,102
1779673259230055,TO_MAX,511
1779673260230827,TO_MIN,102
1779673261231566,TO_MAX,511
1779673262232350,TO_MIN,102
1779673263233076,TO_MAX,511
1779673264233850,TO_MIN,102
1779673265234611,TO_MAX,511
1779673266235407,TO_MIN,102
1779673267236197,TO_MAX,511
1779673268237011,TO_MIN,102
1779673269237802,TO_MAX,511
1779673270238523,TO_MIN,102
1779673271239317,TO_MAX,511
1779673272240106,TO_MIN,102
1779673273240873,TO_MAX,511
1779673274241630,TO_MIN,102
1779673275242425,TO_MAX,511
1779673276243203,TO_MIN,102
1779673277243937,TO_MAX,511
1779673278244724,TO_MIN,102
1779673279245447,TO_MAX,511
1779673280246209,TO_MIN,102
1779673281246992,TO_MAX,511
1779673282247733,TO_MIN,102
1779673283248481,TO_MAX,511
1779673284249195,TO_MIN,102
1779673285249963,TO_MAX,511
1779673286250707,TO_MIN,102
1779673287251500,TO_MAX,511
1779673288252238,TO_MIN,102
1779673289253002,TO_MAX,511
1779673290253779,TO_MIN,102
1779673291254540,TO_MAX,511
1779673292255309,TO_MIN,102
1779673293256109,TO_MAX,511
1779673294256869,TO_MIN,102
1779673295257609,TO_MAX,511
1779673296258401,TO_MIN,102
1779673297259171,TO_MAX,511
1779673298259945,TO_MIN,102
1779673299260726,TO_MAX,511
1779673300261517,TO_MIN,102
1779673301262312,TO_MAX,511
1779673302263038,TO_MIN,102
1779673303263817,TO_MAX,511
1779673304264603,TO_MIN,102
1779673305265390,TO_MAX,511
1779673306266184,TO_MIN,102
1779673307266923,TO_MAX,511
1779673308267687,TO_MIN,102
1779673309268428,TO_MAX,511
1779673310269173,TO_MIN,102
1779673311269899,TO_MAX,511
1779673312270682,TO_MIN,102
1779673313271468,TO_MAX,511
1779673314272230,TO_MIN,102
1779673315273010,TO_MAX,511
1779673316273782,TO_MIN,102
1779673317274533,TO_MAX,511
1779673318275334,TO_MIN,102
1779673319276112,TO_MAX,511
1779673320276846,TO_MIN,102
1779673321277605,TO_MAX,511
1779673322278342,TO_MIN,102
1779673323279116,TO_MAX,511
1779673324279904,TO_MIN,102
1779673325280697,TO_MAX,511
1779673326281509,TO_MIN,102
1779673327282314,TO_MAX,511
1779673328283108,TO_MIN,102
1779673329283850,TO_MAX,511
1779673330284641,TO_MIN,102
1779673331285388,TO_MAX,511
1779673332286198,TO_MIN,102
1779673333287004,TO_MAX,511
1779673334287822,TO_MIN,102
1779673335288595,TO_MAX,511
1779673336289356,TO_MIN,102
1779673337290147,TO_MAX,511
1779673338290916,TO_MIN,102
1779673339291671,TO_MAX,511
1779673340292410,TO_MIN,102
1779673341293180,TO_MAX,511
1779673342293918,TO_MIN,102
1779673343294689,TO_MAX,511
1779673344295421,TO_MIN,102
1779673345296191,TO_MAX,511
1779673346296988,TO_MIN,102
1779673347297760,TO_MAX,511
1779673348298553,TO_MIN,102
1779673349299330,TO_MAX,511
1779673350300112,TO_MIN,102
1779673351300852,TO_MAX,511
1779673352301611,TO_MIN,102
1779673353302346,TO_MAX,511
1779673354303141,TO_MIN,102
1779673355303925,TO_MAX,511
1779673356304682,TO_MIN,102
1779673357305418,TO_MAX,511
1779673358306222,TO_MIN,102
1779673359306998,TO_MAX,511
1779673360307754,TO_MIN,102
1779673361308533,TO_MAX,511
1779673362309272,TO_MIN,102
1779673363310054,TO_MAX,511
1779673364310790,TO_MIN,102
1779673365311561,TO_MAX,511
1779673366312342,TO_MIN,102
1779673367313116,TO_MAX,511
1779673368313946,TO_MIN,102
1779673369314704,TO_MAX,511
1779673370315520,TO_MIN,102
1779673371316314,TO_MAX,511
1779673372317084,TO_MIN,102
1779673373317907,TO_MAX,511
1779673374318698,TO_MIN,102
1779673375319461,TO_MAX,511
1779673376320184,TO_MIN,102
1779673377320929,TO_MAX,511
1779673378321703,TO_MIN,102
1779673379322488,TO_MAX,511
1779673380323289,TO_MIN,102
1779673381324046,TO_MAX,511
1779673382324834,TO_MIN,102
1779673383325623,TO_MAX,511
1779673384326395,TO_MIN,102
1779673385327109,TO_MAX,511
1779673386327859,TO_MIN,102
1779673387328631,TO_MAX,511
1779673388329432,TO_MIN,102
1779673389330220,TO_MAX,511
1779673390331058,TO_MIN,102
1779673391331791,TO_MAX,511
1779673392332551,TO_MIN,102
1779673393333323,TO_MAX,511
1779673394334102,TO_MIN,102
1779673395334865,TO_MAX,511
1779673396335599,TO_MIN,102
1779673397336366,TO_MAX,511
1779673398337102,TO_MIN,102
1779673399337923,TO_MAX,511
1779673400338715,TO_MIN,102
1779673401339478,TO_MAX,511
1779673402340257,TO_MIN,102
1779673403341059,TO_MAX,511
1779673404341859,TO_MIN,102
1779673405342651,TO_MAX,511
1779673406343441,TO_MIN,102
1779673407344186,TO_MAX,511
1779673408345001,TO_MIN,102
1779673409345781,TO_MAX,511
1779673410346535,TO_MIN,102
1779673411347321,TO_MAX,511
1779673412348045,TO_MIN,102
1779673413348793,TO_MAX,511
1779673414349522,TO_MIN,102
1779673415350320,TO_MAX,511
1779673416351121,TO_MIN,102
1779673417351879,TO_MAX,511
1779673418352660,TO_MIN,102
1779673419353382,TO_MAX,511
1779673420354114,TO_MIN,102
1779673421354904,TO_MAX,511
1779673422355666,TO_MIN,102
1779673423356392,TO_MAX,511
1779673424357135,TO_MIN,102
1779673425357916,TO_MAX,511
1779673426358658,TO_MIN,102
1779673427359443,TO_MAX,511
1779673428360239,TO_MIN,102
1779673429361052,TO_MAX,511
1779673430361858,TO_MIN,102
1779673431362635,TO_MAX,511
1779673432363362,TO_MIN,102
1779673433364131,TO_MAX,511
1779673434364854,TO_MIN,102
1779673435365596,TO_MAX,511
1779673436366362,TO_MIN,102
1779673437367145,TO_MAX,511
1779673438367973,TO_MIN,102
1779673439368701,TO_MAX,511
1779673440369480,TO_MIN,102
1779673441370259,TO_MAX,511
1779673442371032,TO_MIN,102
1779673443371764,TO_MAX,511
1779673444372544,TO_MIN,102
1779673445373319,TO_MAX,511
1779673446374108,TO_MIN,102
1779673447374893,TO_MAX,511
1779673448375626,TO_MIN,102
1779673449376439,TO_MAX,511
1779673450377275,TO_MIN,102
1779673451378035,TO_MAX,511
1779673452378819,TO_MIN,102
1779673453379638,TO_MAX,511
1779673454380408,TO_MIN,102
1779673455381188,TO_MAX,511
1779673456381968,TO_MIN,102
1779673457382694,TO_MAX,511
1779673458383448,TO_MIN,102
1779673459384173,TO_MAX,511
1779673460384947,TO_MIN,102
1779673461385715,TO_MAX,511
1779673462386472,TO_MIN,102
1779673463387266,TO_MAX,511
1779673464387988,TO_MIN,102
1779673465388743,TO_MAX,511
1779673466389474,TO_MIN,102
1779673467390246,TO_MAX,511
1779673468390980,TO_MIN,102
1779673469391793,TO_MAX,511
1779673470392593,TO_MIN,102
1779673471393369,TO_MAX,511
1779673472394118,TO_MIN,102
1779673473394891,TO_MAX,511
1779673474395704,TO_MIN,102
1779673475396441,TO_MAX,511
1779673476397201,TO_MIN,102
1779673477398001,TO_MAX,511
1779673478398789,TO_MIN,102
1779673479399582,TO_MAX,511
1779673480400366,TO_MIN,102
1779673481401108,TO_MAX,511
1779673482401894,TO_MIN,102
1779673483402651,TO_MAX,511
1779673484403401,TO_MIN,102
1779673485404186,TO_MAX,511
1779673486404921,TO_MIN,102
1779673487405713,TO_MAX,511
1779673488406526,TO_MIN,102
1779673489407360,TO_MAX,511
1779673490408159,TO_MIN,102
1779673491408895,TO_MAX,511
1779673492409681,TO_MIN,102
1779673493410490,TO_MAX,511
1779673494411284,TO_MIN,102
1779673495412032,TO_MAX,511
1779673496412808,TO_MIN,102
1779673497413580,TO_MAX,511
1779673498414305,TO_MIN,102
1779673499415064,TO_MAX,511
1779673500415841,TO_MIN,102
1779673501416617,TO_MAX,511
1779673502417371,TO_MIN,102
1779673503418181,TO_MAX,511
1779673504418956,TO_MIN,102
1779673505419676,TO_MAX,511
1779673506420432,TO_MIN,102
1779673507421168,TO_MAX,511
1779673508421942,TO_MIN,102
1779673509422670,TO_MAX,511
1779673510423441,TO_MIN,102
1779673511424239,TO_MAX,511
1779673512424982,TO_MIN,102
1779673513425776,TO_MAX,511
1779673514426510,TO_MIN,102
1779673515427273,TO_MAX,511
1779673516427994,TO_MIN,102
1779673517428752,TO_MAX,511
1779673518429481,TO_MIN,102
1779673519430244,TO_MAX,511
1779673520431007,TO_MIN,102
1779673521431774,TO_MAX,511
1779673522432502,TO_MIN,102
1779673523433301,TO_MAX,511
1779673524434074,TO_MIN,102
1779673525434844,TO_MAX,511
1779673526435587,TO_MIN,102
1779673527436310,TO_MAX,511
1779673528437046,TO_MIN,102
1779673529437812,TO_MAX,511
1779673530438556,TO_MIN,102
1779673531439323,TO_MAX,511
1779673532440053,TO_MIN,102
1779673533440844,TO_MAX,511
1779673534441616,TO_MIN,102
1779673535442407,TO_MAX,511
1779673536443187,TO_MIN,102
1779673537443946,TO_MAX,511
1779673538444706,TO_MIN,102
1779673539445490,TO_MAX,511
1779673540446267,TO_MIN,102
1779673541447037,TO_MAX,511
1779673542447750,TO_MIN,102
1779673543448513,TO_MAX,511
1779673544449309,TO_MIN,102
1779673545450086,TO_MAX,511
1779673546450825,TO_MIN,102
1779673547451608,TO_MAX,511
1779673548452351,TO_MIN,102
1779673549453099,TO_MAX,511
1779673550453827,TO_MIN,102
1779673551454640,TO_MAX,511
1779673552455432,TO_MIN,102
1779673553456191,TO_MAX,511
1779673554456972,TO_MIN,102
1779673555457757,TO_MAX,511
1779673556458549,TO_MIN,102
1779673557459307,TO_MAX,511
1779673558460057,TO_MIN,102
1779673559460785,TO_MAX,511
1779673560461538,TO_MIN,102
1779673561462323,TO_MAX,511
1779673562463100,TO_MIN,102
1779673563463861,TO_MAX,511
1779673564464590,TO_MIN,102
1779673565465358,TO_MAX,511
1779673566466100,TO_MIN,102
1779673567466859,TO_MAX,511
1779673568467637,TO_MIN,102
1779673569468356,TO_MAX,511
1779673570469130,TO_MIN,102
1779673571469874,TO_MAX,511
1779673572470644,TO_MIN,102
1779673573471428,TO_MAX,511
1779673574472215,TO_MIN,102
1779673575472960,TO_MAX,511
1779673576473743,TO_MIN,102
1779673577474472,TO_MAX,511
1779673578475253,TO_MIN,102
1779673579476034,TO_MAX,511
1779673580476786,TO_MIN,102
1779673581477512,TO_MAX,511
1779673582478264,TO_MIN,102
1779673583479031,TO_MAX,511
1779673584479769,TO_MIN,102
1779673585480489,TO_MAX,511
1779673586481277,TO_MIN,102
1779673587482055,TO_MAX,511
1779673588482815,TO_MIN,102
1779673589483544,TO_MAX,511
1779673590484334,TO_MIN,102
1779673591485124,TO_MAX,511
1779673592485926,TO_MIN,102
1779673593486726,TO_MAX,511
1779673594487494,TO_MIN,102
1779673595488274,TO_MAX,511
1779673596489044,TO_MIN,102
1779673597489799,TO_MAX,511
1779673598490530,TO_MIN,102
1779673599491312,TO_MAX,511
1779673600492099,TO_MIN,102
1779673601492882,TO_MAX,511
1779673602493668,TO_MIN,102
1779673603494468,TO_MAX,511
1779673604495239,TO_MIN,102
1779673605495969,TO_MAX,511
1779673606496748,TO_MIN,102
1779673607497480,TO_MAX,511
1779673608498262,TO_MIN,102
1779673609498996,TO_MAX,511
1779673610499785,TO_MIN,102
1779673611500575,TO_MAX,511
1779673612501365,TO_MIN,102
1779673613502156,TO_MAX,511
1779673614502957,TO_MIN,102
1779673615503741,TO_MAX,511
1779673616504478,TO_MIN,102
1779673617505269,TO_MAX,511
1779673618506077,TO_MIN,102
1779673619506837,TO_MAX,511
1779673620507613,TO_MIN,102
1779673621508338,TO_MAX,511
1779673622509114,TO_MIN,102
1779673623509913,TO_MAX,511
1779673624510704,TO_MIN,102
1779673625511478,TO_MAX,511
1779673626512245,TO_MIN,102
1779673627513023,TO_MAX,511
1779673628513760,TO_MIN,102
1779673629514522,TO_MAX,511
1779673630515262,TO_MIN,102
1779673631516057,TO_MAX,511
1779673632516849,TO_MIN,102
1779673633517595,TO_MAX,511
1779673634518372,TO_MIN,102
1779673635519180,TO_MAX,511
1779673636519963,TO_MIN,102
1779673637520686,TO_MAX,511
1779673638521449,TO_MIN,102
1779673639522180,TO_MAX,511
1779673640522909,TO_MIN,102
1779673641523657,TO_MAX,511
1779673642524444,TO_MIN,102
1779673643525241,TO_MAX,511
1779673644525981,TO_MIN,102
1779673645526788,TO_MAX,511
1779673646527576,TO_MIN,102
1779673647528361,TO_MAX,511
1779673648529139,TO_MIN,102
1779673649529878,TO_MAX,511
1779673650530636,TO_MIN,102
1779673651531368,TO_MAX,511
1779673652532121,TO_MIN,102
1779673653532851,TO_MAX,511
1779673654533632,TO_MIN,102
1779673655534441,TO_MAX,511
1779673656535227,TO_MIN,102
1779673657535958,TO_MAX,511
1779673658536756,TO_MIN,102
1779673659537535,TO_MAX,511
1779673660538259,TO_MIN,102
1779673661539011,TO_MAX,511
1779673662539737,TO_MIN,102
1779673663540493,TO_MAX,511
1779673664541228,TO_MIN,102
1779673665541971,TO_MAX,511
1779673666542732,TO_MIN,102
1779673667543512,TO_MAX,511
1779673668544250,TO_MIN,102
1779673669545039,TO_MAX,511
1779673670545810,TO_MIN,102
1779673671546541,TO_MAX,511
1779673672547300,TO_MIN,102
1779673673548036,TO_MAX,511
1779673674548784,TO_MIN,102
1779673675549549,TO_MAX,511
1779673676550336,TO_MIN,102
1779673677551137,TO_MAX,511
1779673678551935,TO_MIN,102
1779673679552719,TO_MAX,511
1779673680553467,TO_MIN,102
1779673681554218,TO_MAX,511
1779673682554942,TO_MIN,102
1779673683555770,TO_MAX,511
1779673684556554,TO_MIN,102
1779673685557344,TO_MAX,511
1779673686558069,TO_MIN,102
1779673687558813,TO_MAX,511
1779673688559586,TO_MIN,102
1779673689560328,TO_MAX,511
1779673690561111,TO_MIN,102
1779673691561924,TO_MAX,511
1779673692562667,TO_MIN,102
1779673693563397,TO_MAX,511
1779673694564156,TO_MIN,102
1779673695564916,TO_MAX,511
1779673696565664,TO_MIN,102
1779673697566441,TO_MAX,511
1779673698567238,TO_MIN,102
1779673699568031,TO_MAX,511
1779673700568766,TO_MIN,102
1779673701569531,TO_MAX,511
1779673702570304,TO_MIN,102
1779673703571079,TO_MAX,511
1779673704571856,TO_MIN,102
1779673705572589,TO_MAX,511
1779673706573366,TO_MIN,102
1779673707574110,TO_MAX,511
1779673708574941,TO_MIN,102
1779673709575740,TO_MAX,511
1779673710576479,TO_MIN,102
1779673711577255,TO_MAX,511
1779673712577995,TO_MIN,102
1779673713578770,TO_MAX,511
1779673714579495,TO_MIN,102
1779673715580250,TO_MAX,511
1779673716581028,TO_MIN,102
1779673717581793,TO_MAX,511
1779673718582557,TO_MIN,102
1779673719583343,TO_MAX,511
1779673720584071,TO_MIN,102
1779673721584869,TO_MAX,511
1779673722585608,TO_MIN,102
1779673723586381,TO_MAX,511
1779673724587146,TO_MIN,102
1779673725587919,TO_MAX,511
1779673726588697,TO_MIN,102
1779673727589485,TO_MAX,511
1779673728590278,TO_MIN,102
1779673729591049,TO_MAX,511
1779673730591804,TO_MIN,102
1779673731592521,TO_MAX,511
1779673732593284,TO_MIN,102
1779673733594060,TO_MAX,511
1779673734594803,TO_MIN,102
1779673735595560,TO_MAX,511
1779673736596285,TO_MIN,102
1779673737597057,TO_MAX,511
1779673738597846,TO_MIN,102
1779673739598640,TO_MAX,511
1779673740599387,TO_MIN,102
1779673741600180,TO_MAX,511
1779673742600907,TO_MIN,102
1779673743601685,TO_MAX,511
1779673744602466,TO_MIN,102
1779673745603242,TO_MAX,511
1779673746604010,TO_MIN,102
1779673747604741,TO_MAX,511
1779673748605517,TO_MIN,102
1779673749606237,TO_MAX,511
1779673750607000,TO_MIN,102
1779673751607713,TO_MAX,511
1779673752608423,TO_MIN,102
1779673753609189,TO_MAX,511
1779673754609946,TO_MIN,102
1779673755610706,TO_MAX,511
1779673756611451,TO_MIN,102
1779673757612232,TO_MAX,511
1779673758612955,TO_MIN,102
1779673759613726,TO_MAX,511
1779673760614514,TO_MIN,102
1779673761615296,TO_MAX,511
1779673762616025,TO_MIN,102
1779673763616800,TO_MAX,511
1779673764617533,TO_MIN,102
1779673765618326,TO_MAX,511
1779673766619101,TO_MIN,102
1779673767619857,TO_MAX,511
1779673768620632,TO_MIN,102
1779673769621417,TO_MAX,511
1779673770622213,TO_MIN,102
1779673771623004,TO_MAX,511
1779673772623786,TO_MIN,102
1779673773624573,TO_MAX,511
1779673774625362,TO_MIN,102
1779673775626093,TO_MAX,511
1779673776626873,TO_MIN,102
1779673777627652,TO_MAX,511
1779673778628383,TO_MIN,102
1779673779629176,TO_MAX,511
1779673780629954,TO_MIN,102
1779673781630738,TO_MAX,511
1779673782631485,TO_MIN,102
1779673783632258,TO_MAX,511
1779673784633042,TO_MIN,102
1779673785633795,TO_MAX,511
1779673786634557,TO_MIN,102
1779673787635343,TO_MAX,511
1779673788636100,TO_MIN,102
1779673789636825,TO_MAX,511
1779673790637578,TO_MIN,102
1779673791638369,TO_MAX,511
1779673792639151,TO_MIN,102
1779673793639926,TO_MAX,511
1779673794640674,TO_MIN,102
1779673795641437,TO_MAX,511
1779673796642149,TO_MIN,102
1779673797642900,TO_MAX,511
1779673798643681,TO_MIN,102
1779673799644466,TO_MAX,511
1779673800645250,TO_MIN,102
1779673801646046,TO_MAX,511
1779673802646808,TO_MIN,102
1779673803647538,TO_MAX,511
1779673804648309,TO_MIN,102
1779673805649037,TO_MAX,511
1779673806649764,TO_MIN,102
1779673807650497,TO_MAX,511
1779673808651281,TO_MIN,102
1779673809652018,TO_MAX,511
1779673810652796,TO_MIN,102
1779673811653568,TO_MAX,511
1779673812654297,TO_MIN,102
1779673813655075,TO_MAX,511
1779673814655815,TO_MIN,102
1779673815656602,TO_MAX,511
1779673816657351,TO_MIN,102
1779673817658136,TO_MAX,511
1779673818658919,TO_MIN,102
1779673819659644,TO_MAX,511
1779673820660400,TO_MIN,102
1779673821661188,TO_MAX,511
1779673822661999,TO_MIN,102
1779673823662794,TO_MAX,511
1779673824663543,TO_MIN,102
1779673825664293,TO_MAX,511
1779673826665014,TO_MIN,102
1779673827665779,TO_MAX,511
1779673828666515,TO_MIN,102
1779673829667322,TO_MAX,511
1779673830668092,TO_MIN,102
1779673831668867,TO_MAX,511
1779673832669629,TO_MIN,102
1779673833670369,TO_MAX,511
1779673834671162,TO_MIN,102
1779673835671940,TO_MAX,511
1779673836672705,TO_MIN,102
1779673837673470,TO_MAX,511
1779673838674245,TO_MIN,102
1779673839675040,TO_MAX,511
1779673840675811,TO_MIN,102
1779673841676557,TO_MAX,511
1779673842677335,TO_MIN,102
1779673843678078,TO_MAX,511
1779673844678841,TO_MIN,102
1779673845679573,TO_MAX,511
1779673846680343,TO_MIN,102
1779673847681075,TO_MAX,511
1779673848681831,TO_MIN,102
1779673849682621,TO_MAX,511
1779673850683405,TO_MIN,102
1779673851684201,TO_MAX,511
1779673852684992,TO_MIN,102
1779673853685801,TO_MAX,511
1779673854686565,TO_MIN,102
1779673855687297,TO_MAX,511
1779673856688050,TO_MIN,102
1779673857688768,TO_MAX,511
1779673858689509,TO_MIN,102
1779673859690246,TO_MAX,511
1779673860691025,TO_MIN,102
1779673861691808,TO_MAX,511
1779673862692567,TO_MIN,102
1779673863693358,TO_MAX,511
1779673864694126,TO_MIN,102
1779673865694874,TO_MAX,511
1779673866695592,TO_MIN,102
1779673867696348,TO_MAX,511
1779673868697076,TO_MIN,102
1779673869697844,END,307
