# servo_sweep log
# mode=continuous duration=1200 min_ticks=102 max_ticks=511 center_ticks=307
# period_ms=1000
# timestamp = CLOCK_REALTIME microseconds at host i2c_write call
# actual PWM wire edge appears ~100us after timestamp
# columns: timestamp_us,event,ticks
1779605065938398,START,307
1779605066139165,TO_MAX,511
1779605067139896,TO_MIN,102
1779605068140612,TO_MAX,511
1779605069141331,TO_MIN,102
1779605070142027,TO_MAX,511
1779605071142725,TO_MIN,102
1779605072143426,TO_MAX,511
1779605073144124,TO_MIN,102
1779605074144820,TO_MAX,511
1779605075145513,TO_MIN,102
1779605076146210,TO_MAX,511
1779605077146912,TO_MIN,102
1779605078147617,TO_MAX,511
1779605079148313,TO_MIN,102
1779605080149010,TO_MAX,511
1779605081149700,TO_MIN,102
1779605082150398,TO_MAX,511
1779605083151088,TO_MIN,102
1779605084151789,TO_MAX,511
1779605085152483,TO_MIN,102
1779605086153179,TO_MAX,511
1779605087153870,TO_MIN,102
1779605088154558,TO_MAX,511
1779605089155247,TO_MIN,102
1779605090155939,TO_MAX,511
1779605091156635,TO_MIN,102
1779605092157327,TO_MAX,511
1779605093158019,TO_MIN,102
1779605094158710,TO_MAX,511
1779605095159403,TO_MIN,102
1779605096160106,TO_MAX,511
1779605097160802,TO_MIN,102
1779605098161500,TO_MAX,511
1779605099162210,TO_MIN,102
1779605100162911,TO_MAX,511
1779605101163610,TO_MIN,102
1779605102164321,TO_MAX,511
1779605103165023,TO_MIN,102
1779605104165728,TO_MAX,511
1779605105166424,TO_MIN,102
1779605106167121,TO_MAX,511
1779605107167821,TO_MIN,102
1779605108168517,TO_MAX,511
1779605109169208,TO_MIN,102
1779605110169900,TO_MAX,511
1779605111170595,TO_MIN,102
1779605112171295,TO_MAX,511
1779605113171987,TO_MIN,102
1779605114172682,TO_MAX,511
1779605115173366,TO_MIN,102
1779605116174061,TO_MAX,511
1779605117174755,TO_MIN,102
1779605118175451,TO_MAX,511
1779605119176146,TO_MIN,102
1779605120176840,TO_MAX,511
1779605121177531,TO_MIN,102
1779605122178218,TO_MAX,511
1779605123178905,TO_MIN,102
1779605124179596,TO_MAX,511
1779605125180287,TO_MIN,102
1779605126180985,TO_MAX,511
1779605127181672,TO_MIN,102
1779605128182361,TO_MAX,511
1779605129183050,TO_MIN,102
1779605130183739,TO_MAX,511
1779605131184423,TO_MIN,102
1779605132185119,TO_MAX,511
1779605133185828,TO_MIN,102
1779605134186520,TO_MAX,511
1779605135187210,TO_MIN,102
1779605136187901,TO_MAX,511
1779605137188593,TO_MIN,102
1779605138189296,TO_MAX,511
1779605139189984,TO_MIN,102
1779605140190675,TO_MAX,511
1779605141191366,TO_MIN,102
1779605142192063,TO_MAX,511
1779605143192759,TO_MIN,102
1779605144193449,TO_MAX,511
1779605145194136,TO_MIN,102
1779605146194823,TO_MAX,511
1779605147195510,TO_MIN,102
1779605148196199,TO_MAX,511
1779605149196892,TO_MIN,102
1779605150197586,TO_MAX,511
1779605151198272,TO_MIN,102
1779605152198962,TO_MAX,511
1779605153199656,TO_MIN,102
1779605154200340,TO_MAX,511
1779605155201031,TO_MIN,102
1779605156201738,TO_MAX,511
1779605157202434,TO_MIN,102
1779605158203123,TO_MAX,511
1779605159203817,TO_MIN,102
1779605160204511,TO_MAX,511
1779605161205203,TO_MIN,102
1779605162205897,TO_MAX,511
1779605163206597,TO_MIN,102
1779605164207306,TO_MAX,511
1779605165208006,TO_MIN,102
1779605166208706,TO_MAX,511
1779605167209401,TO_MIN,102
1779605168210108,TO_MAX,511
1779605169210807,TO_MIN,102
1779605170211516,TO_MAX,511
1779605171212217,TO_MIN,102
1779605172212925,TO_MAX,511
1779605173213622,TO_MIN,102
1779605174214327,TO_MAX,511
1779605175215024,TO_MIN,102
1779605176215723,TO_MAX,511
1779605177216416,TO_MIN,102
1779605178217107,TO_MAX,511
1779605179217800,TO_MIN,102
1779605180218497,TO_MAX,511
1779605181219189,TO_MIN,102
1779605182219880,TO_MAX,511
1779605183220573,TO_MIN,102
1779605184221275,TO_MAX,511
1779605185221967,TO_MIN,102
1779605186222668,TO_MAX,511
1779605187223364,TO_MIN,102
1779605188224055,TO_MAX,511
1779605189224745,TO_MIN,102
1779605190225434,TO_MAX,511
1779605191226126,TO_MIN,102
1779605192226825,TO_MAX,511
1779605193227518,TO_MIN,102
1779605194228209,TO_MAX,511
1779605195228902,TO_MIN,102
1779605196229591,TO_MAX,511
1779605197230279,TO_MIN,102
1779605198230974,TO_MAX,511
1779605199231667,TO_MIN,102
1779605200232357,TO_MAX,511
1779605201233045,TO_MIN,102
1779605202233756,TO_MAX,511
1779605203234445,TO_MIN,102
1779605204235137,TO_MAX,511
1779605205235825,TO_MIN,102
1779605206236513,TO_MAX,511
1779605207237199,TO_MIN,102
1779605208237887,TO_MAX,511
1779605209238566,TO_MIN,102
1779605210239257,TO_MAX,511
1779605211239943,TO_MIN,102
1779605212240628,TO_MAX,511
1779605213241314,TO_MIN,102
1779605214242005,TO_MAX,511
1779605215242691,TO_MIN,102
1779605216243385,TO_MAX,511
1779605217244062,TO_MIN,102
1779605218244754,TO_MAX,511
1779605219245448,TO_MIN,102
1779605220246141,TO_MAX,511
1779605221246824,TO_MIN,102
1779605222247524,TO_MAX,511
1779605223248212,TO_MIN,102
1779605224248899,TO_MAX,511
1779605225249589,TO_MIN,102
1779605226250276,TO_MAX,511
1779605227250961,TO_MIN,102
1779605228251650,TO_MAX,511
1779605229252331,TO_MIN,102
1779605230253018,TO_MAX,511
1779605231253704,TO_MIN,102
1779605232254394,TO_MAX,511
1779605233255083,TO_MIN,102
1779605234255774,TO_MAX,511
1779605235256451,TO_MIN,102
1779605236257139,TO_MAX,511
1779605237257825,TO_MIN,102
1779605238258510,TO_MAX,511
1779605239259198,TO_MIN,102
1779605240259893,TO_MAX,511
1779605241260579,TO_MIN,102
1779605242261268,TO_MAX,511
1779605243261961,TO_MIN,102
1779605244262649,TO_MAX,511
1779605245263336,TO_MIN,102
1779605246264028,TO_MAX,511
1779605247264716,TO_MIN,102
1779605248265404,TO_MAX,511
1779605249266091,TO_MIN,102
1779605250266783,TO_MAX,511
1779605251267472,TO_MIN,102
1779605252268159,TO_MAX,511
1779605253268847,TO_MIN,102
1779605254269531,TO_MAX,511
1779605255270219,TO_MIN,102
1779605256270908,TO_MAX,511
1779605257271595,TO_MIN,102
1779605258272290,TO_MAX,511
1779605259272983,TO_MIN,102
1779605260273669,TO_MAX,511
1779605261274359,TO_MIN,102
1779605262275052,TO_MAX,511
1779605263275741,TO_MIN,102
1779605264276436,TO_MAX,511
1779605265277123,TO_MIN,102
1779605266277811,TO_MAX,511
1779605267278503,TO_MIN,102
1779605268279205,TO_MAX,511
1779605269279895,TO_MIN,102
1779605270280594,TO_MAX,511
1779605271281283,TO_MIN,102
1779605272281971,TO_MAX,511
1779605273282661,TO_MIN,102
1779605274283351,TO_MAX,511
1779605275284042,TO_MIN,102
1779605276284731,TO_MAX,511
1779605277285409,TO_MIN,102
1779605278286100,TO_MAX,511
1779605279286788,TO_MIN,102
1779605280287491,TO_MAX,511
1779605281288179,TO_MIN,102
1779605282288874,TO_MAX,511
1779605283289562,TO_MIN,102
1779605284290251,TO_MAX,511
1779605285290940,TO_MIN,102
1779605286291627,TO_MAX,511
1779605287292317,TO_MIN,102
1779605288293012,TO_MAX,511
1779605289293711,TO_MIN,102
1779605290294410,TO_MAX,511
1779605291295093,TO_MIN,102
1779605292295795,TO_MAX,511
1779605293296494,TO_MIN,102
1779605294297194,TO_MAX,511
1779605295297886,TO_MIN,102
1779605296298583,TO_MAX,511
1779605297299276,TO_MIN,102
1779605298299969,TO_MAX,511
1779605299300663,TO_MIN,102
1779605300301358,TO_MAX,511
1779605301302048,TO_MIN,102
1779605302302735,TO_MAX,511
1779605303303425,TO_MIN,102
1779605304304115,TO_MAX,511
1779605305304803,TO_MIN,102
1779605306305497,TO_MAX,511
1779605307306183,TO_MIN,102
1779605308306827,TO_MAX,511
1779605309307515,TO_MIN,102
1779605310308207,TO_MAX,511
1779605311308896,TO_MIN,102
1779605312309593,TO_MAX,511
1779605313310280,TO_MIN,102
1779605314310967,TO_MAX,511
1779605315311658,TO_MIN,102
1779605316312345,TO_MAX,511
1779605317313034,TO_MIN,102
1779605318313730,TO_MAX,511
1779605319314432,TO_MIN,102
1779605320315146,TO_MAX,511
1779605321315841,TO_MIN,102
1779605322316548,TO_MAX,511
1779605323317239,TO_MIN,102
1779605324317930,TO_MAX,511
1779605325318615,TO_MIN,102
1779605326319297,TO_MAX,511
1779605327319983,TO_MIN,102
1779605328320669,TO_MAX,511
1779605329321351,TO_MIN,102
1779605330322038,TO_MAX,511
1779605331322719,TO_MIN,102
1779605332323404,TO_MAX,511
1779605333324089,TO_MIN,102
1779605334324778,TO_MAX,511
1779605335325468,TO_MIN,102
1779605336326163,TO_MAX,511
1779605337326827,TO_MIN,102
1779605338327515,TO_MAX,511
1779605339328200,TO_MIN,102
1779605340328893,TO_MAX,511
1779605341329573,TO_MIN,102
1779605342330269,TO_MAX,511
1779605343330967,TO_MIN,102
1779605344331660,TO_MAX,511
1779605345332341,TO_MIN,102
1779605346333033,TO_MAX,511
1779605347333727,TO_MIN,102
1779605348334420,TO_MAX,511
1779605349335115,TO_MIN,102
1779605350335802,TO_MAX,511
1779605351336493,TO_MIN,102
1779605352337183,TO_MAX,511
1779605353337873,TO_MIN,102
1779605354338569,TO_MAX,511
1779605355339261,TO_MIN,102
1779605356339950,TO_MAX,511
1779605357340645,TO_MIN,102
1779605358341336,TO_MAX,511
1779605359342024,TO_MIN,102
1779605360342718,TO_MAX,511
1779605361343410,TO_MIN,102
1779605362344097,TO_MAX,511
1779605363344789,TO_MIN,102
1779605364345480,TO_MAX,511
1779605365346169,TO_MIN,102
1779605366346825,TO_MAX,511
1779605367347524,TO_MIN,102
1779605368348219,TO_MAX,511
1779605369348915,TO_MIN,102
1779605370349614,TO_MAX,511
1779605371350310,TO_MIN,102
1779605372351002,TO_MAX,511
1779605373351696,TO_MIN,102
1779605374352389,TO_MAX,511
1779605375353084,TO_MIN,102
1779605376353774,TO_MAX,511
1779605377354476,TO_MIN,102
1779605378355172,TO_MAX,511
1779605379355864,TO_MIN,102
1779605380356555,TO_MAX,511
1779605381357247,TO_MIN,102
1779605382357944,TO_MAX,511
1779605383358640,TO_MIN,102
1779605384359332,TO_MAX,511
1779605385360024,TO_MIN,102
1779605386360711,TO_MAX,511
1779605387361398,TO_MIN,102
1779605388362092,TO_MAX,511
1779605389362781,TO_MIN,102
1779605390363470,TO_MAX,511
1779605391364158,TO_MIN,102
1779605392364846,TO_MAX,511
1779605393365544,TO_MIN,102
1779605394366235,TO_MAX,511
1779605395366934,TO_MIN,102
1779605396367626,TO_MAX,511
1779605397368319,TO_MIN,102
1779605398369019,TO_MAX,511
1779605399369713,TO_MIN,102
1779605400370412,TO_MAX,511
1779605401371107,TO_MIN,102
1779605402371803,TO_MAX,511
1779605403372492,TO_MIN,102
1779605404373187,TO_MAX,511
1779605405373885,TO_MIN,102
1779605406374581,TO_MAX,511
1779605407375274,TO_MIN,102
1779605408375966,TO_MAX,511
1779605409376655,TO_MIN,102
1779605410377359,TO_MAX,511
1779605411378053,TO_MIN,102
1779605412378746,TO_MAX,511
1779605413379439,TO_MIN,102
1779605414380129,TO_MAX,511
1779605415380814,TO_MIN,102
1779605416381509,TO_MAX,511
1779605417382201,TO_MIN,102
1779605418382905,TO_MAX,511
1779605419383594,TO_MIN,102
1779605420384282,TO_MAX,511
1779605421384974,TO_MIN,102
1779605422385670,TO_MAX,511
1779605423386360,TO_MIN,102
1779605424387051,TO_MAX,511
1779605425387748,TO_MIN,102
1779605426388434,TO_MAX,511
1779605427389122,TO_MIN,102
1779605428389813,TO_MAX,511
1779605429390506,TO_MIN,102
1779605430391194,TO_MAX,511
1779605431391885,TO_MIN,102
1779605432392572,TO_MAX,511
1779605433393255,TO_MIN,102
1779605434393951,TO_MAX,511
1779605435394638,TO_MIN,102
1779605436395329,TO_MAX,511
1779605437396014,TO_MIN,102
1779605438396702,TO_MAX,511
1779605439397390,TO_MIN,102
1779605440398077,TO_MAX,511
1779605441398764,TO_MIN,102
1779605442399449,TO_MAX,511
1779605443400131,TO_MIN,102
1779605444400817,TO_MAX,511
1779605445401502,TO_MIN,102
1779605446402194,TO_MAX,511
1779605447402888,TO_MIN,102
1779605448403574,TO_MAX,511
1779605449404257,TO_MIN,102
1779605450404942,TO_MAX,511
1779605451405628,TO_MIN,102
1779605452406323,TO_MAX,511
1779605453407007,TO_MIN,102
1779605454407690,TO_MAX,511
1779605455408375,TO_MIN,102
1779605456409064,TO_MAX,511
1779605457409753,TO_MIN,102
1779605458410445,TO_MAX,511
1779605459411134,TO_MIN,102
1779605460411821,TO_MAX,511
1779605461412505,TO_MIN,102
1779605462413197,TO_MAX,511
1779605463413884,TO_MIN,102
1779605464414577,TO_MAX,511
1779605465415264,TO_MIN,102
1779605466415949,TO_MAX,511
1779605467416633,TO_MIN,102
1779605468417318,TO_MAX,511
1779605469418002,TO_MIN,102
1779605470418690,TO_MAX,511
1779605471419378,TO_MIN,102
1779605472420072,TO_MAX,511
1779605473420755,TO_MIN,102
1779605474421437,TO_MAX,511
1779605475422123,TO_MIN,102
1779605476422824,TO_MAX,511
1779605477423511,TO_MIN,102
1779605478424199,TO_MAX,511
1779605479424887,TO_MIN,102
1779605480425577,TO_MAX,511
1779605481426268,TO_MIN,102
1779605482426961,TO_MAX,511
1779605483427652,TO_MIN,102
1779605484428336,TO_MAX,511
1779605485429022,TO_MIN,102
1779605486429712,TO_MAX,511
1779605487430396,TO_MIN,102
1779605488431096,TO_MAX,511
1779605489431787,TO_MIN,102
1779605490432475,TO_MAX,511
1779605491433165,TO_MIN,102
1779605492433856,TO_MAX,511
1779605493434553,TO_MIN,102
1779605494435251,TO_MAX,511
1779605495435969,TO_MIN,102
1779605496436666,TO_MAX,511
1779605497437357,TO_MIN,102
1779605498438048,TO_MAX,511
1779605499438742,TO_MIN,102
1779605500439443,TO_MAX,511
1779605501440136,TO_MIN,102
1779605502440832,TO_MAX,511
1779605503441527,TO_MIN,102
1779605504442226,TO_MAX,511
1779605505442924,TO_MIN,102
1779605506443623,TO_MAX,511
1779605507444317,TO_MIN,102
1779605508445010,TO_MAX,511
1779605509445701,TO_MIN,102
1779605510446393,TO_MAX,511
1779605511447084,TO_MIN,102
1779605512447777,TO_MAX,511
1779605513448470,TO_MIN,102
1779605514449164,TO_MAX,511
1779605515449852,TO_MIN,102
1779605516450547,TO_MAX,511
1779605517451235,TO_MIN,102
1779605518451933,TO_MAX,511
1779605519452625,TO_MIN,102
1779605520453313,TO_MAX,511
1779605521454010,TO_MIN,102
1779605522454707,TO_MAX,511
1779605523455399,TO_MIN,102
1779605524456103,TO_MAX,511
1779605525456800,TO_MIN,102
1779605526457496,TO_MAX,511
1779605527458193,TO_MIN,102
1779605528458904,TO_MAX,511
1779605529459600,TO_MIN,102
1779605530460302,TO_MAX,511
1779605531461000,TO_MIN,102
1779605532461705,TO_MAX,511
1779605533462413,TO_MIN,102
1779605534463124,TO_MAX,511
1779605535463823,TO_MIN,102
1779605536464532,TO_MAX,511
1779605537465233,TO_MIN,102
1779605538465930,TO_MAX,511
1779605539466622,TO_MIN,102
1779605540467318,TO_MAX,511
1779605541468009,TO_MIN,102
1779605542468704,TO_MAX,511
1779605543469395,TO_MIN,102
1779605544470084,TO_MAX,511
1779605545470774,TO_MIN,102
1779605546471463,TO_MAX,511
1779605547472160,TO_MIN,102
1779605548472853,TO_MAX,511
1779605549473545,TO_MIN,102
1779605550474235,TO_MAX,511
1779605551474925,TO_MIN,102
1779605552475614,TO_MAX,511
1779605553476302,TO_MIN,102
1779605554476996,TO_MAX,511
1779605555477682,TO_MIN,102
1779605556478372,TO_MAX,511
1779605557479062,TO_MIN,102
1779605558479754,TO_MAX,511
1779605559480446,TO_MIN,102
1779605560481144,TO_MAX,511
1779605561481832,TO_MIN,102
1779605562482521,TO_MAX,511
1779605563483213,TO_MIN,102
1779605564483902,TO_MAX,511
1779605565484591,TO_MIN,102
1779605566485285,TO_MAX,511
1779605567485971,TO_MIN,102
1779605568486662,TO_MAX,511
1779605569487347,TO_MIN,102
1779605570488036,TO_MAX,511
1779605571488731,TO_MIN,102
1779605572489430,TO_MAX,511
1779605573490115,TO_MIN,102
1779605574490801,TO_MAX,511
1779605575491511,TO_MIN,102
1779605576492202,TO_MAX,511
1779605577492895,TO_MIN,102
1779605578493595,TO_MAX,511
1779605579494293,TO_MIN,102
1779605580494993,TO_MAX,511
1779605581495683,TO_MIN,102
1779605582496373,TO_MAX,511
1779605583497061,TO_MIN,102
1779605584497756,TO_MAX,511
1779605585498448,TO_MIN,102
1779605586499140,TO_MAX,511
1779605587499835,TO_MIN,102
1779605588500526,TO_MAX,511
1779605589501214,TO_MIN,102
1779605590501908,TO_MAX,511
1779605591502605,TO_MIN,102
1779605592503299,TO_MAX,511
1779605593503989,TO_MIN,102
1779605594504679,TO_MAX,511
1779605595505368,TO_MIN,102
1779605596506065,TO_MAX,511
1779605597506762,TO_MIN,102
1779605598507457,TO_MAX,511
1779605599508151,TO_MIN,102
1779605600508845,TO_MAX,511
1779605601509538,TO_MIN,102
1779605602510234,TO_MAX,511
1779605603510925,TO_MIN,102
1779605604511618,TO_MAX,511
1779605605512311,TO_MIN,102
1779605606513001,TO_MAX,511
1779605607513689,TO_MIN,102
1779605608514383,TO_MAX,511
1779605609515073,TO_MIN,102
1779605610515763,TO_MAX,511
1779605611516453,TO_MIN,102
1779605612517143,TO_MAX,511
1779605613517833,TO_MIN,102
1779605614518526,TO_MAX,511
1779605615519212,TO_MIN,102
1779605616519900,TO_MAX,511
1779605617520589,TO_MIN,102
1779605618521280,TO_MAX,511
1779605619521972,TO_MIN,102
1779605620522666,TO_MAX,511
1779605621523354,TO_MIN,102
1779605622524039,TO_MAX,511
1779605623524726,TO_MIN,102
1779605624525415,TO_MAX,511
1779605625526103,TO_MIN,102
1779605626526775,TO_MAX,511
1779605627527468,TO_MIN,102
1779605628528158,TO_MAX,511
1779605629528851,TO_MIN,102
1779605630529545,TO_MAX,511
1779605631530229,TO_MIN,102
1779605632530930,TO_MAX,511
1779605633531623,TO_MIN,102
1779605634532314,TO_MAX,511
1779605635533006,TO_MIN,102
1779605636533697,TO_MAX,511
1779605637534389,TO_MIN,102
1779605638535086,TO_MAX,511
1779605639535780,TO_MIN,102
1779605640536474,TO_MAX,511
1779605641537186,TO_MIN,102
1779605642537877,TO_MAX,511
1779605643538562,TO_MIN,102
1779605644539252,TO_MAX,511
1779605645539939,TO_MIN,102
1779605646540625,TO_MAX,511
1779605647541314,TO_MIN,102
1779605648542000,TO_MAX,511
1779605649542692,TO_MIN,102
1779605650543384,TO_MAX,511
1779605651544074,TO_MIN,102
1779605652544771,TO_MAX,511
1779605653545463,TO_MIN,102
1779605654546153,TO_MAX,511
1779605655546823,TO_MIN,102
1779605656547516,TO_MAX,511
1779605657548203,TO_MIN,102
1779605658548888,TO_MAX,511
1779605659549574,TO_MIN,102
1779605660550259,TO_MAX,511
1779605661550951,TO_MIN,102
1779605662551641,TO_MAX,511
1779605663552329,TO_MIN,102
1779605664553012,TO_MAX,511
1779605665553696,TO_MIN,102
1779605666554379,TO_MAX,511
1779605667555062,TO_MIN,102
1779605668555752,TO_MAX,511
1779605669556437,TO_MIN,102
1779605670557128,TO_MAX,511
1779605671557810,TO_MIN,102
1779605672558492,TO_MAX,511
1779605673559176,TO_MIN,102
1779605674559863,TO_MAX,511
1779605675560551,TO_MIN,102
1779605676561237,TO_MAX,511
1779605677561920,TO_MIN,102
1779605678562600,TO_MAX,511
1779605679563288,TO_MIN,102
1779605680563977,TO_MAX,511
1779605681564663,TO_MIN,102
1779605682565354,TO_MAX,511
1779605683566044,TO_MIN,102
1779605684566731,TO_MAX,511
1779605685567415,TO_MIN,102
1779605686568106,TO_MAX,511
1779605687568797,TO_MIN,102
1779605688569482,TO_MAX,511
1779605689570166,TO_MIN,102
1779605690570822,TO_MAX,511
1779605691571505,TO_MIN,102
1779605692572198,TO_MAX,511
1779605693572884,TO_MIN,102
1779605694573572,TO_MAX,511
1779605695574254,TO_MIN,102
1779605696574943,TO_MAX,511
1779605697575630,TO_MIN,102
1779605698576323,TO_MAX,511
1779605699577013,TO_MIN,102
1779605700577699,TO_MAX,511
1779605701578392,TO_MIN,102
1779605702579081,TO_MAX,511
1779605703579772,TO_MIN,102
1779605704580467,TO_MAX,511
1779605705581160,TO_MIN,102
1779605706581843,TO_MAX,511
1779605707582528,TO_MIN,102
1779605708583219,TO_MAX,511
1779605709583907,TO_MIN,102
1779605710584598,TO_MAX,511
1779605711585283,TO_MIN,102
1779605712585978,TO_MAX,511
1779605713586673,TO_MIN,102
1779605714587372,TO_MAX,511
1779605715588071,TO_MIN,102
1779605716588773,TO_MAX,511
1779605717589465,TO_MIN,102
1779605718590157,TO_MAX,511
1779605719590824,TO_MIN,102
1779605720591514,TO_MAX,511
1779605721592204,TO_MIN,102
1779605722592899,TO_MAX,511
1779605723593591,TO_MIN,102
1779605724594284,TO_MAX,511
1779605725594974,TO_MIN,102
1779605726595666,TO_MAX,511
1779605727596355,TO_MIN,102
1779605728597051,TO_MAX,511
1779605729597748,TO_MIN,102
1779605730598440,TO_MAX,511
1779605731599135,TO_MIN,102
1779605732599829,TO_MAX,511
1779605733600520,TO_MIN,102
1779605734601214,TO_MAX,511
1779605735601907,TO_MIN,102
1779605736602593,TO_MAX,511
1779605737603288,TO_MIN,102
1779605738603985,TO_MAX,511
1779605739604677,TO_MIN,102
1779605740605376,TO_MAX,511
1779605741606067,TO_MIN,102
1779605742606756,TO_MAX,511
1779605743607447,TO_MIN,102
1779605744608141,TO_MAX,511
1779605745608834,TO_MIN,102
1779605746609533,TO_MAX,511
1779605747610225,TO_MIN,102
1779605748610920,TO_MAX,511
1779605749611618,TO_MIN,102
1779605750612315,TO_MAX,511
1779605751613008,TO_MIN,102
1779605752613707,TO_MAX,511
1779605753614404,TO_MIN,102
1779605754615096,TO_MAX,511
1779605755615781,TO_MIN,102
1779605756616460,TO_MAX,511
1779605757617146,TO_MIN,102
1779605758617843,TO_MAX,511
1779605759618533,TO_MIN,102
1779605760619226,TO_MAX,511
1779605761619914,TO_MIN,102
1779605762620603,TO_MAX,511
1779605763621290,TO_MIN,102
1779605764621983,TO_MAX,511
1779605765622673,TO_MIN,102
1779605766623362,TO_MAX,511
1779605767624049,TO_MIN,102
1779605768624735,TO_MAX,511
1779605769625418,TO_MIN,102
1779605770626113,TO_MAX,511
1779605771626812,TO_MIN,102
1779605772627518,TO_MAX,511
1779605773628214,TO_MIN,102
1779605774628908,TO_MAX,511
1779605775629602,TO_MIN,102
1779605776630299,TO_MAX,511
1779605777630989,TO_MIN,102
1779605778631681,TO_MAX,511
1779605779632370,TO_MIN,102
1779605780633061,TO_MAX,511
1779605781633762,TO_MIN,102
1779605782634462,TO_MAX,511
1779605783635156,TO_MIN,102
1779605784635848,TO_MAX,511
1779605785636541,TO_MIN,102
1779605786637232,TO_MAX,511
1779605787637947,TO_MIN,102
1779605788638642,TO_MAX,511
1779605789639335,TO_MIN,102
1779605790640024,TO_MAX,511
1779605791640713,TO_MIN,102
1779605792641401,TO_MAX,511
1779605793642090,TO_MIN,102
1779605794642786,TO_MAX,511
1779605795643492,TO_MIN,102
1779605796644188,TO_MAX,511
1779605797644884,TO_MIN,102
1779605798645576,TO_MAX,511
1779605799646269,TO_MIN,102
1779605800646963,TO_MAX,511
1779605801647656,TO_MIN,102
1779605802648346,TO_MAX,511
1779605803649041,TO_MIN,102
1779605804649732,TO_MAX,511
1779605805650426,TO_MIN,102
1779605806651123,TO_MAX,511
1779605807651817,TO_MIN,102
1779605808652513,TO_MAX,511
1779605809653209,TO_MIN,102
1779605810653907,TO_MAX,511
1779605811654602,TO_MIN,102
1779605812655300,TO_MAX,511
1779605813655990,TO_MIN,102
1779605814656680,TO_MAX,511
1779605815657368,TO_MIN,102
1779605816658061,TO_MAX,511
1779605817658751,TO_MIN,102
1779605818659455,TO_MAX,511
1779605819660147,TO_MIN,102
1779605820660846,TO_MAX,511
1779605821661539,TO_MIN,102
1779605822662227,TO_MAX,511
1779605823662919,TO_MIN,102
1779605824663613,TO_MAX,511
1779605825664306,TO_MIN,102
1779605826665000,TO_MAX,511
1779605827665690,TO_MIN,102
1779605828666380,TO_MAX,511
1779605829667074,TO_MIN,102
1779605830667769,TO_MAX,511
1779605831668459,TO_MIN,102
1779605832669155,TO_MAX,511
1779605833669850,TO_MIN,102
1779605834670549,TO_MAX,511
1779605835671245,TO_MIN,102
1779605836671945,TO_MAX,511
1779605837672636,TO_MIN,102
1779605838673325,TO_MAX,511
1779605839674016,TO_MIN,102
1779605840674708,TO_MAX,511
1779605841675400,TO_MIN,102
1779605842676100,TO_MAX,511
1779605843676792,TO_MIN,102
1779605844677483,TO_MAX,511
1779605845678170,TO_MIN,102
1779605846678828,TO_MAX,511
1779605847679518,TO_MIN,102
1779605848680214,TO_MAX,511
1779605849680901,TO_MIN,102
1779605850681587,TO_MAX,511
1779605851682278,TO_MIN,102
1779605852682968,TO_MAX,511
1779605853683658,TO_MIN,102
1779605854684356,TO_MAX,511
1779605855685050,TO_MIN,102
1779605856685738,TO_MAX,511
1779605857686426,TO_MIN,102
1779605858687116,TO_MAX,511
1779605859687805,TO_MIN,102
1779605860688503,TO_MAX,511
1779605861689194,TO_MIN,102
1779605862689886,TO_MAX,511
1779605863690575,TO_MIN,102
1779605864691264,TO_MAX,511
1779605865691956,TO_MIN,102
1779605866692641,TO_MAX,511
1779605867693332,TO_MIN,102
1779605868694025,TO_MAX,511
1779605869694712,TO_MIN,102
1779605870695401,TO_MAX,511
1779605871696089,TO_MIN,102
1779605872696778,TO_MAX,511
1779605873697467,TO_MIN,102
1779605874698163,TO_MAX,511
1779605875698824,TO_MIN,102
1779605876699515,TO_MAX,511
1779605877700209,TO_MIN,102
1779605878700898,TO_MAX,511
1779605879701589,TO_MIN,102
1779605880702278,TO_MAX,511
1779605881702967,TO_MIN,102
1779605882703655,TO_MAX,511
1779605883704344,TO_MIN,102
1779605884705031,TO_MAX,511
1779605885705725,TO_MIN,102
1779605886706377,TO_MAX,511
1779605887707075,TO_MIN,102
1779605888707771,TO_MAX,511
1779605889708462,TO_MIN,102
1779605890709158,TO_MAX,511
1779605891709852,TO_MIN,102
1779605892710540,TO_MAX,511
1779605893711239,TO_MIN,102
1779605894711936,TO_MAX,511
1779605895712627,TO_MIN,102
1779605896713317,TO_MAX,511
1779605897714017,TO_MIN,102
1779605898714704,TO_MAX,511
1779605899715396,TO_MIN,102
1779605900716083,TO_MAX,511
1779605901716772,TO_MIN,102
1779605902717461,TO_MAX,511
1779605903718151,TO_MIN,102
1779605904718824,TO_MAX,511
1779605905719519,TO_MIN,102
1779605906720218,TO_MAX,511
1779605907720909,TO_MIN,102
1779605908721599,TO_MAX,511
1779605909722287,TO_MIN,102
1779605910722975,TO_MAX,511
1779605911723666,TO_MIN,102
1779605912724357,TO_MAX,511
1779605913725047,TO_MIN,102
1779605914725735,TO_MAX,511
1779605915726426,TO_MIN,102
1779605916727118,TO_MAX,511
1779605917727809,TO_MIN,102
1779605918728502,TO_MAX,511
1779605919729193,TO_MIN,102
1779605920729888,TO_MAX,511
1779605921730579,TO_MIN,102
1779605922731276,TO_MAX,511
1779605923731968,TO_MIN,102
1779605924732660,TO_MAX,511
1779605925733352,TO_MIN,102
1779605926734041,TO_MAX,511
1779605927734739,TO_MIN,102
1779605928735436,TO_MAX,511
1779605929736133,TO_MIN,102
1779605930736830,TO_MAX,511
1779605931737523,TO_MIN,102
1779605932738214,TO_MAX,511
1779605933738910,TO_MIN,102
1779605934739626,TO_MAX,511
1779605935740310,TO_MIN,102
1779605936740991,TO_MAX,511
1779605937741681,TO_MIN,102
1779605938742379,TO_MAX,511
1779605939743075,TO_MIN,102
1779605940743763,TO_MAX,511
1779605941744454,TO_MIN,102
1779605942745147,TO_MAX,511
1779605943745842,TO_MIN,102
1779605944746533,TO_MAX,511
1779605945747222,TO_MIN,102
1779605946747912,TO_MAX,511
1779605947748608,TO_MIN,102
1779605948749300,TO_MAX,511
1779605949749992,TO_MIN,102
1779605950750673,TO_MAX,511
1779605951751372,TO_MIN,102
1779605952752070,TO_MAX,511
1779605953752772,TO_MIN,102
1779605954753460,TO_MAX,511
1779605955754148,TO_MIN,102
1779605956754823,TO_MAX,511
1779605957755511,TO_MIN,102
1779605958756199,TO_MAX,511
1779605959756888,TO_MIN,102
1779605960757575,TO_MAX,511
1779605961758264,TO_MIN,102
1779605962758951,TO_MAX,511
1779605963759641,TO_MIN,102
1779605964760330,TO_MAX,511
1779605965761019,TO_MIN,102
1779605966761706,TO_MAX,511
1779605967762393,TO_MIN,102
1779605968763082,TO_MAX,511
1779605969763770,TO_MIN,102
1779605970764458,TO_MAX,511
1779605971765147,TO_MIN,102
1779605972765837,TO_MAX,511
1779605973766526,TO_MIN,102
1779605974767220,TO_MAX,511
1779605975767911,TO_MIN,102
1779605976768593,TO_MAX,511
1779605977769284,TO_MIN,102
1779605978769965,TO_MAX,511
1779605979770654,TO_MIN,102
1779605980771334,TO_MAX,511
1779605981772021,TO_MIN,102
1779605982772713,TO_MAX,511
1779605983773400,TO_MIN,102
1779605984774084,TO_MAX,511
1779605985774765,TO_MIN,102
1779605986775442,TO_MAX,511
1779605987776131,TO_MIN,102
1779605988776822,TO_MAX,511
1779605989777514,TO_MIN,102
1779605990778205,TO_MAX,511
1779605991778900,TO_MIN,102
1779605992779588,TO_MAX,511
1779605993780277,TO_MIN,102
1779605994780961,TO_MAX,511
1779605995781651,TO_MIN,102
1779605996782343,TO_MAX,511
1779605997783033,TO_MIN,102
1779605998783721,TO_MAX,511
1779605999784415,TO_MIN,102
1779606000785101,TO_MAX,511
1779606001785794,TO_MIN,102
1779606002786484,TO_MAX,511
1779606003787177,TO_MIN,102
1779606004787866,TO_MAX,511
1779606005788555,TO_MIN,102
1779606006789244,TO_MAX,511
1779606007789938,TO_MIN,102
1779606008790624,TO_MAX,511
1779606009791312,TO_MIN,102
1779606010792004,TO_MAX,511
1779606011792698,TO_MIN,102
1779606012793395,TO_MAX,511
1779606013794087,TO_MIN,102
1779606014794775,TO_MAX,511
1779606015795468,TO_MIN,102
1779606016796154,TO_MAX,511
1779606017796842,TO_MIN,102
1779606018797532,TO_MAX,511
1779606019798225,TO_MIN,102
1779606020798912,TO_MAX,511
1779606021799599,TO_MIN,102
1779606022800287,TO_MAX,511
1779606023800972,TO_MIN,102
1779606024801651,TO_MAX,511
1779606025802335,TO_MIN,102
1779606026803012,TO_MAX,511
1779606027803695,TO_MIN,102
1779606028804380,TO_MAX,511
1779606029805065,TO_MIN,102
1779606030805755,TO_MAX,511
1779606031806444,TO_MIN,102
1779606032807128,TO_MAX,511
1779606033807823,TO_MIN,102
1779606034808520,TO_MAX,511
1779606035809214,TO_MIN,102
1779606036809896,TO_MAX,511
1779606037810586,TO_MIN,102
1779606038811282,TO_MAX,511
1779606039811977,TO_MIN,102
1779606040812670,TO_MAX,511
1779606041813361,TO_MIN,102
1779606042814052,TO_MAX,511
1779606043814742,TO_MIN,102
1779606044815426,TO_MAX,511
1779606045816110,TO_MIN,102
1779606046816801,TO_MAX,511
1779606047817493,TO_MIN,102
1779606048818183,TO_MAX,511
1779606049818823,TO_MIN,102
1779606050819512,TO_MAX,511
1779606051820199,TO_MIN,102
1779606052820887,TO_MAX,511
1779606053821574,TO_MIN,102
1779606054822265,TO_MAX,511
1779606055822952,TO_MIN,102
1779606056823642,TO_MAX,511
1779606057824330,TO_MIN,102
1779606058825020,TO_MAX,511
1779606059825707,TO_MIN,102
1779606060826392,TO_MAX,511
1779606061827083,TO_MIN,102
1779606062827769,TO_MAX,511
1779606063828450,TO_MIN,102
1779606064829138,TO_MAX,511
1779606065829829,TO_MIN,102
1779606066830523,TO_MAX,511
1779606067831224,TO_MIN,102
1779606068831918,TO_MAX,511
1779606069832609,TO_MIN,102
1779606070833301,TO_MAX,511
1779606071833990,TO_MIN,102
1779606072834683,TO_MAX,511
1779606073835380,TO_MIN,102
1779606074836073,TO_MAX,511
1779606075836765,TO_MIN,102
1779606076837458,TO_MAX,511
1779606077838154,TO_MIN,102
1779606078838822,TO_MAX,511
1779606079839515,TO_MIN,102
1779606080840225,TO_MAX,511
1779606081840913,TO_MIN,102
1779606082841603,TO_MAX,511
1779606083842293,TO_MIN,102
1779606084842981,TO_MAX,511
1779606085843671,TO_MIN,102
1779606086844360,TO_MAX,511
1779606087845053,TO_MIN,102
1779606088845743,TO_MAX,511
1779606089846431,TO_MIN,102
1779606090847123,TO_MAX,511
1779606091847814,TO_MIN,102
1779606092848504,TO_MAX,511
1779606093849197,TO_MIN,102
1779606094849887,TO_MAX,511
1779606095850581,TO_MIN,102
1779606096851268,TO_MAX,511
1779606097851959,TO_MIN,102
1779606098852663,TO_MAX,511
1779606099853358,TO_MIN,102
1779606100854048,TO_MAX,511
1779606101854738,TO_MIN,102
1779606102855425,TO_MAX,511
1779606103856119,TO_MIN,102
1779606104856809,TO_MAX,511
1779606105857507,TO_MIN,102
1779606106858196,TO_MAX,511
1779606107858881,TO_MIN,102
1779606108859583,TO_MAX,511
1779606109860273,TO_MIN,102
1779606110860969,TO_MAX,511
1779606111861665,TO_MIN,102
1779606112862357,TO_MAX,511
1779606113863048,TO_MIN,102
1779606114863728,TO_MAX,511
1779606115864420,TO_MIN,102
1779606116865116,TO_MAX,511
1779606117865813,TO_MIN,102
1779606118866504,TO_MAX,511
1779606119867201,TO_MIN,102
1779606120867897,TO_MAX,511
1779606121868586,TO_MIN,102
1779606122869275,TO_MAX,511
1779606123869969,TO_MIN,102
1779606124870664,TO_MAX,511
1779606125871360,TO_MIN,102
1779606126872052,TO_MAX,511
1779606127872741,TO_MIN,102
1779606128873434,TO_MAX,511
1779606129874123,TO_MIN,102
1779606130874830,TO_MAX,511
1779606131875529,TO_MIN,102
1779606132876217,TO_MAX,511
1779606133876911,TO_MIN,102
1779606134877603,TO_MAX,511
1779606135878293,TO_MIN,102
1779606136878981,TO_MAX,511
1779606137879673,TO_MIN,102
1779606138880363,TO_MAX,511
1779606139881053,TO_MIN,102
1779606140881732,TO_MAX,511
1779606141882422,TO_MIN,102
1779606142883114,TO_MAX,511
1779606143883801,TO_MIN,102
1779606144884489,TO_MAX,511
1779606145885179,TO_MIN,102
1779606146885871,TO_MAX,511
1779606147886564,TO_MIN,102
1779606148887253,TO_MAX,511
1779606149887944,TO_MIN,102
1779606150888637,TO_MAX,511
1779606151889324,TO_MIN,102
1779606152890017,TO_MAX,511
1779606153890712,TO_MIN,102
1779606154891405,TO_MAX,511
1779606155892104,TO_MIN,102
1779606156892792,TO_MAX,511
1779606157893481,TO_MIN,102
1779606158894171,TO_MAX,511
1779606159894825,TO_MIN,102
1779606160895513,TO_MAX,511
1779606161896198,TO_MIN,102
1779606162896890,TO_MAX,511
1779606163897576,TO_MIN,102
1779606164898268,TO_MAX,511
1779606165898963,TO_MIN,102
1779606166899652,TO_MAX,511
1779606167900341,TO_MIN,102
1779606168901031,TO_MAX,511
1779606169901718,TO_MIN,102
1779606170902412,TO_MAX,511
1779606171903101,TO_MIN,102
1779606172903794,TO_MAX,511
1779606173904488,TO_MIN,102
1779606174905176,TO_MAX,511
1779606175905867,TO_MIN,102
1779606176906557,TO_MAX,511
1779606177907246,TO_MIN,102
1779606178907937,TO_MAX,511
1779606179908632,TO_MIN,102
1779606180909323,TO_MAX,511
1779606181910010,TO_MIN,102
1779606182910699,TO_MAX,511
1779606183911385,TO_MIN,102
1779606184912073,TO_MAX,511
1779606185912762,TO_MIN,102
1779606186913452,TO_MAX,511
1779606187914145,TO_MIN,102
1779606188914824,TO_MAX,511
1779606189915513,TO_MIN,102
1779606190916204,TO_MAX,511
1779606191916897,TO_MIN,102
1779606192917589,TO_MAX,511
1779606193918282,TO_MIN,102
1779606194918970,TO_MAX,511
1779606195919656,TO_MIN,102
1779606196920345,TO_MAX,511
1779606197921038,TO_MIN,102
1779606198921732,TO_MAX,511
1779606199922422,TO_MIN,102
1779606200923114,TO_MAX,511
1779606201923808,TO_MIN,102
1779606202924503,TO_MAX,511
1779606203925195,TO_MIN,102
1779606204925886,TO_MAX,511
1779606205926575,TO_MIN,102
1779606206927264,TO_MAX,511
1779606207927956,TO_MIN,102
1779606208928646,TO_MAX,511
1779606209929331,TO_MIN,102
1779606210930017,TO_MAX,511
1779606211930706,TO_MIN,102
1779606212931394,TO_MAX,511
1779606213932084,TO_MIN,102
1779606214932772,TO_MAX,511
1779606215933457,TO_MIN,102
1779606216934141,TO_MAX,511
1779606217934823,TO_MIN,102
1779606218935511,TO_MAX,511
1779606219936206,TO_MIN,102
1779606220936897,TO_MAX,511
1779606221937591,TO_MIN,102
1779606222938283,TO_MAX,511
1779606223938978,TO_MIN,102
1779606224939669,TO_MAX,511
1779606225940359,TO_MIN,102
1779606226941075,TO_MAX,511
1779606227941765,TO_MIN,102
1779606228942455,TO_MAX,511
1779606229943145,TO_MIN,102
1779606230943830,TO_MAX,511
1779606231944518,TO_MIN,102
1779606232945211,TO_MAX,511
1779606233945898,TO_MIN,102
1779606234946587,TO_MAX,511
1779606235947277,TO_MIN,102
1779606236947964,TO_MAX,511
1779606237948656,TO_MIN,102
1779606238949350,TO_MAX,511
1779606239950040,TO_MIN,102
1779606240950733,TO_MAX,511
1779606241951429,TO_MIN,102
1779606242952121,TO_MAX,511
1779606243952808,TO_MIN,102
1779606244953501,TO_MAX,511
1779606245954195,TO_MIN,102
1779606246954903,TO_MAX,511
1779606247955596,TO_MIN,102
1779606248956287,TO_MAX,511
1779606249956978,TO_MIN,102
1779606250957674,TO_MAX,511
1779606251958371,TO_MIN,102
1779606252959061,TO_MAX,511
1779606253959755,TO_MIN,102
1779606254960442,TO_MAX,511
1779606255961130,TO_MIN,102
1779606256961823,TO_MAX,511
1779606257962515,TO_MIN,102
1779606258963202,TO_MAX,511
1779606259963888,TO_MIN,102
1779606260964573,TO_MAX,511
1779606261965260,TO_MIN,102
1779606262965954,TO_MAX,511
1779606263966651,TO_MIN,102
1779606264967345,TO_MAX,511
1779606265968033,TO_MIN,102
1779606266968728,END,307
