# servo_sweep log
# mode=continuous duration=1200 min_ticks=102 max_ticks=511 center_ticks=307
# period_ms=1000
# timestamp = CLOCK_REALTIME microseconds at host i2c_write call
# actual PWM wire edge appears ~100us after timestamp
# columns: timestamp_us,event,ticks
1779599529914066,START,307
1779599530114828,TO_MAX,511
1779599531115560,TO_MIN,102
1779599532116278,TO_MAX,511
1779599533116977,TO_MIN,102
1779599534117675,TO_MAX,511
1779599535118376,TO_MIN,102
1779599536119083,TO_MAX,511
1779599537119790,TO_MIN,102
1779599538120497,TO_MAX,511
1779599539121197,TO_MIN,102
1779599540121897,TO_MAX,511
1779599541122595,TO_MIN,102
1779599542123294,TO_MAX,511
1779599543123999,TO_MIN,102
1779599544124695,TO_MAX,511
1779599545125393,TO_MIN,102
1779599546126101,TO_MAX,511
1779599547126800,TO_MIN,102
1779599548127510,TO_MAX,511
1779599549128214,TO_MIN,102
1779599550128924,TO_MAX,511
1779599551129629,TO_MIN,102
1779599552130328,TO_MAX,511
1779599553131027,TO_MIN,102
1779599554131733,TO_MAX,511
1779599555132424,TO_MIN,102
1779599556133117,TO_MAX,511
1779599557133819,TO_MIN,102
1779599558134528,TO_MAX,511
1779599559135218,TO_MIN,102
1779599560135912,TO_MAX,511
1779599561136613,TO_MIN,102
1779599562137316,TO_MAX,511
1779599563138023,TO_MIN,102
1779599564138730,TO_MAX,511
1779599565139424,TO_MIN,102
1779599566140135,TO_MAX,511
1779599567140834,TO_MIN,102
1779599568141541,TO_MAX,511
1779599569142241,TO_MIN,102
1779599570142933,TO_MAX,511
1779599571143622,TO_MIN,102
1779599572144321,TO_MAX,511
1779599573145014,TO_MIN,102
1779599574145707,TO_MAX,511
1779599575146405,TO_MIN,102
1779599576147102,TO_MAX,511
1779599577147794,TO_MIN,102
1779599578148503,TO_MAX,511
1779599579149198,TO_MIN,102
1779599580149896,TO_MAX,511
1779599581150594,TO_MIN,102
1779599582151287,TO_MAX,511
1779599583151989,TO_MIN,102
1779599584152709,TO_MAX,511
1779599585153414,TO_MIN,102
1779599586154118,TO_MAX,511
1779599587154824,TO_MIN,102
1779599588155529,TO_MAX,511
1779599589156229,TO_MIN,102
1779599590156935,TO_MAX,511
1779599591157630,TO_MIN,102
1779599592158323,TO_MAX,511
1779599593159018,TO_MIN,102
1779599594159716,TO_MAX,511
1779599595160412,TO_MIN,102
1779599596161116,TO_MAX,511
1779599597161810,TO_MIN,102
1779599598162505,TO_MAX,511
1779599599163199,TO_MIN,102
1779599600163905,TO_MAX,511
1779599601164614,TO_MIN,102
1779599602165321,TO_MAX,511
1779599603166022,TO_MIN,102
1779599604166718,TO_MAX,511
1779599605167409,TO_MIN,102
1779599606168112,TO_MAX,511
1779599607168813,TO_MIN,102
1779599608169526,TO_MAX,511
1779599609170226,TO_MIN,102
1779599610170928,TO_MAX,511
1779599611171633,TO_MIN,102
1779599612172335,TO_MAX,511
1779599613173042,TO_MIN,102
1779599614173756,TO_MAX,511
1779599615174463,TO_MIN,102
1779599616175167,TO_MAX,511
1779599617175870,TO_MIN,102
1779599618176580,TO_MAX,511
1779599619177285,TO_MIN,102
1779599620177995,TO_MAX,511
1779599621178701,TO_MIN,102
1779599622179408,TO_MAX,511
1779599623180108,TO_MIN,102
1779599624180816,TO_MAX,511
1779599625181516,TO_MIN,102
1779599626182215,TO_MAX,511
1779599627182915,TO_MIN,102
1779599628183624,TO_MAX,511
1779599629184329,TO_MIN,102
1779599630185034,TO_MAX,511
1779599631185723,TO_MIN,102
1779599632186432,TO_MAX,511
1779599633187130,TO_MIN,102
1779599634187840,TO_MAX,511
1779599635188547,TO_MIN,102
1779599636189256,TO_MAX,511
1779599637189962,TO_MIN,102
1779599638190668,TO_MAX,511
1779599639191363,TO_MIN,102
1779599640192070,TO_MAX,511
1779599641192784,TO_MIN,102
1779599642193489,TO_MAX,511
1779599643194193,TO_MIN,102
1779599644194906,TO_MAX,511
1779599645195611,TO_MIN,102
1779599646196314,TO_MAX,511
1779599647197018,TO_MIN,102
1779599648197726,TO_MAX,511
1779599649198442,TO_MIN,102
1779599650199156,TO_MAX,511
1779599651199851,TO_MIN,102
1779599652200547,TO_MAX,511
1779599653201254,TO_MIN,102
1779599654201968,TO_MAX,511
1779599655202671,TO_MIN,102
1779599656203384,TO_MAX,511
1779599657204087,TO_MIN,102
1779599658204796,TO_MAX,511
1779599659205507,TO_MIN,102
1779599660206218,TO_MAX,511
1779599661206919,TO_MIN,102
1779599662207633,TO_MAX,511
1779599663208338,TO_MIN,102
1779599664209046,TO_MAX,511
1779599665209753,TO_MIN,102
1779599666210485,TO_MAX,511
1779599667211174,TO_MIN,102
1779599668211887,TO_MAX,511
1779599669212594,TO_MIN,102
1779599670213289,TO_MAX,511
1779599671213992,TO_MIN,102
1779599672214697,TO_MAX,511
1779599673215408,TO_MIN,102
1779599674216121,TO_MAX,511
1779599675216819,TO_MIN,102
1779599676217525,TO_MAX,511
1779599677218233,TO_MIN,102
1779599678218938,TO_MAX,511
1779599679219638,TO_MIN,102
1779599680220344,TO_MAX,511
1779599681221054,TO_MIN,102
1779599682221759,TO_MAX,511
1779599683222463,TO_MIN,102
1779599684223181,TO_MAX,511
1779599685223879,TO_MIN,102
1779599686224576,TO_MAX,511
1779599687225286,TO_MIN,102
1779599688225990,TO_MAX,511
1779599689226695,TO_MIN,102
1779599690227397,TO_MAX,511
1779599691228087,TO_MIN,102
1779599692228788,TO_MAX,511
1779599693229479,TO_MIN,102
1779599694230169,TO_MAX,511
1779599695230863,TO_MIN,102
1779599696231555,TO_MAX,511
1779599697232248,TO_MIN,102
1779599698232959,TO_MAX,511
1779599699233663,TO_MIN,102
1779599700234361,TO_MAX,511
1779599701235076,TO_MIN,102
1779599702235788,TO_MAX,511
1779599703236503,TO_MIN,102
1779599704237223,TO_MAX,511
1779599705237934,TO_MIN,102
1779599706238638,TO_MAX,511
1779599707239335,TO_MIN,102
1779599708240041,TO_MAX,511
1779599709240743,TO_MIN,102
1779599710241523,TO_MAX,511
1779599711242229,TO_MIN,102
1779599712242956,TO_MAX,511
1779599713243668,TO_MIN,102
1779599714244366,TO_MAX,511
1779599715245076,TO_MIN,102
1779599716245784,TO_MAX,511
1779599717246489,TO_MIN,102
1779599718247198,TO_MAX,511
1779599719247899,TO_MIN,102
1779599720248596,TO_MAX,511
1779599721249298,TO_MIN,102
1779599722250005,TO_MAX,511
1779599723250701,TO_MIN,102
1779599724251396,TO_MAX,511
1779599725252087,TO_MIN,102
1779599726252783,TO_MAX,511
1779599727253480,TO_MIN,102
1779599728254182,TO_MAX,511
1779599729254889,TO_MIN,102
1779599730255584,TO_MAX,511
1779599731256290,TO_MIN,102
1779599732256992,TO_MAX,511
1779599733257691,TO_MIN,102
1779599734258394,TO_MAX,511
1779599735259084,TO_MIN,102
1779599736259777,TO_MAX,511
1779599737260471,TO_MIN,102
1779599738261167,TO_MAX,511
1779599739261871,TO_MIN,102
1779599740262579,TO_MAX,511
1779599741263290,TO_MIN,102
1779599742263988,TO_MAX,511
1779599743264688,TO_MIN,102
1779599744265380,TO_MAX,511
1779599745266066,TO_MIN,102
1779599746266762,TO_MAX,511
1779599747267454,TO_MIN,102
1779599748268149,TO_MAX,511
1779599749268842,TO_MIN,102
1779599750269531,TO_MAX,511
1779599751270231,TO_MIN,102
1779599752270929,TO_MAX,511
1779599753271619,TO_MIN,102
1779599754272312,TO_MAX,511
1779599755273006,TO_MIN,102
1779599756273701,TO_MAX,511
1779599757274395,TO_MIN,102
1779599758275095,TO_MAX,511
1779599759275789,TO_MIN,102
1779599760276483,TO_MAX,511
1779599761277182,TO_MIN,102
1779599762277873,TO_MAX,511
1779599763278570,TO_MIN,102
1779599764279271,TO_MAX,511
1779599765279968,TO_MIN,102
1779599766280664,TO_MAX,511
1779599767281361,TO_MIN,102
1779599768282056,TO_MAX,511
1779599769282756,TO_MIN,102
1779599770283455,TO_MAX,511
1779599771284151,TO_MIN,102
1779599772284861,TO_MAX,511
1779599773285557,TO_MIN,102
1779599774286257,TO_MAX,511
1779599775286959,TO_MIN,102
1779599776287663,TO_MAX,511
1779599777288370,TO_MIN,102
1779599778289070,TO_MAX,511
1779599779289771,TO_MIN,102
1779599780290468,TO_MAX,511
1779599781291163,TO_MIN,102
1779599782291862,TO_MAX,511
1779599783292556,TO_MIN,102
1779599784293250,TO_MAX,511
1779599785293943,TO_MIN,102
1779599786294641,TO_MAX,511
1779599787295351,TO_MIN,102
1779599788296052,TO_MAX,511
1779599789296754,TO_MIN,102
1779599790297452,TO_MAX,511
1779599791298154,TO_MIN,102
1779599792298854,TO_MAX,511
1779599793299545,TO_MIN,102
1779599794300245,TO_MAX,511
1779599795300944,TO_MIN,102
1779599796301635,TO_MAX,511
1779599797302325,TO_MIN,102
1779599798303019,TO_MAX,511
1779599799303718,TO_MIN,102
1779599800304422,TO_MAX,511
1779599801305119,TO_MIN,102
1779599802305812,TO_MAX,511
1779599803306522,TO_MIN,102
1779599804307221,TO_MAX,511
1779599805307921,TO_MIN,102
1779599806308627,TO_MAX,511
1779599807309327,TO_MIN,102
1779599808310019,TO_MAX,511
1779599809310713,TO_MIN,102
1779599810311409,TO_MAX,511
1779599811312098,TO_MIN,102
1779599812312795,TO_MAX,511
1779599813313510,TO_MIN,102
1779599814314203,TO_MAX,511
1779599815314893,TO_MIN,102
1779599816315585,TO_MAX,511
1779599817316282,TO_MIN,102
1779599818316983,TO_MAX,511
1779599819317678,TO_MIN,102
1779599820318368,TO_MAX,511
1779599821319058,TO_MIN,102
1779599822319746,TO_MAX,511
1779599823320447,TO_MIN,102
1779599824321169,TO_MAX,511
1779599825321868,TO_MIN,102
1779599826322564,TO_MAX,511
1779599827323257,TO_MIN,102
1779599828323953,TO_MAX,511
1779599829324646,TO_MIN,102
1779599830325343,TO_MAX,511
1779599831326037,TO_MIN,102
1779599832326738,TO_MAX,511
1779599833327439,TO_MIN,102
1779599834328132,TO_MAX,511
1779599835328824,TO_MIN,102
1779599836329523,TO_MAX,511
1779599837330224,TO_MIN,102
1779599838330918,TO_MAX,511
1779599839331617,TO_MIN,102
1779599840332312,TO_MAX,511
1779599841333004,TO_MIN,102
1779599842333702,TO_MAX,511
1779599843334401,TO_MIN,102
1779599844335100,TO_MAX,511
1779599845335801,TO_MIN,102
1779599846336496,TO_MAX,511
1779599847337191,TO_MIN,102
1779599848337896,TO_MAX,511
1779599849338599,TO_MIN,102
1779599850339302,TO_MAX,511
1779599851339996,TO_MIN,102
1779599852340696,TO_MAX,511
1779599853341395,TO_MIN,102
1779599854342104,TO_MAX,511
1779599855342798,TO_MIN,102
1779599856343503,TO_MAX,511
1779599857344194,TO_MIN,102
1779599858344895,TO_MAX,511
1779599859345594,TO_MIN,102
1779599860346298,TO_MAX,511
1779599861346997,TO_MIN,102
1779599862347694,TO_MAX,511
1779599863348394,TO_MIN,102
1779599864349096,TO_MAX,511
1779599865349797,TO_MIN,102
1779599866350504,TO_MAX,511
1779599867351212,TO_MIN,102
1779599868351905,TO_MAX,511
1779599869352598,TO_MIN,102
1779599870353294,TO_MAX,511
1779599871353984,TO_MIN,102
1779599872354679,TO_MAX,511
1779599873355375,TO_MIN,102
1779599874356066,TO_MAX,511
1779599875356757,TO_MIN,102
1779599876357463,TO_MAX,511
1779599877358168,TO_MIN,102
1779599878358890,TO_MAX,511
1779599879359595,TO_MIN,102
1779599880360288,TO_MAX,511
1779599881361002,TO_MIN,102
1779599882361708,TO_MAX,511
1779599883362414,TO_MIN,102
1779599884363113,TO_MAX,511
1779599885363806,TO_MIN,102
1779599886364500,TO_MAX,511
1779599887365195,TO_MIN,102
1779599888365891,TO_MAX,511
1779599889366600,TO_MIN,102
1779599890367295,TO_MAX,511
1779599891367993,TO_MIN,102
1779599892368695,TO_MAX,511
1779599893369404,TO_MIN,102
1779599894370114,TO_MAX,511
1779599895370824,TO_MIN,102
1779599896371521,TO_MAX,511
1779599897372225,TO_MIN,102
1779599898372930,TO_MAX,511
1779599899373634,TO_MIN,102
1779599900374341,TO_MAX,511
1779599901375049,TO_MIN,102
1779599902375745,TO_MAX,511
1779599903376448,TO_MIN,102
1779599904377149,TO_MAX,511
1779599905377842,TO_MIN,102
1779599906378544,TO_MAX,511
1779599907379234,TO_MIN,102
1779599908379931,TO_MAX,511
1779599909380636,TO_MIN,102
1779599910381336,TO_MAX,511
1779599911382047,TO_MIN,102
1779599912382746,TO_MAX,511
1779599913383439,TO_MIN,102
1779599914384134,TO_MAX,511
1779599915384839,TO_MIN,102
1779599916385547,TO_MAX,511
1779599917386246,TO_MIN,102
1779599918386945,TO_MAX,511
1779599919387638,TO_MIN,102
1779599920388330,TO_MAX,511
1779599921389036,TO_MIN,102
1779599922389745,TO_MAX,511
1779599923390448,TO_MIN,102
1779599924391145,TO_MAX,511
1779599925391842,TO_MIN,102
1779599926392532,TO_MAX,511
1779599927393221,TO_MIN,102
1779599928393936,TO_MAX,511
1779599929394639,TO_MIN,102
1779599930395349,TO_MAX,511
1779599931396051,TO_MIN,102
1779599932396753,TO_MAX,511
1779599933397455,TO_MIN,102
1779599934398152,TO_MAX,511
1779599935398859,TO_MIN,102
1779599936399559,TO_MAX,511
1779599937400266,TO_MIN,102
1779599938400971,TO_MAX,511
1779599939401678,TO_MIN,102
1779599940402385,TO_MAX,511
1779599941403095,TO_MIN,102
1779599942403797,TO_MAX,511
1779599943404500,TO_MIN,102
1779599944405208,TO_MAX,511
1779599945405910,TO_MIN,102
1779599946406614,TO_MAX,511
1779599947407313,TO_MIN,102
1779599948408019,TO_MAX,511
1779599949408714,TO_MIN,102
1779599950409418,TO_MAX,511
1779599951410124,TO_MIN,102
1779599952410837,TO_MAX,511
1779599953411543,TO_MIN,102
1779599954412242,TO_MAX,511
1779599955412945,TO_MIN,102
1779599956413641,TO_MAX,511
1779599957414354,TO_MIN,102
1779599958415053,TO_MAX,511
1779599959415775,TO_MIN,102
1779599960416468,TO_MAX,511
1779599961417156,TO_MIN,102
1779599962417850,TO_MAX,511
1779599963418553,TO_MIN,102
1779599964419262,TO_MAX,511
1779599965419962,TO_MIN,102
1779599966420666,TO_MAX,511
1779599967421365,TO_MIN,102
1779599968422077,TO_MAX,511
1779599969422789,TO_MIN,102
1779599970423496,TO_MAX,511
1779599971424200,TO_MIN,102
1779599972424904,TO_MAX,511
1779599973425598,TO_MIN,102
1779599974426297,TO_MAX,511
1779599975427003,TO_MIN,102
1779599976427707,TO_MAX,511
1779599977428397,TO_MIN,102
1779599978429085,TO_MAX,511
1779599979429792,TO_MIN,102
1779599980430499,TO_MAX,511
1779599981431210,TO_MIN,102
1779599982431921,TO_MAX,511
1779599983432633,TO_MIN,102
1779599984433339,TO_MAX,511
1779599985434047,TO_MIN,102
1779599986434756,TO_MAX,511
1779599987435466,TO_MIN,102
1779599988436169,TO_MAX,511
1779599989436875,TO_MIN,102
1779599990437582,TO_MAX,511
1779599991438289,TO_MIN,102
1779599992438994,TO_MAX,511
1779599993439698,TO_MIN,102
1779599994440410,TO_MAX,511
1779599995441116,TO_MIN,102
1779599996441815,TO_MAX,511
1779599997442523,TO_MIN,102
1779599998443228,TO_MAX,511
1779599999443935,TO_MIN,102
1779600000444641,TO_MAX,511
1779600001445351,TO_MIN,102
1779600002446055,TO_MAX,511
1779600003446762,TO_MIN,102
1779600004447467,TO_MAX,511
1779600005448163,TO_MIN,102
1779600006448855,TO_MAX,511
1779600007449559,TO_MIN,102
1779600008450271,TO_MAX,511
1779600009450980,TO_MIN,102
1779600010451683,TO_MAX,511
1779600011452384,TO_MIN,102
1779600012453083,TO_MAX,511
1779600013453776,TO_MIN,102
1779600014454468,TO_MAX,511
1779600015455165,TO_MIN,102
1779600016455860,TO_MAX,511
1779600017456552,TO_MIN,102
1779600018457258,TO_MAX,511
1779600019457964,TO_MIN,102
1779600020458665,TO_MAX,511
1779600021459374,TO_MIN,102
1779600022460079,TO_MAX,511
1779600023460789,TO_MIN,102
1779600024461497,TO_MAX,511
1779600025462206,TO_MIN,102
1779600026462907,TO_MAX,511
1779600027463615,TO_MIN,102
1779600028464325,TO_MAX,511
1779600029465031,TO_MIN,102
1779600030465729,TO_MAX,511
1779600031466429,TO_MIN,102
1779600032467126,TO_MAX,511
1779600033467825,TO_MIN,102
1779600034468528,TO_MAX,511
1779600035469232,TO_MIN,102
1779600036469933,TO_MAX,511
1779600037470632,TO_MIN,102
1779600038471321,TO_MAX,511
1779600039472010,TO_MIN,102
1779600040472708,TO_MAX,511
1779600041473402,TO_MIN,102
1779600042474095,TO_MAX,511
1779600043474790,TO_MIN,102
1779600044475493,TO_MAX,511
1779600045476186,TO_MIN,102
1779600046476903,TO_MAX,511
1779600047477609,TO_MIN,102
1779600048478325,TO_MAX,511
1779600049479030,TO_MIN,102
1779600050479736,TO_MAX,511
1779600051480431,TO_MIN,102
1779600052481136,TO_MAX,511
1779600053481840,TO_MIN,102
1779600054482544,TO_MAX,511
1779600055483249,TO_MIN,102
1779600056483948,TO_MAX,511
1779600057484642,TO_MIN,102
1779600058485356,TO_MAX,511
1779600059486063,TO_MIN,102
1779600060486760,TO_MAX,511
1779600061487452,TO_MIN,102
1779600062488151,TO_MAX,511
1779600063488857,TO_MIN,102
1779600064489586,TO_MAX,511
1779600065490291,TO_MIN,102
1779600066490987,TO_MAX,511
1779600067491691,TO_MIN,102
1779600068492397,TO_MAX,511
1779600069493092,TO_MIN,102
1779600070493801,TO_MAX,511
1779600071494498,TO_MIN,102
1779600072495205,TO_MAX,511
1779600073495909,TO_MIN,102
1779600074496604,TO_MAX,511
1779600075497304,TO_MIN,102
1779600076498009,TO_MAX,511
1779600077498711,TO_MIN,102
1779600078499417,TO_MAX,511
1779600079500119,TO_MIN,102
1779600080500827,TO_MAX,511
1779600081501525,TO_MIN,102
1779600082502232,TO_MAX,511
1779600083502931,TO_MIN,102
1779600084503638,TO_MAX,511
1779600085504340,TO_MIN,102
1779600086505030,TO_MAX,511
1779600087505729,TO_MIN,102
1779600088506427,TO_MAX,511
1779600089507131,TO_MIN,102
1779600090507825,TO_MAX,511
1779600091508535,TO_MIN,102
1779600092509233,TO_MAX,511
1779600093509929,TO_MIN,102
1779600094510630,TO_MAX,511
1779600095511330,TO_MIN,102
1779600096512028,TO_MAX,511
1779600097512723,TO_MIN,102
1779600098513413,TO_MAX,511
1779600099514106,TO_MIN,102
1779600100514823,TO_MAX,511
1779600101515521,TO_MIN,102
1779600102516217,TO_MAX,511
1779600103516910,TO_MIN,102
1779600104517603,TO_MAX,511
1779600105518320,TO_MIN,102
1779600106519016,TO_MAX,511
1779600107519707,TO_MIN,102
1779600108520408,TO_MAX,511
1779600109521109,TO_MIN,102
1779600110521820,TO_MAX,511
1779600111522516,TO_MIN,102
1779600112523224,TO_MAX,511
1779600113523922,TO_MIN,102
1779600114524617,TO_MAX,511
1779600115525322,TO_MIN,102
1779600116526026,TO_MAX,511
1779600117526723,TO_MIN,102
1779600118527418,TO_MAX,511
1779600119528122,TO_MIN,102
1779600120528820,TO_MAX,511
1779600121529525,TO_MIN,102
1779600122530220,TO_MAX,511
1779600123530914,TO_MIN,102
1779600124531611,TO_MAX,511
1779600125532303,TO_MIN,102
1779600126532991,TO_MAX,511
1779600127533700,TO_MIN,102
1779600128534397,TO_MAX,511
1779600129535098,TO_MIN,102
1779600130535802,TO_MAX,511
1779600131536501,TO_MIN,102
1779600132537202,TO_MAX,511
1779600133537894,TO_MIN,102
1779600134538589,TO_MAX,511
1779600135539283,TO_MIN,102
1779600136539979,TO_MAX,511
1779600137540668,TO_MIN,102
1779600138541360,TO_MAX,511
1779600139542052,TO_MIN,102
1779600140542749,TO_MAX,511
1779600141543441,TO_MIN,102
1779600142544137,TO_MAX,511
1779600143544830,TO_MIN,102
1779600144545522,TO_MAX,511
1779600145546211,TO_MIN,102
1779600146546906,TO_MAX,511
1779600147547595,TO_MIN,102
1779600148548290,TO_MAX,511
1779600149548982,TO_MIN,102
1779600150549673,TO_MAX,511
1779600151550365,TO_MIN,102
1779600152551060,TO_MAX,511
1779600153551754,TO_MIN,102
1779600154552453,TO_MAX,511
1779600155553146,TO_MIN,102
1779600156553840,TO_MAX,511
1779600157554531,TO_MIN,102
1779600158555224,TO_MAX,511
1779600159555916,TO_MIN,102
1779600160556615,TO_MAX,511
1779600161557304,TO_MIN,102
1779600162557994,TO_MAX,511
1779600163558687,TO_MIN,102
1779600164559382,TO_MAX,511
1779600165560077,TO_MIN,102
1779600166560778,TO_MAX,511
1779600167561469,TO_MIN,102
1779600168562161,TO_MAX,511
1779600169562822,TO_MIN,102
1779600170563516,TO_MAX,511
1779600171564213,TO_MIN,102
1779600172564917,TO_MAX,511
1779600173565611,TO_MIN,102
1779600174566302,TO_MAX,511
1779600175566989,TO_MIN,102
1779600176567682,TO_MAX,511
1779600177568373,TO_MIN,102
1779600178569064,TO_MAX,511
1779600179569754,TO_MIN,102
1779600180570445,TO_MAX,511
1779600181571134,TO_MIN,102
1779600182571826,TO_MAX,511
1779600183572519,TO_MIN,102
1779600184573213,TO_MAX,511
1779600185573905,TO_MIN,102
1779600186574594,TO_MAX,511
1779600187575286,TO_MIN,102
1779600188575979,TO_MAX,511
1779600189576672,TO_MIN,102
1779600190577363,TO_MAX,511
1779600191578056,TO_MIN,102
1779600192578762,TO_MAX,511
1779600193579449,TO_MIN,102
1779600194580138,TO_MAX,511
1779600195580826,TO_MIN,102
1779600196581517,TO_MAX,511
1779600197582212,TO_MIN,102
1779600198582904,TO_MAX,511
1779600199583591,TO_MIN,102
1779600200584279,TO_MAX,511
1779600201584967,TO_MIN,102
1779600202585657,TO_MAX,511
1779600203586344,TO_MIN,102
1779600204587032,TO_MAX,511
1779600205587726,TO_MIN,102
1779600206588413,TO_MAX,511
1779600207589101,TO_MIN,102
1779600208589789,TO_MAX,511
1779600209590480,TO_MIN,102
1779600210591170,TO_MAX,511
1779600211591860,TO_MIN,102
1779600212592540,TO_MAX,511
1779600213593227,TO_MIN,102
1779600214593915,TO_MAX,511
1779600215594593,TO_MIN,102
1779600216595277,TO_MAX,511
1779600217595968,TO_MIN,102
1779600218596661,TO_MAX,511
1779600219597353,TO_MIN,102
1779600220598045,TO_MAX,511
1779600221598731,TO_MIN,102
1779600222599417,TO_MAX,511
1779600223600110,TO_MIN,102
1779600224600798,TO_MAX,511
1779600225601483,TO_MIN,102
1779600226602170,TO_MAX,511
1779600227602826,TO_MIN,102
1779600228603518,TO_MAX,511
1779600229604209,TO_MIN,102
1779600230604897,TO_MAX,511
1779600231605584,TO_MIN,102
1779600232606276,TO_MAX,511
1779600233606965,TO_MIN,102
1779600234607651,TO_MAX,511
1779600235608338,TO_MIN,102
1779600236609026,TO_MAX,511
1779600237609717,TO_MIN,102
1779600238610405,TO_MAX,511
1779600239611092,TO_MIN,102
1779600240611780,TO_MAX,511
1779600241612469,TO_MIN,102
1779600242613159,TO_MAX,511
1779600243613850,TO_MIN,102
1779600244614542,TO_MAX,511
1779600245615230,TO_MIN,102
1779600246615919,TO_MAX,511
1779600247616609,TO_MIN,102
1779600248617297,TO_MAX,511
1779600249617994,TO_MIN,102
1779600250618687,TO_MAX,511
1779600251619396,TO_MIN,102
1779600252620091,TO_MAX,511
1779600253620784,TO_MIN,102
1779600254621475,TO_MAX,511
1779600255622162,TO_MIN,102
1779600256622825,TO_MAX,511
1779600257623513,TO_MIN,102
1779600258624202,TO_MAX,511
1779600259624899,TO_MIN,102
1779600260625590,TO_MAX,511
1779600261626280,TO_MIN,102
1779600262626970,TO_MAX,511
1779600263627655,TO_MIN,102
1779600264628346,TO_MAX,511
1779600265629036,TO_MIN,102
1779600266629725,TO_MAX,511
1779600267630415,TO_MIN,102
1779600268631105,TO_MAX,511
1779600269631794,TO_MIN,102
1779600270632484,TO_MAX,511
1779600271633180,TO_MIN,102
1779600272633875,TO_MAX,511
1779600273634566,TO_MIN,102
1779600274635257,TO_MAX,511
1779600275635948,TO_MIN,102
1779600276636640,TO_MAX,511
1779600277637331,TO_MIN,102
1779600278638022,TO_MAX,511
1779600279638714,TO_MIN,102
1779600280639403,TO_MAX,511
1779600281640095,TO_MIN,102
1779600282640790,TO_MAX,511
1779600283641484,TO_MIN,102
1779600284642175,TO_MAX,511
1779600285642828,TO_MIN,102
1779600286643522,TO_MAX,511
1779600287644220,TO_MIN,102
1779600288644915,TO_MAX,511
1779600289645611,TO_MIN,102
1779600290646307,TO_MAX,511
1779600291647003,TO_MIN,102
1779600292647694,TO_MAX,511
1779600293648389,TO_MIN,102
1779600294649082,TO_MAX,511
1779600295649778,TO_MIN,102
1779600296650472,TO_MAX,511
1779600297651167,TO_MIN,102
1779600298651861,TO_MAX,511
1779600299652555,TO_MIN,102
1779600300653240,TO_MAX,511
1779600301653930,TO_MIN,102
1779600302654623,TO_MAX,511
1779600303655316,TO_MIN,102
1779600304656009,TO_MAX,511
1779600305656701,TO_MIN,102
1779600306657391,TO_MAX,511
1779600307658081,TO_MIN,102
1779600308658769,TO_MAX,511
1779600309659462,TO_MIN,102
1779600310660157,TO_MAX,511
1779600311660854,TO_MIN,102
1779600312661545,TO_MAX,511
1779600313662233,TO_MIN,102
1779600314662924,TO_MAX,511
1779600315663620,TO_MIN,102
1779600316664317,TO_MAX,511
1779600317665012,TO_MIN,102
1779600318665699,TO_MAX,511
1779600319666390,TO_MIN,102
1779600320667077,TO_MAX,511
1779600321667769,TO_MIN,102
1779600322668457,TO_MAX,511
1779600323669145,TO_MIN,102
1779600324669846,TO_MAX,511
1779600325670541,TO_MIN,102
1779600326671235,TO_MAX,511
1779600327671928,TO_MIN,102
1779600328672621,TO_MAX,511
1779600329673313,TO_MIN,102
1779600330674002,TO_MAX,511
1779600331674687,TO_MIN,102
1779600332675382,TO_MAX,511
1779600333676071,TO_MIN,102
1779600334676764,TO_MAX,511
1779600335677445,TO_MIN,102
1779600336678137,TO_MAX,511
1779600337678825,TO_MIN,102
1779600338679516,TO_MAX,511
1779600339680209,TO_MIN,102
1779600340680911,TO_MAX,511
1779600341681608,TO_MIN,102
1779600342682300,TO_MAX,511
1779600343682999,TO_MIN,102
1779600344683688,TO_MAX,511
1779600345684377,TO_MIN,102
1779600346685068,TO_MAX,511
1779600347685759,TO_MIN,102
1779600348686447,TO_MAX,511
1779600349687140,TO_MIN,102
1779600350687833,TO_MAX,511
1779600351688529,TO_MIN,102
1779600352689228,TO_MAX,511
1779600353689916,TO_MIN,102
1779600354690607,TO_MAX,511
1779600355691302,TO_MIN,102
1779600356691991,TO_MAX,511
1779600357692677,TO_MIN,102
1779600358693366,TO_MAX,511
1779600359694054,TO_MIN,102
1779600360694741,TO_MAX,511
1779600361695430,TO_MIN,102
1779600362696121,TO_MAX,511
1779600363696813,TO_MIN,102
1779600364697500,TO_MAX,511
1779600365698189,TO_MIN,102
1779600366698895,TO_MAX,511
1779600367699587,TO_MIN,102
1779600368700280,TO_MAX,511
1779600369700971,TO_MIN,102
1779600370701660,TO_MAX,511
1779600371702347,TO_MIN,102
1779600372703036,TO_MAX,511
1779600373703737,TO_MIN,102
1779600374704429,TO_MAX,511
1779600375705131,TO_MIN,102
1779600376705828,TO_MAX,511
1779600377706516,TO_MIN,102
1779600378707203,TO_MAX,511
1779600379707890,TO_MIN,102
1779600380708579,TO_MAX,511
1779600381709265,TO_MIN,102
1779600382709954,TO_MAX,511
1779600383710651,TO_MIN,102
1779600384711339,TO_MAX,511
1779600385712031,TO_MIN,102
1779600386712727,TO_MAX,511
1779600387713419,TO_MIN,102
1779600388714111,TO_MAX,511
1779600389714799,TO_MIN,102
1779600390715511,TO_MAX,511
1779600391716200,TO_MIN,102
1779600392716890,TO_MAX,511
1779600393717582,TO_MIN,102
1779600394718273,TO_MAX,511
1779600395718962,TO_MIN,102
1779600396719665,TO_MAX,511
1779600397720366,TO_MIN,102
1779600398721079,TO_MAX,511
1779600399721770,TO_MIN,102
1779600400722461,TO_MAX,511
1779600401723159,TO_MIN,102
1779600402723854,TO_MAX,511
1779600403724550,TO_MIN,102
1779600404725255,TO_MAX,511
1779600405725960,TO_MIN,102
1779600406726662,TO_MAX,511
1779600407727361,TO_MIN,102
1779600408728060,TO_MAX,511
1779600409728758,TO_MIN,102
1779600410729453,TO_MAX,511
1779600411730144,TO_MIN,102
1779600412730825,TO_MAX,511
1779600413731518,TO_MIN,102
1779600414732216,TO_MAX,511
1779600415732908,TO_MIN,102
1779600416733602,TO_MAX,511
1779600417734296,TO_MIN,102
1779600418734990,TO_MAX,511
1779600419735682,TO_MIN,102
1779600420736375,TO_MAX,511
1779600421737068,TO_MIN,102
1779600422737760,TO_MAX,511
1779600423738451,TO_MIN,102
1779600424739144,TO_MAX,511
1779600425739839,TO_MIN,102
1779600426740537,TO_MAX,511
1779600427741232,TO_MIN,102
1779600428741935,TO_MAX,511
1779600429742628,TO_MIN,102
1779600430743319,TO_MAX,511
1779600431744011,TO_MIN,102
1779600432744704,TO_MAX,511
1779600433745391,TO_MIN,102
1779600434746080,TO_MAX,511
1779600435746768,TO_MIN,102
1779600436747457,TO_MAX,511
1779600437748147,TO_MIN,102
1779600438748834,TO_MAX,511
1779600439749524,TO_MIN,102
1779600440750213,TO_MAX,511
1779600441750906,TO_MIN,102
1779600442751596,TO_MAX,511
1779600443752288,TO_MIN,102
1779600444752987,TO_MAX,511
1779600445753686,TO_MIN,102
1779600446754376,TO_MAX,511
1779600447755074,TO_MIN,102
1779600448755765,TO_MAX,511
1779600449756460,TO_MIN,102
1779600450757162,TO_MAX,511
1779600451757849,TO_MIN,102
1779600452758542,TO_MAX,511
1779600453759236,TO_MIN,102
1779600454759932,TO_MAX,511
1779600455760628,TO_MIN,102
1779600456761322,TO_MAX,511
1779600457762018,TO_MIN,102
1779600458762710,TO_MAX,511
1779600459763393,TO_MIN,102
1779600460764081,TO_MAX,511
1779600461764773,TO_MIN,102
1779600462765468,TO_MAX,511
1779600463766159,TO_MIN,102
1779600464766825,TO_MAX,511
1779600465767521,TO_MIN,102
1779600466768215,TO_MAX,511
1779600467768908,TO_MIN,102
1779600468769599,TO_MAX,511
1779600469770296,TO_MIN,102
1779600470770997,TO_MAX,511
1779600471771679,TO_MIN,102
1779600472772373,TO_MAX,511
1779600473773066,TO_MIN,102
1779600474773767,TO_MAX,511
1779600475774457,TO_MIN,102
1779600476775156,TO_MAX,511
1779600477775848,TO_MIN,102
1779600478776545,TO_MAX,511
1779600479777240,TO_MIN,102
1779600480777940,TO_MAX,511
1779600481778634,TO_MIN,102
1779600482779326,TO_MAX,511
1779600483780017,TO_MIN,102
1779600484780707,TO_MAX,511
1779600485781394,TO_MIN,102
1779600486782085,TO_MAX,511
1779600487782773,TO_MIN,102
1779600488783466,TO_MAX,511
1779600489784155,TO_MIN,102
1779600490784838,TO_MAX,511
1779600491785530,TO_MIN,102
1779600492786217,TO_MAX,511
1779600493786903,TO_MIN,102
1779600494787589,TO_MAX,511
1779600495788274,TO_MIN,102
1779600496788962,TO_MAX,511
1779600497789644,TO_MIN,102
1779600498790334,TO_MAX,511
1779600499791023,TO_MIN,102
1779600500791712,TO_MAX,511
1779600501792400,TO_MIN,102
1779600502793092,TO_MAX,511
1779600503793782,TO_MIN,102
1779600504794470,TO_MAX,511
1779600505795157,TO_MIN,102
1779600506795845,TO_MAX,511
1779600507796540,TO_MIN,102
1779600508797227,TO_MAX,511
1779600509797913,TO_MIN,102
1779600510798603,TO_MAX,511
1779600511799290,TO_MIN,102
1779600512799975,TO_MAX,511
1779600513800662,TO_MIN,102
1779600514801352,TO_MAX,511
1779600515802043,TO_MIN,102
1779600516802728,TO_MAX,511
1779600517803416,TO_MIN,102
1779600518804116,TO_MAX,511
1779600519804820,TO_MIN,102
1779600520805510,TO_MAX,511
1779600521806200,TO_MIN,102
1779600522806902,TO_MAX,511
1779600523807594,TO_MIN,102
1779600524808286,TO_MAX,511
1779600525808974,TO_MIN,102
1779600526809672,TO_MAX,511
1779600527810362,TO_MIN,102
1779600528811058,TO_MAX,511
1779600529811754,TO_MIN,102
1779600530812447,TO_MAX,511
1779600531813138,TO_MIN,102
1779600532813833,TO_MAX,511
1779600533814526,TO_MIN,102
1779600534815218,TO_MAX,511
1779600535815910,TO_MIN,102
1779600536816598,TO_MAX,511
1779600537817287,TO_MIN,102
1779600538817985,TO_MAX,511
1779600539818674,TO_MIN,102
1779600540819362,TO_MAX,511
1779600541820053,TO_MIN,102
1779600542820744,TO_MAX,511
1779600543821431,TO_MIN,102
1779600544822140,TO_MAX,511
1779600545822824,TO_MIN,102
1779600546823514,TO_MAX,511
1779600547824205,TO_MIN,102
1779600548824895,TO_MAX,511
1779600549825585,TO_MIN,102
1779600550826278,TO_MAX,511
1779600551826978,TO_MIN,102
1779600552827667,TO_MAX,511
1779600553828359,TO_MIN,102
1779600554829048,TO_MAX,511
1779600555829735,TO_MIN,102
1779600556830427,TO_MAX,511
1779600557831116,TO_MIN,102
1779600558831807,TO_MAX,511
1779600559832501,TO_MIN,102
1779600560833194,TO_MAX,511
1779600561833883,TO_MIN,102
1779600562834576,TO_MAX,511
1779600563835271,TO_MIN,102
1779600564835958,TO_MAX,511
1779600565836644,TO_MIN,102
1779600566837337,TO_MAX,511
1779600567838027,TO_MIN,102
1779600568838717,TO_MAX,511
1779600569839409,TO_MIN,102
1779600570840099,TO_MAX,511
1779600571840792,TO_MIN,102
1779600572841481,TO_MAX,511
1779600573842173,TO_MIN,102
1779600574842826,TO_MAX,511
1779600575843520,TO_MIN,102
1779600576844211,TO_MAX,511
1779600577844903,TO_MIN,102
1779600578845596,TO_MAX,511
1779600579846287,TO_MIN,102
1779600580846977,TO_MAX,511
1779600581847665,TO_MIN,102
1779600582848354,TO_MAX,511
1779600583849046,TO_MIN,102
1779600584849735,TO_MAX,511
1779600585850430,TO_MIN,102
1779600586851128,TO_MAX,511
1779600587851824,TO_MIN,102
1779600588852514,TO_MAX,511
1779600589853207,TO_MIN,102
1779600590853905,TO_MAX,511
1779600591854598,TO_MIN,102
1779600592855293,TO_MAX,511
1779600593855986,TO_MIN,102
1779600594856675,TO_MAX,511
1779600595857370,TO_MIN,102
1779600596858062,TO_MAX,511
1779600597858757,TO_MIN,102
1779600598859453,TO_MAX,511
1779600599860148,TO_MIN,102
1779600600860853,TO_MAX,511
1779600601861549,TO_MIN,102
1779600602862244,TO_MAX,511
1779600603862935,TO_MIN,102
1779600604863632,TO_MAX,511
1779600605864321,TO_MIN,102
1779600606865018,TO_MAX,511
1779600607865715,TO_MIN,102
1779600608866412,TO_MAX,511
1779600609867111,TO_MIN,102
1779600610867809,TO_MAX,511
1779600611868514,TO_MIN,102
1779600612869211,TO_MAX,511
1779600613869902,TO_MIN,102
1779600614870598,TO_MAX,511
1779600615871286,TO_MIN,102
1779600616871979,TO_MAX,511
1779600617872669,TO_MIN,102
1779600618873355,TO_MAX,511
1779600619874040,TO_MIN,102
1779600620874734,TO_MAX,511
1779600621875441,TO_MIN,102
1779600622876138,TO_MAX,511
1779600623876832,TO_MIN,102
1779600624877525,TO_MAX,511
1779600625878219,TO_MIN,102
1779600626878910,TO_MAX,511
1779600627879599,TO_MIN,102
1779600628880292,TO_MAX,511
1779600629880981,TO_MIN,102
1779600630881672,TO_MAX,511
1779600631882365,TO_MIN,102
1779600632883055,TO_MAX,511
1779600633883742,TO_MIN,102
1779600634884431,TO_MAX,511
1779600635885119,TO_MIN,102
1779600636885808,TO_MAX,511
1779600637886497,TO_MIN,102
1779600638887187,TO_MAX,511
1779600639887881,TO_MIN,102
1779600640888572,TO_MAX,511
1779600641889260,TO_MIN,102
1779600642889952,TO_MAX,511
1779600643890640,TO_MIN,102
1779600644891333,TO_MAX,511
1779600645892024,TO_MIN,102
1779600646892714,TO_MAX,511
1779600647893407,TO_MIN,102
1779600648894105,TO_MAX,511
1779600649894806,TO_MIN,102
1779600650895520,TO_MAX,511
1779600651896221,TO_MIN,102
1779600652896917,TO_MAX,511
1779600653897611,TO_MIN,102
1779600654898306,TO_MAX,511
1779600655899002,TO_MIN,102
1779600656899690,TO_MAX,511
1779600657900382,TO_MIN,102
1779600658901077,TO_MAX,511
1779600659901771,TO_MIN,102
1779600660902463,TO_MAX,511
1779600661903159,TO_MIN,102
1779600662903858,TO_MAX,511
1779600663904554,TO_MIN,102
1779600664905246,TO_MAX,511
1779600665905938,TO_MIN,102
1779600666906635,TO_MAX,511
1779600667907326,TO_MIN,102
1779600668908017,TO_MAX,511
1779600669908705,TO_MIN,102
1779600670909396,TO_MAX,511
1779600671910093,TO_MIN,102
1779600672910786,TO_MAX,511
1779600673911486,TO_MIN,102
1779600674912169,TO_MAX,511
1779600675912860,TO_MIN,102
1779600676913547,TO_MAX,511
1779600677914233,TO_MIN,102
1779600678914933,TO_MAX,511
1779600679915632,TO_MIN,102
1779600680916331,TO_MAX,511
1779600681917024,TO_MIN,102
1779600682917712,TO_MAX,511
1779600683918401,TO_MIN,102
1779600684919092,TO_MAX,511
1779600685919780,TO_MIN,102
1779600686920469,TO_MAX,511
1779600687921159,TO_MIN,102
1779600688921849,TO_MAX,511
1779600689922547,TO_MIN,102
1779600690923255,TO_MAX,511
1779600691923948,TO_MIN,102
1779600692924639,TO_MAX,511
1779600693925351,TO_MIN,102
1779600694926045,TO_MAX,511
1779600695926744,TO_MIN,102
1779600696927440,TO_MAX,511
1779600697928139,TO_MIN,102
1779600698928837,TO_MAX,511
1779600699929534,TO_MIN,102
1779600700930224,TO_MAX,511
1779600701930903,TO_MIN,102
1779600702931609,TO_MAX,511
1779600703932301,TO_MIN,102
1779600704933005,TO_MAX,511
1779600705933701,TO_MIN,102
1779600706934399,TO_MAX,511
1779600707935084,TO_MIN,102
1779600708935772,TO_MAX,511
1779600709936467,TO_MIN,102
1779600710937164,TO_MAX,511
1779600711937859,TO_MIN,102
1779600712938549,TO_MAX,511
1779600713939243,TO_MIN,102
1779600714939933,TO_MAX,511
1779600715940626,TO_MIN,102
1779600716941318,TO_MAX,511
1779600717942009,TO_MIN,102
1779600718942701,TO_MAX,511
1779600719943393,TO_MIN,102
1779600720944094,TO_MAX,511
1779600721944801,TO_MIN,102
1779600722945499,TO_MAX,511
1779600723946202,TO_MIN,102
1779600724946927,TO_MAX,511
1779600725947644,TO_MIN,102
1779600726948352,TO_MAX,511
1779600727949057,TO_MIN,102
1779600728949759,TO_MAX,511
1779600729950479,TO_MIN,102
1779600730951184,END,307
