# servo_sweep log
# mode=burst duration=300 min_ticks=102 max_ticks=511 center_ticks=307
# motion_ms=5000 still_ms=5000 burst_period_ms=1000
# timestamp = CLOCK_REALTIME microseconds at host i2c_write call
# actual PWM wire edge appears ~100us after timestamp
# columns: timestamp_us,event,ticks
1779843480384788,START,307
1779843480585566,MOTION_PHASE_START,0
1779843480585619,TO_MAX,511
1779843481586339,TO_MIN,102
1779843482587267,TO_MAX,511
1779843483588165,TO_MIN,102
1779843484588953,TO_MAX,511
1779843485590054,STILL_PHASE_START,307
1779843490590970,MOTION_PHASE_START,0
1779843490591024,TO_MAX,511
1779843491591977,TO_MIN,102
1779843492592899,TO_MAX,511
1779843493593996,TO_MIN,102
1779843494594904,TO_MAX,511
1779843495595830,STILL_PHASE_START,307
1779843500596931,MOTION_PHASE_START,0
1779843500596969,TO_MAX,511
1779843501597674,TO_MIN,102
1779843502598593,TO_MAX,511
1779843503599503,TO_MIN,102
1779843504600420,TO_MAX,511
1779843505601321,STILL_PHASE_START,307
1779843510602410,MOTION_PHASE_START,0
1779843510602449,TO_MAX,511
1779843511603336,TO_MIN,102
1779843512604057,TO_MAX,511
1779843513604767,TO_MIN,102
1779843514605476,TO_MAX,511
1779843515606182,STILL_PHASE_START,307
1779843520607283,MOTION_PHASE_START,0
1779843520607328,TO_MAX,511
1779843521608591,TO_MIN,102
1779843522609332,TO_MAX,511
1779843523610262,TO_MIN,102
1779843524611191,TO_MAX,511
1779843525611933,STILL_PHASE_START,307
1779843530612676,MOTION_PHASE_START,0
1779843530612720,TO_MAX,511
1779843531613431,TO_MIN,102
1779843532614162,TO_MAX,511
1779843533615075,TO_MIN,102
1779843534615799,TO_MAX,511
1779843535616704,STILL_PHASE_START,307
1779843540617613,MOTION_PHASE_START,0
1779843540617658,TO_MAX,511
1779843541618364,TO_MIN,102
1779843542619454,TO_MAX,511
1779843543620374,TO_MIN,102
1779843544621534,TO_MAX,511
1779843545622454,STILL_PHASE_START,307
1779843550623185,MOTION_PHASE_START,0
1779843550623234,TO_MAX,511
1779843551624487,TO_MIN,102
1779843552625222,TO_MAX,511
1779843553626140,TO_MIN,102
1779843554627066,TO_MAX,511
1779843555627788,STILL_PHASE_START,307
1779843560628517,MOTION_PHASE_START,0
1779843560628555,TO_MAX,511
1779843561629258,TO_MIN,102
1779843562629972,TO_MAX,511
1779843563630676,TO_MIN,102
1779843564631401,TO_MAX,511
1779843565632133,STILL_PHASE_START,307
1779843570632868,MOTION_PHASE_START,0
1779843570632905,TO_MAX,511
1779843571633795,TO_MIN,102
1779843572634706,TO_MAX,511
1779843573635616,TO_MIN,102
1779843574636517,TO_MAX,511
1779843575637416,STILL_PHASE_START,307
1779843580638324,MOTION_PHASE_START,0
1779843580638389,TO_MAX,511
1779843581639085,TO_MIN,102
1779843582639794,TO_MAX,511
1779843583640503,TO_MIN,102
1779843584641206,TO_MAX,511
1779843585641925,STILL_PHASE_START,307
1779843590642829,MOTION_PHASE_START,0
1779843590642858,TO_MAX,511
1779843591643736,TO_MIN,102
1779843592644795,TO_MAX,511
1779843593645892,TO_MIN,102
1779843594646985,TO_MAX,511
1779843595647914,STILL_PHASE_START,307
1779843600648653,MOTION_PHASE_START,0
1779843600648693,TO_MAX,511
1779843601649400,TO_MIN,102
1779843602650310,TO_MAX,511
1779843603651029,TO_MIN,102
1779843604651942,TO_MAX,511
1779843605652669,STILL_PHASE_START,307
1779843610653390,MOTION_PHASE_START,0
1779843610653438,TO_MAX,511
1779843611654151,TO_MIN,102
1779843612654889,TO_MAX,511
1779843613655635,TO_MIN,102
1779843614656733,TO_MAX,511
1779843615657666,STILL_PHASE_START,307
1779843620658417,MOTION_PHASE_START,0
1779843620658448,TO_MAX,511
1779843621659336,TO_MIN,102
1779843622660068,TO_MAX,511
1779843623660969,TO_MIN,102
1779843624661867,TO_MAX,511
1779843625662761,STILL_PHASE_START,307
1779843630663683,MOTION_PHASE_START,0
1779843630663719,TO_MAX,511
1779843631664434,TO_MIN,102
1779843632665333,TO_MAX,511
1779843633666266,TO_MIN,102
1779843634667198,TO_MAX,511
1779843635667935,STILL_PHASE_START,307
1779843640668856,MOTION_PHASE_START,0
1779843640668895,TO_MAX,511
1779843641669784,TO_MIN,102
1779843642670700,TO_MAX,511
1779843643671611,TO_MIN,102
1779843644672344,TO_MAX,511
1779843645673081,STILL_PHASE_START,307
1779843650674005,MOTION_PHASE_START,0
1779843650674047,TO_MAX,511
1779843651674944,TO_MIN,102
1779843652675898,TO_MAX,511
1779843653676812,TO_MIN,102
1779843654677528,TO_MAX,511
1779843655678363,STILL_PHASE_START,307
1779843660679107,MOTION_PHASE_START,0
1779843660679158,TO_MAX,511
1779843661679888,TO_MIN,102
1779843662680808,TO_MAX,511
1779843663681536,TO_MIN,102
1779843664682465,TO_MAX,511
1779843665683202,STILL_PHASE_START,307
1779843670683943,MOTION_PHASE_START,0
1779843670683989,TO_MAX,511
1779843671684897,TO_MIN,102
1779843672685819,TO_MAX,511
1779843673686715,TO_MIN,102
1779843674687439,TO_MAX,511
1779843675688346,STILL_PHASE_START,307
1779843680689265,MOTION_PHASE_START,0
1779843680689308,TO_MAX,511
1779843681690202,TO_MIN,102
1779843682691116,TO_MAX,511
1779843683691862,TO_MIN,102
1779843684692772,TO_MAX,511
1779843685693886,STILL_PHASE_START,307
1779843690694810,MOTION_PHASE_START,0
1779843690694851,TO_MAX,511
1779843691695753,TO_MIN,102
1779843692696862,TO_MAX,511
1779843693697593,TO_MIN,102
1779843694698327,TO_MAX,511
1779843695699065,STILL_PHASE_START,307
1779843700699813,MOTION_PHASE_START,0
1779843700699846,TO_MAX,511
1779843701700547,TO_MIN,102
1779843702701789,TO_MAX,511
1779843703702893,TO_MIN,102
1779843704703637,TO_MAX,511
1779843705704558,STILL_PHASE_START,307
1779843710705297,MOTION_PHASE_START,0
1779843710705343,TO_MAX,511
1779843711706056,TO_MIN,102
1779843712706790,TO_MAX,511
1779843713707714,TO_MIN,102
1779843714708629,TO_MAX,511
1779843715709529,STILL_PHASE_START,307
1779843720710256,MOTION_PHASE_START,0
1779843720710296,TO_MAX,511
1779843721711005,TO_MIN,102
1779843722711920,TO_MAX,511
1779843723712649,TO_MIN,102
1779843724713675,TO_MAX,511
1779843725714589,STILL_PHASE_START,307
1779843730715696,MOTION_PHASE_START,0
1779843730715743,TO_MAX,511
1779843731716888,TO_MIN,102
1779843732717987,TO_MAX,511
1779843733718911,TO_MIN,102
1779843734719655,TO_MAX,511
1779843735720570,STILL_PHASE_START,307
1779843740721488,MOTION_PHASE_START,0
1779843740721525,TO_MAX,511
1779843741722779,TO_MIN,102
1779843742724056,TO_MAX,511
1779843743724956,TO_MIN,102
1779843744726294,TO_MAX,511
1779843745727207,STILL_PHASE_START,307
1779843750727930,MOTION_PHASE_START,0
1779843750728054,TO_MAX,511
1779843751728944,TO_MIN,102
1779843752729852,TO_MAX,511
1779843753730583,TO_MIN,102
1779843754731299,TO_MAX,511
1779843755732024,STILL_PHASE_START,307
1779843760732944,MOTION_PHASE_START,0
1779843760732990,TO_MAX,511
1779843761733878,TO_MIN,102
1779843762734778,TO_MAX,511
1779843763735681,TO_MIN,102
1779843764736577,TO_MAX,511
1779843765737482,STILL_PHASE_START,307
1779843770738380,MOTION_PHASE_START,0
1779843770738423,TO_MAX,511
1779843771739120,TO_MIN,102
1779843772740017,TO_MAX,511
1779843773740727,TO_MIN,102
1779843774741441,TO_MAX,511
1779843775742187,STILL_PHASE_START,307
1779843780743104,END,307
