# servo_sweep log
# mode=burst duration=300 min_ticks=102 max_ticks=511 center_ticks=307
# motion_ms=5000 still_ms=5000 burst_period_ms=1000
# timestamp = CLOCK_REALTIME microseconds at host i2c_write call
# actual PWM wire edge appears ~100us after timestamp
# columns: timestamp_us,event,ticks
1779831817869273,START,307
1779831818070044,MOTION_PHASE_START,0
1779831818070088,TO_MAX,511
1779831819070811,TO_MIN,102
1779831820071549,TO_MAX,511
1779831821072285,TO_MIN,102
1779831822073091,TO_MAX,511
1779831823073890,STILL_PHASE_START,307
1779831828074689,MOTION_PHASE_START,0
1779831828074731,TO_MAX,511
1779831829075449,TO_MIN,102
1779831830076212,TO_MAX,511
1779831831076964,TO_MIN,102
1779831832077704,TO_MAX,511
1779831833078446,STILL_PHASE_START,307
1779831838079234,MOTION_PHASE_START,0
1779831838079303,TO_MAX,511
1779831839080030,TO_MIN,102
1779831840080803,TO_MAX,511
1779831841081579,TO_MIN,102
1779831842085423,TO_MAX,511
1779831843086200,STILL_PHASE_START,307
1779831848086972,MOTION_PHASE_START,0
1779831848087034,TO_MAX,511
1779831849087754,TO_MIN,102
1779831850088521,TO_MAX,511
1779831851089294,TO_MIN,102
1779831852090065,TO_MAX,511
1779831853090831,STILL_PHASE_START,307
1779831858091584,MOTION_PHASE_START,0
1779831858091639,TO_MAX,511
1779831859092366,TO_MIN,102
1779831860093132,TO_MAX,511
1779831861093897,TO_MIN,102
1779831862094658,TO_MAX,511
1779831863095435,STILL_PHASE_START,307
1779831868096206,MOTION_PHASE_START,0
1779831868096270,TO_MAX,511
1779831869096993,TO_MIN,102
1779831870097750,TO_MAX,511
1779831871098512,TO_MIN,102
1779831872099277,TO_MAX,511
1779831873100042,STILL_PHASE_START,307
1779831878100797,MOTION_PHASE_START,0
1779831878100878,TO_MAX,511
1779831879101606,TO_MIN,102
1779831880102377,TO_MAX,511
1779831881103145,TO_MIN,102
1779831882103924,TO_MAX,511
1779831883104696,STILL_PHASE_START,307
1779831888105457,MOTION_PHASE_START,0
1779831888105525,TO_MAX,511
1779831889106244,TO_MIN,102
1779831890107007,TO_MAX,511
1779831891107773,TO_MIN,102
1779831892108529,TO_MAX,511
1779831893109288,STILL_PHASE_START,307
1779831898110057,MOTION_PHASE_START,0
1779831898110108,TO_MAX,511
1779831899110821,TO_MIN,102
1779831900111613,TO_MAX,511
1779831901112409,TO_MIN,102
1779831902113189,TO_MAX,511
1779831903113978,STILL_PHASE_START,307
1779831908114747,MOTION_PHASE_START,0
1779831908114802,TO_MAX,511
1779831909115529,TO_MIN,102
1779831910116288,TO_MAX,511
1779831911117090,TO_MIN,102
1779831912117860,TO_MAX,511
1779831913118624,STILL_PHASE_START,307
1779831918119399,MOTION_PHASE_START,0
1779831918119457,TO_MAX,511
1779831919120183,TO_MIN,102
1779831920120933,TO_MAX,511
1779831921121681,TO_MIN,102
1779831922122425,TO_MAX,511
1779831923123154,STILL_PHASE_START,307
1779831928148282,MOTION_PHASE_START,0
1779831928179234,TO_MAX,511
1779831929179989,TO_MIN,102
1779831930180770,TO_MAX,511
1779831931181545,TO_MIN,102
1779831932182321,TO_MAX,511
1779831933183101,STILL_PHASE_START,307
1779831938214770,MOTION_PHASE_START,0
1779831938245772,TO_MAX,511
1779831939246525,TO_MIN,102
1779831940247294,TO_MAX,511
1779831941248066,TO_MIN,102
1779831942248841,TO_MAX,511
1779831943249612,STILL_PHASE_START,307
1779831948281266,MOTION_PHASE_START,0
1779831948312266,TO_MAX,511
1779831949312999,TO_MIN,102
1779831950313765,TO_MAX,511
1779831951314532,TO_MIN,102
1779831952315289,TO_MAX,511
1779831953316039,STILL_PHASE_START,307
1779831958348034,MOTION_PHASE_START,0
1779831958379353,TO_MAX,511
1779831959380065,TO_MIN,102
1779831960380845,TO_MAX,511
1779831961381632,TO_MIN,102
1779831962382409,TO_MAX,511
1779831963383182,STILL_PHASE_START,307
1779831968415242,MOTION_PHASE_START,0
1779831968418956,TO_MAX,511
1779831969419693,TO_MIN,102
1779831970420456,TO_MAX,511
1779831971421235,TO_MIN,102
1779831972422005,TO_MAX,511
1779831973422767,STILL_PHASE_START,307
1779831978427004,MOTION_PHASE_START,0
1779831978430404,TO_MAX,511
1779831979431139,TO_MIN,102
1779831980431903,TO_MAX,511
1779831981432667,TO_MIN,102
1779831982433426,TO_MAX,511
1779831983434175,STILL_PHASE_START,307
1779831988465925,MOTION_PHASE_START,0
1779831988496935,TO_MAX,511
1779831989497692,TO_MIN,102
1779831990498526,TO_MAX,511
1779831991499309,TO_MIN,102
1779831992500088,TO_MAX,511
1779831993500854,STILL_PHASE_START,307
1779831998533121,MOTION_PHASE_START,0
1779831998564364,TO_MAX,511
1779831999565114,TO_MIN,102
1779832000565893,TO_MAX,511
1779832001566663,TO_MIN,102
1779832002567427,TO_MAX,511
1779832003568216,STILL_PHASE_START,307
1779832008600356,MOTION_PHASE_START,0
1779832008631619,TO_MAX,511
1779832009632352,TO_MIN,102
1779832010633110,TO_MAX,511
1779832011633875,TO_MIN,102
1779832012634632,TO_MAX,511
1779832013635399,STILL_PHASE_START,307
1779832018667380,MOTION_PHASE_START,0
1779832018698832,TO_MAX,511
1779832019699560,TO_MIN,102
1779832020700301,TO_MAX,511
1779832021701057,TO_MIN,102
1779832022701856,TO_MAX,511
1779832023702625,STILL_PHASE_START,307
1779832028734296,MOTION_PHASE_START,0
1779832028765285,TO_MAX,511
1779832029766016,TO_MIN,102
1779832030766778,TO_MAX,511
1779832031767556,TO_MIN,102
1779832032768320,TO_MAX,511
1779832033769090,STILL_PHASE_START,307
1779832038801245,MOTION_PHASE_START,0
1779832038832606,TO_MAX,511
1779832039833341,TO_MIN,102
1779832040834118,TO_MAX,511
1779832041834886,TO_MIN,102
1779832042835648,TO_MAX,511
1779832043836422,STILL_PHASE_START,307
1779832048868537,MOTION_PHASE_START,0
1779832048871876,TO_MAX,511
1779832049872613,TO_MIN,102
1779832050873369,TO_MAX,511
1779832051874120,TO_MIN,102
1779832052874873,TO_MAX,511
1779832053875615,STILL_PHASE_START,307
1779832058879771,MOTION_PHASE_START,0
1779832058883224,TO_MAX,511
1779832059883958,TO_MIN,102
1779832060887865,TO_MAX,511
1779832061888624,TO_MIN,102
1779832062889396,TO_MAX,511
1779832063890156,STILL_PHASE_START,307
1779832068921844,MOTION_PHASE_START,0
1779832068953080,TO_MAX,511
1779832069953813,TO_MIN,102
1779832070954657,TO_MAX,511
1779832071955428,TO_MIN,102
1779832072956217,TO_MAX,511
1779832073956991,STILL_PHASE_START,307
1779832078988855,MOTION_PHASE_START,0
1779832079019862,TO_MAX,511
1779832080020619,TO_MIN,102
1779832081021395,TO_MAX,511
1779832082022161,TO_MIN,102
1779832083022928,TO_MAX,511
1779832084023690,STILL_PHASE_START,307
1779832089055788,MOTION_PHASE_START,0
1779832089087283,TO_MAX,511
1779832090088009,TO_MIN,102
1779832091088812,TO_MAX,511
1779832092089576,TO_MIN,102
1779832093090349,TO_MAX,511
1779832094091130,STILL_PHASE_START,307
1779832099122860,MOTION_PHASE_START,0
1779832099153904,TO_MAX,511
1779832100154639,TO_MIN,102
1779832101155417,TO_MAX,511
1779832102156188,TO_MIN,102
1779832103156964,TO_MAX,511
1779832104157740,STILL_PHASE_START,307
1779832109189619,MOTION_PHASE_START,0
1779832109220929,TO_MAX,511
1779832110221663,TO_MIN,102
1779832111222431,TO_MAX,511
1779832112223196,TO_MIN,102
1779832113223956,TO_MAX,511
1779832114224719,STILL_PHASE_START,307
1779832119256748,END,307
