# servo_sweep log
# mode=continuous duration=1200 min_ticks=102 max_ticks=511 center_ticks=307
# period_ms=1000
# timestamp = CLOCK_REALTIME microseconds at host i2c_write call
# actual PWM wire edge appears ~100us after timestamp
# columns: timestamp_us,event,ticks
1779338058569398,START,307
1779338058770189,TO_MAX,511
1779338059770933,TO_MIN,102
1779338060771639,TO_MAX,511
1779338061772330,TO_MIN,102
1779338062773028,TO_MAX,511
1779338063773733,TO_MIN,102
1779338064774440,TO_MAX,511
1779338065775135,TO_MIN,102
1779338066775834,TO_MAX,511
1779338067776532,TO_MIN,102
1779338068777228,TO_MAX,511
1779338069777925,TO_MIN,102
1779338070778630,TO_MAX,511
1779338071779329,TO_MIN,102
1779338072780021,TO_MAX,511
1779338073780706,TO_MIN,102
1779338074781404,TO_MAX,511
1779338075782101,TO_MIN,102
1779338076782801,TO_MAX,511
1779338077783505,TO_MIN,102
1779338078784198,TO_MAX,511
1779338079784888,TO_MIN,102
1779338080785586,TO_MAX,511
1779338081786277,TO_MIN,102
1779338082786982,TO_MAX,511
1779338083787679,TO_MIN,102
1779338084788376,TO_MAX,511
1779338085789074,TO_MIN,102
1779338086789770,TO_MAX,511
1779338087790459,TO_MIN,102
1779338088791153,TO_MAX,511
1779338089791846,TO_MIN,102
1779338090792546,TO_MAX,511
1779338091793244,TO_MIN,102
1779338092793945,TO_MAX,511
1779338093794647,TO_MIN,102
1779338094795353,TO_MAX,511
1779338095796054,TO_MIN,102
1779338096796751,TO_MAX,511
1779338097797446,TO_MIN,102
1779338098798146,TO_MAX,511
1779338099798853,TO_MIN,102
1779338100799558,TO_MAX,511
1779338101800259,TO_MIN,102
1779338102800960,TO_MAX,511
1779338103801657,TO_MIN,102
1779338104802356,TO_MAX,511
1779338105803059,TO_MIN,102
1779338106803763,TO_MAX,511
1779338107804469,TO_MIN,102
1779338108805169,TO_MAX,511
1779338109805867,TO_MIN,102
1779338110806565,TO_MAX,511
1779338111807263,TO_MIN,102
1779338112807967,TO_MAX,511
1779338113808664,TO_MIN,102
1779338114809361,TO_MAX,511
1779338115810053,TO_MIN,102
1779338116810739,TO_MAX,511
1779338117811428,TO_MIN,102
1779338118812123,TO_MAX,511
1779338119812826,TO_MIN,102
1779338120813538,TO_MAX,511
1779338121814245,TO_MIN,102
1779338122814960,TO_MAX,511
1779338123815666,TO_MIN,102
1779338124816376,TO_MAX,511
1779338125817074,TO_MIN,102
1779338126817771,TO_MAX,511
1779338127818468,TO_MIN,102
1779338128819168,TO_MAX,511
1779338129819866,TO_MIN,102
1779338130820571,TO_MAX,511
1779338131821273,TO_MIN,102
1779338132821977,TO_MAX,511
1779338133822680,TO_MIN,102
1779338134823384,TO_MAX,511
1779338135824086,TO_MIN,102
1779338136824786,TO_MAX,511
1779338137825481,TO_MIN,102
1779338138826176,TO_MAX,511
1779338139826889,TO_MIN,102
1779338140827590,TO_MAX,511
1779338141828291,TO_MIN,102
1779338142828997,TO_MAX,511
1779338143829698,TO_MIN,102
1779338144830402,TO_MAX,511
1779338145831101,TO_MIN,102
1779338146831803,TO_MAX,511
1779338147832506,TO_MIN,102
1779338148833215,TO_MAX,511
1779338149833913,TO_MIN,102
1779338150834609,TO_MAX,511
1779338151835307,TO_MIN,102
1779338152836007,TO_MAX,511
1779338153836705,TO_MIN,102
1779338154837403,TO_MAX,511
1779338155838098,TO_MIN,102
1779338156838799,TO_MAX,511
1779338157839520,TO_MIN,102
1779338158840227,TO_MAX,511
1779338159840928,TO_MIN,102
1779338160841645,TO_MAX,511
1779338161842356,TO_MIN,102
1779338162843064,TO_MAX,511
1779338163843769,TO_MIN,102
1779338164844463,TO_MAX,511
1779338165845163,TO_MIN,102
1779338166845873,TO_MAX,511
1779338167846572,TO_MIN,102
1779338168847281,TO_MAX,511
1779338169847984,TO_MIN,102
1779338170848692,TO_MAX,511
1779338171849409,TO_MIN,102
1779338172850116,TO_MAX,511
1779338173850824,TO_MIN,102
1779338174851525,TO_MAX,511
1779338175852229,TO_MIN,102
1779338176852921,TO_MAX,511
1779338177853616,TO_MIN,102
1779338178854321,TO_MAX,511
1779338179855023,TO_MIN,102
1779338180855729,TO_MAX,511
1779338181856432,TO_MIN,102
1779338182857129,TO_MAX,511
1779338183857831,TO_MIN,102
1779338184858543,TO_MAX,511
1779338185859240,TO_MIN,102
1779338186859939,TO_MAX,511
1779338187860642,TO_MIN,102
1779338188861341,TO_MAX,511
1779338189862044,TO_MIN,102
1779338190862738,TO_MAX,511
1779338191863431,TO_MIN,102
1779338192864122,TO_MAX,511
1779338193864813,TO_MIN,102
1779338194865524,TO_MAX,511
1779338195866215,TO_MIN,102
1779338196866917,TO_MAX,511
1779338197867610,TO_MIN,102
1779338198868298,TO_MAX,511
1779338199868990,TO_MIN,102
1779338200869682,TO_MAX,511
1779338201870372,TO_MIN,102
1779338202871070,TO_MAX,511
1779338203871773,TO_MIN,102
1779338204872474,TO_MAX,511
1779338205873173,TO_MIN,102
1779338206873871,TO_MAX,511
1779338207874569,TO_MIN,102
1779338208875265,TO_MAX,511
1779338209875963,TO_MIN,102
1779338210876654,TO_MAX,511
1779338211877341,TO_MIN,102
1779338212878036,TO_MAX,511
1779338213878722,TO_MIN,102
1779338214879415,TO_MAX,511
1779338215880107,TO_MIN,102
1779338216880802,TO_MAX,511
1779338217881495,TO_MIN,102
1779338218882186,TO_MAX,511
1779338219882883,TO_MIN,102
1779338220883578,TO_MAX,511
1779338221884275,TO_MIN,102
1779338222884966,TO_MAX,511
1779338223885655,TO_MIN,102
1779338224886349,TO_MAX,511
1779338225887040,TO_MIN,102
1779338226887735,TO_MAX,511
1779338227888422,TO_MIN,102
1779338228889115,TO_MAX,511
1779338229889804,TO_MIN,102
1779338230890496,TO_MAX,511
1779338231891214,TO_MIN,102
1779338232891923,TO_MAX,511
1779338233892618,TO_MIN,102
1779338234893315,TO_MAX,511
1779338235894011,TO_MIN,102
1779338236894709,TO_MAX,511
1779338237895398,TO_MIN,102
1779338238896099,TO_MAX,511
1779338239896797,TO_MIN,102
1779338240897496,TO_MAX,511
1779338241898197,TO_MIN,102
1779338242898911,TO_MAX,511
1779338243899610,TO_MIN,102
1779338244900311,TO_MAX,511
1779338245901012,TO_MIN,102
1779338246901711,TO_MAX,511
1779338247902410,TO_MIN,102
1779338248903108,TO_MAX,511
1779338249903806,TO_MIN,102
1779338250904509,TO_MAX,511
1779338251905201,TO_MIN,102
1779338252905895,TO_MAX,511
1779338253906593,TO_MIN,102
1779338254907292,TO_MAX,511
1779338255907992,TO_MIN,102
1779338256908695,TO_MAX,511
1779338257909396,TO_MIN,102
1779338258910149,TO_MAX,511
1779338259910823,TO_MIN,102
1779338260911525,TO_MAX,511
1779338261912223,TO_MIN,102
1779338262912921,TO_MAX,511
1779338263913614,TO_MIN,102
1779338264914317,TO_MAX,511
1779338265915011,TO_MIN,102
1779338266915705,TO_MAX,511
1779338267916395,TO_MIN,102
1779338268917095,TO_MAX,511
1779338269917786,TO_MIN,102
1779338270918478,TO_MAX,511
1779338271919178,TO_MIN,102
1779338272919867,TO_MAX,511
1779338273920559,TO_MIN,102
1779338274921256,TO_MAX,511
1779338275921949,TO_MIN,102
1779338276922641,TO_MAX,511
1779338277923330,TO_MIN,102
1779338278924023,TO_MAX,511
1779338279924711,TO_MIN,102
1779338280925404,TO_MAX,511
1779338281926104,TO_MIN,102
1779338282926803,TO_MAX,511
1779338283927515,TO_MIN,102
1779338284928215,TO_MAX,511
1779338285928917,TO_MIN,102
1779338286929622,TO_MAX,511
1779338287930322,TO_MIN,102
1779338288931020,TO_MAX,511
1779338289931723,TO_MIN,102
1779338290932424,TO_MAX,511
1779338291933128,TO_MIN,102
1779338292933834,TO_MAX,511
1779338293934541,TO_MIN,102
1779338294935237,TO_MAX,511
1779338295935933,TO_MIN,102
1779338296936631,TO_MAX,511
1779338297937334,TO_MIN,102
1779338298938037,TO_MAX,511
1779338299938740,TO_MIN,102
1779338300939438,TO_MAX,511
1779338301940138,TO_MIN,102
1779338302940830,TO_MAX,511
1779338303941530,TO_MIN,102
1779338304942226,TO_MAX,511
1779338305942932,TO_MIN,102
1779338306943633,TO_MAX,511
1779338307944333,TO_MIN,102
1779338308945031,TO_MAX,511
1779338309945728,TO_MIN,102
1779338310946427,TO_MAX,511
1779338311947129,TO_MIN,102
1779338312947828,TO_MAX,511
1779338313948527,TO_MIN,102
1779338314949226,TO_MAX,511
1779338315949933,TO_MIN,102
1779338316950635,TO_MAX,511
1779338317951333,TO_MIN,102
1779338318952031,TO_MAX,511
1779338319952732,TO_MIN,102
1779338320953433,TO_MAX,511
1779338321954129,TO_MIN,102
1779338322954826,TO_MAX,511
1779338323955530,TO_MIN,102
1779338324956229,TO_MAX,511
1779338325956934,TO_MIN,102
1779338326957631,TO_MAX,511
1779338327958332,TO_MIN,102
1779338328959032,TO_MAX,511
1779338329959730,TO_MIN,102
1779338330960428,TO_MAX,511
1779338331961128,TO_MIN,102
1779338332961830,TO_MAX,511
1779338333962536,TO_MIN,102
1779338334963232,TO_MAX,511
1779338335963930,TO_MIN,102
1779338336964637,TO_MAX,511
1779338337965336,TO_MIN,102
1779338338966037,TO_MAX,511
1779338339966731,TO_MIN,102
1779338340967420,TO_MAX,511
1779338341968150,TO_MIN,102
1779338342968852,TO_MAX,511
1779338343969543,TO_MIN,102
1779338344970234,TO_MAX,511
1779338345970926,TO_MIN,102
1779338346971616,TO_MAX,511
1779338347972305,TO_MIN,102
1779338348972993,TO_MAX,511
1779338349973683,TO_MIN,102
1779338350974379,TO_MAX,511
1779338351975078,TO_MIN,102
1779338352975772,TO_MAX,511
1779338353976464,TO_MIN,102
1779338354977156,TO_MAX,511
1779338355977851,TO_MIN,102
1779338356978542,TO_MAX,511
1779338357979235,TO_MIN,102
1779338358979926,TO_MAX,511
1779338359980618,TO_MIN,102
1779338360981313,TO_MAX,511
1779338361982006,TO_MIN,102
1779338362982699,TO_MAX,511
1779338363983391,TO_MIN,102
1779338364984083,TO_MAX,511
1779338365984770,TO_MIN,102
1779338366985461,TO_MAX,511
1779338367986154,TO_MIN,102
1779338368986824,TO_MAX,511
1779338369987514,TO_MIN,102
1779338370988203,TO_MAX,511
1779338371988896,TO_MIN,102
1779338372989589,TO_MAX,511
1779338373990279,TO_MIN,102
1779338374990971,TO_MAX,511
1779338375991660,TO_MIN,102
1779338376992354,TO_MAX,511
1779338377993048,TO_MIN,102
1779338378993744,TO_MAX,511
1779338379994437,TO_MIN,102
1779338380995126,TO_MAX,511
1779338381995867,TO_MIN,102
1779338382996564,TO_MAX,511
1779338383997254,TO_MIN,102
1779338384997941,TO_MAX,511
1779338385998634,TO_MIN,102
1779338386999327,TO_MAX,511
1779338388000015,TO_MIN,102
1779338389000708,TO_MAX,511
1779338390001400,TO_MIN,102
1779338391002086,TO_MAX,511
1779338392002778,TO_MIN,102
1779338393003470,TO_MAX,511
1779338394004165,TO_MIN,102
1779338395004858,TO_MAX,511
1779338396005547,TO_MIN,102
1779338397006236,TO_MAX,511
1779338398006935,TO_MIN,102
1779338399007641,TO_MAX,511
1779338400008337,TO_MIN,102
1779338401009034,TO_MAX,511
1779338402009726,TO_MIN,102
1779338403010414,TO_MAX,511
1779338404011105,TO_MIN,102
1779338405011798,TO_MAX,511
1779338406012492,TO_MIN,102
1779338407013185,TO_MAX,511
1779338408013875,TO_MIN,102
1779338409014563,TO_MAX,511
1779338410015246,TO_MIN,102
1779338411015942,TO_MAX,511
1779338412016645,TO_MIN,102
1779338413017339,TO_MAX,511
1779338414018032,TO_MIN,102
1779338415018723,TO_MAX,511
1779338416019415,TO_MIN,102
1779338417020115,TO_MAX,511
1779338418020815,TO_MIN,102
1779338419021510,TO_MAX,511
1779338420022203,TO_MIN,102
1779338421022911,TO_MAX,511
1779338422023606,TO_MIN,102
1779338423024300,TO_MAX,511
1779338424024991,TO_MIN,102
1779338425025683,TO_MAX,511
1779338426026375,TO_MIN,102
1779338427027065,TO_MAX,511
1779338428027757,TO_MIN,102
1779338429028447,TO_MAX,511
1779338430029149,TO_MIN,102
1779338431029839,TO_MAX,511
1779338432030529,TO_MIN,102
1779338433031222,TO_MAX,511
1779338434031912,TO_MIN,102
1779338435032603,TO_MAX,511
1779338436033294,TO_MIN,102
1779338437033992,TO_MAX,511
1779338438034689,TO_MIN,102
1779338439035379,TO_MAX,511
1779338440036070,TO_MIN,102
1779338441036761,TO_MAX,511
1779338442037451,TO_MIN,102
1779338443038146,TO_MAX,511
1779338444038823,TO_MIN,102
1779338445039512,TO_MAX,511
1779338446040201,TO_MIN,102
1779338447040893,TO_MAX,511
1779338448041586,TO_MIN,102
1779338449042280,TO_MAX,511
1779338450042978,TO_MIN,102
1779338451043674,TO_MAX,511
1779338452044373,TO_MIN,102
1779338453045065,TO_MAX,511
1779338454045763,TO_MIN,102
1779338455046465,TO_MAX,511
1779338456047159,TO_MIN,102
1779338457047851,TO_MAX,511
1779338458048543,TO_MIN,102
1779338459049235,TO_MAX,511
1779338460049927,TO_MIN,102
1779338461050628,TO_MAX,511
1779338462051323,TO_MIN,102
1779338463052021,TO_MAX,511
1779338464052714,TO_MIN,102
1779338465053406,TO_MAX,511
1779338466054098,TO_MIN,102
1779338467054798,TO_MAX,511
1779338468055512,TO_MIN,102
1779338469056204,TO_MAX,511
1779338470056892,TO_MIN,102
1779338471057587,TO_MAX,511
1779338472058284,TO_MIN,102
1779338473058971,TO_MAX,511
1779338474059660,TO_MIN,102
1779338475060347,TO_MAX,511
1779338476061040,TO_MIN,102
1779338477061731,TO_MAX,511
1779338478062423,TO_MIN,102
1779338479063113,TO_MAX,511
1779338480063803,TO_MIN,102
1779338481064500,TO_MAX,511
1779338482065188,TO_MIN,102
1779338483065883,TO_MAX,511
1779338484066577,TO_MIN,102
1779338485067266,TO_MAX,511
1779338486067955,TO_MIN,102
1779338487068647,TO_MAX,511
1779338488069353,TO_MIN,102
1779338489070042,TO_MAX,511
1779338490070732,TO_MIN,102
1779338491071418,TO_MAX,511
1779338492072116,TO_MIN,102
1779338493072809,TO_MAX,511
1779338494073499,TO_MIN,102
1779338495074189,TO_MAX,511
1779338496074885,TO_MIN,102
1779338497075578,TO_MAX,511
1779338498076265,TO_MIN,102
1779338499076960,TO_MAX,511
1779338500077652,TO_MIN,102
1779338501078340,TO_MAX,511
1779338502079030,TO_MIN,102
1779338503079719,TO_MAX,511
1779338504080411,TO_MIN,102
1779338505081107,TO_MAX,511
1779338506081795,TO_MIN,102
1779338507082491,TO_MAX,511
1779338508083190,TO_MIN,102
1779338509083879,TO_MAX,511
1779338510084573,TO_MIN,102
1779338511085257,TO_MAX,511
1779338512085944,TO_MIN,102
1779338513086624,TO_MAX,511
1779338514087315,TO_MIN,102
1779338515088008,TO_MAX,511
1779338516088697,TO_MIN,102
1779338517089376,TO_MAX,511
1779338518090071,TO_MIN,102
1779338519090764,TO_MAX,511
1779338520091454,TO_MIN,102
1779338521092146,TO_MAX,511
1779338522092837,TO_MIN,102
1779338523093530,TO_MAX,511
1779338524094222,TO_MIN,102
1779338525094914,TO_MAX,511
1779338526095607,TO_MIN,102
1779338527096295,TO_MAX,511
1779338528096987,TO_MIN,102
1779338529097676,TO_MAX,511
1779338530098367,TO_MIN,102
1779338531099048,TO_MAX,511
1779338532099739,TO_MIN,102
1779338533100430,TO_MAX,511
1779338534101115,TO_MIN,102
1779338535101796,TO_MAX,511
1779338536102492,TO_MIN,102
1779338537103186,TO_MAX,511
1779338538103879,TO_MIN,102
1779338539104574,TO_MAX,511
1779338540105263,TO_MIN,102
1779338541105957,TO_MAX,511
1779338542106644,TO_MIN,102
1779338543107333,TO_MAX,511
1779338544108022,TO_MIN,102
1779338545108709,TO_MAX,511
1779338546109403,TO_MIN,102
1779338547110099,TO_MAX,511
1779338548110795,TO_MIN,102
1779338549111502,TO_MAX,511
1779338550112193,TO_MIN,102
1779338551112887,TO_MAX,511
1779338552113581,TO_MIN,102
1779338553114276,TO_MAX,511
1779338554114973,TO_MIN,102
1779338555115664,TO_MAX,511
1779338556116359,TO_MIN,102
1779338557117052,TO_MAX,511
1779338558117749,TO_MIN,102
1779338559118442,TO_MAX,511
1779338560119132,TO_MIN,102
1779338561119820,TO_MAX,511
1779338562120510,TO_MIN,102
1779338563121197,TO_MAX,511
1779338564121890,TO_MIN,102
1779338565122577,TO_MAX,511
1779338566123268,TO_MIN,102
1779338567123957,TO_MAX,511
1779338568124651,TO_MIN,102
1779338569125340,TO_MAX,511
1779338570126036,TO_MIN,102
1779338571126723,TO_MAX,511
1779338572127416,TO_MIN,102
1779338573128106,TO_MAX,511
1779338574128797,TO_MIN,102
1779338575129485,TO_MAX,511
1779338576130178,TO_MIN,102
1779338577130881,TO_MAX,511
1779338578131573,TO_MIN,102
1779338579132276,TO_MAX,511
1779338580132970,TO_MIN,102
1779338581133664,TO_MAX,511
1779338582134366,TO_MIN,102
1779338583135070,TO_MAX,511
1779338584135772,TO_MIN,102
1779338585136475,TO_MAX,511
1779338586137176,TO_MIN,102
1779338587137874,TO_MAX,511
1779338588138575,TO_MIN,102
1779338589139271,TO_MAX,511
1779338590139968,TO_MIN,102
1779338591140664,TO_MAX,511
1779338592141362,TO_MIN,102
1779338593142053,TO_MAX,511
1779338594142744,TO_MIN,102
1779338595143439,TO_MAX,511
1779338596144132,TO_MIN,102
1779338597144817,TO_MAX,511
1779338598145511,TO_MIN,102
1779338599146205,TO_MAX,511
1779338600146905,TO_MIN,102
1779338601147599,TO_MAX,511
1779338602148292,TO_MIN,102
1779338603148989,TO_MAX,511
1779338604149682,TO_MIN,102
1779338605150370,TO_MAX,511
1779338606151064,TO_MIN,102
1779338607151755,TO_MAX,511
1779338608152450,TO_MIN,102
1779338609153143,TO_MAX,511
1779338610153839,TO_MIN,102
1779338611154534,TO_MAX,511
1779338612155228,TO_MIN,102
1779338613155916,TO_MAX,511
1779338614156609,TO_MIN,102
1779338615157303,TO_MAX,511
1779338616158004,TO_MIN,102
1779338617158703,TO_MAX,511
1779338618159391,TO_MIN,102
1779338619160081,TO_MAX,511
1779338620160775,TO_MIN,102
1779338621161468,TO_MAX,511
1779338622162164,TO_MIN,102
1779338623162822,TO_MAX,511
1779338624163517,TO_MIN,102
1779338625164209,TO_MAX,511
1779338626164899,TO_MIN,102
1779338627165589,TO_MAX,511
1779338628166280,TO_MIN,102
1779338629166969,TO_MAX,511
1779338630167658,TO_MIN,102
1779338631168352,TO_MAX,511
1779338632169048,TO_MIN,102
1779338633169741,TO_MAX,511
1779338634170457,TO_MIN,102
1779338635171151,TO_MAX,511
1779338636171840,TO_MIN,102
1779338637172532,TO_MAX,511
1779338638173225,TO_MIN,102
1779338639173917,TO_MAX,511
1779338640174610,TO_MIN,102
1779338641175305,TO_MAX,511
1779338642176002,TO_MIN,102
1779338643176696,TO_MAX,511
1779338644177392,TO_MIN,102
1779338645178087,TO_MAX,511
1779338646178779,TO_MIN,102
1779338647179481,TO_MAX,511
1779338648180171,TO_MIN,102
1779338649180859,TO_MAX,511
1779338650181549,TO_MIN,102
1779338651182238,TO_MAX,511
1779338652182937,TO_MIN,102
1779338653183629,TO_MAX,511
1779338654184322,TO_MIN,102
1779338655185009,TO_MAX,511
1779338656185693,TO_MIN,102
1779338657186379,TO_MAX,511
1779338658187066,TO_MIN,102
1779338659187753,TO_MAX,511
1779338660188442,TO_MIN,102
1779338661189131,TO_MAX,511
1779338662189818,TO_MIN,102
1779338663190504,TO_MAX,511
1779338664191192,TO_MIN,102
1779338665191884,TO_MAX,511
1779338666192571,TO_MIN,102
1779338667193262,TO_MAX,511
1779338668193952,TO_MIN,102
1779338669194648,TO_MAX,511
1779338670195342,TO_MIN,102
1779338671196034,TO_MAX,511
1779338672196725,TO_MIN,102
1779338673197415,TO_MAX,511
1779338674198111,TO_MIN,102
1779338675198802,TO_MAX,511
1779338676199504,TO_MIN,102
1779338677200196,TO_MAX,511
1779338678200895,TO_MIN,102
1779338679201584,TO_MAX,511
1779338680202269,TO_MIN,102
1779338681202954,TO_MAX,511
1779338682203643,TO_MIN,102
1779338683204335,TO_MAX,511
1779338684205026,TO_MIN,102
1779338685205717,TO_MAX,511
1779338686206411,TO_MIN,102
1779338687207101,TO_MAX,511
1779338688207795,TO_MIN,102
1779338689208489,TO_MAX,511
1779338690209181,TO_MIN,102
1779338691209869,TO_MAX,511
1779338692210549,TO_MIN,102
1779338693211245,TO_MAX,511
1779338694211938,TO_MIN,102
1779338695212630,TO_MAX,511
1779338696213322,TO_MIN,102
1779338697214014,TO_MAX,511
1779338698214704,TO_MIN,102
1779338699215400,TO_MAX,511
1779338700216091,TO_MIN,102
1779338701216782,TO_MAX,511
1779338702217476,TO_MIN,102
1779338703218177,TO_MAX,511
1779338704218824,TO_MIN,102
1779338705219517,TO_MAX,511
1779338706220202,TO_MIN,102
1779338707220892,TO_MAX,511
1779338708221582,TO_MIN,102
1779338709222279,TO_MAX,511
1779338710222974,TO_MIN,102
1779338711223672,TO_MAX,511
1779338712224373,TO_MIN,102
1779338713225076,TO_MAX,511
1779338714225776,TO_MIN,102
1779338715226474,TO_MAX,511
1779338716227173,TO_MIN,102
1779338717227872,TO_MAX,511
1779338718228569,TO_MIN,102
1779338719229267,TO_MAX,511
1779338720229963,TO_MIN,102
1779338721230666,TO_MAX,511
1779338722231367,TO_MIN,102
1779338723232077,TO_MAX,511
1779338724232780,TO_MIN,102
1779338725233477,TO_MAX,511
1779338726234175,TO_MIN,102
1779338727234823,TO_MAX,511
1779338728235518,TO_MIN,102
1779338729236211,TO_MAX,511
1779338730236908,TO_MIN,102
1779338731237604,TO_MAX,511
1779338732238302,TO_MIN,102
1779338733239003,TO_MAX,511
1779338734239697,TO_MIN,102
1779338735240396,TO_MAX,511
1779338736241095,TO_MIN,102
1779338737241790,TO_MAX,511
1779338738242483,TO_MIN,102
1779338739243176,TO_MAX,511
1779338740243875,TO_MIN,102
1779338741244571,TO_MAX,511
1779338742245266,TO_MIN,102
1779338743245958,TO_MAX,511
1779338744246653,TO_MIN,102
1779338745247344,TO_MAX,511
1779338746248039,TO_MIN,102
1779338747248732,TO_MAX,511
1779338748249427,TO_MIN,102
1779338749250121,TO_MAX,511
1779338750250829,TO_MIN,102
1779338751251518,TO_MAX,511
1779338752252205,TO_MIN,102
1779338753252896,TO_MAX,511
1779338754253587,TO_MIN,102
1779338755254279,TO_MAX,511
1779338756254967,TO_MIN,102
1779338757255657,TO_MAX,511
1779338758256347,TO_MIN,102
1779338759257038,TO_MAX,511
1779338760257728,TO_MIN,102
1779338761258420,TO_MAX,511
1779338762259108,TO_MIN,102
1779338763259810,TO_MAX,511
1779338764260504,TO_MIN,102
1779338765261193,TO_MAX,511
1779338766261890,TO_MIN,102
1779338767262589,TO_MAX,511
1779338768263281,TO_MIN,102
1779338769263977,TO_MAX,511
1779338770264681,TO_MIN,102
1779338771265386,TO_MAX,511
1779338772266093,TO_MIN,102
1779338773266793,TO_MAX,511
1779338774267502,TO_MIN,102
1779338775268202,TO_MAX,511
1779338776268911,TO_MIN,102
1779338777269611,TO_MAX,511
1779338778270313,TO_MIN,102
1779338779271008,TO_MAX,511
1779338780271724,TO_MIN,102
1779338781272421,TO_MAX,511
1779338782273118,TO_MIN,102
1779338783273813,TO_MAX,511
1779338784274512,TO_MIN,102
1779338785275207,TO_MAX,511
1779338786275897,TO_MIN,102
1779338787276593,TO_MAX,511
1779338788277287,TO_MIN,102
1779338789277979,TO_MAX,511
1779338790278669,TO_MIN,102
1779338791279350,TO_MAX,511
1779338792280043,TO_MIN,102
1779338793280734,TO_MAX,511
1779338794281427,TO_MIN,102
1779338795282123,TO_MAX,511
1779338796282825,TO_MIN,102
1779338797283517,TO_MAX,511
1779338798284209,TO_MIN,102
1779338799284902,TO_MAX,511
1779338800285594,TO_MIN,102
1779338801286279,TO_MAX,511
1779338802286977,TO_MIN,102
1779338803287668,TO_MAX,511
1779338804288361,TO_MIN,102
1779338805289056,TO_MAX,511
1779338806289748,TO_MIN,102
1779338807290440,TO_MAX,511
1779338808291131,TO_MIN,102
1779338809291819,TO_MAX,511
1779338810292511,TO_MIN,102
1779338811293205,TO_MAX,511
1779338812293899,TO_MIN,102
1779338813294589,TO_MAX,511
1779338814295284,TO_MIN,102
1779338815295978,TO_MAX,511
1779338816296670,TO_MIN,102
1779338817297361,TO_MAX,511
1779338818298053,TO_MIN,102
1779338819298745,TO_MAX,511
1779338820299442,TO_MIN,102
1779338821300148,TO_MAX,511
1779338822300851,TO_MIN,102
1779338823301549,TO_MAX,511
1779338824302248,TO_MIN,102
1779338825302945,TO_MAX,511
1779338826303646,TO_MIN,102
1779338827304342,TO_MAX,511
1779338828305042,TO_MIN,102
1779338829305742,TO_MAX,511
1779338830306434,TO_MIN,102
1779338831307128,TO_MAX,511
1779338832307827,TO_MIN,102
1779338833308525,TO_MAX,511
1779338834309218,TO_MIN,102
1779338835309915,TO_MAX,511
1779338836310616,TO_MIN,102
1779338837311316,TO_MAX,511
1779338838312017,TO_MIN,102
1779338839312717,TO_MAX,511
1779338840313412,TO_MIN,102
1779338841314111,TO_MAX,511
1779338842314812,TO_MIN,102
1779338843315529,TO_MAX,511
1779338844316229,TO_MIN,102
1779338845316920,TO_MAX,511
1779338846317611,TO_MIN,102
1779338847318301,TO_MAX,511
1779338848318992,TO_MIN,102
1779338849319682,TO_MAX,511
1779338850320378,TO_MIN,102
1779338851321072,TO_MAX,511
1779338852321764,TO_MIN,102
1779338853322454,TO_MAX,511
1779338854323144,TO_MIN,102
1779338855323836,TO_MAX,511
1779338856324530,TO_MIN,102
1779338857325226,TO_MAX,511
1779338858325921,TO_MIN,102
1779338859326613,TO_MAX,511
1779338860327301,TO_MIN,102
1779338861327992,TO_MAX,511
1779338862328685,TO_MIN,102
1779338863329380,TO_MAX,511
1779338864330075,TO_MIN,102
1779338865330769,TO_MAX,511
1779338866331461,TO_MIN,102
1779338867332144,TO_MAX,511
1779338868332831,TO_MIN,102
1779338869333509,TO_MAX,511
1779338870334203,TO_MIN,102
1779338871334896,TO_MAX,511
1779338872335588,TO_MIN,102
1779338873336276,TO_MAX,511
1779338874336968,TO_MIN,102
1779338875337661,TO_MAX,511
1779338876338350,TO_MIN,102
1779338877339045,TO_MAX,511
1779338878339739,TO_MIN,102
1779338879340429,TO_MAX,511
1779338880341122,TO_MIN,102
1779338881341829,TO_MAX,511
1779338882342533,TO_MIN,102
1779338883343225,TO_MAX,511
1779338884343914,TO_MIN,102
1779338885344602,TO_MAX,511
1779338886345298,TO_MIN,102
1779338887345997,TO_MAX,511
1779338888346690,TO_MIN,102
1779338889347382,TO_MAX,511
1779338890348076,TO_MIN,102
1779338891348769,TO_MAX,511
1779338892349467,TO_MIN,102
1779338893350159,TO_MAX,511
1779338894350823,TO_MIN,102
1779338895351517,TO_MAX,511
1779338896352215,TO_MIN,102
1779338897352924,TO_MAX,511
1779338898353628,TO_MIN,102
1779338899354322,TO_MAX,511
1779338900355013,TO_MIN,102
1779338901355701,TO_MAX,511
1779338902356394,TO_MIN,102
1779338903357080,TO_MAX,511
1779338904357777,TO_MIN,102
1779338905358465,TO_MAX,511
1779338906359153,TO_MIN,102
1779338907359844,TO_MAX,511
1779338908360535,TO_MIN,102
1779338909361229,TO_MAX,511
1779338910361920,TO_MIN,102
1779338911362608,TO_MAX,511
1779338912363297,TO_MIN,102
1779338913363990,TO_MAX,511
1779338914364689,TO_MIN,102
1779338915365382,TO_MAX,511
1779338916366077,TO_MIN,102
1779338917366765,TO_MAX,511
1779338918367457,TO_MIN,102
1779338919368149,TO_MAX,511
1779338920368843,TO_MIN,102
1779338921369540,TO_MAX,511
1779338922370230,TO_MIN,102
1779338923370922,TO_MAX,511
1779338924371612,TO_MIN,102
1779338925372307,TO_MAX,511
1779338926372997,TO_MIN,102
1779338927373710,TO_MAX,511
1779338928374405,TO_MIN,102
1779338929375093,TO_MAX,511
1779338930375782,TO_MIN,102
1779338931376476,TO_MAX,511
1779338932377164,TO_MIN,102
1779338933377856,TO_MAX,511
1779338934378566,TO_MIN,102
1779338935379264,TO_MAX,511
1779338936379960,TO_MIN,102
1779338937380653,TO_MAX,511
1779338938381355,TO_MIN,102
1779338939382054,TO_MAX,511
1779338940382756,TO_MIN,102
1779338941383473,TO_MAX,511
1779338942384181,TO_MIN,102
1779338943384891,TO_MAX,511
1779338944385597,TO_MIN,102
1779338945386292,TO_MAX,511
1779338946387003,TO_MIN,102
1779338947387701,TO_MAX,511
1779338948388406,TO_MIN,102
1779338949389108,TO_MAX,511
1779338950389811,TO_MIN,102
1779338951390520,TO_MAX,511
1779338952391230,TO_MIN,102
1779338953391940,TO_MAX,511
1779338954392648,TO_MIN,102
1779338955393353,TO_MAX,511
1779338956394058,TO_MIN,102
1779338957394773,TO_MAX,511
1779338958395494,TO_MIN,102
1779338959396209,TO_MAX,511
1779338960396913,TO_MIN,102
1779338961397617,TO_MAX,511
1779338962398329,TO_MIN,102
1779338963399036,TO_MAX,511
1779338964399735,TO_MIN,102
1779338965400437,TO_MAX,511
1779338966401133,TO_MIN,102
1779338967401835,TO_MAX,511
1779338968402533,TO_MIN,102
1779338969403227,TO_MAX,511
1779338970403930,TO_MIN,102
1779338971404624,TO_MAX,511
1779338972405331,TO_MIN,102
1779338973406024,TO_MAX,511
1779338974406718,TO_MIN,102
1779338975407412,TO_MAX,511
1779338976408100,TO_MIN,102
1779338977408790,TO_MAX,511
1779338978409485,TO_MIN,102
1779338979410179,TO_MAX,511
1779338980410824,TO_MIN,102
1779338981411517,TO_MAX,511
1779338982412205,TO_MIN,102
1779338983412893,TO_MAX,511
1779338984413584,TO_MIN,102
1779338985414276,TO_MAX,511
1779338986414969,TO_MIN,102
1779338987415658,TO_MAX,511
1779338988416356,TO_MIN,102
1779338989417046,TO_MAX,511
1779338990417737,TO_MIN,102
1779338991418428,TO_MAX,511
1779338992419120,TO_MIN,102
1779338993419807,TO_MAX,511
1779338994420499,TO_MIN,102
1779338995421191,TO_MAX,511
1779338996421884,TO_MIN,102
1779338997422574,TO_MAX,511
1779338998423269,TO_MIN,102
1779338999423962,TO_MAX,511
1779339000424656,TO_MIN,102
1779339001425349,TO_MAX,511
1779339002426044,TO_MIN,102
1779339003426734,TO_MAX,511
1779339004427429,TO_MIN,102
1779339005428121,TO_MAX,511
1779339006428814,TO_MIN,102
1779339007429507,TO_MAX,511
1779339008430197,TO_MIN,102
1779339009430887,TO_MAX,511
1779339010431577,TO_MIN,102
1779339011432274,TO_MAX,511
1779339012432974,TO_MIN,102
1779339013433667,TO_MAX,511
1779339014434356,TO_MIN,102
1779339015435049,TO_MAX,511
1779339016435745,TO_MIN,102
1779339017436441,TO_MAX,511
1779339018437137,TO_MIN,102
1779339019437835,TO_MAX,511
1779339020438529,TO_MIN,102
1779339021439221,TO_MAX,511
1779339022439916,TO_MIN,102
1779339023440607,TO_MAX,511
1779339024441299,TO_MIN,102
1779339025441993,TO_MAX,511
1779339026442679,TO_MIN,102
1779339027443370,TO_MAX,511
1779339028444061,TO_MIN,102
1779339029444753,TO_MAX,511
1779339030445445,TO_MIN,102
1779339031446130,TO_MAX,511
1779339032446826,TO_MIN,102
1779339033447518,TO_MAX,511
1779339034448207,TO_MIN,102
1779339035448899,TO_MAX,511
1779339036449590,TO_MIN,102
1779339037450272,TO_MAX,511
1779339038450967,TO_MIN,102
1779339039451661,TO_MAX,511
1779339040452361,TO_MIN,102
1779339041453057,TO_MAX,511
1779339042453747,TO_MIN,102
1779339043454434,TO_MAX,511
1779339044455124,TO_MIN,102
1779339045455810,TO_MAX,511
1779339046456495,TO_MIN,102
1779339047457184,TO_MAX,511
1779339048457878,TO_MIN,102
1779339049458568,TO_MAX,511
1779339050459264,TO_MIN,102
1779339051459952,TO_MAX,511
1779339052460643,TO_MIN,102
1779339053461333,TO_MAX,511
1779339054462027,TO_MIN,102
1779339055462719,TO_MAX,511
1779339056463411,TO_MIN,102
1779339057464106,TO_MAX,511
1779339058464798,TO_MIN,102
1779339059465487,TO_MAX,511
1779339060466177,TO_MIN,102
1779339061466883,TO_MAX,511
1779339062467577,TO_MIN,102
1779339063468275,TO_MAX,511
1779339064468964,TO_MIN,102
1779339065469656,TO_MAX,511
1779339066470349,TO_MIN,102
1779339067471040,TO_MAX,511
1779339068471732,TO_MIN,102
1779339069472422,TO_MAX,511
1779339070473110,TO_MIN,102
1779339071473800,TO_MAX,511
1779339072474491,TO_MIN,102
1779339073475204,TO_MAX,511
1779339074475899,TO_MIN,102
1779339075476587,TO_MAX,511
1779339076477275,TO_MIN,102
1779339077477961,TO_MAX,511
1779339078478652,TO_MIN,102
1779339079479333,TO_MAX,511
1779339080480024,TO_MIN,102
1779339081480719,TO_MAX,511
1779339082481415,TO_MIN,102
1779339083482120,TO_MAX,511
1779339084482812,TO_MIN,102
1779339085483506,TO_MAX,511
1779339086484197,TO_MIN,102
1779339087484884,TO_MAX,511
1779339088485572,TO_MIN,102
1779339089486262,TO_MAX,511
1779339090486951,TO_MIN,102
1779339091487642,TO_MAX,511
1779339092488337,TO_MIN,102
1779339093489037,TO_MAX,511
1779339094489728,TO_MIN,102
1779339095490417,TO_MAX,511
1779339096491107,TO_MIN,102
1779339097491794,TO_MAX,511
1779339098492490,TO_MIN,102
1779339099493185,TO_MAX,511
1779339100493878,TO_MIN,102
1779339101494573,TO_MAX,511
1779339102495269,TO_MIN,102
1779339103495959,TO_MAX,511
1779339104496648,TO_MIN,102
1779339105497338,TO_MAX,511
1779339106498025,TO_MIN,102
1779339107498712,TO_MAX,511
1779339108499402,TO_MIN,102
1779339109500087,TO_MAX,511
1779339110500777,TO_MIN,102
1779339111501465,TO_MAX,511
1779339112502157,TO_MIN,102
1779339113502823,TO_MAX,511
1779339114503510,TO_MIN,102
1779339115504194,TO_MAX,511
1779339116504882,TO_MIN,102
1779339117505569,TO_MAX,511
1779339118506258,TO_MIN,102
1779339119506947,TO_MAX,511
1779339120507637,TO_MIN,102
1779339121508325,TO_MAX,511
1779339122509013,TO_MIN,102
1779339123509700,TO_MAX,511
1779339124510397,TO_MIN,102
1779339125511091,TO_MAX,511
1779339126511782,TO_MIN,102
1779339127512468,TO_MAX,511
1779339128513159,TO_MIN,102
1779339129513846,TO_MAX,511
1779339130514538,TO_MIN,102
1779339131515228,TO_MAX,511
1779339132515928,TO_MIN,102
1779339133516622,TO_MAX,511
1779339134517316,TO_MIN,102
1779339135518001,TO_MAX,511
1779339136518688,TO_MIN,102
1779339137519372,TO_MAX,511
1779339138520062,TO_MIN,102
1779339139520752,TO_MAX,511
1779339140521441,TO_MIN,102
1779339141522134,TO_MAX,511
1779339142522821,TO_MIN,102
1779339143523514,TO_MAX,511
1779339144524203,TO_MIN,102
1779339145524889,TO_MAX,511
1779339146525579,TO_MIN,102
1779339147526266,TO_MAX,511
1779339148526958,TO_MIN,102
1779339149527648,TO_MAX,511
1779339150528355,TO_MIN,102
1779339151529042,TO_MAX,511
1779339152529731,TO_MIN,102
1779339153530420,TO_MAX,511
1779339154531114,TO_MIN,102
1779339155531807,TO_MAX,511
1779339156532504,TO_MIN,102
1779339157533195,TO_MAX,511
1779339158533884,TO_MIN,102
1779339159534574,TO_MAX,511
1779339160535264,TO_MIN,102
1779339161535952,TO_MAX,511
1779339162536647,TO_MIN,102
1779339163537343,TO_MAX,511
1779339164538038,TO_MIN,102
1779339165538725,TO_MAX,511
1779339166539417,TO_MIN,102
1779339167540105,TO_MAX,511
1779339168540793,TO_MIN,102
1779339169541478,TO_MAX,511
1779339170542171,TO_MIN,102
1779339171542822,TO_MAX,511
1779339172543508,TO_MIN,102
1779339173544198,TO_MAX,511
1779339174544900,TO_MIN,102
1779339175545600,TO_MAX,511
1779339176546289,TO_MIN,102
1779339177546983,TO_MAX,511
1779339178547672,TO_MIN,102
1779339179548361,TO_MAX,511
1779339180549054,TO_MIN,102
1779339181549751,TO_MAX,511
1779339182550451,TO_MIN,102
1779339183551147,TO_MAX,511
1779339184551840,TO_MIN,102
1779339185552537,TO_MAX,511
1779339186553241,TO_MIN,102
1779339187553931,TO_MAX,511
1779339188554627,TO_MIN,102
1779339189555320,TO_MAX,511
1779339190556013,TO_MIN,102
1779339191556708,TO_MAX,511
1779339192557412,TO_MIN,102
1779339193558104,TO_MAX,511
1779339194558795,TO_MIN,102
1779339195559484,TO_MAX,511
1779339196560181,TO_MIN,102
1779339197560875,TO_MAX,511
1779339198561572,TO_MIN,102
1779339199562265,TO_MAX,511
1779339200562961,TO_MIN,102
1779339201563652,TO_MAX,511
1779339202564350,TO_MIN,102
1779339203565045,TO_MAX,511
1779339204565735,TO_MIN,102
1779339205566425,TO_MAX,511
1779339206567116,TO_MIN,102
1779339207567802,TO_MAX,511
1779339208568490,TO_MIN,102
1779339209569175,TO_MAX,511
1779339210569865,TO_MIN,102
1779339211570548,TO_MAX,511
1779339212571238,TO_MIN,102
1779339213571921,TO_MAX,511
1779339214572615,TO_MIN,102
1779339215573308,TO_MAX,511
1779339216574000,TO_MIN,102
1779339217574683,TO_MAX,511
1779339218575340,TO_MIN,102
1779339219576053,TO_MAX,511
1779339220576741,TO_MIN,102
1779339221577428,TO_MAX,511
1779339222578122,TO_MIN,102
1779339223578811,TO_MAX,511
1779339224579520,TO_MIN,102
1779339225580216,TO_MAX,511
1779339226580899,TO_MIN,102
1779339227581593,TO_MAX,511
1779339228582277,TO_MIN,102
1779339229582969,TO_MAX,511
1779339230583657,TO_MIN,102
1779339231584342,TO_MAX,511
1779339232585031,TO_MIN,102
1779339233585720,TO_MAX,511
1779339234586412,TO_MIN,102
1779339235587105,TO_MAX,511
1779339236587801,TO_MIN,102
1779339237588491,TO_MAX,511
1779339238589183,TO_MIN,102
1779339239589877,TO_MAX,511
1779339240590571,TO_MIN,102
1779339241591267,TO_MAX,511
1779339242591970,TO_MIN,102
1779339243592671,TO_MAX,511
1779339244593368,TO_MIN,102
1779339245594061,TO_MAX,511
1779339246594760,TO_MIN,102
1779339247595454,TO_MAX,511
1779339248596152,TO_MIN,102
1779339249596842,TO_MAX,511
1779339250597533,TO_MIN,102
1779339251598225,TO_MAX,511
1779339252598935,TO_MIN,102
1779339253599628,TO_MAX,511
1779339254600327,TO_MIN,102
1779339255601023,TO_MAX,511
1779339256601721,TO_MIN,102
1779339257602412,TO_MAX,511
1779339258603108,TO_MIN,102
1779339259603818,END,307
