# servo_sweep log
# mode=burst duration=1800 min_ticks=102 max_ticks=511 center_ticks=307
# motion_ms=5000 still_ms=5000 burst_period_ms=1000
# timestamp = CLOCK_REALTIME microseconds at host i2c_write call
# actual PWM wire edge appears ~100us after timestamp
# columns: timestamp_us,event,ticks
1779775905588229,START,307
1779775905789022,MOTION_PHASE_START,0
1779775905789066,TO_MAX,511
1779775906790037,TO_MIN,102
1779775907790825,TO_MAX,511
1779775908791597,TO_MIN,102
1779775909792443,TO_MAX,511
1779775910793214,STILL_PHASE_START,307
1779775915794244,MOTION_PHASE_START,0
1779775915794315,TO_MAX,511
1779775916795054,TO_MIN,102
1779775917796054,TO_MAX,511
1779775918797242,TO_MIN,102
1779775919798206,TO_MAX,511
1779775920799008,STILL_PHASE_START,307
1779775925799995,MOTION_PHASE_START,0
1779775925800069,TO_MAX,511
1779775926800843,TO_MIN,102
1779775927801798,TO_MAX,511
1779775928802813,TO_MIN,102
1779775929803960,TO_MAX,511
1779775930805138,STILL_PHASE_START,307
1779775935806121,MOTION_PHASE_START,0
1779775935806190,TO_MAX,511
1779775936807118,TO_MIN,102
1779775937807888,TO_MAX,511
1779775938808877,TO_MIN,102
1779775939809644,TO_MAX,511
1779775940810405,STILL_PHASE_START,307
1779775945811183,MOTION_PHASE_START,0
1779775945811246,TO_MAX,511
1779775946812248,TO_MIN,102
1779775947814132,TO_MAX,511
1779775948816119,TO_MIN,102
1779775949816962,TO_MAX,511
1779775950818253,STILL_PHASE_START,307
1779775955819821,MOTION_PHASE_START,0
1779775955819889,TO_MAX,511
1779775956821367,TO_MIN,102
1779775957822838,TO_MAX,511
1779775958823846,TO_MIN,102
1779775959824654,TO_MAX,511
1779775960825751,STILL_PHASE_START,307
1779775965827544,MOTION_PHASE_START,0
1779775965827613,TO_MAX,511
1779775966829079,TO_MIN,102
1779775967830752,TO_MAX,511
1779775968832377,TO_MIN,102
1779775969833976,TO_MAX,511
1779775970835484,STILL_PHASE_START,307
1779775975836851,MOTION_PHASE_START,0
1779775975836921,TO_MAX,511
1779775976838252,TO_MIN,102
1779775977839644,TO_MAX,511
1779775978841003,TO_MIN,102
1779775979842059,TO_MAX,511
1779775980843371,STILL_PHASE_START,307
1779775985844160,MOTION_PHASE_START,0
1779775985844242,TO_MAX,511
1779775986844987,TO_MIN,102
1779775987845751,TO_MAX,511
1779775988846543,TO_MIN,102
1779775989847321,TO_MAX,511
1779775990848080,STILL_PHASE_START,307
1779775995849159,MOTION_PHASE_START,0
1779775995849229,TO_MAX,511
1779775996850195,TO_MIN,102
1779775997850961,TO_MAX,511
1779775998851737,TO_MIN,102
1779775999852496,TO_MAX,511
1779776000853266,STILL_PHASE_START,307
1779776005854072,MOTION_PHASE_START,0
1779776005854141,TO_MAX,511
1779776006855032,TO_MIN,102
1779776007855828,TO_MAX,511
1779776008856609,TO_MIN,102
1779776009857389,TO_MAX,511
1779776010858161,STILL_PHASE_START,307
1779776015858917,MOTION_PHASE_START,0
1779776015858983,TO_MAX,511
1779776016859721,TO_MIN,102
1779776017860489,TO_MAX,511
1779776018861246,TO_MIN,102
1779776019862268,TO_MAX,511
1779776020863048,STILL_PHASE_START,307
1779776025863838,MOTION_PHASE_START,0
1779776025863910,TO_MAX,511
1779776026864669,TO_MIN,102
1779776027865452,TO_MAX,511
1779776028866230,TO_MIN,102
1779776029866990,TO_MAX,511
1779776030889726,STILL_PHASE_START,307
1779776035890523,MOTION_PHASE_START,0
1779776035890580,TO_MAX,511
1779776036891349,TO_MIN,102
1779776037892142,TO_MAX,511
1779776038892915,TO_MIN,102
1779776039893683,TO_MAX,511
1779776040894436,STILL_PHASE_START,307
1779776045895198,MOTION_PHASE_START,0
1779776045895255,TO_MAX,511
1779776046895991,TO_MIN,102
1779776047896767,TO_MAX,511
1779776048897763,TO_MIN,102
1779776049898534,TO_MAX,511
1779776050899282,STILL_PHASE_START,307
1779776055900037,MOTION_PHASE_START,0
1779776055900094,TO_MAX,511
1779776056900839,TO_MIN,102
1779776057901609,TO_MAX,511
1779776058902359,TO_MIN,102
1779776059903115,TO_MAX,511
1779776060903879,STILL_PHASE_START,307
1779776065904664,MOTION_PHASE_START,0
1779776065904715,TO_MAX,511
1779776066905454,TO_MIN,102
1779776067906256,TO_MAX,511
1779776068907021,TO_MIN,102
1779776069907770,TO_MAX,511
1779776070908555,STILL_PHASE_START,307
1779776075909322,MOTION_PHASE_START,0
1779776075909378,TO_MAX,511
1779776076910134,TO_MIN,102
1779776077910945,TO_MAX,511
1779776078911704,TO_MIN,102
1779776079912455,TO_MAX,511
1779776080913202,STILL_PHASE_START,307
1779776085913962,MOTION_PHASE_START,0
1779776085914018,TO_MAX,511
1779776086914771,TO_MIN,102
1779776087915528,TO_MAX,511
1779776088916293,TO_MIN,102
1779776089917043,TO_MAX,511
1779776090917812,STILL_PHASE_START,307
1779776095918632,MOTION_PHASE_START,0
1779776095918686,TO_MAX,511
1779776096919423,TO_MIN,102
1779776097920159,TO_MAX,511
1779776098920949,TO_MIN,102
1779776099921697,TO_MAX,511
1779776100922441,STILL_PHASE_START,307
1779776105923206,MOTION_PHASE_START,0
1779776105923255,TO_MAX,511
1779776106923998,TO_MIN,102
1779776107925004,TO_MAX,511
1779776108925845,TO_MIN,102
1779776109926623,TO_MAX,511
1779776110927588,STILL_PHASE_START,307
1779776115928357,MOTION_PHASE_START,0
1779776115928412,TO_MAX,511
1779776116929153,TO_MIN,102
1779776117929958,TO_MAX,511
1779776118930777,TO_MIN,102
1779776119931542,TO_MAX,511
1779776120932492,STILL_PHASE_START,307
1779776125933247,MOTION_PHASE_START,0
1779776125933303,TO_MAX,511
1779776126934047,TO_MIN,102
1779776127934814,TO_MAX,511
1779776128935827,TO_MIN,102
1779776129936611,TO_MAX,511
1779776130937607,STILL_PHASE_START,307
1779776135938398,MOTION_PHASE_START,0
1779776135938451,TO_MAX,511
1779776136939596,TO_MIN,102
1779776137940359,TO_MAX,511
1779776138941374,TO_MIN,102
1779776139942359,TO_MAX,511
1779776140943334,STILL_PHASE_START,307
1779776145944109,MOTION_PHASE_START,0
1779776145944170,TO_MAX,511
1779776146945331,TO_MIN,102
1779776147946310,TO_MAX,511
1779776148947304,TO_MIN,102
1779776149948369,TO_MAX,511
1779776150949630,STILL_PHASE_START,307
1779776155950651,MOTION_PHASE_START,0
1779776155950718,TO_MAX,511
1779776156951882,TO_MIN,102
1779776157952875,TO_MAX,511
1779776158953656,TO_MIN,102
1779776159954503,TO_MAX,511
1779776160955288,STILL_PHASE_START,307
1779776165956054,MOTION_PHASE_START,0
1779776165956111,TO_MAX,511
1779776166956863,TO_MIN,102
1779776167957634,TO_MAX,511
1779776168958620,TO_MIN,102
1779776169959608,TO_MAX,511
1779776170960398,STILL_PHASE_START,307
1779776175961175,MOTION_PHASE_START,0
1779776175961235,TO_MAX,511
1779776176962186,TO_MIN,102
1779776177963397,TO_MAX,511
1779776178964188,TO_MIN,102
1779776179964957,TO_MAX,511
1779776180965722,STILL_PHASE_START,307
1779776185966507,MOTION_PHASE_START,0
1779776185966757,TO_MAX,511
1779776186967713,TO_MIN,102
1779776187968910,TO_MAX,511
1779776188970101,TO_MIN,102
1779776189971099,TO_MAX,511
1779776190972420,STILL_PHASE_START,307
1779776195976642,MOTION_PHASE_START,0
1779776195980070,TO_MAX,511
1779776196980826,TO_MIN,102
1779776197981603,TO_MAX,511
1779776198982396,TO_MIN,102
1779776199983416,TO_MAX,511
1779776200984243,STILL_PHASE_START,307
1779776205985301,MOTION_PHASE_START,0
1779776205985372,TO_MAX,511
1779776206986147,TO_MIN,102
1779776207986932,TO_MAX,511
1779776208987694,TO_MIN,102
1779776209988449,TO_MAX,511
1779776210989220,STILL_PHASE_START,307
1779776215990468,MOTION_PHASE_START,0
1779776215990543,TO_MAX,511
1779776216991504,TO_MIN,102
1779776217992286,TO_MAX,511
1779776218993072,TO_MIN,102
1779776219994053,TO_MAX,511
1779776220995035,STILL_PHASE_START,307
1779776225995803,MOTION_PHASE_START,0
1779776225995875,TO_MAX,511
1779776226996617,TO_MIN,102
1779776227997386,TO_MAX,511
1779776228998575,TO_MIN,102
1779776229999329,TO_MAX,511
1779776231000073,STILL_PHASE_START,307
1779776236000835,MOTION_PHASE_START,0
1779776236000892,TO_MAX,511
1779776237001621,TO_MIN,102
1779776238002357,TO_MAX,511
1779776239003093,TO_MIN,102
1779776240003836,TO_MAX,511
1779776241004590,STILL_PHASE_START,307
1779776246005358,MOTION_PHASE_START,0
1779776246005411,TO_MAX,511
1779776247006132,TO_MIN,102
1779776248006885,TO_MAX,511
1779776249007626,TO_MIN,102
1779776250008367,TO_MAX,511
1779776251009132,STILL_PHASE_START,307
1779776256009848,MOTION_PHASE_START,0
1779776256009916,TO_MAX,511
1779776257010646,TO_MIN,102
1779776258011386,TO_MAX,511
1779776259012145,TO_MIN,102
1779776260012915,TO_MAX,511
1779776261013676,STILL_PHASE_START,307
1779776266014449,MOTION_PHASE_START,0
1779776266014519,TO_MAX,511
1779776267015320,TO_MIN,102
1779776268016070,TO_MAX,511
1779776269016822,TO_MIN,102
1779776270018146,TO_MAX,511
1779776271018902,STILL_PHASE_START,307
1779776276019658,MOTION_PHASE_START,0
1779776276019726,TO_MAX,511
1779776277020471,TO_MIN,102
1779776278021236,TO_MAX,511
1779776279021990,TO_MIN,102
1779776280022742,TO_MAX,511
1779776281023493,STILL_PHASE_START,307
1779776286024247,MOTION_PHASE_START,0
1779776286024333,TO_MAX,511
1779776287025071,TO_MIN,102
1779776288025839,TO_MAX,511
1779776289026600,TO_MIN,102
1779776290027354,TO_MAX,511
1779776291028127,STILL_PHASE_START,307
1779776296028914,MOTION_PHASE_START,0
1779776296028977,TO_MAX,511
1779776297029727,TO_MIN,102
1779776298030497,TO_MAX,511
1779776299031266,TO_MIN,102
1779776300032030,TO_MAX,511
1779776301032788,STILL_PHASE_START,307
1779776306033561,MOTION_PHASE_START,0
1779776306033620,TO_MAX,511
1779776307034353,TO_MIN,102
1779776308035123,TO_MAX,511
1779776309035901,TO_MIN,102
1779776310036655,TO_MAX,511
1779776311037440,STILL_PHASE_START,307
1779776316038204,MOTION_PHASE_START,0
1779776316038261,TO_MAX,511
1779776317038985,TO_MIN,102
1779776318039743,TO_MAX,511
1779776319040486,TO_MIN,102
1779776320041228,TO_MAX,511
1779776321041990,STILL_PHASE_START,307
1779776326042739,MOTION_PHASE_START,0
1779776326042800,TO_MAX,511
1779776327043536,TO_MIN,102
1779776328044297,TO_MAX,511
1779776329045074,TO_MIN,102
1779776330045843,TO_MAX,511
1779776331046608,STILL_PHASE_START,307
1779776336047397,MOTION_PHASE_START,0
1779776336047461,TO_MAX,511
1779776337048211,TO_MIN,102
1779776338048975,TO_MAX,511
1779776339049734,TO_MIN,102
1779776340050503,TO_MAX,511
1779776341051285,STILL_PHASE_START,307
1779776346052046,MOTION_PHASE_START,0
1779776346052111,TO_MAX,511
1779776347052849,TO_MIN,102
1779776348053599,TO_MAX,511
1779776349054330,TO_MIN,102
1779776350055064,TO_MAX,511
1779776351055811,STILL_PHASE_START,307
1779776356056554,MOTION_PHASE_START,0
1779776356056603,TO_MAX,511
1779776357057339,TO_MIN,102
1779776358058095,TO_MAX,511
1779776359058844,TO_MIN,102
1779776360059608,TO_MAX,511
1779776361060352,STILL_PHASE_START,307
1779776366061104,MOTION_PHASE_START,0
1779776366061154,TO_MAX,511
1779776367061968,TO_MIN,102
1779776368062730,TO_MAX,511
1779776369063467,TO_MIN,102
1779776370064229,TO_MAX,511
1779776371064998,STILL_PHASE_START,307
1779776376065766,MOTION_PHASE_START,0
1779776376065859,TO_MAX,511
1779776377066612,TO_MIN,102
1779776378067383,TO_MAX,511
1779776379068128,TO_MIN,102
1779776380068883,TO_MAX,511
1779776381069656,STILL_PHASE_START,307
1779776386070405,MOTION_PHASE_START,0
1779776386070466,TO_MAX,511
1779776387071224,TO_MIN,102
1779776388072058,TO_MAX,511
1779776389072808,TO_MIN,102
1779776390073560,TO_MAX,511
1779776391074312,STILL_PHASE_START,307
1779776396075067,MOTION_PHASE_START,0
1779776396075124,TO_MAX,511
1779776397075866,TO_MIN,102
1779776398076621,TO_MAX,511
1779776399077368,TO_MIN,102
1779776400078104,TO_MAX,511
1779776401078869,STILL_PHASE_START,307
1779776406079614,MOTION_PHASE_START,0
1779776406079663,TO_MAX,511
1779776407080393,TO_MIN,102
1779776408081131,TO_MAX,511
1779776409081842,TO_MIN,102
1779776410082594,TO_MAX,511
1779776411083361,STILL_PHASE_START,307
1779776416084161,MOTION_PHASE_START,0
1779776416084233,TO_MAX,511
1779776417084976,TO_MIN,102
1779776418085774,TO_MAX,511
1779776419086590,TO_MIN,102
1779776420087326,TO_MAX,511
1779776421088084,STILL_PHASE_START,307
1779776426088833,MOTION_PHASE_START,0
1779776426088904,TO_MAX,511
1779776427089637,TO_MIN,102
1779776428090396,TO_MAX,511
1779776429091162,TO_MIN,102
1779776430091933,TO_MAX,511
1779776431092689,STILL_PHASE_START,307
1779776436093427,MOTION_PHASE_START,0
1779776436093486,TO_MAX,511
1779776437094220,TO_MIN,102
1779776438094985,TO_MAX,511
1779776439095758,TO_MIN,102
1779776440096487,TO_MAX,511
1779776441097244,STILL_PHASE_START,307
1779776446098017,MOTION_PHASE_START,0
1779776446098071,TO_MAX,511
1779776447098810,TO_MIN,102
1779776448099566,TO_MAX,511
1779776449100319,TO_MIN,102
1779776450101049,TO_MAX,511
1779776451101858,STILL_PHASE_START,307
1779776456102646,MOTION_PHASE_START,0
1779776456102783,TO_MAX,511
1779776457103527,TO_MIN,102
1779776458104265,TO_MAX,511
1779776459105024,TO_MIN,102
1779776460105774,TO_MAX,511
1779776461106557,STILL_PHASE_START,307
1779776466107327,MOTION_PHASE_START,0
1779776466107381,TO_MAX,511
1779776467108108,TO_MIN,102
1779776468108859,TO_MAX,511
1779776469109627,TO_MIN,102
1779776470110374,TO_MAX,511
1779776471111141,STILL_PHASE_START,307
1779776476111895,MOTION_PHASE_START,0
1779776476111948,TO_MAX,511
1779776477112685,TO_MIN,102
1779776478113431,TO_MAX,511
1779776479114182,TO_MIN,102
1779776480114940,TO_MAX,511
1779776481115704,STILL_PHASE_START,307
1779776486116456,MOTION_PHASE_START,0
1779776486116511,TO_MAX,511
1779776487117237,TO_MIN,102
1779776488117989,TO_MAX,511
1779776489118736,TO_MIN,102
1779776490119475,TO_MAX,511
1779776491120232,STILL_PHASE_START,307
1779776496120998,MOTION_PHASE_START,0
1779776496121055,TO_MAX,511
1779776497121805,TO_MIN,102
1779776498122596,TO_MAX,511
1779776499123365,TO_MIN,102
1779776500124121,TO_MAX,511
1779776501124876,STILL_PHASE_START,307
1779776506125641,MOTION_PHASE_START,0
1779776506125694,TO_MAX,511
1779776507126427,TO_MIN,102
1779776508127190,TO_MAX,511
1779776509127986,TO_MIN,102
1779776510128762,TO_MAX,511
1779776511129500,STILL_PHASE_START,307
1779776516130251,MOTION_PHASE_START,0
1779776516130314,TO_MAX,511
1779776517131051,TO_MIN,102
1779776518131831,TO_MAX,511
1779776519132590,TO_MIN,102
1779776520133338,TO_MAX,511
1779776521134125,STILL_PHASE_START,307
1779776526134893,MOTION_PHASE_START,0
1779776526134960,TO_MAX,511
1779776527135701,TO_MIN,102
1779776528136490,TO_MAX,511
1779776529137263,TO_MIN,102
1779776530138010,TO_MAX,511
1779776531138754,STILL_PHASE_START,307
1779776536139535,MOTION_PHASE_START,0
1779776536139594,TO_MAX,511
1779776537140330,TO_MIN,102
1779776538141080,TO_MAX,511
1779776539141848,TO_MIN,102
1779776540142613,TO_MAX,511
1779776541143384,STILL_PHASE_START,307
1779776546144153,MOTION_PHASE_START,0
1779776546144200,TO_MAX,511
1779776547144948,TO_MIN,102
1779776548145715,TO_MAX,511
1779776549146574,TO_MIN,102
1779776550147336,TO_MAX,511
1779776551148119,STILL_PHASE_START,307
1779776556148875,MOTION_PHASE_START,0
1779776556148917,TO_MAX,511
1779776557149656,TO_MIN,102
1779776558150429,TO_MAX,511
1779776559151188,TO_MIN,102
1779776560151940,TO_MAX,511
1779776561152700,STILL_PHASE_START,307
1779776566153468,MOTION_PHASE_START,0
1779776566153512,TO_MAX,511
1779776567154247,TO_MIN,102
1779776568155009,TO_MAX,511
1779776569155767,TO_MIN,102
1779776570156527,TO_MAX,511
1779776571157284,STILL_PHASE_START,307
1779776576158056,MOTION_PHASE_START,0
1779776576158098,TO_MAX,511
1779776577158835,TO_MIN,102
1779776578159590,TO_MAX,511
1779776579160352,TO_MIN,102
1779776580161142,TO_MAX,511
1779776581161953,STILL_PHASE_START,307
1779776586162714,MOTION_PHASE_START,0
1779776586162777,TO_MAX,511
1779776587163515,TO_MIN,102
1779776588164287,TO_MAX,511
1779776589165045,TO_MIN,102
1779776590165789,TO_MAX,511
1779776591166571,STILL_PHASE_START,307
1779776596167344,MOTION_PHASE_START,0
1779776596167400,TO_MAX,511
1779776597168174,TO_MIN,102
1779776598168966,TO_MAX,511
1779776599169736,TO_MIN,102
1779776600170513,TO_MAX,511
1779776601171300,STILL_PHASE_START,307
1779776606172073,MOTION_PHASE_START,0
1779776606172133,TO_MAX,511
1779776607172870,TO_MIN,102
1779776608173614,TO_MAX,511
1779776609174369,TO_MIN,102
1779776610175105,TO_MAX,511
1779776611175852,STILL_PHASE_START,307
1779776616176601,MOTION_PHASE_START,0
1779776616176647,TO_MAX,511
1779776617177387,TO_MIN,102
1779776618178179,TO_MAX,511
1779776619178944,TO_MIN,102
1779776620179731,TO_MAX,511
1779776621180711,STILL_PHASE_START,307
1779776626181710,MOTION_PHASE_START,0
1779776626181765,TO_MAX,511
1779776627182933,TO_MIN,102
1779776628183925,TO_MAX,511
1779776629184694,TO_MIN,102
1779776630185895,TO_MAX,511
1779776631186884,STILL_PHASE_START,307
1779776636188092,MOTION_PHASE_START,0
1779776636188142,TO_MAX,511
1779776637189095,TO_MIN,102
1779776638190077,TO_MAX,511
1779776639191076,TO_MIN,102
1779776640192061,TO_MAX,511
1779776641192855,STILL_PHASE_START,307
1779776646193625,MOTION_PHASE_START,0
1779776646193714,TO_MAX,511
1779776647194875,TO_MIN,102
1779776648195862,TO_MAX,511
1779776649196842,TO_MIN,102
1779776650198026,TO_MAX,511
1779776651199012,STILL_PHASE_START,307
1779776656200216,MOTION_PHASE_START,0
1779776656200261,TO_MAX,511
1779776657201226,TO_MIN,102
1779776658202007,TO_MAX,511
1779776659202787,TO_MIN,102
1779776660203980,TO_MAX,511
1779776661204956,STILL_PHASE_START,307
1779776666205955,MOTION_PHASE_START,0
1779776666206001,TO_MAX,511
1779776667206743,TO_MIN,102
1779776668207505,TO_MAX,511
1779776669208268,TO_MIN,102
1779776670209461,TO_MAX,511
1779776671210665,STILL_PHASE_START,307
1779776676211652,MOTION_PHASE_START,0
1779776676211691,TO_MAX,511
1779776677212436,TO_MIN,102
1779776678223366,TO_MAX,511
1779776679224335,TO_MIN,102
1779776680225103,TO_MAX,511
1779776681225883,STILL_PHASE_START,307
1779776686226891,MOTION_PHASE_START,0
1779776686226944,TO_MAX,511
1779776687227700,TO_MIN,102
1779776688228469,TO_MAX,511
1779776689229262,TO_MIN,102
1779776690230032,TO_MAX,511
1779776691231009,STILL_PHASE_START,307
1779776696231776,MOTION_PHASE_START,0
1779776696231817,TO_MAX,511
1779776697232548,TO_MIN,102
1779776698233312,TO_MAX,511
1779776699234087,TO_MIN,102
1779776700234856,TO_MAX,511
1779776701235613,STILL_PHASE_START,307
1779776706236373,MOTION_PHASE_START,0
1779776706236414,TO_MAX,511
1779776707237151,TO_MIN,102
1779776708237935,TO_MAX,511
1779776709238689,TO_MIN,102
1779776710239457,TO_MAX,511
1779776711240204,STILL_PHASE_START,307
1779776716240964,MOTION_PHASE_START,0
1779776716241021,TO_MAX,511
1779776717241771,TO_MIN,102
1779776718242576,TO_MAX,511
1779776719243347,TO_MIN,102
1779776720244107,TO_MAX,511
1779776721244865,STILL_PHASE_START,307
1779776726245660,MOTION_PHASE_START,0
1779776726245720,TO_MAX,511
1779776727246471,TO_MIN,102
1779776728247256,TO_MAX,511
1779776729248009,TO_MIN,102
1779776730248776,TO_MAX,511
1779776731249540,STILL_PHASE_START,307
1779776736250294,MOTION_PHASE_START,0
1779776736250346,TO_MAX,511
1779776737251103,TO_MIN,102
1779776738251881,TO_MAX,511
1779776739252660,TO_MIN,102
1779776740253451,TO_MAX,511
1779776741254208,STILL_PHASE_START,307
1779776746254977,MOTION_PHASE_START,0
1779776746255021,TO_MAX,511
1779776747255752,TO_MIN,102
1779776748256515,TO_MAX,511
1779776749257278,TO_MIN,102
1779776750258018,TO_MAX,511
1779776751258772,STILL_PHASE_START,307
1779776756259551,MOTION_PHASE_START,0
1779776756259591,TO_MAX,511
1779776757260337,TO_MIN,102
1779776758261085,TO_MAX,511
1779776759261840,TO_MIN,102
1779776760262605,TO_MAX,511
1779776761263370,STILL_PHASE_START,307
1779776766264117,MOTION_PHASE_START,0
1779776766264152,TO_MAX,511
1779776767264888,TO_MIN,102
1779776768265640,TO_MAX,511
1779776769266401,TO_MIN,102
1779776770267153,TO_MAX,511
1779776771267915,STILL_PHASE_START,307
1779776776268680,MOTION_PHASE_START,0
1779776776268777,TO_MAX,511
1779776777269507,TO_MIN,102
1779776778270256,TO_MAX,511
1779776779271017,TO_MIN,102
1779776780271773,TO_MAX,511
1779776781272548,STILL_PHASE_START,307
1779776786273350,MOTION_PHASE_START,0
1779776786273409,TO_MAX,511
1779776787274148,TO_MIN,102
1779776788274900,TO_MAX,511
1779776789275641,TO_MIN,102
1779776790276385,TO_MAX,511
1779776791277142,STILL_PHASE_START,307
1779776796277930,MOTION_PHASE_START,0
1779776796277985,TO_MAX,511
1779776797278724,TO_MIN,102
1779776798279494,TO_MAX,511
1779776799280258,TO_MIN,102
1779776800281033,TO_MAX,511
1779776801281794,STILL_PHASE_START,307
1779776806282584,MOTION_PHASE_START,0
1779776806282629,TO_MAX,511
1779776807283356,TO_MIN,102
1779776808284121,TO_MAX,511
1779776809284883,TO_MIN,102
1779776810285647,TO_MAX,511
1779776811286408,STILL_PHASE_START,307
1779776816287178,MOTION_PHASE_START,0
1779776816287221,TO_MAX,511
1779776817287985,TO_MIN,102
1779776818288746,TO_MAX,511
1779776819289509,TO_MIN,102
1779776820290263,TO_MAX,511
1779776821291020,STILL_PHASE_START,307
1779776826291786,MOTION_PHASE_START,0
1779776826291826,TO_MAX,511
1779776827292560,TO_MIN,102
1779776828293309,TO_MAX,511
1779776829294068,TO_MIN,102
1779776830294829,TO_MAX,511
1779776831296375,STILL_PHASE_START,307
1779776836297407,MOTION_PHASE_START,0
1779776836297452,TO_MAX,511
1779776837298412,TO_MIN,102
1779776838299397,TO_MAX,511
1779776839300588,TO_MIN,102
1779776840301787,TO_MAX,511
1779776841302839,STILL_PHASE_START,307
1779776846303838,MOTION_PHASE_START,0
1779776846303887,TO_MAX,511
1779776847304847,TO_MIN,102
1779776848305636,TO_MAX,511
1779776849306412,TO_MIN,102
1779776850307184,TO_MAX,511
1779776851307946,STILL_PHASE_START,307
1779776856308741,MOTION_PHASE_START,0
1779776856308795,TO_MAX,511
1779776857309556,TO_MIN,102
1779776858310333,TO_MAX,511
1779776859311138,TO_MIN,102
1779776860311928,TO_MAX,511
1779776861312708,STILL_PHASE_START,307
1779776866313505,MOTION_PHASE_START,0
1779776866313558,TO_MAX,511
1779776867314312,TO_MIN,102
1779776868315536,TO_MAX,511
1779776869316771,TO_MIN,102
1779776870317993,TO_MAX,511
1779776871318987,STILL_PHASE_START,307
1779776876319780,MOTION_PHASE_START,0
1779776876319836,TO_MAX,511
1779776877320808,TO_MIN,102
1779776878321809,TO_MAX,511
1779776879322841,TO_MIN,102
1779776880324055,TO_MAX,511
1779776881325079,STILL_PHASE_START,307
1779776886326074,MOTION_PHASE_START,0
1779776886326173,TO_MAX,511
1779776887326924,TO_MIN,102
1779776888328027,TO_MAX,511
1779776889329012,TO_MIN,102
1779776890329807,TO_MAX,511
1779776891330602,STILL_PHASE_START,307
1779776896331621,MOTION_PHASE_START,0
1779776896331676,TO_MAX,511
1779776897332441,TO_MIN,102
1779776898333449,TO_MAX,511
1779776899334444,TO_MIN,102
1779776900335660,TO_MAX,511
1779776901336676,STILL_PHASE_START,307
1779776906337671,MOTION_PHASE_START,0
1779776906337736,TO_MAX,511
1779776907338492,TO_MIN,102
1779776908339283,TO_MAX,511
1779776909340074,TO_MIN,102
1779776910341083,TO_MAX,511
1779776911342109,STILL_PHASE_START,307
1779776916343094,MOTION_PHASE_START,0
1779776916343144,TO_MAX,511
1779776917344115,TO_MIN,102
1779776918345111,TO_MAX,511
1779776919346113,TO_MIN,102
1779776920347345,TO_MAX,511
1779776921348566,STILL_PHASE_START,307
1779776926349355,MOTION_PHASE_START,0
1779776926349403,TO_MAX,511
1779776927350143,TO_MIN,102
1779776928350893,TO_MAX,511
1779776929351647,TO_MIN,102
1779776930352411,TO_MAX,511
1779776931353167,STILL_PHASE_START,307
1779776936353955,MOTION_PHASE_START,0
1779776936354003,TO_MAX,511
1779776937354744,TO_MIN,102
1779776938355516,TO_MAX,511
1779776939356275,TO_MIN,102
1779776940357032,TO_MAX,511
1779776941357786,STILL_PHASE_START,307
1779776946358570,MOTION_PHASE_START,0
1779776946358616,TO_MAX,511
1779776947359367,TO_MIN,102
1779776948360162,TO_MAX,511
1779776949360906,TO_MIN,102
1779776950361655,TO_MAX,511
1779776951362400,STILL_PHASE_START,307
1779776956363159,MOTION_PHASE_START,0
1779776956363216,TO_MAX,511
1779776957363950,TO_MIN,102
1779776958364706,TO_MAX,511
1779776959365449,TO_MIN,102
1779776960366226,TO_MAX,511
1779776961366983,STILL_PHASE_START,307
1779776966367746,MOTION_PHASE_START,0
1779776966367796,TO_MAX,511
1779776967368528,TO_MIN,102
1779776968369309,TO_MAX,511
1779776969370107,TO_MIN,102
1779776970370871,TO_MAX,511
1779776971371661,STILL_PHASE_START,307
1779776976372449,MOTION_PHASE_START,0
1779776976372502,TO_MAX,511
1779776977373243,TO_MIN,102
1779776978374011,TO_MAX,511
1779776979374779,TO_MIN,102
1779776980375530,TO_MAX,511
1779776981376290,STILL_PHASE_START,307
1779776986377068,MOTION_PHASE_START,0
1779776986377133,TO_MAX,511
1779776987377944,TO_MIN,102
1779776988378709,TO_MAX,511
1779776989379483,TO_MIN,102
1779776990380256,TO_MAX,511
1779776991381027,STILL_PHASE_START,307
1779776996381806,MOTION_PHASE_START,0
1779776996381885,TO_MAX,511
1779776997382638,TO_MIN,102
1779776998383393,TO_MAX,511
1779776999384151,TO_MIN,102
1779777000384930,TO_MAX,511
1779777001385684,STILL_PHASE_START,307
1779777006386455,MOTION_PHASE_START,0
1779777006386504,TO_MAX,511
1779777007387259,TO_MIN,102
1779777008387999,TO_MAX,511
1779777009388743,TO_MIN,102
1779777010389489,TO_MAX,511
1779777011390232,STILL_PHASE_START,307
1779777016390982,MOTION_PHASE_START,0
1779777016391036,TO_MAX,511
1779777017391773,TO_MIN,102
1779777018392517,TO_MAX,511
1779777019393257,TO_MIN,102
1779777020394008,TO_MAX,511
1779777021394820,STILL_PHASE_START,307
1779777026395612,MOTION_PHASE_START,0
1779777026395658,TO_MAX,511
1779777027396403,TO_MIN,102
1779777028397195,TO_MAX,511
1779777029397947,TO_MIN,102
1779777030398694,TO_MAX,511
1779777031399448,STILL_PHASE_START,307
1779777036400191,MOTION_PHASE_START,0
1779777036400231,TO_MAX,511
1779777037400957,TO_MIN,102
1779777038401703,TO_MAX,511
1779777039402459,TO_MIN,102
1779777040403202,TO_MAX,511
1779777041403935,STILL_PHASE_START,307
1779777046404676,MOTION_PHASE_START,0
1779777046404720,TO_MAX,511
1779777047405459,TO_MIN,102
1779777048406212,TO_MAX,511
1779777049406966,TO_MIN,102
1779777050407722,TO_MAX,511
1779777051408474,STILL_PHASE_START,307
1779777056409230,MOTION_PHASE_START,0
1779777056409271,TO_MAX,511
1779777057410007,TO_MIN,102
1779777058410741,TO_MAX,511
1779777059411472,TO_MIN,102
1779777060412210,TO_MAX,511
1779777061412948,STILL_PHASE_START,307
1779777066413697,MOTION_PHASE_START,0
1779777066413734,TO_MAX,511
1779777067414470,TO_MIN,102
1779777068415237,TO_MAX,511
1779777069415982,TO_MIN,102
1779777070416733,TO_MAX,511
1779777071417503,STILL_PHASE_START,307
1779777076418249,MOTION_PHASE_START,0
1779777076418292,TO_MAX,511
1779777077419035,TO_MIN,102
1779777078419783,TO_MAX,511
1779777079420534,TO_MIN,102
1779777080421277,TO_MAX,511
1779777081422030,STILL_PHASE_START,307
1779777086422778,MOTION_PHASE_START,0
1779777086422824,TO_MAX,511
1779777087423567,TO_MIN,102
1779777088424337,TO_MAX,511
1779777089425087,TO_MIN,102
1779777090425844,TO_MAX,511
1779777091426598,STILL_PHASE_START,307
1779777096427356,MOTION_PHASE_START,0
1779777096427406,TO_MAX,511
1779777097428145,TO_MIN,102
1779777098428905,TO_MAX,511
1779777099429654,TO_MIN,102
1779777100430415,TO_MAX,511
1779777101431185,STILL_PHASE_START,307
1779777106431942,MOTION_PHASE_START,0
1779777106431990,TO_MAX,511
1779777107432737,TO_MIN,102
1779777108433499,TO_MAX,511
1779777109434264,TO_MIN,102
1779777110435014,TO_MAX,511
1779777111435757,STILL_PHASE_START,307
1779777116436522,MOTION_PHASE_START,0
1779777116436572,TO_MAX,511
1779777117437309,TO_MIN,102
1779777118438076,TO_MAX,511
1779777119438819,TO_MIN,102
1779777120439561,TO_MAX,511
1779777121440299,STILL_PHASE_START,307
1779777126441033,MOTION_PHASE_START,0
1779777126441078,TO_MAX,511
1779777127441815,TO_MIN,102
1779777128442596,TO_MAX,511
1779777129443350,TO_MIN,102
1779777130444097,TO_MAX,511
1779777131444845,STILL_PHASE_START,307
1779777136445614,MOTION_PHASE_START,0
1779777136445672,TO_MAX,511
1779777137446395,TO_MIN,102
1779777138447147,TO_MAX,511
1779777139447890,TO_MIN,102
1779777140448648,TO_MAX,511
1779777141449403,STILL_PHASE_START,307
1779777146450151,MOTION_PHASE_START,0
1779777146450207,TO_MAX,511
1779777147450931,TO_MIN,102
1779777148451708,TO_MAX,511
1779777149452464,TO_MIN,102
1779777150453222,TO_MAX,511
1779777151453977,STILL_PHASE_START,307
1779777156454755,MOTION_PHASE_START,0
1779777156454797,TO_MAX,511
1779777157455543,TO_MIN,102
1779777158456302,TO_MAX,511
1779777159457080,TO_MIN,102
1779777160457857,TO_MAX,511
1779777161458620,STILL_PHASE_START,307
1779777166459384,MOTION_PHASE_START,0
1779777166459432,TO_MAX,511
1779777167460161,TO_MIN,102
1779777168460921,TO_MAX,511
1779777169461674,TO_MIN,102
1779777170462440,TO_MAX,511
1779777171463191,STILL_PHASE_START,307
1779777176463963,MOTION_PHASE_START,0
1779777176464021,TO_MAX,511
1779777177464777,TO_MIN,102
1779777178465517,TO_MAX,511
1779777179466265,TO_MIN,102
1779777180467014,TO_MAX,511
1779777181467778,STILL_PHASE_START,307
1779777186468539,MOTION_PHASE_START,0
1779777186468579,TO_MAX,511
1779777187469317,TO_MIN,102
1779777188470080,TO_MAX,511
1779777189470834,TO_MIN,102
1779777190471599,TO_MAX,511
1779777191472355,STILL_PHASE_START,307
1779777196473120,MOTION_PHASE_START,0
1779777196473160,TO_MAX,511
1779777197474276,TO_MIN,102
1779777198475477,TO_MAX,511
1779777199476252,TO_MIN,102
1779777200477235,TO_MAX,511
1779777201478224,STILL_PHASE_START,307
1779777206479020,MOTION_PHASE_START,0
1779777206479080,TO_MAX,511
1779777207480079,TO_MIN,102
1779777208480884,TO_MAX,511
1779777209481675,TO_MIN,102
1779777210482955,TO_MAX,511
1779777211483730,STILL_PHASE_START,307
1779777216484521,MOTION_PHASE_START,0
1779777216484570,TO_MAX,511
1779777217485325,TO_MIN,102
1779777218486117,TO_MAX,511
1779777219486878,TO_MIN,102
1779777220487622,TO_MAX,511
1779777221488375,STILL_PHASE_START,307
1779777226489130,MOTION_PHASE_START,0
1779777226489190,TO_MAX,511
1779777227489953,TO_MIN,102
1779777228490706,TO_MAX,511
1779777229491471,TO_MIN,102
1779777230492212,TO_MAX,511
1779777231492945,STILL_PHASE_START,307
1779777236493696,MOTION_PHASE_START,0
1779777236493742,TO_MAX,511
1779777237494486,TO_MIN,102
1779777238495225,TO_MAX,511
1779777239495980,TO_MIN,102
1779777240496721,TO_MAX,511
1779777241497473,STILL_PHASE_START,307
1779777246498219,MOTION_PHASE_START,0
1779777246498271,TO_MAX,511
1779777247499009,TO_MIN,102
1779777248499754,TO_MAX,511
1779777249500499,TO_MIN,102
1779777250501249,TO_MAX,511
1779777251502039,STILL_PHASE_START,307
1779777256502822,MOTION_PHASE_START,0
1779777256502884,TO_MAX,511
1779777257503630,TO_MIN,102
1779777258504355,TO_MAX,511
1779777259505064,TO_MIN,102
1779777260505772,TO_MAX,511
1779777261506495,STILL_PHASE_START,307
1779777266507234,MOTION_PHASE_START,0
1779777266507295,TO_MAX,511
1779777267508026,TO_MIN,102
1779777268508765,TO_MAX,511
1779777269509506,TO_MIN,102
1779777270510239,TO_MAX,511
1779777271511003,STILL_PHASE_START,307
1779777276511762,MOTION_PHASE_START,0
1779777276511816,TO_MAX,511
1779777277512558,TO_MIN,102
1779777278513297,TO_MAX,511
1779777279514037,TO_MIN,102
1779777280514774,TO_MAX,511
1779777281515515,STILL_PHASE_START,307
1779777286516272,MOTION_PHASE_START,0
1779777286516333,TO_MAX,511
1779777287517053,TO_MIN,102
1779777288517795,TO_MAX,511
1779777289518569,TO_MIN,102
1779777290519313,TO_MAX,511
1779777291520051,STILL_PHASE_START,307
1779777296520802,MOTION_PHASE_START,0
1779777296520883,TO_MAX,511
1779777297521604,TO_MIN,102
1779777298522362,TO_MAX,511
1779777299523116,TO_MIN,102
1779777300523877,TO_MAX,511
1779777301524639,STILL_PHASE_START,307
1779777306525400,MOTION_PHASE_START,0
1779777306525437,TO_MAX,511
1779777307526166,TO_MIN,102
1779777308526929,TO_MAX,511
1779777309527702,TO_MIN,102
1779777310528485,TO_MAX,511
1779777311529279,STILL_PHASE_START,307
1779777316530081,MOTION_PHASE_START,0
1779777316530144,TO_MAX,511
1779777317530877,TO_MIN,102
1779777318531639,TO_MAX,511
1779777319532376,TO_MIN,102
1779777320533111,TO_MAX,511
1779777321533850,STILL_PHASE_START,307
1779777326534658,MOTION_PHASE_START,0
1779777326534719,TO_MAX,511
1779777327535445,TO_MIN,102
1779777328536206,TO_MAX,511
1779777329536949,TO_MIN,102
1779777330537708,TO_MAX,511
1779777331538460,STILL_PHASE_START,307
1779777336539235,MOTION_PHASE_START,0
1779777336539306,TO_MAX,511
1779777337540052,TO_MIN,102
1779777338540820,TO_MAX,511
1779777339541612,TO_MIN,102
1779777340542373,TO_MAX,511
1779777341543144,STILL_PHASE_START,307
1779777346543896,MOTION_PHASE_START,0
1779777346543942,TO_MAX,511
1779777347544674,TO_MIN,102
1779777348545416,TO_MAX,511
1779777349546195,TO_MIN,102
1779777350546944,TO_MAX,511
1779777351547710,STILL_PHASE_START,307
1779777356548479,MOTION_PHASE_START,0
1779777356548521,TO_MAX,511
1779777357549273,TO_MIN,102
1779777358550034,TO_MAX,511
1779777359550778,TO_MIN,102
1779777360551500,TO_MAX,511
1779777361552255,STILL_PHASE_START,307
1779777366553008,MOTION_PHASE_START,0
1779777366553068,TO_MAX,511
1779777367553807,TO_MIN,102
1779777368554645,TO_MAX,511
1779777369555403,TO_MIN,102
1779777370556162,TO_MAX,511
1779777371556926,STILL_PHASE_START,307
1779777376557694,MOTION_PHASE_START,0
1779777376557738,TO_MAX,511
1779777377558472,TO_MIN,102
1779777378559290,TO_MAX,511
1779777379560056,TO_MIN,102
1779777380560822,TO_MAX,511
1779777381561576,STILL_PHASE_START,307
1779777386562335,MOTION_PHASE_START,0
1779777386562390,TO_MAX,511
1779777387563129,TO_MIN,102
1779777388563938,TO_MAX,511
1779777389564725,TO_MIN,102
1779777390565492,TO_MAX,511
1779777391566243,STILL_PHASE_START,307
1779777396567005,MOTION_PHASE_START,0
1779777396567043,TO_MAX,511
1779777397567787,TO_MIN,102
1779777398568547,TO_MAX,511
1779777399569356,TO_MIN,102
1779777400570103,TO_MAX,511
1779777401570866,STILL_PHASE_START,307
1779777406571627,MOTION_PHASE_START,0
1779777406571673,TO_MAX,511
1779777407572424,TO_MIN,102
1779777408573171,TO_MAX,511
1779777409573956,TO_MIN,102
1779777410574712,TO_MAX,511
1779777411575473,STILL_PHASE_START,307
1779777416576230,MOTION_PHASE_START,0
1779777416576280,TO_MAX,511
1779777417577036,TO_MIN,102
1779777418577791,TO_MAX,511
1779777419578615,TO_MIN,102
1779777420579378,TO_MAX,511
1779777421580139,STILL_PHASE_START,307
1779777426580905,MOTION_PHASE_START,0
1779777426580947,TO_MAX,511
1779777427581678,TO_MIN,102
1779777428582427,TO_MAX,511
1779777429583166,TO_MIN,102
1779777430583911,TO_MAX,511
1779777431584662,STILL_PHASE_START,307
1779777436585412,MOTION_PHASE_START,0
1779777436585450,TO_MAX,511
1779777437586181,TO_MIN,102
1779777438586922,TO_MAX,511
1779777439587677,TO_MIN,102
1779777440588439,TO_MAX,511
1779777441589195,STILL_PHASE_START,307
1779777446589960,MOTION_PHASE_START,0
1779777446590016,TO_MAX,511
1779777447590756,TO_MIN,102
1779777448591504,TO_MAX,511
1779777449592258,TO_MIN,102
1779777450593019,TO_MAX,511
1779777451593789,STILL_PHASE_START,307
1779777456594652,MOTION_PHASE_START,0
1779777456594705,TO_MAX,511
1779777457595463,TO_MIN,102
1779777458596223,TO_MAX,511
1779777459596990,TO_MIN,102
1779777460597770,TO_MAX,511
1779777461598550,STILL_PHASE_START,307
1779777466599324,MOTION_PHASE_START,0
1779777466599369,TO_MAX,511
1779777467600116,TO_MIN,102
1779777468600897,TO_MAX,511
1779777469601662,TO_MIN,102
1779777470602470,TO_MAX,511
1779777471603235,STILL_PHASE_START,307
1779777476603985,MOTION_PHASE_START,0
1779777476604034,TO_MAX,511
1779777477604768,TO_MIN,102
1779777478605543,TO_MAX,511
1779777479606287,TO_MIN,102
1779777480607051,TO_MAX,511
1779777481607820,STILL_PHASE_START,307
1779777486608584,MOTION_PHASE_START,0
1779777486608626,TO_MAX,511
1779777487609375,TO_MIN,102
1779777488610125,TO_MAX,511
1779777489610909,TO_MIN,102
1779777490611694,TO_MAX,511
1779777491612464,STILL_PHASE_START,307
1779777496613239,MOTION_PHASE_START,0
1779777496613278,TO_MAX,511
1779777497614005,TO_MIN,102
1779777498614760,TO_MAX,511
1779777499615531,TO_MIN,102
1779777500616295,TO_MAX,511
1779777501617059,STILL_PHASE_START,307
1779777506617801,MOTION_PHASE_START,0
1779777506617889,TO_MAX,511
1779777507618630,TO_MIN,102
1779777508619406,TO_MAX,511
1779777509620151,TO_MIN,102
1779777510620899,TO_MAX,511
1779777511621659,STILL_PHASE_START,307
1779777516622398,MOTION_PHASE_START,0
1779777516622436,TO_MAX,511
1779777517623174,TO_MIN,102
1779777518623917,TO_MAX,511
1779777519624672,TO_MIN,102
1779777520625437,TO_MAX,511
1779777521626195,STILL_PHASE_START,307
1779777526626963,MOTION_PHASE_START,0
1779777526627009,TO_MAX,511
1779777527627755,TO_MIN,102
1779777528628495,TO_MAX,511
1779777529629251,TO_MIN,102
1779777530630010,TO_MAX,511
1779777531630776,STILL_PHASE_START,307
1779777536631542,MOTION_PHASE_START,0
1779777536631581,TO_MAX,511
1779777537632318,TO_MIN,102
1779777538633061,TO_MAX,511
1779777539633813,TO_MIN,102
1779777540634603,TO_MAX,511
1779777541635383,STILL_PHASE_START,307
1779777546636189,MOTION_PHASE_START,0
1779777546636232,TO_MAX,511
1779777547636989,TO_MIN,102
1779777548637742,TO_MAX,511
1779777549638514,TO_MIN,102
1779777550639278,TO_MAX,511
1779777551640066,STILL_PHASE_START,307
1779777556640868,MOTION_PHASE_START,0
1779777556640917,TO_MAX,511
1779777557641661,TO_MIN,102
1779777558642394,TO_MAX,511
1779777559643130,TO_MIN,102
1779777560643879,TO_MAX,511
1779777561644646,STILL_PHASE_START,307
1779777566645418,MOTION_PHASE_START,0
1779777566645453,TO_MAX,511
1779777567646189,TO_MIN,102
1779777568646939,TO_MAX,511
1779777569647693,TO_MIN,102
1779777570648455,TO_MAX,511
1779777571649210,STILL_PHASE_START,307
1779777576649965,MOTION_PHASE_START,0
1779777576650003,TO_MAX,511
1779777577650740,TO_MIN,102
1779777578651495,TO_MAX,511
1779777579652243,TO_MIN,102
1779777580652994,TO_MAX,511
1779777581653756,STILL_PHASE_START,307
1779777586654517,MOTION_PHASE_START,0
1779777586654574,TO_MAX,511
1779777587655325,TO_MIN,102
1779777588656217,TO_MAX,511
1779777589656982,TO_MIN,102
1779777590657746,TO_MAX,511
1779777591658499,STILL_PHASE_START,307
1779777596659259,MOTION_PHASE_START,0
1779777596659299,TO_MAX,511
1779777597660042,TO_MIN,102
1779777598660797,TO_MAX,511
1779777599661563,TO_MIN,102
1779777600662329,TO_MAX,511
1779777601663095,STILL_PHASE_START,307
1779777606663850,MOTION_PHASE_START,0
1779777606663891,TO_MAX,511
1779777607664631,TO_MIN,102
1779777608665390,TO_MAX,511
1779777609666134,TO_MIN,102
1779777610666898,TO_MAX,511
1779777611667643,STILL_PHASE_START,307
1779777616668414,MOTION_PHASE_START,0
1779777616668458,TO_MAX,511
1779777617669204,TO_MIN,102
1779777618669965,TO_MAX,511
1779777619670726,TO_MIN,102
1779777620671481,TO_MAX,511
1779777621672321,STILL_PHASE_START,307
1779777626673098,MOTION_PHASE_START,0
1779777626673159,TO_MAX,511
1779777627673944,TO_MIN,102
1779777628674697,TO_MAX,511
1779777629675458,TO_MIN,102
1779777630676237,TO_MAX,511
1779777631677002,STILL_PHASE_START,307
1779777636677773,MOTION_PHASE_START,0
1779777636677859,TO_MAX,511
1779777637678590,TO_MIN,102
1779777638679360,TO_MAX,511
1779777639680432,TO_MIN,102
1779777640681192,TO_MAX,511
1779777641681954,STILL_PHASE_START,307
1779777646682737,MOTION_PHASE_START,0
1779777646682796,TO_MAX,511
1779777647683545,TO_MIN,102
1779777648684333,TO_MAX,511
1779777649685094,TO_MIN,102
1779777650685855,TO_MAX,511
1779777651686612,STILL_PHASE_START,307
1779777656687384,MOTION_PHASE_START,0
1779777656687427,TO_MAX,511
1779777657688154,TO_MIN,102
1779777658688948,TO_MAX,511
1779777659689692,TO_MIN,102
1779777660690479,TO_MAX,511
1779777661691258,STILL_PHASE_START,307
1779777666692020,MOTION_PHASE_START,0
1779777666692071,TO_MAX,511
1779777667692822,TO_MIN,102
1779777668693589,TO_MAX,511
1779777669694362,TO_MIN,102
1779777670695132,TO_MAX,511
1779777671695915,STILL_PHASE_START,307
1779777676696667,MOTION_PHASE_START,0
1779777676696708,TO_MAX,511
1779777677697433,TO_MIN,102
1779777678698734,TO_MAX,511
1779777679699484,TO_MIN,102
1779777680700243,TO_MAX,511
1779777681700989,STILL_PHASE_START,307
1779777686701739,MOTION_PHASE_START,0
1779777686701777,TO_MAX,511
1779777687702515,TO_MIN,102
1779777688703267,TO_MAX,511
1779777689704021,TO_MIN,102
1779777690704778,TO_MAX,511
1779777691705531,STILL_PHASE_START,307
1779777696706295,MOTION_PHASE_START,0
1779777696706335,TO_MAX,511
1779777697707074,TO_MIN,102
1779777698707851,TO_MAX,511
1779777699708610,TO_MIN,102
1779777700709378,TO_MAX,511
1779777701710126,STILL_PHASE_START,307
