# servo_sweep log
# mode=burst duration=300 min_ticks=102 max_ticks=511 center_ticks=307
# motion_ms=5000 still_ms=5000 burst_period_ms=1000
# timestamp = CLOCK_REALTIME microseconds at host i2c_write call
# actual PWM wire edge appears ~100us after timestamp
# columns: timestamp_us,event,ticks
1779830881108075,START,307
1779830881308833,MOTION_PHASE_START,0
1779830881308884,TO_MAX,511
1779830882309608,TO_MIN,102
1779830883310367,TO_MAX,511
1779830884311094,TO_MIN,102
1779830885311853,TO_MAX,511
1779830886312651,STILL_PHASE_START,307
1779830891313429,MOTION_PHASE_START,0
1779830891313469,TO_MAX,511
1779830892314188,TO_MIN,102
1779830893314942,TO_MAX,511
1779830894315692,TO_MIN,102
1779830895316452,TO_MAX,511
1779830896317206,STILL_PHASE_START,307
1779830901317950,MOTION_PHASE_START,0
1779830901318002,TO_MAX,511
1779830902318730,TO_MIN,102
1779830903319493,TO_MAX,511
1779830904320252,TO_MIN,102
1779830905321005,TO_MAX,511
1779830906321763,STILL_PHASE_START,307
1779830911322523,MOTION_PHASE_START,0
1779830911322592,TO_MAX,511
1779830912323315,TO_MIN,102
1779830913324075,TO_MAX,511
1779830914324834,TO_MIN,102
1779830915325598,TO_MAX,511
1779830916326361,STILL_PHASE_START,307
1779830921330500,MOTION_PHASE_START,0
1779830921361780,TO_MAX,511
1779830922362523,TO_MIN,102
1779830923363262,TO_MAX,511
1779830924364002,TO_MIN,102
1779830925364790,TO_MAX,511
1779830926365567,STILL_PHASE_START,307
1779830931366344,MOTION_PHASE_START,0
1779830931397628,TO_MAX,511
1779830932398368,TO_MIN,102
1779830933399129,TO_MAX,511
1779830934399891,TO_MIN,102
1779830935400664,TO_MAX,511
1779830936401442,STILL_PHASE_START,307
1779830941433088,MOTION_PHASE_START,0
1779830941464347,TO_MAX,511
1779830942465088,TO_MIN,102
1779830943465853,TO_MAX,511
1779830944466616,TO_MIN,102
1779830945467383,TO_MAX,511
1779830946468154,STILL_PHASE_START,307
1779830951500053,MOTION_PHASE_START,0
1779830951531416,TO_MAX,511
1779830952532157,TO_MIN,102
1779830953532917,TO_MAX,511
1779830954533669,TO_MIN,102
1779830955534407,TO_MAX,511
1779830956535229,STILL_PHASE_START,307
1779830961567339,MOTION_PHASE_START,0
1779830961598604,TO_MAX,511
1779830962599350,TO_MIN,102
1779830963600126,TO_MAX,511
1779830964600892,TO_MIN,102
1779830965601660,TO_MAX,511
1779830966602433,STILL_PHASE_START,307
1779830971634208,MOTION_PHASE_START,0
1779830971665262,TO_MAX,511
1779830972666001,TO_MIN,102
1779830973666765,TO_MAX,511
1779830974667534,TO_MIN,102
1779830975668306,TO_MAX,511
1779830976669088,STILL_PHASE_START,307
1779830981700898,MOTION_PHASE_START,0
1779830981731906,TO_MAX,511
1779830982732648,TO_MIN,102
1779830983733411,TO_MAX,511
1779830984734174,TO_MIN,102
1779830985734943,TO_MAX,511
1779830986735710,STILL_PHASE_START,307
1779830991767748,MOTION_PHASE_START,0
1779830991799197,TO_MAX,511
1779830992800352,TO_MIN,102
1779830993801106,TO_MAX,511
1779830994801877,TO_MIN,102
1779830995802658,TO_MAX,511
1779830996803448,STILL_PHASE_START,307
1779831001835260,MOTION_PHASE_START,0
1779831001866447,TO_MAX,511
1779831002867194,TO_MIN,102
1779831003867956,TO_MAX,511
1779831004868723,TO_MIN,102
1779831005869484,TO_MAX,511
1779831006870244,STILL_PHASE_START,307
1779831011874439,MOTION_PHASE_START,0
1779831011877645,TO_MAX,511
1779831012878378,TO_MIN,102
1779831013879133,TO_MAX,511
1779831014879891,TO_MIN,102
1779831015880643,TO_MAX,511
1779831016881401,STILL_PHASE_START,307
1779831021885618,MOTION_PHASE_START,0
1779831021916944,TO_MAX,511
1779831022917705,TO_MIN,102
1779831023918485,TO_MAX,511
1779831024919265,TO_MIN,102
1779831025920048,TO_MAX,511
1779831026920825,STILL_PHASE_START,307
1779831031952576,MOTION_PHASE_START,0
1779831031983661,TO_MAX,511
1779831032984422,TO_MIN,102
1779831033985198,TO_MAX,511
1779831034985971,TO_MIN,102
1779831035986756,TO_MAX,511
1779831036987542,STILL_PHASE_START,307
1779831042019531,MOTION_PHASE_START,0
1779831042050614,TO_MAX,511
1779831043051362,TO_MIN,102
1779831044052118,TO_MAX,511
1779831045052885,TO_MIN,102
1779831046053655,TO_MAX,511
1779831047054422,STILL_PHASE_START,307
1779831052086389,MOTION_PHASE_START,0
1779831052117300,TO_MAX,511
1779831053118036,TO_MIN,102
1779831054118831,TO_MAX,511
1779831055119559,TO_MIN,102
1779831056120310,TO_MAX,511
1779831057121120,STILL_PHASE_START,307
1779831062125275,MOTION_PHASE_START,0
1779831062128896,TO_MAX,511
1779831063129637,TO_MIN,102
1779831064130410,TO_MAX,511
1779831065131184,TO_MIN,102
1779831066131965,TO_MAX,511
1779831067132739,STILL_PHASE_START,307
1779831072137098,MOTION_PHASE_START,0
1779831072140485,TO_MAX,511
1779831073141215,TO_MIN,102
1779831074141983,TO_MAX,511
1779831075142748,TO_MIN,102
1779831076143513,TO_MAX,511
1779831077144275,STILL_PHASE_START,307
1779831082148129,MOTION_PHASE_START,0
1779831082151571,TO_MAX,511
1779831083152313,TO_MIN,102
1779831084153111,TO_MAX,511
1779831085153892,TO_MIN,102
1779831086154676,TO_MAX,511
1779831087155460,STILL_PHASE_START,307
1779831092159621,MOTION_PHASE_START,0
1779831092163038,TO_MAX,511
1779831093163775,TO_MIN,102
1779831094164543,TO_MAX,511
1779831095165314,TO_MIN,102
1779831096166080,TO_MAX,511
1779831097166837,STILL_PHASE_START,307
1779831102170800,MOTION_PHASE_START,0
1779831102201771,TO_MAX,511
1779831103202508,TO_MIN,102
1779831104203266,TO_MAX,511
1779831105204017,TO_MIN,102
1779831106204762,TO_MAX,511
1779831107205525,STILL_PHASE_START,307
1779831112212280,MOTION_PHASE_START,0
1779831112243309,TO_MAX,511
1779831113244028,TO_MIN,102
1779831114244801,TO_MAX,511
1779831115245584,TO_MIN,102
1779831116246366,TO_MAX,511
1779831117247143,STILL_PHASE_START,307
1779831122256221,MOTION_PHASE_START,0
1779831122287598,TO_MAX,511
1779831123288374,TO_MIN,102
1779831124289160,TO_MAX,511
1779831125289946,TO_MIN,102
1779831126290711,TO_MAX,511
1779831127291465,STILL_PHASE_START,307
1779831132323467,MOTION_PHASE_START,0
1779831132326970,TO_MAX,511
1779831133327699,TO_MIN,102
1779831134328458,TO_MAX,511
1779831135329216,TO_MIN,102
1779831136329973,TO_MAX,511
1779831137330725,STILL_PHASE_START,307
1779831142331478,MOTION_PHASE_START,0
1779831142335051,TO_MAX,511
1779831143335788,TO_MIN,102
1779831144336561,TO_MAX,511
1779831145337330,TO_MIN,102
1779831146338102,TO_MAX,511
1779831147338866,STILL_PHASE_START,307
1779831152370576,MOTION_PHASE_START,0
1779831152401628,TO_MAX,511
1779831153402364,TO_MIN,102
1779831154403125,TO_MAX,511
1779831155403880,TO_MIN,102
1779831156404635,TO_MAX,511
1779831157405397,STILL_PHASE_START,307
1779831162437575,MOTION_PHASE_START,0
1779831162468967,TO_MAX,511
1779831163469697,TO_MIN,102
1779831164470463,TO_MAX,511
1779831165471219,TO_MIN,102
1779831166471969,TO_MAX,511
1779831167472714,STILL_PHASE_START,307
1779831172504368,MOTION_PHASE_START,0
1779831172535714,TO_MAX,511
1779831173536471,TO_MIN,102
1779831174537241,TO_MAX,511
1779831175538021,TO_MIN,102
1779831176538797,TO_MAX,511
1779831177539575,STILL_PHASE_START,307
1779831182571585,END,307
