# servo_sweep log
# mode=burst duration=300 min_ticks=102 max_ticks=511 center_ticks=307
# motion_ms=5000 still_ms=5000 burst_period_ms=1000
# timestamp = CLOCK_REALTIME microseconds at host i2c_write call
# actual PWM wire edge appears ~100us after timestamp
# columns: timestamp_us,event,ticks
1779843164272480,START,307
1779843164473261,MOTION_PHASE_START,0
1779843164473304,TO_MAX,511
1779843165474008,TO_MIN,102
1779843166474907,TO_MAX,511
1779843167475813,TO_MIN,102
1779843168476763,TO_MAX,511
1779843169477498,STILL_PHASE_START,307
1779843174478419,MOTION_PHASE_START,0
1779843174478467,TO_MAX,511
1779843175479395,TO_MIN,102
1779843176480327,TO_MAX,511
1779843177481073,TO_MIN,102
1779843178481804,TO_MAX,511
1779843179482721,STILL_PHASE_START,307
1779843184484001,MOTION_PHASE_START,0
1779843184484041,TO_MAX,511
1779843185485100,TO_MIN,102
1779843186486209,TO_MAX,511
1779843187487132,TO_MIN,102
1779843188487863,TO_MAX,511
1779843189488953,STILL_PHASE_START,307
1779843194489861,MOTION_PHASE_START,0
1779843194489902,TO_MAX,511
1779843195490798,TO_MIN,102
1779843196491720,TO_MAX,511
1779843197492944,TO_MIN,102
1779843198493860,TO_MAX,511
1779843199494771,STILL_PHASE_START,307
1779843204495705,MOTION_PHASE_START,0
1779843204495746,TO_MAX,511
1779843205496752,TO_MIN,102
1779843206497488,TO_MAX,511
1779843207498405,TO_MIN,102
1779843208499321,TO_MAX,511
1779843209500228,STILL_PHASE_START,307
1779843214501142,MOTION_PHASE_START,0
1779843214501184,TO_MAX,511
1779843215502080,TO_MIN,102
1779843216502996,TO_MAX,511
1779843217503908,TO_MIN,102
1779843218504818,TO_MAX,511
1779843219505735,STILL_PHASE_START,307
1779843224506464,MOTION_PHASE_START,0
1779843224506499,TO_MAX,511
1779843225507395,TO_MIN,102
1779843226508129,TO_MAX,511
1779843227508873,TO_MIN,102
1779843228509613,TO_MAX,511
1779843229510345,STILL_PHASE_START,307
1779843234511083,MOTION_PHASE_START,0
1779843234511136,TO_MAX,511
1779843235511835,TO_MIN,102
1779843236512747,TO_MAX,511
1779843237513476,TO_MIN,102
1779843238514194,TO_MAX,511
1779843239514920,STILL_PHASE_START,307
1779843244515655,MOTION_PHASE_START,0
1779843244515721,TO_MAX,511
1779843245516458,TO_MIN,102
1779843246517200,TO_MAX,511
1779843247518242,TO_MIN,102
1779843248519166,TO_MAX,511
1779843249520100,STILL_PHASE_START,307
1779843254520839,MOTION_PHASE_START,0
1779843254520890,TO_MAX,511
1779843255521788,TO_MIN,102
1779843256523144,TO_MAX,511
1779843257523885,TO_MIN,102
1779843258525246,TO_MAX,511
1779843259526192,STILL_PHASE_START,307
1779843264527119,MOTION_PHASE_START,0
1779843264527160,TO_MAX,511
1779843265527864,TO_MIN,102
1779843266528770,TO_MAX,511
1779843267529667,TO_MIN,102
1779843268530563,TO_MAX,511
1779843269531635,STILL_PHASE_START,307
1779843274532554,MOTION_PHASE_START,0
1779843274532599,TO_MAX,511
1779843275533475,TO_MIN,102
1779843276534550,TO_MAX,511
1779843277535454,TO_MIN,102
1779843278536358,TO_MAX,511
1779843279537629,STILL_PHASE_START,307
1779843284538718,MOTION_PHASE_START,0
1779843284538759,TO_MAX,511
1779843285539892,TO_MIN,102
1779843286541048,TO_MAX,511
1779843287542126,TO_MIN,102
1779843288543029,TO_MAX,511
1779843289544308,STILL_PHASE_START,307
1779843294545232,MOTION_PHASE_START,0
1779843294545284,TO_MAX,511
1779843295546354,TO_MIN,102
1779843296547461,TO_MAX,511
1779843297548646,TO_MIN,102
1779843298549571,TO_MAX,511
1779843299550321,STILL_PHASE_START,307
1779843304551249,MOTION_PHASE_START,0
1779843304551292,TO_MAX,511
1779843305552360,TO_MIN,102
1779843306553708,TO_MAX,511
1779843307554813,TO_MIN,102
1779843308556151,TO_MAX,511
1779843309557262,STILL_PHASE_START,307
1779843314558013,MOTION_PHASE_START,0
1779843314558054,TO_MAX,511
1779843315558928,TO_MIN,102
1779843316559660,TO_MAX,511
1779843317560383,TO_MIN,102
1779843318561298,TO_MAX,511
1779843319562040,STILL_PHASE_START,307
1779843324563147,MOTION_PHASE_START,0
1779843324563191,TO_MAX,511
1779843325564272,TO_MIN,102
1779843326565375,TO_MAX,511
1779843327566479,TO_MIN,102
1779843328567588,TO_MAX,511
1779843329568694,STILL_PHASE_START,307
1779843334569624,MOTION_PHASE_START,0
1779843334569666,TO_MAX,511
1779843335570735,TO_MIN,102
1779843336571688,TO_MAX,511
1779843337572796,TO_MIN,102
1779843338573903,TO_MAX,511
1779843339575182,STILL_PHASE_START,307
1779843344576290,MOTION_PHASE_START,0
1779843344576355,TO_MAX,511
1779843345577452,TO_MIN,102
1779843346578579,TO_MAX,511
1779843347579514,TO_MIN,102
1779843348580437,TO_MAX,511
1779843349581557,STILL_PHASE_START,307
1779843354582675,MOTION_PHASE_START,0
1779843354582711,TO_MAX,511
1779843355583790,TO_MIN,102
1779843356584715,TO_MAX,511
1779843357585637,TO_MIN,102
1779843358586536,TO_MAX,511
1779843359587446,STILL_PHASE_START,307
1779843364588556,MOTION_PHASE_START,0
1779843364588591,TO_MAX,511
1779843365589471,TO_MIN,102
1779843366590384,TO_MAX,511
1779843367591298,TO_MIN,102
1779843368592662,TO_MAX,511
1779843369593803,STILL_PHASE_START,307
1779843374595176,MOTION_PHASE_START,0
1779843374595217,TO_MAX,511
1779843375596474,TO_MIN,102
1779843376597647,TO_MAX,511
1779843377598589,TO_MIN,102
1779843378599701,TO_MAX,511
1779843379600808,STILL_PHASE_START,307
1779843384601731,MOTION_PHASE_START,0
1779843384601783,TO_MAX,511
1779843385603041,TO_MIN,102
1779843386603943,TO_MAX,511
1779843387604864,TO_MIN,102
1779843388605973,TO_MAX,511
1779843389606887,STILL_PHASE_START,307
1779843394607621,MOTION_PHASE_START,0
1779843394607677,TO_MAX,511
1779843395608884,TO_MIN,102
1779843396609802,TO_MAX,511
1779843397610531,TO_MIN,102
1779843398611805,TO_MAX,511
1779843399612896,STILL_PHASE_START,307
1779843404613807,MOTION_PHASE_START,0
1779843404613860,TO_MAX,511
1779843405614922,TO_MIN,102
1779843406615832,TO_MAX,511
1779843407616552,TO_MIN,102
1779843408617630,TO_MAX,511
1779843409618707,STILL_PHASE_START,307
1779843414619614,MOTION_PHASE_START,0
1779843414619672,TO_MAX,511
1779843415620345,TO_MIN,102
1779843416621058,TO_MAX,511
1779843417622155,TO_MIN,102
1779843418623066,TO_MAX,511
1779843419624417,STILL_PHASE_START,307
1779843424625632,MOTION_PHASE_START,0
1779843424625690,TO_MAX,511
1779843425626764,TO_MIN,102
1779843426628123,TO_MAX,511
1779843427629477,TO_MIN,102
1779843428630656,TO_MAX,511
1779843429631832,STILL_PHASE_START,307
1779843434633193,MOTION_PHASE_START,0
1779843434633231,TO_MAX,511
1779843435634375,TO_MIN,102
1779843436635289,TO_MAX,511
1779843437636378,TO_MIN,102
1779843438637291,TO_MAX,511
1779843439638011,STILL_PHASE_START,307
1779843444638935,MOTION_PHASE_START,0
1779843444638975,TO_MAX,511
1779843445640120,TO_MIN,102
1779843446641041,TO_MAX,511
1779843447641775,TO_MIN,102
1779843448642692,TO_MAX,511
1779843449643604,STILL_PHASE_START,307
1779843454644905,MOTION_PHASE_START,0
1779843454645113,TO_MAX,511
1779843455646438,TO_MIN,102
1779843456647544,TO_MAX,511
1779843457648644,TO_MIN,102
1779843458649992,TO_MAX,511
1779843459651339,STILL_PHASE_START,307
1779843464652452,END,307
