Loading 93 MLC config writes...
MLC config applied. Tap class = 0x04, nontap = 0x00
INT1_CTRL forced to 0x00 (DRDY routing disabled).
EMB_FUNC_LIR = 0 (pulsed mode).
Listening for MLC INT1 events. Ctrl+C to stop.
Saleae D0=Pin15(INT), D1=Pin11(decision), A0=ground truth.
Decision rule: binary state transition (0x00 vs non-zero).
  GPIO toggles on every transition between MLC_OUT_NONTAP
  and any non-NONTAP class. Sub-class transitions within
  the non-NONTAP set (e.g. 0x01 -> 0x04) do NOT toggle.

EVENT# TRIAL# host_dt(us)  mlc_src  transition  
1      1      437          0x04    STILL->MOTION
2      2      1339         0x00    MOTION->STILL
3      3      1339         0x04    STILL->MOTION
4      4      1390         0x00    MOTION->STILL
5      5      1305         0x04    STILL->MOTION
6      6      1334         0x00    MOTION->STILL
7      7      1307         0x04    STILL->MOTION
8      8      1267         0x00    MOTION->STILL
9      9      1198         0x04    STILL->MOTION
10     10     1307         0x00    MOTION->STILL
11     11     1242         0x04    STILL->MOTION
12     12     1240         0x00    MOTION->STILL
13     13     1223         0x04    STILL->MOTION
14     14     1245         0x00    MOTION->STILL
15     15     1223         0x04    STILL->MOTION
16     16     1195         0x00    MOTION->STILL
17     17     1291         0x04    STILL->MOTION
18     18     1235         0x00    MOTION->STILL
19     19     1166         0x04    STILL->MOTION
20     20     1199         0x00    MOTION->STILL
21     21     1210         0x04    STILL->MOTION
22     22     1226         0x00    MOTION->STILL
23     23     1209         0x04    STILL->MOTION
24     24     1234         0x00    MOTION->STILL
25     25     1262         0x04    STILL->MOTION
26     26     1238         0x00    MOTION->STILL
27     27     1228         0x04    STILL->MOTION
28     28     1210         0x00    MOTION->STILL
29     29     1190         0x04    STILL->MOTION
30     30     1177         0x00    MOTION->STILL
31     31     1275         0x04    STILL->MOTION
32     32     1271         0x00    MOTION->STILL
33     33     1199         0x04    STILL->MOTION
34     34     1281         0x00    MOTION->STILL
35     35     1216         0x04    STILL->MOTION
36     36     1170         0x00    MOTION->STILL
37     37     1277         0x04    STILL->MOTION
38     38     1202         0x00    MOTION->STILL
39     39     1189         0x04    STILL->MOTION
40     40     1186         0x00    MOTION->STILL
41     41     1270         0x04    STILL->MOTION
42     42     1240         0x00    MOTION->STILL
43     43     1252         0x04    STILL->MOTION
44     44     1193         0x00    MOTION->STILL
45     45     1258         0x04    STILL->MOTION
46     46     1170         0x00    MOTION->STILL
47     47     1246         0x04    STILL->MOTION
48     48     1183         0x00    MOTION->STILL
49     49     1262         0x04    STILL->MOTION
50     50     1198         0x00    MOTION->STILL
51     51     1223         0x04    STILL->MOTION
52     52     1159         0x00    MOTION->STILL
53     53     1273         0x04    STILL->MOTION
54     54     1228         0x00    MOTION->STILL
55     55     1258         0x04    STILL->MOTION
56     56     1233         0x00    MOTION->STILL
57     57     1270         0x04    STILL->MOTION
58     58     1207         0x00    MOTION->STILL
59     59     1244         0x04    STILL->MOTION
60     60     1180         0x00    MOTION->STILL
61     61     1219         0x04    STILL->MOTION
62     62     1268         0x00    MOTION->STILL
63     63     1257         0x04    STILL->MOTION
64     64     1244         0x00    MOTION->STILL
65     65     1265         0x04    STILL->MOTION
66     66     1219         0x00    MOTION->STILL
67     67     1211         0x04    STILL->MOTION
68     68     1283         0x00    MOTION->STILL
69     69     1266         0x04    STILL->MOTION
70     70     1264         0x00    MOTION->STILL
71     71     1259         0x04    STILL->MOTION
72     72     1192         0x00    MOTION->STILL
73     73     1239         0x04    STILL->MOTION
74     74     1196         0x00    MOTION->STILL
75     75     1223         0x04    STILL->MOTION
76     76     1250         0x00    MOTION->STILL
77     77     1257         0x04    STILL->MOTION
78     78     1206         0x00    MOTION->STILL
79     79     1189         0x04    STILL->MOTION
80     80     1179         0x00    MOTION->STILL
81     81     1344         0x04    STILL->MOTION
82     82     1280         0x00    MOTION->STILL
83     83     1240         0x04    STILL->MOTION
84     84     1261         0x00    MOTION->STILL
85     85     1248         0x04    STILL->MOTION
86     86     1361         0x00    MOTION->STILL
87     87     1338         0x04    STILL->MOTION
88     88     1292         0x00    MOTION->STILL
89     89     1284         0x04    STILL->MOTION
90     90     1187         0x00    MOTION->STILL
91     91     1334         0x04    STILL->MOTION
92     92     1212         0x00    MOTION->STILL
93     93     1351         0x04    STILL->MOTION
94     94     1333         0x00    MOTION->STILL
95     95     1303         0x04    STILL->MOTION
96     96     1300         0x00    MOTION->STILL
97     97     1257         0x04    STILL->MOTION
98     98     1225         0x00    MOTION->STILL
99     99     1191         0x04    STILL->MOTION
100    100    1262         0x00    MOTION->STILL
101    101    1181         0x04    STILL->MOTION
102    102    1204         0x00    MOTION->STILL
103    103    1292         0x04    STILL->MOTION
104    104    1193         0x00    MOTION->STILL
105    105    1226         0x04    STILL->MOTION
106    106    1305         0x00    MOTION->STILL
107    107    1232         0x04    STILL->MOTION
108    108    1185         0x00    MOTION->STILL
109    109    1274         0x04    STILL->MOTION
110    110    1224         0x00    MOTION->STILL
111    111    1249         0x04    STILL->MOTION
112    112    1259         0x00    MOTION->STILL
113    113    1275         0x04    STILL->MOTION
114    114    1217         0x00    MOTION->STILL
115    115    1210         0x04    STILL->MOTION
116    116    1216         0x00    MOTION->STILL
117    117    1295         0x04    STILL->MOTION
118    118    1378         0x00    MOTION->STILL
119    119    1301         0x04    STILL->MOTION
120    120    1266         0x00    MOTION->STILL
121    121    1216         0x04    STILL->MOTION
122    122    1226         0x00    MOTION->STILL
123    123    1273         0x04    STILL->MOTION
124    124    1208         0x00    MOTION->STILL
125    125    1207         0x04    STILL->MOTION
126    126    1204         0x00    MOTION->STILL
127    127    1265         0x04    STILL->MOTION
128    128    1259         0x00    MOTION->STILL
129    129    1195         0x04    STILL->MOTION
130    130    1203         0x00    MOTION->STILL
131    131    1209         0x04    STILL->MOTION
132    132    1199         0x00    MOTION->STILL
133    133    1273         0x04    STILL->MOTION
134    134    1340         0x00    MOTION->STILL
135    135    1301         0x04    STILL->MOTION
136    136    1270         0x00    MOTION->STILL
137    137    1265         0x04    STILL->MOTION
138    138    1222         0x00    MOTION->STILL
139    139    1208         0x04    STILL->MOTION
140    140    1250         0x00    MOTION->STILL
141    141    1207         0x04    STILL->MOTION
142    142    1284         0x00    MOTION->STILL
143    143    1282         0x04    STILL->MOTION
144    144    1214         0x00    MOTION->STILL
145    145    1209         0x04    STILL->MOTION
146    146    1183         0x00    MOTION->STILL
147    147    1269         0x04    STILL->MOTION
148    148    1249         0x00    MOTION->STILL
149    149    1319         0x04    STILL->MOTION
150    150    1269         0x00    MOTION->STILL
151    151    1258         0x04    STILL->MOTION
152    152    1255         0x00    MOTION->STILL
153    153    1253         0x04    STILL->MOTION
154    154    1295         0x00    MOTION->STILL
155    155    1313         0x04    STILL->MOTION
156    156    1291         0x00    MOTION->STILL
157    157    1203         0x04    STILL->MOTION
158    158    1235         0x00    MOTION->STILL
159    159    1251         0x04    STILL->MOTION
160    160    1231         0x00    MOTION->STILL
161    161    1193         0x04    STILL->MOTION
162    162    1285         0x00    MOTION->STILL
163    163    1233         0x04    STILL->MOTION
164    164    1224         0x00    MOTION->STILL
165    165    1196         0x04    STILL->MOTION
166    166    1247         0x00    MOTION->STILL
167    167    1256         0x04    STILL->MOTION
168    168    1312         0x00    MOTION->STILL
169    169    1284         0x04    STILL->MOTION
170    170    1318         0x00    MOTION->STILL
171    171    1215         0x04    STILL->MOTION
172    172    1193         0x00    MOTION->STILL
173    173    1227         0x04    STILL->MOTION
174    174    1337         0x00    MOTION->STILL
175    175    1251         0x04    STILL->MOTION
176    176    1270         0x00    MOTION->STILL
177    177    1242         0x04    STILL->MOTION
178    178    1276         0x00    MOTION->STILL
179    179    1150         0x04    STILL->MOTION
180    180    1164         0x00    MOTION->STILL
181    181    1249         0x04    STILL->MOTION
182    182    1262         0x00    MOTION->STILL
183    183    1248         0x04    STILL->MOTION
184    184    1244         0x00    MOTION->STILL
185    185    1186         0x04    STILL->MOTION
186    186    1192         0x00    MOTION->STILL
187    187    1283         0x04    STILL->MOTION
188    188    1287         0x00    MOTION->STILL
189    189    1235         0x04    STILL->MOTION
190    190    1213         0x00    MOTION->STILL
191    191    1200         0x04    STILL->MOTION
192    192    1219         0x00    MOTION->STILL
193    193    1220         0x04    STILL->MOTION
194    194    1250         0x00    MOTION->STILL
195    195    1269         0x04    STILL->MOTION
196    196    1271         0x00    MOTION->STILL
197    197    1225         0x04    STILL->MOTION
198    198    1226         0x00    MOTION->STILL
199    199    1190         0x04    STILL->MOTION
200    200    1246         0x00    MOTION->STILL
201    201    1234         0x04    STILL->MOTION
202    202    1229         0x00    MOTION->STILL
203    203    1205         0x04    STILL->MOTION
204    204    1227         0x00    MOTION->STILL
205    205    1258         0x04    STILL->MOTION
206    206    1244         0x00    MOTION->STILL
207    207    1196         0x04    STILL->MOTION
208    208    1247         0x00    MOTION->STILL
209    209    1235         0x04    STILL->MOTION
210    210    1194         0x00    MOTION->STILL
211    211    1249         0x04    STILL->MOTION
212    212    1229         0x00    MOTION->STILL
213    213    1303         0x04    STILL->MOTION
214    214    1322         0x00    MOTION->STILL
215    215    1237         0x04    STILL->MOTION
216    216    1269         0x00    MOTION->STILL
217    217    1191         0x04    STILL->MOTION
218    218    1280         0x00    MOTION->STILL
219    219    1222         0x04    STILL->MOTION
220    220    1235         0x00    MOTION->STILL
221    221    1226         0x04    STILL->MOTION
222    222    1251         0x00    MOTION->STILL
223    223    1251         0x04    STILL->MOTION
224    224    1236         0x00    MOTION->STILL
225    225    1185         0x04    STILL->MOTION
226    226    1240         0x00    MOTION->STILL
227    227    1281         0x04    STILL->MOTION
228    228    1187         0x00    MOTION->STILL
229    229    1219         0x04    STILL->MOTION
230    230    1179         0x00    MOTION->STILL
231    231    1282         0x04    STILL->MOTION
232    232    1307         0x00    MOTION->STILL
233    233    1283         0x04    STILL->MOTION
234    234    1217         0x00    MOTION->STILL
235    235    1165         0x04    STILL->MOTION
236    236    1221         0x00    MOTION->STILL
237    237    1170         0x04    STILL->MOTION
238    238    1208         0x00    MOTION->STILL
239    239    1282         0x04    STILL->MOTION
240    240    1207         0x00    MOTION->STILL
241    241    1193         0x04    STILL->MOTION
242    242    1255         0x00    MOTION->STILL
243    243    1245         0x04    STILL->MOTION
244    244    1267         0x00    MOTION->STILL
245    245    1208         0x04    STILL->MOTION
246    246    1192         0x00    MOTION->STILL
247    247    1258         0x04    STILL->MOTION
248    248    1294         0x00    MOTION->STILL
249    249    1169         0x04    STILL->MOTION
250    250    1265         0x00    MOTION->STILL
251    251    1244         0x04    STILL->MOTION
252    252    1225         0x00    MOTION->STILL
253    253    1263         0x04    STILL->MOTION
254    254    1245         0x00    MOTION->STILL
255    255    1293         0x04    STILL->MOTION
256    256    1288         0x00    MOTION->STILL
257    257    1200         0x04    STILL->MOTION
258    258    1284         0x00    MOTION->STILL
259    259    1251         0x04    STILL->MOTION
260    260    1325         0x00    MOTION->STILL
261    261    1279         0x04    STILL->MOTION
262    262    1358         0x00    MOTION->STILL
263    263    1322         0x04    STILL->MOTION
264    264    1271         0x00    MOTION->STILL
265    265    1217         0x04    STILL->MOTION
266    266    1202         0x00    MOTION->STILL
267    267    1281         0x04    STILL->MOTION
268    268    1205         0x00    MOTION->STILL
269    269    1225         0x04    STILL->MOTION
270    270    1283         0x00    MOTION->STILL
271    271    1260         0x04    STILL->MOTION
272    272    1206         0x00    MOTION->STILL
273    273    1268         0x04    STILL->MOTION
274    274    1248         0x00    MOTION->STILL
275    275    1265         0x04    STILL->MOTION
276    276    1282         0x00    MOTION->STILL
277    277    1270         0x04    STILL->MOTION
278    278    1270         0x00    MOTION->STILL
279    279    1220         0x04    STILL->MOTION
280    280    1265         0x00    MOTION->STILL
281    281    1264         0x04    STILL->MOTION
282    282    1210         0x00    MOTION->STILL
283    283    1286         0x04    STILL->MOTION
284    284    1226         0x00    MOTION->STILL
285    285    1248         0x04    STILL->MOTION
286    286    1216         0x00    MOTION->STILL
287    287    1181         0x04    STILL->MOTION
288    288    1221         0x00    MOTION->STILL
289    289    1281         0x04    STILL->MOTION
290    290    1171         0x00    MOTION->STILL
291    291    1177         0x04    STILL->MOTION
292    292    1220         0x00    MOTION->STILL
293    293    1232         0x04    STILL->MOTION
294    294    1269         0x00    MOTION->STILL
295    295    1282         0x04    STILL->MOTION
296    296    1208         0x00    MOTION->STILL
297    297    1282         0x04    STILL->MOTION
298    298    1268         0x00    MOTION->STILL
299    299    1201         0x04    STILL->MOTION
300    300    1232         0x00    MOTION->STILL
301    301    1267         0x04    STILL->MOTION
302    302    1264         0x00    MOTION->STILL
303    303    1374         0x04    STILL->MOTION
304    304    1277         0x00    MOTION->STILL
305    305    1211         0x04    STILL->MOTION
306    306    1276         0x00    MOTION->STILL
307    307    1195         0x04    STILL->MOTION
308    308    1270         0x00    MOTION->STILL
309    309    1307         0x04    STILL->MOTION
310    310    1347         0x00    MOTION->STILL
311    311    1307         0x04    STILL->MOTION
312    312    1257         0x00    MOTION->STILL
313    313    1344         0x04    STILL->MOTION
314    314    1270         0x00    MOTION->STILL
315    315    1266         0x04    STILL->MOTION
316    316    1202         0x00    MOTION->STILL
317    317    1346         0x04    STILL->MOTION
318    318    1300         0x00    MOTION->STILL
319    319    1204         0x04    STILL->MOTION
320    320    1217         0x00    MOTION->STILL
321    321    1194         0x04    STILL->MOTION
322    322    1287         0x00    MOTION->STILL
323    323    1347         0x04    STILL->MOTION
324    324    1203         0x00    MOTION->STILL
325    325    1214         0x04    STILL->MOTION
326    326    1229         0x00    MOTION->STILL
327    327    1189         0x04    STILL->MOTION
328    328    1257         0x00    MOTION->STILL
329    329    1265         0x04    STILL->MOTION
330    330    1306         0x00    MOTION->STILL
331    331    1282         0x04    STILL->MOTION
332    332    1188         0x00    MOTION->STILL
333    333    1234         0x04    STILL->MOTION
334    334    1249         0x00    MOTION->STILL
335    335    1272         0x04    STILL->MOTION
336    336    1286         0x00    MOTION->STILL
337    337    1255         0x04    STILL->MOTION
338    338    1210         0x00    MOTION->STILL
339    339    1216         0x04    STILL->MOTION
340    340    1246         0x00    MOTION->STILL
341    341    1360         0x04    STILL->MOTION
342    342    1249         0x00    MOTION->STILL
343    343    1207         0x04    STILL->MOTION
344    344    1240         0x00    MOTION->STILL
345    345    1263         0x04    STILL->MOTION
346    346    1349         0x00    MOTION->STILL
347    347    1190         0x04    STILL->MOTION
348    348    1247         0x00    MOTION->STILL
349    349    1215         0x04    STILL->MOTION
350    350    1262         0x00    MOTION->STILL
351    351    1266         0x04    STILL->MOTION
352    352    1362         0x00    MOTION->STILL
353    353    1293         0x04    STILL->MOTION
354    354    1265         0x00    MOTION->STILL
355    355    1266         0x04    STILL->MOTION
356    356    1224         0x00    MOTION->STILL
357    357    1207         0x04    STILL->MOTION
358    358    1286         0x00    MOTION->STILL
359    359    1221         0x04    STILL->MOTION
360    360    1317         0x00    MOTION->STILL
361    361    1309         0x04    STILL->MOTION
362    362    1261         0x00    MOTION->STILL
363    363    1376         0x04    STILL->MOTION
364    364    1278         0x00    MOTION->STILL
365    365    1276         0x04    STILL->MOTION
366    366    1340         0x00    MOTION->STILL
367    367    1272         0x04    STILL->MOTION
368    368    1184         0x00    MOTION->STILL
369    369    1185         0x04    STILL->MOTION
370    370    1203         0x00    MOTION->STILL
371    371    1320         0x04    STILL->MOTION
372    372    1265         0x00    MOTION->STILL
373    373    1239         0x04    STILL->MOTION
374    374    1179         0x00    MOTION->STILL
375    375    1214         0x04    STILL->MOTION
376    376    1216         0x00    MOTION->STILL
377    377    1216         0x04    STILL->MOTION
378    378    1252         0x00    MOTION->STILL
379    379    1230         0x04    STILL->MOTION
380    380    1263         0x00    MOTION->STILL
381    381    1190         0x04    STILL->MOTION
382    382    1246         0x00    MOTION->STILL
383    383    1194         0x04    STILL->MOTION
384    384    1236         0x00    MOTION->STILL
385    385    1232         0x04    STILL->MOTION
386    386    1211         0x00    MOTION->STILL
387    387    1222         0x04    STILL->MOTION
388    388    1191         0x00    MOTION->STILL
389    389    1268         0x04    STILL->MOTION
390    390    1214         0x00    MOTION->STILL
391    391    1240         0x04    STILL->MOTION
392    392    1217         0x00    MOTION->STILL
393    393    1288         0x04    STILL->MOTION
394    394    1242         0x00    MOTION->STILL
395    395    1237         0x04    STILL->MOTION
396    396    1208         0x00    MOTION->STILL
397    397    1180         0x04    STILL->MOTION
398    398    1250         0x00    MOTION->STILL
399    399    1194         0x04    STILL->MOTION
400    400    1197         0x00    MOTION->STILL
401    401    1277         0x04    STILL->MOTION
402    402    1210         0x00    MOTION->STILL
403    403    1206         0x04    STILL->MOTION
404    404    1285         0x00    MOTION->STILL
405    405    1267         0x04    STILL->MOTION
406    406    1340         0x00    MOTION->STILL
407    407    1310         0x04    STILL->MOTION
408    408    1275         0x00    MOTION->STILL
409    409    1210         0x04    STILL->MOTION
410    410    1304         0x00    MOTION->STILL
411    411    1205         0x04    STILL->MOTION
412    412    1285         0x00    MOTION->STILL
413    413    1246         0x04    STILL->MOTION
414    414    1221         0x00    MOTION->STILL
415    415    1194         0x04    STILL->MOTION
416    416    1276         0x00    MOTION->STILL
417    417    1318         0x04    STILL->MOTION
418    418    1313         0x00    MOTION->STILL
419    419    1280         0x04    STILL->MOTION
420    420    1223         0x00    MOTION->STILL
421    421    1275         0x04    STILL->MOTION
422    422    1349         0x00    MOTION->STILL
423    423    1294         0x04    STILL->MOTION
424    424    1184         0x00    MOTION->STILL
425    425    1292         0x04    STILL->MOTION
426    426    1194         0x00    MOTION->STILL
427    427    1284         0x04    STILL->MOTION
428    428    1188         0x00    MOTION->STILL
429    429    1203         0x04    STILL->MOTION
430    430    1296         0x00    MOTION->STILL
431    431    1251         0x04    STILL->MOTION
432    432    1180         0x00    MOTION->STILL
433    433    1218         0x04    STILL->MOTION
434    434    1224         0x00    MOTION->STILL
