# servo_sweep log
# mode=burst duration=1800 min_ticks=102 max_ticks=511 center_ticks=307
# motion_ms=5000 still_ms=5000 burst_period_ms=1000
# timestamp = CLOCK_REALTIME microseconds at host i2c_write call
# actual PWM wire edge appears ~100us after timestamp
# columns: timestamp_us,event,ticks
1779773420410406,START,307
1779773420611144,MOTION_PHASE_START,0
1779773420611170,TO_MAX,511
1779773421611880,TO_MIN,102
1779773422612587,TO_MAX,511
1779773423613291,TO_MIN,102
1779773424614000,TO_MAX,511
1779773425614981,STILL_PHASE_START,307
1779773430615703,MOTION_PHASE_START,0
1779773430615740,TO_MAX,511
1779773431616434,TO_MIN,102
1779773432617149,TO_MAX,511
1779773433617864,TO_MIN,102
1779773434618592,TO_MAX,511
1779773435619309,STILL_PHASE_START,307
1779773440620016,MOTION_PHASE_START,0
1779773440620053,TO_MAX,511
1779773441620750,TO_MIN,102
1779773442621468,TO_MAX,511
1779773443622181,TO_MIN,102
1779773444622888,TO_MAX,511
1779773445623591,STILL_PHASE_START,307
1779773450624294,MOTION_PHASE_START,0
1779773450624333,TO_MAX,511
1779773451625022,TO_MIN,102
1779773452647920,TO_MAX,511
1779773453648616,TO_MIN,102
1779773454649328,TO_MAX,511
1779773455650038,STILL_PHASE_START,307
1779773460650748,MOTION_PHASE_START,0
1779773460650793,TO_MAX,511
1779773461651478,TO_MIN,102
1779773462652189,TO_MAX,511
1779773463652909,TO_MIN,102
1779773464653609,TO_MAX,511
1779773465654317,STILL_PHASE_START,307
1779773470655024,MOTION_PHASE_START,0
1779773470655072,TO_MAX,511
1779773471655758,TO_MIN,102
1779773472656452,TO_MAX,511
1779773473657160,TO_MIN,102
1779773474657870,TO_MAX,511
1779773475658575,STILL_PHASE_START,307
1779773480659284,MOTION_PHASE_START,0
1779773480659323,TO_MAX,511
1779773481660004,TO_MIN,102
1779773482660706,TO_MAX,511
1779773483661410,TO_MIN,102
1779773484662121,TO_MAX,511
1779773485662831,STILL_PHASE_START,307
1779773490663555,MOTION_PHASE_START,0
1779773490663596,TO_MAX,511
1779773491664285,TO_MIN,102
1779773492664990,TO_MAX,511
1779773493665694,TO_MIN,102
1779773494666396,TO_MAX,511
1779773495667106,STILL_PHASE_START,307
1779773500667820,MOTION_PHASE_START,0
1779773500667861,TO_MAX,511
1779773501668549,TO_MIN,102
1779773502669252,TO_MAX,511
1779773503669967,TO_MIN,102
1779773504670669,TO_MAX,511
1779773505671384,STILL_PHASE_START,307
1779773510672090,MOTION_PHASE_START,0
1779773510672127,TO_MAX,511
1779773511672808,TO_MIN,102
1779773512673507,TO_MAX,511
1779773513674216,TO_MIN,102
1779773514674920,TO_MAX,511
1779773515675625,STILL_PHASE_START,307
1779773520676344,MOTION_PHASE_START,0
1779773520676394,TO_MAX,511
1779773521677090,TO_MIN,102
1779773522677800,TO_MAX,511
1779773523678515,TO_MIN,102
1779773524679184,TO_MAX,511
1779773525679888,STILL_PHASE_START,307
1779773530680620,MOTION_PHASE_START,0
1779773530680668,TO_MAX,511
1779773531681359,TO_MIN,102
1779773532682066,TO_MAX,511
1779773533682765,TO_MIN,102
1779773534683476,TO_MAX,511
1779773535684183,STILL_PHASE_START,307
1779773540684902,MOTION_PHASE_START,0
1779773540684943,TO_MAX,511
1779773541685632,TO_MIN,102
1779773542686349,TO_MAX,511
1779773543687050,TO_MIN,102
1779773544687772,TO_MAX,511
1779773545688474,STILL_PHASE_START,307
1779773550689181,MOTION_PHASE_START,0
1779773550689219,TO_MAX,511
1779773551689908,TO_MIN,102
1779773552690633,TO_MAX,511
1779773553691359,TO_MIN,102
1779773554692075,TO_MAX,511
1779773555692804,STILL_PHASE_START,307
1779773560693525,MOTION_PHASE_START,0
1779773560693557,TO_MAX,511
1779773561694246,TO_MIN,102
1779773562694984,TO_MAX,511
1779773563695688,TO_MIN,102
1779773564696395,TO_MAX,511
1779773565697100,STILL_PHASE_START,307
1779773570697824,MOTION_PHASE_START,0
1779773570697853,TO_MAX,511
1779773571698543,TO_MIN,102
1779773572699286,TO_MAX,511
1779773573700012,TO_MIN,102
1779773574700738,TO_MAX,511
1779773575701480,STILL_PHASE_START,307
1779773580702208,MOTION_PHASE_START,0
1779773580702267,TO_MAX,511
1779773581702963,TO_MIN,102
1779773582703669,TO_MAX,511
1779773583704376,TO_MIN,102
1779773584705078,TO_MAX,511
1779773585705777,STILL_PHASE_START,307
1779773590706485,MOTION_PHASE_START,0
1779773590706532,TO_MAX,511
1779773591707182,TO_MIN,102
1779773592707910,TO_MAX,511
1779773593708616,TO_MIN,102
1779773594709317,TO_MAX,511
1779773595710014,STILL_PHASE_START,307
1779773600710727,MOTION_PHASE_START,0
1779773600710762,TO_MAX,511
1779773601711443,TO_MIN,102
1779773602712147,TO_MAX,511
1779773603712850,TO_MIN,102
1779773604713541,TO_MAX,511
1779773605714244,STILL_PHASE_START,307
1779773610714953,MOTION_PHASE_START,0
1779773610714994,TO_MAX,511
1779773611715677,TO_MIN,102
1779773612716383,TO_MAX,511
1779773613717086,TO_MIN,102
1779773614717789,TO_MAX,511
1779773615718490,STILL_PHASE_START,307
1779773620719185,MOTION_PHASE_START,0
1779773620719226,TO_MAX,511
1779773621720031,TO_MIN,102
1779773622720732,TO_MAX,511
1779773623721460,TO_MIN,102
1779773624722167,TO_MAX,511
1779773625722862,STILL_PHASE_START,307
1779773630723567,MOTION_PHASE_START,0
1779773630723607,TO_MAX,511
1779773631724286,TO_MIN,102
1779773632724982,TO_MAX,511
1779773633725684,TO_MIN,102
1779773634726389,TO_MAX,511
1779773635727100,STILL_PHASE_START,307
1779773640727802,MOTION_PHASE_START,0
1779773640727835,TO_MAX,511
1779773641728522,TO_MIN,102
1779773642729224,TO_MAX,511
1779773643729913,TO_MIN,102
1779773644730609,TO_MAX,511
1779773645731313,STILL_PHASE_START,307
1779773650732018,MOTION_PHASE_START,0
1779773650732056,TO_MAX,511
1779773651732742,TO_MIN,102
1779773652733450,TO_MAX,511
1779773653734160,TO_MIN,102
1779773654734862,TO_MAX,511
1779773655735563,STILL_PHASE_START,307
1779773660736273,MOTION_PHASE_START,0
1779773660736318,TO_MAX,511
1779773661737002,TO_MIN,102
1779773662737712,TO_MAX,511
1779773663738423,TO_MIN,102
1779773664739133,TO_MAX,511
1779773665739841,STILL_PHASE_START,307
1779773670740552,MOTION_PHASE_START,0
1779773670740587,TO_MAX,511
1779773671741274,TO_MIN,102
1779773672741978,TO_MAX,511
1779773673742671,TO_MIN,102
1779773674743368,TO_MAX,511
1779773675744070,STILL_PHASE_START,307
1779773680744773,MOTION_PHASE_START,0
1779773680744813,TO_MAX,511
1779773681745508,TO_MIN,102
1779773682746224,TO_MAX,511
1779773683746938,TO_MIN,102
1779773684747644,TO_MAX,511
1779773685748349,STILL_PHASE_START,307
1779773690749048,MOTION_PHASE_START,0
1779773690749080,TO_MAX,511
1779773691749770,TO_MIN,102
1779773692750479,TO_MAX,511
1779773693751182,TO_MIN,102
1779773694751877,TO_MAX,511
1779773695752581,STILL_PHASE_START,307
1779773700753277,MOTION_PHASE_START,0
1779773700753315,TO_MAX,511
1779773701754010,TO_MIN,102
1779773702754718,TO_MAX,511
1779773703755432,TO_MIN,102
1779773704756139,TO_MAX,511
1779773705756854,STILL_PHASE_START,307
1779773710757566,MOTION_PHASE_START,0
1779773710757730,TO_MAX,511
1779773711758421,TO_MIN,102
1779773712759120,TO_MAX,511
1779773713759826,TO_MIN,102
1779773714760532,TO_MAX,511
1779773715761232,STILL_PHASE_START,307
1779773720761938,MOTION_PHASE_START,0
1779773720761972,TO_MAX,511
1779773721762660,TO_MIN,102
1779773722763371,TO_MAX,511
1779773723764086,TO_MIN,102
1779773724764800,TO_MAX,511
1779773725765506,STILL_PHASE_START,307
1779773730766214,MOTION_PHASE_START,0
1779773730766249,TO_MAX,511
1779773731766941,TO_MIN,102
1779773732767640,TO_MAX,511
1779773733768354,TO_MIN,102
1779773734769067,TO_MAX,511
1779773735769772,STILL_PHASE_START,307
1779773740770495,MOTION_PHASE_START,0
1779773740770534,TO_MAX,511
1779773741771227,TO_MIN,102
1779773742771941,TO_MAX,511
1779773743772651,TO_MIN,102
1779773744773361,TO_MAX,511
1779773745774103,STILL_PHASE_START,307
1779773750774803,MOTION_PHASE_START,0
1779773750774842,TO_MAX,511
1779773751775537,TO_MIN,102
1779773752776242,TO_MAX,511
1779773753776951,TO_MIN,102
1779773754777661,TO_MAX,511
1779773755778365,STILL_PHASE_START,307
1779773760779064,MOTION_PHASE_START,0
1779773760779105,TO_MAX,511
1779773761779789,TO_MIN,102
1779773762780510,TO_MAX,511
1779773763781224,TO_MIN,102
1779773764781939,TO_MAX,511
1779773765782647,STILL_PHASE_START,307
1779773770783359,MOTION_PHASE_START,0
1779773770783406,TO_MAX,511
1779773771784099,TO_MIN,102
1779773772784863,TO_MAX,511
1779773773785567,TO_MIN,102
1779773774786275,TO_MAX,511
1779773775786980,STILL_PHASE_START,307
1779773780787687,MOTION_PHASE_START,0
1779773780787726,TO_MAX,511
1779773781788443,TO_MIN,102
1779773782789145,TO_MAX,511
1779773783789850,TO_MIN,102
1779773784790555,TO_MAX,511
1779773785791266,STILL_PHASE_START,307
1779773790791974,MOTION_PHASE_START,0
1779773790792022,TO_MAX,511
1779773791792711,TO_MIN,102
1779773792793425,TO_MAX,511
1779773793794137,TO_MIN,102
1779773794794838,TO_MAX,511
1779773795795544,STILL_PHASE_START,307
1779773800796262,MOTION_PHASE_START,0
1779773800796297,TO_MAX,511
1779773801796989,TO_MIN,102
1779773802797693,TO_MAX,511
1779773803798400,TO_MIN,102
1779773804799104,TO_MAX,511
1779773805799806,STILL_PHASE_START,307
1779773810800513,MOTION_PHASE_START,0
1779773810800546,TO_MAX,511
1779773811801241,TO_MIN,102
1779773812801943,TO_MAX,511
1779773813802655,TO_MIN,102
1779773814803369,TO_MAX,511
1779773815804080,STILL_PHASE_START,307
1779773820804789,MOTION_PHASE_START,0
1779773820804826,TO_MAX,511
1779773821805526,TO_MIN,102
1779773822806236,TO_MAX,511
1779773823806937,TO_MIN,102
1779773824807640,TO_MAX,511
1779773825808343,STILL_PHASE_START,307
1779773830809064,MOTION_PHASE_START,0
1779773830809108,TO_MAX,511
1779773831809806,TO_MIN,102
1779773832810513,TO_MAX,511
1779773833811229,TO_MIN,102
1779773834811940,TO_MAX,511
1779773835812654,STILL_PHASE_START,307
1779773840813362,MOTION_PHASE_START,0
1779773840813391,TO_MAX,511
1779773841814076,TO_MIN,102
1779773842814774,TO_MAX,511
1779773843815478,TO_MIN,102
1779773844816173,TO_MAX,511
1779773845816881,STILL_PHASE_START,307
1779773850817595,MOTION_PHASE_START,0
1779773850817637,TO_MAX,511
1779773851818323,TO_MIN,102
1779773852819032,TO_MAX,511
1779773853819735,TO_MIN,102
1779773854820435,TO_MAX,511
1779773855821146,STILL_PHASE_START,307
1779773860821858,MOTION_PHASE_START,0
1779773860821889,TO_MAX,511
1779773861822577,TO_MIN,102
1779773862823289,TO_MAX,511
1779773863823994,TO_MIN,102
1779773864824692,TO_MAX,511
1779773865825399,STILL_PHASE_START,307
1779773870826104,MOTION_PHASE_START,0
1779773870826140,TO_MAX,511
1779773871826833,TO_MIN,102
1779773872827551,TO_MAX,511
1779773873828266,TO_MIN,102
1779773874828972,TO_MAX,511
1779773875829674,STILL_PHASE_START,307
1779773880830380,MOTION_PHASE_START,0
1779773880830420,TO_MAX,511
1779773881831107,TO_MIN,102
1779773882831817,TO_MAX,511
1779773883832523,TO_MIN,102
1779773884833224,TO_MAX,511
1779773885833928,STILL_PHASE_START,307
1779773890834640,MOTION_PHASE_START,0
1779773890834673,TO_MAX,511
1779773891835365,TO_MIN,102
1779773892836068,TO_MAX,511
1779773893836766,TO_MIN,102
1779773894837475,TO_MAX,511
1779773895838175,STILL_PHASE_START,307
1779773900838876,MOTION_PHASE_START,0
1779773900838906,TO_MAX,511
1779773901839594,TO_MIN,102
1779773902840322,TO_MAX,511
1779773903841026,TO_MIN,102
1779773904841726,TO_MAX,511
1779773905842430,STILL_PHASE_START,307
1779773910843147,MOTION_PHASE_START,0
1779773910843186,TO_MAX,511
1779773911843889,TO_MIN,102
1779773912844597,TO_MAX,511
1779773913845307,TO_MIN,102
1779773914846016,TO_MAX,511
1779773915846716,STILL_PHASE_START,307
1779773920847426,MOTION_PHASE_START,0
1779773920847457,TO_MAX,511
1779773921848143,TO_MIN,102
1779773922848850,TO_MAX,511
1779773923849550,TO_MIN,102
1779773924850251,TO_MAX,511
1779773925850958,STILL_PHASE_START,307
1779773930851664,MOTION_PHASE_START,0
1779773930851696,TO_MAX,511
1779773931852392,TO_MIN,102
1779773932853096,TO_MAX,511
1779773933853812,TO_MIN,102
1779773934854521,TO_MAX,511
1779773935855184,STILL_PHASE_START,307
1779773940855894,MOTION_PHASE_START,0
1779773940855921,TO_MAX,511
1779773941856614,TO_MIN,102
1779773942857319,TO_MAX,511
1779773943858027,TO_MIN,102
1779773944858729,TO_MAX,511
1779773945859424,STILL_PHASE_START,307
1779773950860130,MOTION_PHASE_START,0
1779773950860160,TO_MAX,511
1779773951860862,TO_MIN,102
1779773952861571,TO_MAX,511
1779773953862269,TO_MIN,102
1779773954862967,TO_MAX,511
1779773955863661,STILL_PHASE_START,307
1779773960864369,MOTION_PHASE_START,0
1779773960864399,TO_MAX,511
1779773961865093,TO_MIN,102
1779773962865808,TO_MAX,511
1779773963866525,TO_MIN,102
1779773964867232,TO_MAX,511
1779773965867942,STILL_PHASE_START,307
1779773970868658,MOTION_PHASE_START,0
1779773970868711,TO_MAX,511
1779773971869404,TO_MIN,102
1779773972870125,TO_MAX,511
1779773973870828,TO_MIN,102
1779773974871548,TO_MAX,511
1779773975872254,STILL_PHASE_START,307
1779773980872963,MOTION_PHASE_START,0
1779773980872990,TO_MAX,511
1779773981873680,TO_MIN,102
1779773982874381,TO_MAX,511
1779773983875088,TO_MIN,102
1779773984875800,TO_MAX,511
1779773985876507,STILL_PHASE_START,307
1779773990877219,MOTION_PHASE_START,0
1779773990877246,TO_MAX,511
1779773991877933,TO_MIN,102
1779773992878638,TO_MAX,511
1779773993879339,TO_MIN,102
1779773994880053,TO_MAX,511
1779773995880760,STILL_PHASE_START,307
1779774000881475,MOTION_PHASE_START,0
1779774000881506,TO_MAX,511
1779774001882200,TO_MIN,102
1779774002882914,TO_MAX,511
1779774003883641,TO_MIN,102
1779774004884348,TO_MAX,511
1779774005885047,STILL_PHASE_START,307
1779774010885752,MOTION_PHASE_START,0
1779774010885780,TO_MAX,511
1779774011886470,TO_MIN,102
1779774012887188,TO_MAX,511
1779774013887902,TO_MIN,102
1779774014888612,TO_MAX,511
1779774015889318,STILL_PHASE_START,307
1779774020890024,MOTION_PHASE_START,0
1779774020890055,TO_MAX,511
1779774021890749,TO_MIN,102
1779774022891450,TO_MAX,511
1779774023892154,TO_MIN,102
1779774024892865,TO_MAX,511
1779774025893566,STILL_PHASE_START,307
1779774030894295,MOTION_PHASE_START,0
1779774030894326,TO_MAX,511
1779774031895020,TO_MIN,102
1779774032895734,TO_MAX,511
1779774033896443,TO_MIN,102
1779774034897153,TO_MAX,511
1779774035897863,STILL_PHASE_START,307
1779774040898581,MOTION_PHASE_START,0
1779774040898609,TO_MAX,511
1779774041899292,TO_MIN,102
1779774042900018,TO_MAX,511
1779774043900727,TO_MIN,102
1779774044901436,TO_MAX,511
1779774045902147,STILL_PHASE_START,307
1779774050902865,MOTION_PHASE_START,0
1779774050902899,TO_MAX,511
1779774051903590,TO_MIN,102
1779774052904303,TO_MAX,511
1779774053905023,TO_MIN,102
1779774054905729,TO_MAX,511
1779774055906441,STILL_PHASE_START,307
1779774060907155,MOTION_PHASE_START,0
1779774060907209,TO_MAX,511
1779774061907898,TO_MIN,102
1779774062908603,TO_MAX,511
1779774063909307,TO_MIN,102
1779774064910010,TO_MAX,511
1779774065910713,STILL_PHASE_START,307
1779774070911431,MOTION_PHASE_START,0
1779774070911465,TO_MAX,511
1779774071912164,TO_MIN,102
1779774072912865,TO_MAX,511
1779774073913560,TO_MIN,102
1779774074914266,TO_MAX,511
1779774075914980,STILL_PHASE_START,307
1779774080915678,MOTION_PHASE_START,0
1779774080915701,TO_MAX,511
1779774081916409,TO_MIN,102
1779774082917116,TO_MAX,511
1779774083917828,TO_MIN,102
1779774084918534,TO_MAX,511
1779774085919234,STILL_PHASE_START,307
1779774090919950,MOTION_PHASE_START,0
1779774090919976,TO_MAX,511
1779774091920669,TO_MIN,102
1779774092921383,TO_MAX,511
1779774093922079,TO_MIN,102
1779774094922782,TO_MAX,511
1779774095923487,STILL_PHASE_START,307
1779774100924207,MOTION_PHASE_START,0
1779774100924234,TO_MAX,511
1779774101924920,TO_MIN,102
1779774102925633,TO_MAX,511
1779774103926348,TO_MIN,102
1779774104927070,TO_MAX,511
1779774105927792,STILL_PHASE_START,307
1779774110928501,MOTION_PHASE_START,0
1779774110928531,TO_MAX,511
1779774111929222,TO_MIN,102
1779774112929928,TO_MAX,511
1779774113930646,TO_MIN,102
1779774114931353,TO_MAX,511
1779774115932058,STILL_PHASE_START,307
1779774120932764,MOTION_PHASE_START,0
1779774120932794,TO_MAX,511
1779774121933483,TO_MIN,102
1779774122934180,TO_MAX,511
1779774123934892,TO_MIN,102
1779774124935604,TO_MAX,511
1779774125936319,STILL_PHASE_START,307
1779774130937067,MOTION_PHASE_START,0
1779774130937104,TO_MAX,511
1779774131937803,TO_MIN,102
1779774132938538,TO_MAX,511
1779774133939278,TO_MIN,102
1779774134940009,TO_MAX,511
1779774135940726,STILL_PHASE_START,307
1779774140941437,MOTION_PHASE_START,0
1779774140941470,TO_MAX,511
1779774141942158,TO_MIN,102
1779774142942861,TO_MAX,511
1779774143943557,TO_MIN,102
1779774144944262,TO_MAX,511
1779774145944961,STILL_PHASE_START,307
1779774150945664,MOTION_PHASE_START,0
1779774150945694,TO_MAX,511
1779774151946372,TO_MIN,102
1779774152947082,TO_MAX,511
1779774153947788,TO_MIN,102
1779774154948504,TO_MAX,511
1779774155949213,STILL_PHASE_START,307
1779774160949924,MOTION_PHASE_START,0
1779774160950014,TO_MAX,511
1779774161950714,TO_MIN,102
1779774162951424,TO_MAX,511
1779774163952130,TO_MIN,102
1779774164952836,TO_MAX,511
1779774165953536,STILL_PHASE_START,307
1779774170954283,MOTION_PHASE_START,0
1779774170954339,TO_MAX,511
1779774171955021,TO_MIN,102
1779774172955732,TO_MAX,511
1779774173956440,TO_MIN,102
1779774174957148,TO_MAX,511
1779774175957857,STILL_PHASE_START,307
1779774180958575,MOTION_PHASE_START,0
1779774180958611,TO_MAX,511
1779774181959311,TO_MIN,102
1779774182960028,TO_MAX,511
1779774183960736,TO_MIN,102
1779774184961442,TO_MAX,511
1779774185962164,STILL_PHASE_START,307
1779774190962882,MOTION_PHASE_START,0
1779774190962925,TO_MAX,511
1779774191963615,TO_MIN,102
1779774192964326,TO_MAX,511
1779774193965030,TO_MIN,102
1779774194965734,TO_MAX,511
1779774195966441,STILL_PHASE_START,307
1779774200967148,MOTION_PHASE_START,0
1779774200967196,TO_MAX,511
1779774201967881,TO_MIN,102
1779774202968579,TO_MAX,511
1779774203969285,TO_MIN,102
1779774204969995,TO_MAX,511
1779774205970705,STILL_PHASE_START,307
1779774210971419,MOTION_PHASE_START,0
1779774210971449,TO_MAX,511
1779774211972142,TO_MIN,102
1779774212972850,TO_MAX,511
1779774213973551,TO_MIN,102
1779774214974248,TO_MAX,511
1779774215974963,STILL_PHASE_START,307
1779774220975691,MOTION_PHASE_START,0
1779774220975730,TO_MAX,511
1779774221976422,TO_MIN,102
1779774222977141,TO_MAX,511
1779774223977852,TO_MIN,102
1779774224978564,TO_MAX,511
1779774225979281,STILL_PHASE_START,307
1779774230979986,MOTION_PHASE_START,0
1779774230980011,TO_MAX,511
1779774231980694,TO_MIN,102
1779774232981392,TO_MAX,511
1779774233982097,TO_MIN,102
1779774234982799,TO_MAX,511
1779774235983508,STILL_PHASE_START,307
1779774240984226,MOTION_PHASE_START,0
1779774240984259,TO_MAX,511
1779774241984969,TO_MIN,102
1779774242985689,TO_MAX,511
1779774243986399,TO_MIN,102
1779774244987103,TO_MAX,511
1779774245987804,STILL_PHASE_START,307
1779774250988518,MOTION_PHASE_START,0
1779774250988563,TO_MAX,511
1779774251989269,TO_MIN,102
1779774252989982,TO_MAX,511
1779774253990684,TO_MIN,102
1779774254991401,TO_MAX,511
1779774255992108,STILL_PHASE_START,307
1779774260992815,MOTION_PHASE_START,0
1779774260992842,TO_MAX,511
1779774261993535,TO_MIN,102
1779774262994246,TO_MAX,511
1779774263994957,TO_MIN,102
1779774264995663,TO_MAX,511
1779774265996379,STILL_PHASE_START,307
1779774270997101,MOTION_PHASE_START,0
1779774270997131,TO_MAX,511
1779774271997818,TO_MIN,102
1779774272998520,TO_MAX,511
1779774273999183,TO_MIN,102
1779774274999887,TO_MAX,511
1779774276000594,STILL_PHASE_START,307
1779774281001305,MOTION_PHASE_START,0
1779774281001337,TO_MAX,511
1779774282002024,TO_MIN,102
1779774283002731,TO_MAX,511
1779774284003443,TO_MIN,102
1779774285004153,TO_MAX,511
1779774286004859,STILL_PHASE_START,307
1779774291005559,MOTION_PHASE_START,0
1779774291005591,TO_MAX,511
1779774292006274,TO_MIN,102
1779774293006978,TO_MAX,511
1779774294007695,TO_MIN,102
1779774295008402,TO_MAX,511
1779774296009113,STILL_PHASE_START,307
1779774301009820,MOTION_PHASE_START,0
1779774301009853,TO_MAX,511
1779774302010532,TO_MIN,102
1779774303011258,TO_MAX,511
1779774304011969,TO_MIN,102
1779774305012676,TO_MAX,511
1779774306013384,STILL_PHASE_START,307
1779774311014110,MOTION_PHASE_START,0
1779774311014144,TO_MAX,511
1779774312014839,TO_MIN,102
1779774313015540,TO_MAX,511
1779774314016248,TO_MIN,102
1779774315016948,TO_MAX,511
1779774316017649,STILL_PHASE_START,307
1779774321026853,MOTION_PHASE_START,0
1779774321026891,TO_MAX,511
1779774322027599,TO_MIN,102
1779774323028302,TO_MAX,511
1779774324029010,TO_MIN,102
1779774325029715,TO_MAX,511
1779774326030417,STILL_PHASE_START,307
1779774331031153,MOTION_PHASE_START,0
1779774331031219,TO_MAX,511
1779774332031905,TO_MIN,102
1779774333032617,TO_MAX,511
1779774334033326,TO_MIN,102
1779774335034028,TO_MAX,511
1779774336034734,STILL_PHASE_START,307
1779774341035439,MOTION_PHASE_START,0
1779774341035473,TO_MAX,511
1779774342036152,TO_MIN,102
1779774343036856,TO_MAX,511
1779774344037561,TO_MIN,102
1779774345038304,TO_MAX,511
1779774346039012,STILL_PHASE_START,307
1779774351039746,MOTION_PHASE_START,0
1779774351039784,TO_MAX,511
1779774352040465,TO_MIN,102
1779774353041169,TO_MAX,511
1779774354041878,TO_MIN,102
1779774355042579,TO_MAX,511
1779774356043283,STILL_PHASE_START,307
1779774361043993,MOTION_PHASE_START,0
1779774361044031,TO_MAX,511
1779774362044716,TO_MIN,102
1779774363045422,TO_MAX,511
1779774364046119,TO_MIN,102
1779774365046820,TO_MAX,511
1779774366047519,STILL_PHASE_START,307
1779774371048220,MOTION_PHASE_START,0
1779774371048252,TO_MAX,511
1779774372048934,TO_MIN,102
1779774373049638,TO_MAX,511
1779774374050346,TO_MIN,102
1779774375051057,TO_MAX,511
1779774376051770,STILL_PHASE_START,307
1779774381052480,MOTION_PHASE_START,0
1779774381052507,TO_MAX,511
1779774382053196,TO_MIN,102
1779774383053905,TO_MAX,511
1779774384054610,TO_MIN,102
1779774385055311,TO_MAX,511
1779774386056012,STILL_PHASE_START,307
1779774391056715,MOTION_PHASE_START,0
1779774391056745,TO_MAX,511
1779774392057430,TO_MIN,102
1779774393058131,TO_MAX,511
1779774394058834,TO_MIN,102
1779774395059533,TO_MAX,511
1779774396060235,STILL_PHASE_START,307
1779774401060937,MOTION_PHASE_START,0
1779774401060976,TO_MAX,511
1779774402061754,TO_MIN,102
1779774403062461,TO_MAX,511
1779774404063186,TO_MIN,102
1779774405063886,TO_MAX,511
1779774406064597,STILL_PHASE_START,307
1779774411065338,MOTION_PHASE_START,0
1779774411065373,TO_MAX,511
1779774412066080,TO_MIN,102
1779774413066779,TO_MAX,511
1779774414067480,TO_MIN,102
1779774415068182,TO_MAX,511
1779774416068881,STILL_PHASE_START,307
1779774421069592,MOTION_PHASE_START,0
1779774421069629,TO_MAX,511
1779774422070314,TO_MIN,102
1779774423071021,TO_MAX,511
1779774424071730,TO_MIN,102
1779774425072453,TO_MAX,511
1779774426073165,STILL_PHASE_START,307
1779774431073911,MOTION_PHASE_START,0
1779774431073948,TO_MAX,511
1779774432074631,TO_MIN,102
1779774433075392,TO_MAX,511
1779774434076118,TO_MIN,102
1779774435076826,TO_MAX,511
1779774436077533,STILL_PHASE_START,307
1779774441078234,MOTION_PHASE_START,0
1779774441078270,TO_MAX,511
1779774442078972,TO_MIN,102
1779774443079695,TO_MAX,511
1779774444080409,TO_MIN,102
1779774445081106,TO_MAX,511
1779774446081805,STILL_PHASE_START,307
1779774451082511,MOTION_PHASE_START,0
1779774451082536,TO_MAX,511
1779774452083183,TO_MIN,102
1779774453083880,TO_MAX,511
1779774454084581,TO_MIN,102
1779774455085278,TO_MAX,511
1779774456085975,STILL_PHASE_START,307
1779774461086686,MOTION_PHASE_START,0
1779774461086720,TO_MAX,511
1779774462087406,TO_MIN,102
1779774463088110,TO_MAX,511
1779774464088811,TO_MIN,102
1779774465089514,TO_MAX,511
1779774466090217,STILL_PHASE_START,307
1779774471090928,MOTION_PHASE_START,0
1779774471090959,TO_MAX,511
1779774472091647,TO_MIN,102
1779774473092346,TO_MAX,511
1779774474093046,TO_MIN,102
1779774475093742,TO_MAX,511
1779774476094446,STILL_PHASE_START,307
1779774481095151,MOTION_PHASE_START,0
1779774481095197,TO_MAX,511
1779774482095888,TO_MIN,102
1779774483096598,TO_MAX,511
1779774484097297,TO_MIN,102
1779774485098004,TO_MAX,511
1779774486098719,STILL_PHASE_START,307
1779774491099439,MOTION_PHASE_START,0
1779774491099473,TO_MAX,511
1779774492100180,TO_MIN,102
1779774493100891,TO_MAX,511
1779774494101613,TO_MIN,102
1779774495102331,TO_MAX,511
1779774496103041,STILL_PHASE_START,307
1779774501103758,MOTION_PHASE_START,0
1779774501103790,TO_MAX,511
1779774502104492,TO_MIN,102
1779774503105201,TO_MAX,511
1779774504105915,TO_MIN,102
1779774505106621,TO_MAX,511
1779774506107324,STILL_PHASE_START,307
1779774511108024,MOTION_PHASE_START,0
1779774511108053,TO_MAX,511
1779774512108734,TO_MIN,102
1779774513109450,TO_MAX,511
1779774514110160,TO_MIN,102
1779774515110871,TO_MAX,511
1779774516111581,STILL_PHASE_START,307
1779774521112303,MOTION_PHASE_START,0
1779774521112342,TO_MAX,511
1779774522113029,TO_MIN,102
1779774523113740,TO_MAX,511
1779774524114452,TO_MIN,102
1779774525115154,TO_MAX,511
1779774526115877,STILL_PHASE_START,307
1779774531116584,MOTION_PHASE_START,0
1779774531116618,TO_MAX,511
1779774532117314,TO_MIN,102
1779774533118017,TO_MAX,511
1779774534118719,TO_MIN,102
1779774535119422,TO_MAX,511
1779774536120150,STILL_PHASE_START,307
1779774541120852,MOTION_PHASE_START,0
1779774541120883,TO_MAX,511
1779774542121566,TO_MIN,102
1779774543122269,TO_MAX,511
1779774544122975,TO_MIN,102
1779774545123679,TO_MAX,511
1779774546124387,STILL_PHASE_START,307
1779774551125100,MOTION_PHASE_START,0
1779774551125133,TO_MAX,511
1779774552125818,TO_MIN,102
1779774553126521,TO_MAX,511
1779774554127226,TO_MIN,102
1779774555127932,TO_MAX,511
1779774556128637,STILL_PHASE_START,307
1779774561129347,MOTION_PHASE_START,0
1779774561129376,TO_MAX,511
1779774562130064,TO_MIN,102
1779774563130766,TO_MAX,511
1779774564131470,TO_MIN,102
1779774565132172,TO_MAX,511
1779774566132878,STILL_PHASE_START,307
1779774571133590,MOTION_PHASE_START,0
1779774571133619,TO_MAX,511
1779774572134308,TO_MIN,102
1779774573135009,TO_MAX,511
1779774574135713,TO_MIN,102
1779774575136421,TO_MAX,511
1779774576137126,STILL_PHASE_START,307
1779774581137835,MOTION_PHASE_START,0
1779774581137867,TO_MAX,511
1779774582138554,TO_MIN,102
1779774583139282,TO_MAX,511
1779774584139993,TO_MIN,102
1779774585140701,TO_MAX,511
1779774586141399,STILL_PHASE_START,307
1779774591142106,MOTION_PHASE_START,0
1779774591142132,TO_MAX,511
1779774592142818,TO_MIN,102
1779774593143524,TO_MAX,511
1779774594144223,TO_MIN,102
1779774595144928,TO_MAX,511
1779774596145635,STILL_PHASE_START,307
1779774601146366,MOTION_PHASE_START,0
1779774601146400,TO_MAX,511
1779774602147091,TO_MIN,102
1779774603147801,TO_MAX,511
1779774604148513,TO_MIN,102
1779774605149223,TO_MAX,511
1779774606149926,STILL_PHASE_START,307
1779774611150641,MOTION_PHASE_START,0
1779774611150672,TO_MAX,511
1779774612151369,TO_MIN,102
1779774613152079,TO_MAX,511
1779774614152789,TO_MIN,102
1779774615153499,TO_MAX,511
1779774616154209,STILL_PHASE_START,307
1779774621154927,MOTION_PHASE_START,0
1779774621154958,TO_MAX,511
1779774622155639,TO_MIN,102
1779774623156345,TO_MAX,511
1779774624157054,TO_MIN,102
1779774625157759,TO_MAX,511
1779774626158462,STILL_PHASE_START,307
1779774631159189,MOTION_PHASE_START,0
1779774631159227,TO_MAX,511
1779774632159913,TO_MIN,102
1779774633160638,TO_MAX,511
1779774634161336,TO_MIN,102
1779774635162051,TO_MAX,511
1779774636162755,STILL_PHASE_START,307
1779774641163454,MOTION_PHASE_START,0
1779774641163488,TO_MAX,511
1779774642164182,TO_MIN,102
1779774643164889,TO_MAX,511
1779774644165591,TO_MIN,102
1779774645166298,TO_MAX,511
1779774646167002,STILL_PHASE_START,307
1779774651167712,MOTION_PHASE_START,0
1779774651167747,TO_MAX,511
1779774652168445,TO_MIN,102
1779774653169158,TO_MAX,511
1779774654169876,TO_MIN,102
1779774655170597,TO_MAX,511
1779774656171320,STILL_PHASE_START,307
1779774661172036,MOTION_PHASE_START,0
1779774661172069,TO_MAX,511
1779774662172763,TO_MIN,102
1779774663173478,TO_MAX,511
1779774664174197,TO_MIN,102
1779774665174912,TO_MAX,511
1779774666175618,STILL_PHASE_START,307
1779774671176330,MOTION_PHASE_START,0
1779774671176363,TO_MAX,511
1779774672177057,TO_MIN,102
1779774673177764,TO_MAX,511
1779774674178467,TO_MIN,102
1779774675179183,TO_MAX,511
1779774676179887,STILL_PHASE_START,307
1779774681180588,MOTION_PHASE_START,0
1779774681180618,TO_MAX,511
1779774682181307,TO_MIN,102
1779774683182021,TO_MAX,511
1779774684182730,TO_MIN,102
1779774685183438,TO_MAX,511
1779774686184155,STILL_PHASE_START,307
1779774691184861,MOTION_PHASE_START,0
1779774691184891,TO_MAX,511
1779774692185578,TO_MIN,102
1779774693186287,TO_MAX,511
1779774694187000,TO_MIN,102
1779774695187700,TO_MAX,511
1779774696188408,STILL_PHASE_START,307
1779774701189121,MOTION_PHASE_START,0
1779774701189148,TO_MAX,511
1779774702189854,TO_MIN,102
1779774703190558,TO_MAX,511
1779774704191262,TO_MIN,102
1779774705191956,TO_MAX,511
1779774706193018,STILL_PHASE_START,307
1779774711193742,MOTION_PHASE_START,0
1779774711193774,TO_MAX,511
1779774712194465,TO_MIN,102
1779774713195186,TO_MAX,511
1779774714195889,TO_MIN,102
1779774715196591,TO_MAX,511
1779774716197291,STILL_PHASE_START,307
1779774721197998,MOTION_PHASE_START,0
1779774721198031,TO_MAX,511
1779774722198719,TO_MIN,102
1779774723199428,TO_MAX,511
1779774724200145,TO_MIN,102
1779774725200869,TO_MAX,511
1779774726201569,STILL_PHASE_START,307
1779774731202273,MOTION_PHASE_START,0
1779774731202305,TO_MAX,511
1779774732202989,TO_MIN,102
1779774733203691,TO_MAX,511
1779774734204410,TO_MIN,102
1779774735205125,TO_MAX,511
1779774736205829,STILL_PHASE_START,307
1779774741206544,MOTION_PHASE_START,0
1779774741206575,TO_MAX,511
1779774742207262,TO_MIN,102
1779774743207975,TO_MAX,511
1779774744208699,TO_MIN,102
1779774745209412,TO_MAX,511
1779774746210131,STILL_PHASE_START,307
1779774751210839,MOTION_PHASE_START,0
1779774751210872,TO_MAX,511
1779774752211560,TO_MIN,102
1779774753212262,TO_MAX,511
1779774754212961,TO_MIN,102
1779774755213664,TO_MAX,511
1779774756214370,STILL_PHASE_START,307
1779774761215075,MOTION_PHASE_START,0
1779774761215108,TO_MAX,511
1779774762215795,TO_MIN,102
1779774763216498,TO_MAX,511
1779774764217214,TO_MIN,102
1779774765217924,TO_MAX,511
1779774766218634,STILL_PHASE_START,307
1779774771219356,MOTION_PHASE_START,0
1779774771219388,TO_MAX,511
1779774772220083,TO_MIN,102
1779774773220800,TO_MAX,511
1779774774221516,TO_MIN,102
1779774775222226,TO_MAX,511
1779774776222936,STILL_PHASE_START,307
1779774781223645,MOTION_PHASE_START,0
1779774781223679,TO_MAX,511
1779774782224388,TO_MIN,102
1779774783225104,TO_MAX,511
1779774784225816,TO_MIN,102
1779774785226518,TO_MAX,511
1779774786227182,STILL_PHASE_START,307
1779774791227907,MOTION_PHASE_START,0
1779774791227948,TO_MAX,511
1779774792228665,TO_MIN,102
1779774793229394,TO_MAX,511
1779774794230100,TO_MIN,102
1779774795230810,TO_MAX,511
1779774796231510,STILL_PHASE_START,307
1779774801232232,MOTION_PHASE_START,0
1779774801232263,TO_MAX,511
1779774802232949,TO_MIN,102
1779774803233663,TO_MAX,511
1779774804234370,TO_MIN,102
1779774805235065,TO_MAX,511
1779774806235767,STILL_PHASE_START,307
1779774811236485,MOTION_PHASE_START,0
1779774811236515,TO_MAX,511
1779774812237211,TO_MIN,102
1779774813237922,TO_MAX,511
1779774814238624,TO_MIN,102
1779774815239334,TO_MAX,511
1779774816240042,STILL_PHASE_START,307
1779774821241110,MOTION_PHASE_START,0
1779774821241152,TO_MAX,511
1779774822241847,TO_MIN,102
1779774823242557,TO_MAX,511
1779774824243271,TO_MIN,102
1779774825243974,TO_MAX,511
1779774826244677,STILL_PHASE_START,307
1779774831245376,MOTION_PHASE_START,0
1779774831245406,TO_MAX,511
1779774832246105,TO_MIN,102
1779774833246816,TO_MAX,511
1779774834247522,TO_MIN,102
1779774835248241,TO_MAX,511
1779774836248948,STILL_PHASE_START,307
1779774841249653,MOTION_PHASE_START,0
1779774841249686,TO_MAX,511
1779774842250376,TO_MIN,102
1779774843251078,TO_MAX,511
1779774844251779,TO_MIN,102
1779774845252733,TO_MAX,511
1779774846253442,STILL_PHASE_START,307
1779774851254163,MOTION_PHASE_START,0
1779774851254196,TO_MAX,511
1779774852254894,TO_MIN,102
1779774853255613,TO_MAX,511
1779774854256317,TO_MIN,102
1779774855257035,TO_MAX,511
1779774856257742,STILL_PHASE_START,307
1779774861258455,MOTION_PHASE_START,0
1779774861258486,TO_MAX,511
1779774862259189,TO_MIN,102
1779774863259900,TO_MAX,511
1779774864260598,TO_MIN,102
1779774865261332,TO_MAX,511
1779774866262032,STILL_PHASE_START,307
1779774871262745,MOTION_PHASE_START,0
1779774871262768,TO_MAX,511
1779774872263460,TO_MIN,102
1779774873264181,TO_MAX,511
1779774874264891,TO_MIN,102
1779774875265604,TO_MAX,511
1779774876266314,STILL_PHASE_START,307
1779774881267018,MOTION_PHASE_START,0
1779774881267051,TO_MAX,511
1779774882267749,TO_MIN,102
1779774883268453,TO_MAX,511
1779774884269168,TO_MIN,102
1779774885269869,TO_MAX,511
1779774886270577,STILL_PHASE_START,307
1779774891271278,MOTION_PHASE_START,0
1779774891271305,TO_MAX,511
1779774892271994,TO_MIN,102
1779774893272698,TO_MAX,511
1779774894273408,TO_MIN,102
1779774895274105,TO_MAX,511
1779774896274803,STILL_PHASE_START,307
1779774901275508,MOTION_PHASE_START,0
1779774901275539,TO_MAX,511
1779774902276243,TO_MIN,102
1779774903276960,TO_MAX,511
1779774904277680,TO_MIN,102
1779774905278404,TO_MAX,511
1779774906279118,STILL_PHASE_START,307
1779774911279826,MOTION_PHASE_START,0
1779774911279855,TO_MAX,511
1779774912280547,TO_MIN,102
1779774913281251,TO_MAX,511
1779774914281989,TO_MIN,102
1779774915282703,TO_MAX,511
1779774916283415,STILL_PHASE_START,307
1779774921284123,MOTION_PHASE_START,0
1779774921284151,TO_MAX,511
1779774922284842,TO_MIN,102
1779774923285554,TO_MAX,511
1779774924286266,TO_MIN,102
1779774925286974,TO_MAX,511
1779774926287675,STILL_PHASE_START,307
1779774931298803,MOTION_PHASE_START,0
1779774931298836,TO_MAX,511
1779774932299546,TO_MIN,102
1779774933300252,TO_MAX,511
1779774934300960,TO_MIN,102
1779774935301683,TO_MAX,511
1779774936302398,STILL_PHASE_START,307
1779774941303116,MOTION_PHASE_START,0
1779774941303143,TO_MAX,511
1779774942303834,TO_MIN,102
1779774943304553,TO_MAX,511
1779774944305265,TO_MIN,102
1779774945305976,TO_MAX,511
1779774946306686,STILL_PHASE_START,307
1779774951307401,MOTION_PHASE_START,0
1779774951307429,TO_MAX,511
1779774952308124,TO_MIN,102
1779774953308827,TO_MAX,511
1779774954309527,TO_MIN,102
1779774955310228,TO_MAX,511
1779774956310926,STILL_PHASE_START,307
1779774961311643,MOTION_PHASE_START,0
1779774961311677,TO_MAX,511
1779774962312368,TO_MIN,102
1779774963313073,TO_MAX,511
1779774964313785,TO_MIN,102
1779774965314504,TO_MAX,511
1779774966315216,STILL_PHASE_START,307
1779774971315934,MOTION_PHASE_START,0
1779774971315968,TO_MAX,511
1779774972316654,TO_MIN,102
1779774973317356,TO_MAX,511
1779774974318050,TO_MIN,102
1779774975318760,TO_MAX,511
1779774976319465,STILL_PHASE_START,307
1779774981320167,MOTION_PHASE_START,0
1779774981320197,TO_MAX,511
1779774982320890,TO_MIN,102
1779774983321598,TO_MAX,511
1779774984322302,TO_MIN,102
1779774985323018,TO_MAX,511
1779774986323733,STILL_PHASE_START,307
1779774991324448,MOTION_PHASE_START,0
1779774991324478,TO_MAX,511
1779774992325168,TO_MIN,102
1779774993325884,TO_MAX,511
1779774994326595,TO_MIN,102
1779774995327295,TO_MAX,511
1779774996328012,STILL_PHASE_START,307
1779775001328719,MOTION_PHASE_START,0
1779775001328744,TO_MAX,511
1779775002329441,TO_MIN,102
1779775003330145,TO_MAX,511
1779775004330849,TO_MIN,102
1779775005331559,TO_MAX,511
1779775006332254,STILL_PHASE_START,307
1779775011332960,MOTION_PHASE_START,0
1779775011333014,TO_MAX,511
1779775012333703,TO_MIN,102
1779775013334406,TO_MAX,511
1779775014335123,TO_MIN,102
1779775015335823,TO_MAX,511
1779775016336517,STILL_PHASE_START,307
1779775021337236,MOTION_PHASE_START,0
1779775021337264,TO_MAX,511
1779775022337959,TO_MIN,102
1779775023338668,TO_MAX,511
1779775024339374,TO_MIN,102
1779775025340088,TO_MAX,511
1779775026340790,STILL_PHASE_START,307
1779775031341499,MOTION_PHASE_START,0
1779775031341525,TO_MAX,511
1779775032342217,TO_MIN,102
1779775033342926,TO_MAX,511
1779775034343627,TO_MIN,102
1779775035344332,TO_MAX,511
1779775036345036,STILL_PHASE_START,307
1779775041345740,MOTION_PHASE_START,0
1779775041345770,TO_MAX,511
1779775042346459,TO_MIN,102
1779775043347185,TO_MAX,511
1779775044347903,TO_MIN,102
1779775045348623,TO_MAX,511
1779775046349336,STILL_PHASE_START,307
1779775051350038,MOTION_PHASE_START,0
1779775051350068,TO_MAX,511
1779775052350759,TO_MIN,102
1779775053351481,TO_MAX,511
1779775054352191,TO_MIN,102
1779775055352902,TO_MAX,511
1779775056353602,STILL_PHASE_START,307
1779775061354303,MOTION_PHASE_START,0
1779775061354331,TO_MAX,511
1779775062355024,TO_MIN,102
1779775063355727,TO_MAX,511
1779775064356422,TO_MIN,102
1779775065357118,TO_MAX,511
1779775066357815,STILL_PHASE_START,307
1779775071358515,MOTION_PHASE_START,0
1779775071358551,TO_MAX,511
1779775072359247,TO_MIN,102
1779775073359956,TO_MAX,511
1779775074360669,TO_MIN,102
1779775075361380,TO_MAX,511
1779775076362084,STILL_PHASE_START,307
1779775081362806,MOTION_PHASE_START,0
1779775081362837,TO_MAX,511
1779775082363544,TO_MIN,102
1779775083364248,TO_MAX,511
1779775084364952,TO_MIN,102
1779775085365662,TO_MAX,511
1779775086366368,STILL_PHASE_START,307
1779775091367083,MOTION_PHASE_START,0
1779775091367116,TO_MAX,511
1779775092367806,TO_MIN,102
1779775093368509,TO_MAX,511
1779775094369211,TO_MIN,102
1779775095369907,TO_MAX,511
1779775096370613,STILL_PHASE_START,307
1779775101371331,MOTION_PHASE_START,0
1779775101371365,TO_MAX,511
1779775102372054,TO_MIN,102
1779775103372788,TO_MAX,511
1779775104373499,TO_MIN,102
1779775105374215,TO_MAX,511
1779775106374924,STILL_PHASE_START,307
1779775111375636,MOTION_PHASE_START,0
1779775111375666,TO_MAX,511
1779775112376354,TO_MIN,102
1779775113377055,TO_MAX,511
1779775114377760,TO_MIN,102
1779775115378473,TO_MAX,511
1779775116379188,STILL_PHASE_START,307
1779775121379893,MOTION_PHASE_START,0
1779775121379924,TO_MAX,511
1779775122380612,TO_MIN,102
1779775123381322,TO_MAX,511
1779775124382279,TO_MIN,102
1779775125382993,TO_MAX,511
1779775126383738,STILL_PHASE_START,307
1779775131384442,MOTION_PHASE_START,0
1779775131384475,TO_MAX,511
1779775132385167,TO_MIN,102
1779775133385881,TO_MAX,511
1779775134386591,TO_MIN,102
1779775135387293,TO_MAX,511
1779775136388012,STILL_PHASE_START,307
1779775141388731,MOTION_PHASE_START,0
1779775141388766,TO_MAX,511
1779775142389482,TO_MIN,102
1779775143390191,TO_MAX,511
1779775144390889,TO_MIN,102
1779775145391593,TO_MAX,511
1779775146392299,STILL_PHASE_START,307
1779775151393020,MOTION_PHASE_START,0
1779775151393055,TO_MAX,511
1779775152393748,TO_MIN,102
1779775153394461,TO_MAX,511
1779775154395182,TO_MIN,102
1779775155395882,TO_MAX,511
1779775156396583,STILL_PHASE_START,307
1779775161397286,MOTION_PHASE_START,0
1779775161397314,TO_MAX,511
1779775162398003,TO_MIN,102
1779775163398704,TO_MAX,511
1779775164399411,TO_MIN,102
1779775165400108,TO_MAX,511
1779775166400816,STILL_PHASE_START,307
1779775171401524,MOTION_PHASE_START,0
1779775171401551,TO_MAX,511
1779775172402241,TO_MIN,102
1779775173402946,TO_MAX,511
1779775174403651,TO_MIN,102
1779775175404355,TO_MAX,511
1779775176405048,STILL_PHASE_START,307
1779775181405751,MOTION_PHASE_START,0
1779775181405789,TO_MAX,511
1779775182406484,TO_MIN,102
1779775183407188,TO_MAX,511
1779775184407899,TO_MIN,102
1779775185408603,TO_MAX,511
1779775186409314,STILL_PHASE_START,307
1779775191410026,MOTION_PHASE_START,0
1779775191410055,TO_MAX,511
1779775192410740,TO_MIN,102
1779775193411446,TO_MAX,511
1779775194412157,TO_MIN,102
1779775195412862,TO_MAX,511
1779775196413560,STILL_PHASE_START,307
1779775201414268,MOTION_PHASE_START,0
1779775201414325,TO_MAX,511
1779775202415008,TO_MIN,102
1779775203415711,TO_MAX,511
1779775204416412,TO_MIN,102
1779775205417109,TO_MAX,511
1779775206417810,STILL_PHASE_START,307
1779775211418535,MOTION_PHASE_START,0
1779775211418569,TO_MAX,511
1779775212419265,TO_MIN,102
1779775213419976,TO_MAX,511
1779775214420684,TO_MIN,102
1779775215421395,TO_MAX,511
1779775216422113,STILL_PHASE_START,307
1779775221422826,END,307
