# servo_sweep log
# mode=continuous duration=1200 min_ticks=102 max_ticks=511 center_ticks=307
# period_ms=1000
# timestamp = CLOCK_REALTIME microseconds at host i2c_write call
# actual PWM wire edge appears ~100us after timestamp
# columns: timestamp_us,event,ticks
1779559005404144,START,307
1779559005604904,TO_MAX,511
1779559006605619,TO_MIN,102
1779559007606328,TO_MAX,511
1779559008607029,TO_MIN,102
1779559009607740,TO_MAX,511
1779559010608434,TO_MIN,102
1779559011609139,TO_MAX,511
1779559012609853,TO_MIN,102
1779559013610551,TO_MAX,511
1779559014611242,TO_MIN,102
1779559015611943,TO_MAX,511
1779559016612636,TO_MIN,102
1779559017613358,TO_MAX,511
1779559018614056,TO_MIN,102
1779559019614750,TO_MAX,511
1779559020615440,TO_MIN,102
1779559021616136,TO_MAX,511
1779559022616830,TO_MIN,102
1779559023617527,TO_MAX,511
1779559024618239,TO_MIN,102
1779559025618933,TO_MAX,511
1779559026619637,TO_MIN,102
1779559027620329,TO_MAX,511
1779559028621025,TO_MIN,102
1779559029621719,TO_MAX,511
1779559030622412,TO_MIN,102
1779559031623104,TO_MAX,511
1779559032623794,TO_MIN,102
1779559033624489,TO_MAX,511
1779559034625184,TO_MIN,102
1779559035625874,TO_MAX,511
1779559036626566,TO_MIN,102
1779559037627257,TO_MAX,511
1779559038627944,TO_MIN,102
1779559039628649,TO_MAX,511
1779559040629335,TO_MIN,102
1779559041630030,TO_MAX,511
1779559042630718,TO_MIN,102
1779559043631406,TO_MAX,511
1779559044632092,TO_MIN,102
1779559045632778,TO_MAX,511
1779559046633465,TO_MIN,102
1779559047634148,TO_MAX,511
1779559048634825,TO_MIN,102
1779559049635515,TO_MAX,511
1779559050636198,TO_MIN,102
1779559051636875,TO_MAX,511
1779559052637561,TO_MIN,102
1779559053638256,TO_MAX,511
1779559054638937,TO_MIN,102
1779559055639627,TO_MAX,511
1779559056640313,TO_MIN,102
1779559057640992,TO_MAX,511
1779559058641678,TO_MIN,102
1779559059642373,TO_MAX,511
1779559060643066,TO_MIN,102
1779559061643758,TO_MAX,511
1779559062644452,TO_MIN,102
1779559063645148,TO_MAX,511
1779559064645836,TO_MIN,102
1779559065646530,TO_MAX,511
1779559066647229,TO_MIN,102
1779559067647926,TO_MAX,511
1779559068648619,TO_MIN,102
1779559069649334,TO_MAX,511
1779559070650032,TO_MIN,102
1779559071650727,TO_MAX,511
1779559072651422,TO_MIN,102
1779559073652120,TO_MAX,511
1779559074652818,TO_MIN,102
1779559075653511,TO_MAX,511
1779559076654207,TO_MIN,102
1779559077654924,TO_MAX,511
1779559078655620,TO_MIN,102
1779559079656324,TO_MAX,511
1779559080657018,TO_MIN,102
1779559081657708,TO_MAX,511
1779559082658403,TO_MIN,102
1779559083659088,TO_MAX,511
1779559084659775,TO_MIN,102
1779559085660463,TO_MAX,511
1779559086661158,TO_MIN,102
1779559087661861,TO_MAX,511
1779559088662552,TO_MIN,102
1779559089663250,TO_MAX,511
1779559090663935,TO_MIN,102
1779559091664633,TO_MAX,511
1779559092665326,TO_MIN,102
1779559093666026,TO_MAX,511
1779559094666716,TO_MIN,102
1779559095667419,TO_MAX,511
1779559096668112,TO_MIN,102
1779559097668811,TO_MAX,511
1779559098669511,TO_MIN,102
1779559099670211,TO_MAX,511
1779559100670914,TO_MIN,102
1779559101671602,TO_MAX,511
1779559102672296,TO_MIN,102
1779559103672989,TO_MAX,511
1779559104673677,TO_MIN,102
1779559105674359,TO_MAX,511
1779559106675053,TO_MIN,102
1779559107675753,TO_MAX,511
1779559108676447,TO_MIN,102
1779559109677142,TO_MAX,511
1779559110677833,TO_MIN,102
1779559111678526,TO_MAX,511
1779559112679214,TO_MIN,102
1779559113679912,TO_MAX,511
1779559114680602,TO_MIN,102
1779559115681291,TO_MAX,511
1779559116681979,TO_MIN,102
1779559117682671,TO_MAX,511
1779559118683364,TO_MIN,102
1779559119684061,TO_MAX,511
1779559120684753,TO_MIN,102
1779559121685444,TO_MAX,511
1779559122686137,TO_MIN,102
1779559123686825,TO_MAX,511
1779559124687519,TO_MIN,102
1779559125688225,TO_MAX,511
1779559126688913,TO_MIN,102
1779559127689605,TO_MAX,511
1779559128690296,TO_MIN,102
1779559129690991,TO_MAX,511
1779559130691683,TO_MIN,102
1779559131692384,TO_MAX,511
1779559132693073,TO_MIN,102
1779559133693767,TO_MAX,511
1779559134694462,TO_MIN,102
1779559135695159,TO_MAX,511
1779559136695848,TO_MIN,102
1779559137696544,TO_MAX,511
1779559138697241,TO_MIN,102
1779559139697941,TO_MAX,511
1779559140698633,TO_MIN,102
1779559141699348,TO_MAX,511
1779559142700042,TO_MIN,102
1779559143700745,TO_MAX,511
1779559144701446,TO_MIN,102
1779559145702141,TO_MAX,511
1779559146702823,TO_MIN,102
1779559147703520,TO_MAX,511
1779559148704218,TO_MIN,102
1779559149704928,TO_MAX,511
1779559150705626,TO_MIN,102
1779559151706329,TO_MAX,511
1779559152707020,TO_MIN,102
1779559153707714,TO_MAX,511
1779559154708409,TO_MIN,102
1779559155709107,TO_MAX,511
1779559156709804,TO_MIN,102
1779559157710498,TO_MAX,511
1779559158711203,TO_MIN,102
1779559159711896,TO_MAX,511
1779559160712582,TO_MIN,102
1779559161713276,TO_MAX,511
1779559162713970,TO_MIN,102
1779559163714665,TO_MAX,511
1779559164715359,TO_MIN,102
1779559165716050,TO_MAX,511
1779559166716736,TO_MIN,102
1779559167717452,TO_MAX,511
1779559168718142,TO_MIN,102
1779559169718825,TO_MAX,511
1779559170719520,TO_MIN,102
1779559171720229,TO_MAX,511
1779559172720914,TO_MIN,102
1779559173721607,TO_MAX,511
1779559174722298,TO_MIN,102
1779559175722993,TO_MAX,511
1779559176723688,TO_MIN,102
1779559177724389,TO_MAX,511
1779559178725083,TO_MIN,102
1779559179725783,TO_MAX,511
1779559180726483,TO_MIN,102
1779559181727181,TO_MAX,511
1779559182727879,TO_MIN,102
1779559183728587,TO_MAX,511
1779559184729281,TO_MIN,102
1779559185730037,TO_MAX,511
1779559186730737,TO_MIN,102
1779559187731434,TO_MAX,511
1779559188732131,TO_MIN,102
1779559189732825,TO_MAX,511
1779559190733518,TO_MIN,102
1779559191734217,TO_MAX,511
1779559192734918,TO_MIN,102
1779559193735614,TO_MAX,511
1779559194736302,TO_MIN,102
1779559195736989,TO_MAX,511
1779559196737679,TO_MIN,102
1779559197738376,TO_MAX,511
1779559198739064,TO_MIN,102
1779559199739749,TO_MAX,511
1779559200740436,TO_MIN,102
1779559201741121,TO_MAX,511
1779559202741811,TO_MIN,102
1779559203742510,TO_MAX,511
1779559204743197,TO_MIN,102
1779559205743885,TO_MAX,511
1779559206744571,TO_MIN,102
1779559207745260,TO_MAX,511
1779559208745949,TO_MIN,102
1779559209746640,TO_MAX,511
1779559210747325,TO_MIN,102
1779559211748015,TO_MAX,511
1779559212748701,TO_MIN,102
1779559213749384,TO_MAX,511
1779559214750067,TO_MIN,102
1779559215750757,TO_MAX,511
1779559216751438,TO_MIN,102
1779559217752122,TO_MAX,511
1779559218752806,TO_MIN,102
1779559219753491,TO_MAX,511
1779559220754179,TO_MIN,102
1779559221754882,TO_MAX,511
1779559222755573,TO_MIN,102
1779559223756264,TO_MAX,511
1779559224756955,TO_MIN,102
1779559225757644,TO_MAX,511
1779559226758325,TO_MIN,102
1779559227759014,TO_MAX,511
1779559228759700,TO_MIN,102
1779559229760386,TO_MAX,511
1779559230761076,TO_MIN,102
1779559231761770,TO_MAX,511
1779559232762461,TO_MIN,102
1779559233763158,TO_MAX,511
1779559234763849,TO_MIN,102
1779559235764544,TO_MAX,511
1779559236765234,TO_MIN,102
1779559237765918,TO_MAX,511
1779559238766609,TO_MIN,102
1779559239767305,TO_MAX,511
1779559240767993,TO_MIN,102
1779559241768687,TO_MAX,511
1779559242769382,TO_MIN,102
1779559243770077,TO_MAX,511
1779559244770767,TO_MIN,102
1779559245771464,TO_MAX,511
1779559246772154,TO_MIN,102
1779559247772841,TO_MAX,511
1779559248773532,TO_MIN,102
1779559249774232,TO_MAX,511
1779559250774924,TO_MIN,102
1779559251775617,TO_MAX,511
1779559252776306,TO_MIN,102
1779559253777001,TO_MAX,511
1779559254777703,TO_MIN,102
1779559255778397,TO_MAX,511
1779559256779094,TO_MIN,102
1779559257779799,TO_MAX,511
1779559258780499,TO_MIN,102
1779559259781197,TO_MAX,511
1779559260781889,TO_MIN,102
1779559261782575,TO_MAX,511
1779559262783266,TO_MIN,102
1779559263783962,TO_MAX,511
1779559264784649,TO_MIN,102
1779559265785336,TO_MAX,511
1779559266786028,TO_MIN,102
1779559267786723,TO_MAX,511
1779559268787417,TO_MIN,102
1779559269788117,TO_MAX,511
1779559270788817,TO_MIN,102
1779559271789513,TO_MAX,511
1779559272790210,TO_MIN,102
1779559273790908,TO_MAX,511
1779559274791599,TO_MIN,102
1779559275792300,TO_MAX,511
1779559276792989,TO_MIN,102
1779559277793682,TO_MAX,511
1779559278794379,TO_MIN,102
1779559279795074,TO_MAX,511
1779559280795766,TO_MIN,102
1779559281796462,TO_MAX,511
1779559282797156,TO_MIN,102
1779559283797851,TO_MAX,511
1779559284798544,TO_MIN,102
1779559285799239,TO_MAX,511
1779559286799932,TO_MIN,102
1779559287800626,TO_MAX,511
1779559288801339,TO_MIN,102
1779559289802029,TO_MAX,511
1779559290802726,TO_MIN,102
1779559291803420,TO_MAX,511
1779559292804119,TO_MIN,102
1779559293804820,TO_MAX,511
1779559294805517,TO_MIN,102
1779559295806206,TO_MAX,511
1779559296806899,TO_MIN,102
1779559297807591,TO_MAX,511
1779559298808282,TO_MIN,102
1779559299808976,TO_MAX,511
1779559300809664,TO_MIN,102
1779559301810357,TO_MAX,511
1779559302811052,TO_MIN,102
1779559303811754,TO_MAX,511
1779559304812448,TO_MIN,102
1779559305813145,TO_MAX,511
1779559306813829,TO_MIN,102
1779559307814516,TO_MAX,511
1779559308815207,TO_MIN,102
1779559309815905,TO_MAX,511
1779559310816608,TO_MIN,102
1779559311817312,TO_MAX,511
1779559312818007,TO_MIN,102
1779559313818701,TO_MAX,511
1779559314819397,TO_MIN,102
1779559315820097,TO_MAX,511
1779559316820794,TO_MIN,102
1779559317821487,TO_MAX,511
1779559318822190,TO_MIN,102
1779559319822894,TO_MAX,511
1779559320823597,TO_MIN,102
1779559321824289,TO_MAX,511
1779559322824977,TO_MIN,102
1779559323825670,TO_MAX,511
1779559324826362,TO_MIN,102
1779559325827051,TO_MAX,511
1779559326827737,TO_MIN,102
1779559327828427,TO_MAX,511
1779559328829116,TO_MIN,102
1779559329829811,TO_MAX,511
1779559330830501,TO_MIN,102
1779559331831199,TO_MAX,511
1779559332831895,TO_MIN,102
1779559333832588,TO_MAX,511
1779559334833277,TO_MIN,102
1779559335833969,TO_MAX,511
1779559336834661,TO_MIN,102
1779559337835359,TO_MAX,511
1779559338836049,TO_MIN,102
1779559339836739,TO_MAX,511
1779559340837426,TO_MIN,102
1779559341838116,TO_MAX,511
1779559342838811,TO_MIN,102
1779559343839521,TO_MAX,511
1779559344840214,TO_MIN,102
1779559345840904,TO_MAX,511
1779559346841593,TO_MIN,102
1779559347842289,TO_MAX,511
1779559348842984,TO_MIN,102
1779559349843685,TO_MAX,511
1779559350844371,TO_MIN,102
1779559351845064,TO_MAX,511
1779559352845760,TO_MIN,102
1779559353846457,TO_MAX,511
1779559354847147,TO_MIN,102
1779559355847837,TO_MAX,511
1779559356848529,TO_MIN,102
1779559357849217,TO_MAX,511
1779559358849909,TO_MIN,102
1779559359850607,TO_MAX,511
1779559360851296,TO_MIN,102
1779559361851984,TO_MAX,511
1779559362852679,TO_MIN,102
1779559363853373,TO_MAX,511
1779559364854067,TO_MIN,102
1779559365854765,TO_MAX,511
1779559366855453,TO_MIN,102
1779559367856142,TO_MAX,511
1779559368856827,TO_MIN,102
1779559369857517,TO_MAX,511
1779559370858205,TO_MIN,102
1779559371858898,TO_MAX,511
1779559372859582,TO_MIN,102
1779559373860275,TO_MAX,511
1779559374860969,TO_MIN,102
1779559375861658,TO_MAX,511
1779559376862349,TO_MIN,102
1779559377863043,TO_MAX,511
1779559378863737,TO_MIN,102
1779559379864425,TO_MAX,511
1779559380865117,TO_MIN,102
1779559381865805,TO_MAX,511
1779559382866495,TO_MIN,102
1779559383867188,TO_MAX,511
1779559384867877,TO_MIN,102
1779559385868565,TO_MAX,511
1779559386869257,TO_MIN,102
1779559387869949,TO_MAX,511
1779559388870637,TO_MIN,102
1779559389871328,TO_MAX,511
1779559390872029,TO_MIN,102
1779559391872726,TO_MAX,511
1779559392873416,TO_MIN,102
1779559393874104,TO_MAX,511
1779559394874792,TO_MIN,102
1779559395875500,TO_MAX,511
1779559396876192,TO_MIN,102
1779559397876881,TO_MAX,511
1779559398877571,TO_MIN,102
1779559399878261,TO_MAX,511
1779559400878954,TO_MIN,102
1779559401879651,TO_MAX,511
1779559402880342,TO_MIN,102
1779559403881031,TO_MAX,511
1779559404881722,TO_MIN,102
1779559405882412,TO_MAX,511
1779559406883099,TO_MIN,102
1779559407883795,TO_MAX,511
1779559408884484,TO_MIN,102
1779559409885175,TO_MAX,511
1779559410885863,TO_MIN,102
1779559411886552,TO_MAX,511
1779559412887237,TO_MIN,102
1779559413887930,TO_MAX,511
1779559414888617,TO_MIN,102
1779559415889305,TO_MAX,511
1779559416889996,TO_MIN,102
1779559417890683,TO_MAX,511
1779559418891373,TO_MIN,102
1779559419892068,TO_MAX,511
1779559420892765,TO_MIN,102
1779559421893458,TO_MAX,511
1779559422894146,TO_MIN,102
1779559423894825,TO_MAX,511
1779559424895514,TO_MIN,102
1779559425896210,TO_MAX,511
1779559426896903,TO_MIN,102
1779559427897593,TO_MAX,511
1779559428898284,TO_MIN,102
1779559429898983,TO_MAX,511
1779559430899680,TO_MIN,102
1779559431900375,TO_MAX,511
1779559432901074,TO_MIN,102
1779559433901764,TO_MAX,511
1779559434902477,TO_MIN,102
1779559435903170,TO_MAX,511
1779559436903858,TO_MIN,102
1779559437904554,TO_MAX,511
1779559438905247,TO_MIN,102
1779559439905936,TO_MAX,511
1779559440906632,TO_MIN,102
1779559441907332,TO_MAX,511
1779559442908023,TO_MIN,102
1779559443908719,TO_MAX,511
1779559444909415,TO_MIN,102
1779559445910108,TO_MAX,511
1779559446910800,TO_MIN,102
1779559447911510,TO_MAX,511
1779559448912200,TO_MIN,102
1779559449912897,TO_MAX,511
1779559450913587,TO_MIN,102
1779559451914289,TO_MAX,511
1779559452914980,TO_MIN,102
1779559453915676,TO_MAX,511
1779559454916362,TO_MIN,102
1779559455917056,TO_MAX,511
1779559456917751,TO_MIN,102
1779559457918446,TO_MAX,511
1779559458919137,TO_MIN,102
1779559459919830,TO_MAX,511
1779559460920525,TO_MIN,102
1779559461921221,TO_MAX,511
1779559462921913,TO_MIN,102
1779559463922605,TO_MAX,511
1779559464923298,TO_MIN,102
1779559465923988,TO_MAX,511
1779559466924679,TO_MIN,102
1779559467925374,TO_MAX,511
1779559468926069,TO_MIN,102
1779559469926762,TO_MAX,511
1779559470927456,TO_MIN,102
1779559471928153,TO_MAX,511
1779559472928846,TO_MIN,102
1779559473929542,TO_MAX,511
1779559474930235,TO_MIN,102
1779559475930925,TO_MAX,511
1779559476931617,TO_MIN,102
1779559477932309,TO_MAX,511
1779559478933001,TO_MIN,102
1779559479933697,TO_MAX,511
1779559480934387,TO_MIN,102
1779559481935076,TO_MAX,511
1779559482935765,TO_MIN,102
1779559483936457,TO_MAX,511
1779559484937147,TO_MIN,102
1779559485937844,TO_MAX,511
1779559486938533,TO_MIN,102
1779559487939228,TO_MAX,511
1779559488939914,TO_MIN,102
1779559489940606,TO_MAX,511
1779559490941296,TO_MIN,102
1779559491941993,TO_MAX,511
1779559492942685,TO_MIN,102
1779559493943384,TO_MAX,511
1779559494944077,TO_MIN,102
1779559495944770,TO_MAX,511
1779559496945464,TO_MIN,102
1779559497946165,TO_MAX,511
1779559498946827,TO_MIN,102
1779559499947520,TO_MAX,511
1779559500948215,TO_MIN,102
1779559501948910,TO_MAX,511
1779559502949606,TO_MIN,102
1779559503950305,TO_MAX,511
1779559504950999,TO_MIN,102
1779559505951688,TO_MAX,511
1779559506952377,TO_MIN,102
1779559507953071,TO_MAX,511
1779559508953761,TO_MIN,102
1779559509954457,TO_MAX,511
1779559510955148,TO_MIN,102
1779559511955843,TO_MAX,511
1779559512956536,TO_MIN,102
1779559513957232,TO_MAX,511
1779559514957928,TO_MIN,102
1779559515958632,TO_MAX,511
1779559516959326,TO_MIN,102
1779559517960019,TO_MAX,511
1779559518960719,TO_MIN,102
1779559519961417,TO_MAX,511
1779559520962108,TO_MIN,102
1779559521962804,TO_MAX,511
1779559522963510,TO_MIN,102
1779559523964209,TO_MAX,511
1779559524964904,TO_MIN,102
1779559525965600,TO_MAX,511
1779559526966300,TO_MIN,102
1779559527966996,TO_MAX,511
1779559528967687,TO_MIN,102
1779559529968377,TO_MAX,511
1779559530969065,TO_MIN,102
1779559531969751,TO_MAX,511
1779559532970437,TO_MIN,102
1779559533971135,TO_MAX,511
1779559534971825,TO_MIN,102
1779559535972518,TO_MAX,511
1779559536973211,TO_MIN,102
1779559537973903,TO_MAX,511
1779559538974600,TO_MIN,102
1779559539975302,TO_MAX,511
1779559540975996,TO_MIN,102
1779559541976685,TO_MAX,511
1779559542977369,TO_MIN,102
1779559543978061,TO_MAX,511
1779559544978748,TO_MIN,102
1779559545979442,TO_MAX,511
1779559546980138,TO_MIN,102
1779559547980832,TO_MAX,511
1779559548981520,TO_MIN,102
1779559549982211,TO_MAX,511
1779559550982907,TO_MIN,102
1779559551983600,TO_MAX,511
1779559552984291,TO_MIN,102
1779559553984979,TO_MAX,511
1779559554985676,TO_MIN,102
1779559555986370,TO_MAX,511
1779559556987065,TO_MIN,102
1779559557987764,TO_MAX,511
1779559558988458,TO_MIN,102
1779559559989149,TO_MAX,511
1779559560989827,TO_MIN,102
1779559561990520,TO_MAX,511
1779559562991212,TO_MIN,102
1779559563991905,TO_MAX,511
1779559564992584,TO_MIN,102
1779559565993273,TO_MAX,511
1779559566993963,TO_MIN,102
1779559567994648,TO_MAX,511
1779559568995328,TO_MIN,102
1779559569996038,TO_MAX,511
1779559570996730,TO_MIN,102
1779559571997425,TO_MAX,511
1779559572998118,TO_MIN,102
1779559573998810,TO_MAX,511
1779559574999512,TO_MIN,102
1779559576000208,TO_MAX,511
1779559577000903,TO_MIN,102
1779559578001594,TO_MAX,511
1779559579002279,TO_MIN,102
1779559580002966,TO_MAX,511
1779559581003675,TO_MIN,102
1779559582004367,TO_MAX,511
1779559583005062,TO_MIN,102
1779559584005749,TO_MAX,511
1779559585006442,TO_MIN,102
1779559586007133,TO_MAX,511
1779559587007821,TO_MIN,102
1779559588008510,TO_MAX,511
1779559589009197,TO_MIN,102
1779559590009882,TO_MAX,511
1779559591010568,TO_MIN,102
1779559592011254,TO_MAX,511
1779559593011941,TO_MIN,102
1779559594012630,TO_MAX,511
1779559595013320,TO_MIN,102
1779559596014009,TO_MAX,511
1779559597014706,TO_MIN,102
1779559598015399,TO_MAX,511
1779559599016096,TO_MIN,102
1779559600016792,TO_MAX,511
1779559601017488,TO_MIN,102
1779559602018187,TO_MAX,511
1779559603018883,TO_MIN,102
1779559604019581,TO_MAX,511
1779559605020293,TO_MIN,102
1779559606020994,TO_MAX,511
1779559607021691,TO_MIN,102
1779559608022383,TO_MAX,511
1779559609023079,TO_MIN,102
1779559610023774,TO_MAX,511
1779559611024471,TO_MIN,102
1779559612025171,TO_MAX,511
1779559613025864,TO_MIN,102
1779559614026556,TO_MAX,511
1779559615027256,TO_MIN,102
1779559616027945,TO_MAX,511
1779559617028634,TO_MIN,102
1779559618029334,TO_MAX,511
1779559619030028,TO_MIN,102
1779559620030721,TO_MAX,511
1779559621031410,TO_MIN,102
1779559622032097,TO_MAX,511
1779559623032789,TO_MIN,102
1779559624033486,TO_MAX,511
1779559625034174,TO_MIN,102
1779559626034824,TO_MAX,511
1779559627035512,TO_MIN,102
1779559628036200,TO_MAX,511
1779559629036885,TO_MIN,102
1779559630037580,TO_MAX,511
1779559631038272,TO_MIN,102
1779559632038967,TO_MAX,511
1779559633039657,TO_MIN,102
1779559634040349,TO_MAX,511
1779559635041040,TO_MIN,102
1779559636041737,TO_MAX,511
1779559637042421,TO_MIN,102
1779559638043102,TO_MAX,511
1779559639043788,TO_MIN,102
1779559640044472,TO_MAX,511
1779559641045149,TO_MIN,102
1779559642045845,TO_MAX,511
1779559643046531,TO_MIN,102
1779559644047218,TO_MAX,511
1779559645047896,TO_MIN,102
1779559646048584,TO_MAX,511
1779559647049269,TO_MIN,102
1779559648049962,TO_MAX,511
1779559649050643,TO_MIN,102
1779559650051331,TO_MAX,511
1779559651052017,TO_MIN,102
1779559652052701,TO_MAX,511
1779559653053388,TO_MIN,102
1779559654054078,TO_MAX,511
1779559655054766,TO_MIN,102
1779559656055454,TO_MAX,511
1779559657056137,TO_MIN,102
1779559658056821,TO_MAX,511
1779559659057507,TO_MIN,102
1779559660058195,TO_MAX,511
1779559661058823,TO_MIN,102
1779559662059511,TO_MAX,511
1779559663060196,TO_MIN,102
1779559664060893,TO_MAX,511
1779559665061581,TO_MIN,102
1779559666062275,TO_MAX,511
1779559667062961,TO_MIN,102
1779559668063648,TO_MAX,511
1779559669064337,TO_MIN,102
1779559670065024,TO_MAX,511
1779559671065711,TO_MIN,102
1779559672066404,TO_MAX,511
1779559673067094,TO_MIN,102
1779559674067785,TO_MAX,511
1779559675068477,TO_MIN,102
1779559676069168,TO_MAX,511
1779559677069857,TO_MIN,102
1779559678070556,TO_MAX,511
1779559679071249,TO_MIN,102
1779559680071936,TO_MAX,511
1779559681072628,TO_MIN,102
1779559682073321,TO_MAX,511
1779559683074016,TO_MIN,102
1779559684074717,TO_MAX,511
1779559685075405,TO_MIN,102
1779559686076100,TO_MAX,511
1779559687076795,TO_MIN,102
1779559688077491,TO_MAX,511
1779559689078179,TO_MIN,102
1779559690078823,TO_MAX,511
1779559691079513,TO_MIN,102
1779559692080210,TO_MAX,511
1779559693080902,TO_MIN,102
1779559694081593,TO_MAX,511
1779559695082294,TO_MIN,102
1779559696083001,TO_MAX,511
1779559697083692,TO_MIN,102
1779559698084372,TO_MAX,511
1779559699085055,TO_MIN,102
1779559700085752,TO_MAX,511
1779559701086429,TO_MIN,102
1779559702087107,TO_MAX,511
1779559703087781,TO_MIN,102
1779559704088467,TO_MAX,511
1779559705089152,TO_MIN,102
1779559706089839,TO_MAX,511
1779559707090526,TO_MIN,102
1779559708091219,TO_MAX,511
1779559709091905,TO_MIN,102
1779559710092591,TO_MAX,511
1779559711093275,TO_MIN,102
1779559712093962,TO_MAX,511
1779559713094646,TO_MIN,102
1779559714095336,TO_MAX,511
1779559715096028,TO_MIN,102
1779559716096713,TO_MAX,511
1779559717097396,TO_MIN,102
1779559718098086,TO_MAX,511
1779559719098777,TO_MIN,102
1779559720099466,TO_MAX,511
1779559721100156,TO_MIN,102
1779559722100846,TO_MAX,511
1779559723101540,TO_MIN,102
1779559724102232,TO_MAX,511
1779559725102924,TO_MIN,102
1779559726103619,TO_MAX,511
1779559727104326,TO_MIN,102
1779559728105015,TO_MAX,511
1779559729105708,TO_MIN,102
1779559730106403,TO_MAX,511
1779559731107092,TO_MIN,102
1779559732107780,TO_MAX,511
1779559733108465,TO_MIN,102
1779559734109154,TO_MAX,511
1779559735109847,TO_MIN,102
1779559736110533,TO_MAX,511
1779559737111224,TO_MIN,102
1779559738111923,TO_MAX,511
1779559739112610,TO_MIN,102
1779559740113298,TO_MAX,511
1779559741113986,TO_MIN,102
1779559742114676,TO_MAX,511
1779559743115380,TO_MIN,102
1779559744116083,TO_MAX,511
1779559745116775,TO_MIN,102
1779559746117466,TO_MAX,511
1779559747118153,TO_MIN,102
1779559748118826,TO_MAX,511
1779559749119511,TO_MIN,102
1779559750120207,TO_MAX,511
1779559751120896,TO_MIN,102
1779559752121592,TO_MAX,511
1779559753122289,TO_MIN,102
1779559754122980,TO_MAX,511
1779559755123670,TO_MIN,102
1779559756124363,TO_MAX,511
1779559757125050,TO_MIN,102
1779559758125740,TO_MAX,511
1779559759126427,TO_MIN,102
1779559760127115,TO_MAX,511
1779559761127805,TO_MIN,102
1779559762128498,TO_MAX,511
1779559763129189,TO_MIN,102
1779559764129884,TO_MAX,511
1779559765130581,TO_MIN,102
1779559766131274,TO_MAX,511
1779559767131965,TO_MIN,102
1779559768132668,TO_MAX,511
1779559769133365,TO_MIN,102
1779559770134058,TO_MAX,511
1779559771134749,TO_MIN,102
1779559772135445,TO_MAX,511
1779559773136135,TO_MIN,102
1779559774136833,TO_MAX,511
1779559775137524,TO_MIN,102
1779559776138215,TO_MAX,511
1779559777138908,TO_MIN,102
1779559778139598,TO_MAX,511
1779559779140294,TO_MIN,102
1779559780140989,TO_MAX,511
1779559781141683,TO_MIN,102
1779559782142372,TO_MAX,511
1779559783143065,TO_MIN,102
1779559784143765,TO_MAX,511
1779559785144459,TO_MIN,102
1779559786145160,TO_MAX,511
1779559787145852,TO_MIN,102
1779559788146542,TO_MAX,511
1779559789147235,TO_MIN,102
1779559790147929,TO_MAX,511
1779559791148621,TO_MIN,102
1779559792149331,TO_MAX,511
1779559793150028,TO_MIN,102
1779559794150721,TO_MAX,511
1779559795151411,TO_MIN,102
1779559796152100,TO_MAX,511
1779559797152793,TO_MIN,102
1779559798153490,TO_MAX,511
1779559799154187,TO_MIN,102
1779559800154889,TO_MAX,511
1779559801155588,TO_MIN,102
1779559802156286,TO_MAX,511
1779559803156981,TO_MIN,102
1779559804157684,TO_MAX,511
1779559805158376,TO_MIN,102
1779559806159072,TO_MAX,511
1779559807159763,TO_MIN,102
1779559808160461,TO_MAX,511
1779559809161154,TO_MIN,102
1779559810161848,TO_MAX,511
1779559811162534,TO_MIN,102
1779559812163228,TO_MAX,511
1779559813163928,TO_MIN,102
1779559814164623,TO_MAX,511
1779559815165322,TO_MIN,102
1779559816166020,TO_MAX,511
1779559817166711,TO_MIN,102
1779559818167402,TO_MAX,511
1779559819168094,TO_MIN,102
1779559820168784,TO_MAX,511
1779559821169470,TO_MIN,102
1779559822170160,TO_MAX,511
1779559823170826,TO_MIN,102
1779559824171516,TO_MAX,511
1779559825172214,TO_MIN,102
1779559826172912,TO_MAX,511
1779559827173603,TO_MIN,102
1779559828174298,TO_MAX,511
1779559829174997,TO_MIN,102
1779559830175691,TO_MAX,511
1779559831176383,TO_MIN,102
1779559832177072,TO_MAX,511
1779559833177762,TO_MIN,102
1779559834178460,TO_MAX,511
1779559835179147,TO_MIN,102
1779559836179834,TO_MAX,511
1779559837180525,TO_MIN,102
1779559838181218,TO_MAX,511
1779559839181913,TO_MIN,102
1779559840182611,TO_MAX,511
1779559841183308,TO_MIN,102
1779559842184000,TO_MAX,511
1779559843184692,TO_MIN,102
1779559844185382,TO_MAX,511
1779559845186072,TO_MIN,102
1779559846186769,TO_MAX,511
1779559847187464,TO_MIN,102
1779559848188154,TO_MAX,511
1779559849188847,TO_MIN,102
1779559850189534,TO_MAX,511
1779559851190225,TO_MIN,102
1779559852190927,TO_MAX,511
1779559853191623,TO_MIN,102
1779559854192314,TO_MAX,511
1779559855193010,TO_MIN,102
1779559856193703,TO_MAX,511
1779559857194391,TO_MIN,102
1779559858195087,TO_MAX,511
1779559859195778,TO_MIN,102
1779559860196473,TO_MAX,511
1779559861197176,TO_MIN,102
1779559862197874,TO_MAX,511
1779559863198564,TO_MIN,102
1779559864199261,TO_MAX,511
1779559865199956,TO_MIN,102
1779559866200647,TO_MAX,511
1779559867201337,TO_MIN,102
1779559868202027,TO_MAX,511
1779559869202713,TO_MIN,102
1779559870203404,TO_MAX,511
1779559871204092,TO_MIN,102
1779559872204788,TO_MAX,511
1779559873205481,TO_MIN,102
1779559874206192,TO_MAX,511
1779559875206887,TO_MIN,102
1779559876207583,TO_MAX,511
1779559877208279,TO_MIN,102
1779559878208972,TO_MAX,511
1779559879209662,TO_MIN,102
1779559880210350,TO_MAX,511
1779559881211044,TO_MIN,102
1779559882211735,TO_MAX,511
1779559883212426,TO_MIN,102
1779559884213125,TO_MAX,511
1779559885213820,TO_MIN,102
1779559886214515,TO_MAX,511
1779559887215203,TO_MIN,102
1779559888215900,TO_MAX,511
1779559889216588,TO_MIN,102
1779559890217273,TO_MAX,511
1779559891217960,TO_MIN,102
1779559892218643,TO_MAX,511
1779559893219330,TO_MIN,102
1779559894220030,TO_MAX,511
1779559895220717,TO_MIN,102
1779559896221406,TO_MAX,511
1779559897222094,TO_MIN,102
1779559898222782,TO_MAX,511
1779559899223483,TO_MIN,102
1779559900224181,TO_MAX,511
1779559901224871,TO_MIN,102
1779559902225567,TO_MAX,511
1779559903226262,TO_MIN,102
1779559904226953,TO_MAX,511
1779559905227645,TO_MIN,102
1779559906228339,TO_MAX,511
1779559907229034,TO_MIN,102
1779559908229724,TO_MAX,511
1779559909230418,TO_MIN,102
1779559910231114,TO_MAX,511
1779559911231814,TO_MIN,102
1779559912232512,TO_MAX,511
1779559913233205,TO_MIN,102
1779559914233896,TO_MAX,511
1779559915234597,TO_MIN,102
1779559916235291,TO_MAX,511
1779559917235981,TO_MIN,102
1779559918236686,TO_MAX,511
1779559919237378,TO_MIN,102
1779559920238074,TO_MAX,511
1779559921238765,TO_MIN,102
1779559922239460,TO_MAX,511
1779559923240150,TO_MIN,102
1779559924240843,TO_MAX,511
1779559925241537,TO_MIN,102
1779559926242234,TO_MAX,511
1779559927242931,TO_MIN,102
1779559928243619,TO_MAX,511
1779559929244313,TO_MIN,102
1779559930245018,TO_MAX,511
1779559931245707,TO_MIN,102
1779559932246402,TO_MAX,511
1779559933247092,TO_MIN,102
1779559934247786,TO_MAX,511
1779559935248478,TO_MIN,102
1779559936249183,TO_MAX,511
1779559937249879,TO_MIN,102
1779559938250579,TO_MAX,511
1779559939251270,TO_MIN,102
1779559940251962,TO_MAX,511
1779559941252652,TO_MIN,102
1779559942253348,TO_MAX,511
1779559943254039,TO_MIN,102
1779559944254730,TO_MAX,511
1779559945255427,TO_MIN,102
1779559946256124,TO_MAX,511
1779559947256816,TO_MIN,102
1779559948257515,TO_MAX,511
1779559949258208,TO_MIN,102
1779559950258907,TO_MAX,511
1779559951259598,TO_MIN,102
1779559952260294,TO_MAX,511
1779559953260988,TO_MIN,102
1779559954261688,TO_MAX,511
1779559955262387,TO_MIN,102
1779559956263084,TO_MAX,511
1779559957263783,TO_MIN,102
1779559958264484,TO_MAX,511
1779559959265180,TO_MIN,102
1779559960265882,TO_MAX,511
1779559961266574,TO_MIN,102
1779559962267267,TO_MAX,511
1779559963267960,TO_MIN,102
1779559964268647,TO_MAX,511
1779559965269339,TO_MIN,102
1779559966270042,TO_MAX,511
1779559967270741,TO_MIN,102
1779559968271438,TO_MAX,511
1779559969272143,TO_MIN,102
1779559970272830,TO_MAX,511
1779559971273518,TO_MIN,102
1779559972274209,TO_MAX,511
1779559973274907,TO_MIN,102
1779559974275598,TO_MAX,511
1779559975276289,TO_MIN,102
1779559976276977,TO_MAX,511
1779559977277665,TO_MIN,102
1779559978278363,TO_MAX,511
1779559979279055,TO_MIN,102
1779559980279744,TO_MAX,511
1779559981280438,TO_MIN,102
1779559982281127,TO_MAX,511
1779559983281818,TO_MIN,102
1779559984282514,TO_MAX,511
1779559985283202,TO_MIN,102
1779559986283893,TO_MAX,511
1779559987284585,TO_MIN,102
1779559988285276,TO_MAX,511
1779559989285965,TO_MIN,102
1779559990286657,TO_MAX,511
1779559991287345,TO_MIN,102
1779559992288033,TO_MAX,511
1779559993288720,TO_MIN,102
1779559994289409,TO_MAX,511
1779559995290098,TO_MIN,102
1779559996290785,TO_MAX,511
1779559997293049,TO_MIN,102
1779559998293746,TO_MAX,511
1779559999294446,TO_MIN,102
1779560000295133,TO_MAX,511
1779560001295822,TO_MIN,102
1779560002296513,TO_MAX,511
1779560003297210,TO_MIN,102
1779560004297916,TO_MAX,511
1779560005298615,TO_MIN,102
1779560006299310,TO_MAX,511
1779560007300005,TO_MIN,102
1779560008300697,TO_MAX,511
1779560009301390,TO_MIN,102
1779560010302081,TO_MAX,511
1779560011302769,TO_MIN,102
1779560012303462,TO_MAX,511
1779560013304156,TO_MIN,102
1779560014304847,TO_MAX,511
1779560015305535,TO_MIN,102
1779560016306231,TO_MAX,511
1779560017306927,TO_MIN,102
1779560018307625,TO_MAX,511
1779560019308319,TO_MIN,102
1779560020309035,TO_MAX,511
1779560021309731,TO_MIN,102
1779560022310425,TO_MAX,511
1779560023311121,TO_MIN,102
1779560024311815,TO_MAX,511
1779560025312512,TO_MIN,102
1779560026313202,TO_MAX,511
1779560027313893,TO_MIN,102
1779560028314587,TO_MAX,511
1779560029315274,TO_MIN,102
1779560030315966,TO_MAX,511
1779560031316653,TO_MIN,102
1779560032317337,TO_MAX,511
1779560033318027,TO_MIN,102
1779560034318716,TO_MAX,511
1779560035319407,TO_MIN,102
1779560036320097,TO_MAX,511
1779560037320795,TO_MIN,102
1779560038321490,TO_MAX,511
1779560039322188,TO_MIN,102
1779560040322894,TO_MAX,511
1779560041323594,TO_MIN,102
1779560042324289,TO_MAX,511
1779560043324980,TO_MIN,102
1779560044325672,TO_MAX,511
1779560045326363,TO_MIN,102
1779560046327057,TO_MAX,511
1779560047327742,TO_MIN,102
1779560048328425,TO_MAX,511
1779560049329117,TO_MIN,102
1779560050329809,TO_MAX,511
1779560051330500,TO_MIN,102
1779560052331200,TO_MAX,511
1779560053331893,TO_MIN,102
1779560054332587,TO_MAX,511
1779560055333280,TO_MIN,102
1779560056333972,TO_MAX,511
1779560057334665,TO_MIN,102
1779560058335364,TO_MAX,511
1779560059336056,TO_MIN,102
1779560060336750,TO_MAX,511
1779560061337432,TO_MIN,102
1779560062338121,TO_MAX,511
1779560063338814,TO_MIN,102
1779560064339818,TO_MAX,511
1779560065340507,TO_MIN,102
1779560066341193,TO_MAX,511
1779560067341885,TO_MIN,102
1779560068342576,TO_MAX,511
1779560069343266,TO_MIN,102
1779560070343961,TO_MAX,511
1779560071344654,TO_MIN,102
1779560072345345,TO_MAX,511
1779560073346035,TO_MIN,102
1779560074346726,TO_MAX,511
1779560075347415,TO_MIN,102
1779560076348113,TO_MAX,511
1779560077348813,TO_MIN,102
1779560078349512,TO_MAX,511
1779560079350204,TO_MIN,102
1779560080350898,TO_MAX,511
1779560081351589,TO_MIN,102
1779560082352275,TO_MAX,511
1779560083352970,TO_MIN,102
1779560084353662,TO_MAX,511
1779560085354355,TO_MIN,102
1779560086355048,TO_MAX,511
1779560087355735,TO_MIN,102
1779560088356424,TO_MAX,511
1779560089357120,TO_MIN,102
1779560090357816,TO_MAX,511
1779560091358512,TO_MIN,102
1779560092359209,TO_MAX,511
1779560093359904,TO_MIN,102
1779560094360598,TO_MAX,511
1779560095361297,TO_MIN,102
1779560096361992,TO_MAX,511
1779560097362688,TO_MIN,102
1779560098363382,TO_MAX,511
1779560099364079,TO_MIN,102
1779560100364774,TO_MAX,511
1779560101365474,TO_MIN,102
1779560102366167,TO_MAX,511
1779560103366823,TO_MIN,102
1779560104367518,TO_MAX,511
1779560105368209,TO_MIN,102
1779560106368902,TO_MAX,511
1779560107369593,TO_MIN,102
1779560108370288,TO_MAX,511
1779560109370984,TO_MIN,102
1779560110371682,TO_MAX,511
1779560111372380,TO_MIN,102
1779560112373077,TO_MAX,511
1779560113373770,TO_MIN,102
1779560114374465,TO_MAX,511
1779560115375155,TO_MIN,102
1779560116375842,TO_MAX,511
1779560117376520,TO_MIN,102
1779560118377213,TO_MAX,511
1779560119377906,TO_MIN,102
1779560120378599,TO_MAX,511
1779560121379279,TO_MIN,102
1779560122379978,TO_MAX,511
1779560123380665,TO_MIN,102
1779560124381354,TO_MAX,511
1779560125382050,TO_MIN,102
1779560126382742,TO_MAX,511
1779560127383427,TO_MIN,102
1779560128384115,TO_MAX,511
1779560129384805,TO_MIN,102
1779560130385493,TO_MAX,511
1779560131386183,TO_MIN,102
1779560132386824,TO_MAX,511
1779560133387510,TO_MIN,102
1779560134388197,TO_MAX,511
1779560135388884,TO_MIN,102
1779560136389572,TO_MAX,511
1779560137390259,TO_MIN,102
1779560138390949,TO_MAX,511
1779560139391635,TO_MIN,102
1779560140392319,TO_MAX,511
1779560141393008,TO_MIN,102
1779560142393698,TO_MAX,511
1779560143394386,TO_MIN,102
1779560144395079,TO_MAX,511
1779560145395772,TO_MIN,102
1779560146396461,TO_MAX,511
1779560147398350,TO_MIN,102
1779560148399040,TO_MAX,511
1779560149399730,TO_MIN,102
1779560150400417,TO_MAX,511
1779560151401115,TO_MIN,102
1779560152405671,TO_MAX,511
1779560153406356,TO_MIN,102
1779560154407051,TO_MAX,511
1779560155407741,TO_MIN,102
1779560156408428,TO_MAX,511
1779560157409114,TO_MIN,102
1779560158409809,TO_MAX,511
1779560159410503,TO_MIN,102
1779560160411197,TO_MAX,511
1779560161411888,TO_MIN,102
1779560162412577,TO_MAX,511
1779560163413266,TO_MIN,102
1779560164413952,TO_MAX,511
1779560165414639,TO_MIN,102
1779560166415349,TO_MAX,511
1779560167416038,TO_MIN,102
1779560168416728,TO_MAX,511
1779560169417421,TO_MIN,102
1779560170418106,TO_MAX,511
1779560171418795,TO_MIN,102
1779560172419496,TO_MAX,511
1779560173420182,TO_MIN,102
1779560174420870,TO_MAX,511
1779560175421562,TO_MIN,102
1779560176422258,TO_MAX,511
1779560177422948,TO_MIN,102
1779560178423637,TO_MAX,511
1779560179424324,TO_MIN,102
1779560180425014,TO_MAX,511
1779560181425701,TO_MIN,102
1779560182426388,TO_MAX,511
1779560183427081,TO_MIN,102
1779560184427768,TO_MAX,511
1779560185428455,TO_MIN,102
1779560186429147,TO_MAX,511
1779560187429834,TO_MIN,102
1779560188430521,TO_MAX,511
1779560189431204,TO_MIN,102
1779560190431890,TO_MAX,511
1779560191432571,TO_MIN,102
1779560192433263,TO_MAX,511
1779560193433949,TO_MIN,102
1779560194434639,TO_MAX,511
1779560195435336,TO_MIN,102
1779560196436027,TO_MAX,511
1779560197436712,TO_MIN,102
1779560198437399,TO_MAX,511
1779560199438087,TO_MIN,102
1779560200438775,TO_MAX,511
1779560201439461,TO_MIN,102
1779560202440150,TO_MAX,511
1779560203440834,TO_MIN,102
1779560204441526,TO_MAX,511
1779560205442223,TO_MIN,102
1779560206442924,END,307
