# servo_sweep log
# mode=continuous duration=1200 min_ticks=102 max_ticks=511 center_ticks=307
# period_ms=1000
# timestamp = CLOCK_REALTIME microseconds at host i2c_write call
# actual PWM wire edge appears ~100us after timestamp
# columns: timestamp_us,event,ticks
1779423814974090,START,307
1779423815174902,TO_MAX,511
1779423816175647,TO_MIN,102
1779423817176360,TO_MAX,511
1779423818177066,TO_MIN,102
1779423819177760,TO_MAX,511
1779423820178450,TO_MIN,102
1779423821179139,TO_MAX,511
1779423822179835,TO_MIN,102
1779423823180532,TO_MAX,511
1779423824181218,TO_MIN,102
1779423825181912,TO_MAX,511
1779423826182605,TO_MIN,102
1779423827183294,TO_MAX,511
1779423828183984,TO_MIN,102
1779423829184667,TO_MAX,511
1779423830185344,TO_MIN,102
1779423831186026,TO_MAX,511
1779423832186710,TO_MIN,102
1779423833187397,TO_MAX,511
1779423834188082,TO_MIN,102
1779423835188774,TO_MAX,511
1779423836189465,TO_MIN,102
1779423837190149,TO_MAX,511
1779423838190822,TO_MIN,102
1779423839191509,TO_MAX,511
1779423840192193,TO_MIN,102
1779423841192879,TO_MAX,511
1779423842193564,TO_MIN,102
1779423843194255,TO_MAX,511
1779423844194943,TO_MIN,102
1779423845195626,TO_MAX,511
1779423846196319,TO_MIN,102
1779423847197006,TO_MAX,511
1779423848197700,TO_MIN,102
1779423849198383,TO_MAX,511
1779423850199064,TO_MIN,102
1779423851199740,TO_MAX,511
1779423852200428,TO_MIN,102
1779423853201102,TO_MAX,511
1779423854201776,TO_MIN,102
1779423855202443,TO_MAX,511
1779423856203115,TO_MIN,102
1779423857203807,TO_MAX,511
1779423858204481,TO_MIN,102
1779423859205162,TO_MAX,511
1779423860205850,TO_MIN,102
1779423861206534,TO_MAX,511
1779423862207215,TO_MIN,102
1779423863207899,TO_MAX,511
1779423864208593,TO_MIN,102
1779423865209284,TO_MAX,511
1779423866209969,TO_MIN,102
1779423867210655,TO_MAX,511
1779423868211339,TO_MIN,102
1779423869212029,TO_MAX,511
1779423870212715,TO_MIN,102
1779423871213394,TO_MAX,511
1779423872214069,TO_MIN,102
1779423873214754,TO_MAX,511
1779423874215443,TO_MIN,102
1779423875216128,TO_MAX,511
1779423876216803,TO_MIN,102
1779423877217480,TO_MAX,511
1779423878218164,TO_MIN,102
1779423879218829,TO_MAX,511
1779423880219523,TO_MIN,102
1779423881220211,TO_MAX,511
1779423882220897,TO_MIN,102
1779423883221594,TO_MAX,511
1779423884222281,TO_MIN,102
1779423885222956,TO_MAX,511
1779423886223633,TO_MIN,102
1779423887224322,TO_MAX,511
1779423888224999,TO_MIN,102
1779423889225684,TO_MAX,511
1779423890226371,TO_MIN,102
1779423891227066,TO_MAX,511
1779423892227759,TO_MIN,102
1779423893228449,TO_MAX,511
1779423894229144,TO_MIN,102
1779423895229840,TO_MAX,511
1779423896230527,TO_MIN,102
1779423897231213,TO_MAX,511
1779423898231900,TO_MIN,102
1779423899232589,TO_MAX,511
1779423900233282,TO_MIN,102
1779423901233979,TO_MAX,511
1779423902234673,TO_MIN,102
1779423903235361,TO_MAX,511
1779423904236050,TO_MIN,102
1779423905236737,TO_MAX,511
1779423906237433,TO_MIN,102
1779423907238117,TO_MAX,511
1779423908238801,TO_MIN,102
1779423909239500,TO_MAX,511
1779423910240188,TO_MIN,102
1779423911240881,TO_MAX,511
1779423912241592,TO_MIN,102
1779423913242284,TO_MAX,511
1779423914242975,TO_MIN,102
1779423915243667,TO_MAX,511
1779423916244359,TO_MIN,102
1779423917245054,TO_MAX,511
1779423918245759,TO_MIN,102
1779423919246456,TO_MAX,511
1779423920247159,TO_MIN,102
1779423921247856,TO_MAX,511
1779423922248558,TO_MIN,102
1779423923249263,TO_MAX,511
1779423924249967,TO_MIN,102
1779423925250667,TO_MAX,511
1779423926251369,TO_MIN,102
1779423927252069,TO_MAX,511
1779423928252764,TO_MIN,102
1779423929253461,TO_MAX,511
1779423930254168,TO_MIN,102
1779423931254822,TO_MAX,511
1779423932255522,TO_MIN,102
1779423933256222,TO_MAX,511
1779423934256917,TO_MIN,102
1779423935257610,TO_MAX,511
1779423936258312,TO_MIN,102
1779423937259013,TO_MAX,511
1779423938259710,TO_MIN,102
1779423939260411,TO_MAX,511
1779423940261107,TO_MIN,102
1779423941261799,TO_MAX,511
1779423942262513,TO_MIN,102
1779423943263204,TO_MAX,511
1779423944263903,TO_MIN,102
1779423945264610,TO_MAX,511
1779423946265313,TO_MIN,102
1779423947266015,TO_MAX,511
1779423948266719,TO_MIN,102
1779423949267432,TO_MAX,511
1779423950268136,TO_MIN,102
1779423951268848,TO_MAX,511
1779423952269553,TO_MIN,102
1779423953270256,TO_MAX,511
1779423954270954,TO_MIN,102
1779423955271642,TO_MAX,511
1779423956272338,TO_MIN,102
1779423957273038,TO_MAX,511
1779423958273755,TO_MIN,102
1779423959274455,TO_MAX,511
1779423960275167,TO_MIN,102
1779423961275873,TO_MAX,511
1779423962276572,TO_MIN,102
1779423963277273,TO_MAX,511
1779423964277977,TO_MIN,102
1779423965278678,TO_MAX,511
1779423966279382,TO_MIN,102
1779423967280089,TO_MAX,511
1779423968280797,TO_MIN,102
1779423969281504,TO_MAX,511
1779423970282204,TO_MIN,102
1779423971282918,TO_MAX,511
1779423972283632,TO_MIN,102
1779423973284329,TO_MAX,511
1779423974285023,TO_MIN,102
1779423975285724,TO_MAX,511
1779423976286426,TO_MIN,102
1779423977287132,TO_MAX,511
1779423978287834,TO_MIN,102
1779423979288532,TO_MAX,511
1779423980289234,TO_MIN,102
1779423981289937,TO_MAX,511
1779423982290637,TO_MIN,102
1779423983291332,TO_MAX,511
1779423984292096,TO_MIN,102
1779423985292800,TO_MAX,511
1779423986293502,TO_MIN,102
1779423987294191,TO_MAX,511
1779423988294894,TO_MIN,102
1779423989295596,TO_MAX,511
1779423990296303,TO_MIN,102
1779423991297000,TO_MAX,511
1779423992297698,TO_MIN,102
1779423993298393,TO_MAX,511
1779423994299087,TO_MIN,102
1779423995299785,TO_MAX,511
1779423996300490,TO_MIN,102
1779423997301193,TO_MAX,511
1779423998301893,TO_MIN,102
1779423999302588,TO_MAX,511
1779424000303289,TO_MIN,102
1779424001303990,TO_MAX,511
1779424002304698,TO_MIN,102
1779424003305400,TO_MAX,511
1779424004306103,TO_MIN,102
1779424005306805,TO_MAX,511
1779424006307520,TO_MIN,102
1779424007308216,TO_MAX,511
1779424008308918,TO_MIN,102
1779424009309613,TO_MAX,511
1779424010310309,TO_MIN,102
1779424011311012,TO_MAX,511
1779424012311711,TO_MIN,102
1779424013312405,TO_MAX,511
1779424014313093,TO_MIN,102
1779424015313783,TO_MAX,511
1779424016314484,TO_MIN,102
1779424017315178,TO_MAX,511
1779424018315875,TO_MIN,102
1779424019316566,TO_MAX,511
1779424020317259,TO_MIN,102
1779424021317962,TO_MAX,511
1779424022318658,TO_MIN,102
1779424023319360,TO_MAX,511
1779424024320058,TO_MIN,102
1779424025320758,TO_MAX,511
1779424026321464,TO_MIN,102
1779424027322161,TO_MAX,511
1779424028322824,TO_MIN,102
1779424029323527,TO_MAX,511
1779424030324220,TO_MIN,102
1779424031324926,TO_MAX,511
1779424032325634,TO_MIN,102
1779424033326326,TO_MAX,511
1779424034327013,TO_MIN,102
1779424035327703,TO_MAX,511
1779424036328391,TO_MIN,102
1779424037329081,TO_MAX,511
1779424038329776,TO_MIN,102
1779424039330467,TO_MAX,511
1779424040331154,TO_MIN,102
1779424041331843,TO_MAX,511
1779424042332532,TO_MIN,102
1779424043333224,TO_MAX,511
1779424044333919,TO_MIN,102
1779424045334607,TO_MAX,511
1779424046335296,TO_MIN,102
1779424047335985,TO_MAX,511
1779424048336679,TO_MIN,102
1779424049337373,TO_MAX,511
1779424050338076,TO_MIN,102
1779424051338771,TO_MAX,511
1779424052339462,TO_MIN,102
1779424053340152,TO_MAX,511
1779424054340840,TO_MIN,102
1779424055341533,TO_MAX,511
1779424056342229,TO_MIN,102
1779424057342918,TO_MAX,511
1779424058343603,TO_MIN,102
1779424059344291,TO_MAX,511
1779424060344977,TO_MIN,102
1779424061345667,TO_MAX,511
1779424062346362,TO_MIN,102
1779424063347053,TO_MAX,511
1779424064347744,TO_MIN,102
1779424065348434,TO_MAX,511
1779424066349117,TO_MIN,102
1779424067349808,TO_MAX,511
1779424068350504,TO_MIN,102
1779424069351190,TO_MAX,511
1779424070351875,TO_MIN,102
1779424071352574,TO_MAX,511
1779424072353262,TO_MIN,102
1779424073353951,TO_MAX,511
1779424074354637,TO_MIN,102
1779424075355332,TO_MAX,511
1779424076356020,TO_MIN,102
1779424077356710,TO_MAX,511
1779424078357399,TO_MIN,102
1779424079358087,TO_MAX,511
1779424080358781,TO_MIN,102
1779424081359494,TO_MAX,511
1779424082360193,TO_MIN,102
1779424083360891,TO_MAX,511
1779424084361589,TO_MIN,102
1779424085362285,TO_MAX,511
1779424086362986,TO_MIN,102
1779424087363683,TO_MAX,511
1779424088364383,TO_MIN,102
1779424089365078,TO_MAX,511
1779424090365783,TO_MIN,102
1779424091366483,TO_MAX,511
1779424092367185,TO_MIN,102
1779424093367885,TO_MAX,511
1779424094368576,TO_MIN,102
1779424095369271,TO_MAX,511
1779424096369964,TO_MIN,102
1779424097370668,TO_MAX,511
1779424098371384,TO_MIN,102
1779424099372074,TO_MAX,511
1779424100372764,TO_MIN,102
1779424101373453,TO_MAX,511
1779424102374143,TO_MIN,102
1779424103374825,TO_MAX,511
1779424104375519,TO_MIN,102
1779424105376208,TO_MAX,511
1779424106376891,TO_MIN,102
1779424107377578,TO_MAX,511
1779424108378260,TO_MIN,102
1779424109378947,TO_MAX,511
1779424110379637,TO_MIN,102
1779424111380323,TO_MAX,511
1779424112381005,TO_MIN,102
1779424113381687,TO_MAX,511
1779424114382372,TO_MIN,102
1779424115383060,TO_MAX,511
1779424116383750,TO_MIN,102
1779424117384444,TO_MAX,511
1779424118385123,TO_MIN,102
1779424119385809,TO_MAX,511
1779424120386491,TO_MIN,102
1779424121387173,TO_MAX,511
1779424122387865,TO_MIN,102
1779424123388550,TO_MAX,511
1779424124389245,TO_MIN,102
1779424125389935,TO_MAX,511
1779424126390618,TO_MIN,102
1779424127391306,TO_MAX,511
1779424128391999,TO_MIN,102
1779424129392687,TO_MAX,511
1779424130393374,TO_MIN,102
1779424131394061,TO_MAX,511
1779424132394737,TO_MIN,102
1779424133395420,TO_MAX,511
1779424134396101,TO_MIN,102
1779424135396786,TO_MAX,511
1779424136397479,TO_MIN,102
1779424137398169,TO_MAX,511
1779424138398822,TO_MIN,102
1779424139399513,TO_MAX,511
1779424140400212,TO_MIN,102
1779424141400904,TO_MAX,511
1779424142401593,TO_MIN,102
1779424143402285,TO_MAX,511
1779424144402971,TO_MIN,102
1779424145403655,TO_MAX,511
1779424146404335,TO_MIN,102
1779424147405021,TO_MAX,511
1779424148405706,TO_MIN,102
1779424149406392,TO_MAX,511
1779424150407078,TO_MIN,102
1779424151407767,TO_MAX,511
1779424152408465,TO_MIN,102
1779424153409156,TO_MAX,511
1779424154409846,TO_MIN,102
1779424155410540,TO_MAX,511
1779424156411226,TO_MIN,102
1779424157411919,TO_MAX,511
1779424158412612,TO_MIN,102
1779424159413301,TO_MAX,511
1779424160413991,TO_MIN,102
1779424161414680,TO_MAX,511
1779424162415367,TO_MIN,102
1779424163416056,TO_MAX,511
1779424164416744,TO_MIN,102
1779424165417433,TO_MAX,511
1779424166418122,TO_MIN,102
1779424167418827,TO_MAX,511
1779424168419520,TO_MIN,102
1779424169420210,TO_MAX,511
1779424170420899,TO_MIN,102
1779424171421590,TO_MAX,511
1779424172422273,TO_MIN,102
1779424173422956,TO_MAX,511
1779424174423642,TO_MIN,102
1779424175424329,TO_MAX,511
1779424176425021,TO_MIN,102
1779424177425705,TO_MAX,511
1779424178426391,TO_MIN,102
1779424179427077,TO_MAX,511
1779424180427764,TO_MIN,102
1779424181428452,TO_MAX,511
1779424182429150,TO_MIN,102
1779424183429838,TO_MAX,511
1779424184430531,TO_MIN,102
1779424185431222,TO_MAX,511
1779424186431912,TO_MIN,102
1779424187432604,TO_MAX,511
1779424188433296,TO_MIN,102
1779424189433981,TO_MAX,511
1779424190434671,TO_MIN,102
1779424191435358,TO_MAX,511
1779424192436046,TO_MIN,102
1779424193436738,TO_MAX,511
1779424194437438,TO_MIN,102
1779424195438138,TO_MAX,511
1779424196438822,TO_MIN,102
1779424197439515,TO_MAX,511
1779424198440208,TO_MIN,102
1779424199440899,TO_MAX,511
1779424200441599,TO_MIN,102
1779424201442300,TO_MAX,511
1779424202443001,TO_MIN,102
1779424203443697,TO_MAX,511
1779424204444390,TO_MIN,102
1779424205445081,TO_MAX,511
1779424206445767,TO_MIN,102
1779424207446463,TO_MAX,511
1779424208447153,TO_MIN,102
1779424209447850,TO_MAX,511
1779424210448539,TO_MIN,102
1779424211449234,TO_MAX,511
1779424212449931,TO_MIN,102
1779424213450623,TO_MAX,511
1779424214451309,TO_MIN,102
1779424215451997,TO_MAX,511
1779424216452685,TO_MIN,102
1779424217453385,TO_MAX,511
1779424218454083,TO_MIN,102
1779424219454772,TO_MAX,511
1779424220455458,TO_MIN,102
1779424221456147,TO_MAX,511
1779424222456840,TO_MIN,102
1779424223457526,TO_MAX,511
1779424224458217,TO_MIN,102
1779424225458904,TO_MAX,511
1779424226459592,TO_MIN,102
1779424227460284,TO_MAX,511
1779424228460974,TO_MIN,102
1779424229461672,TO_MAX,511
1779424230462365,TO_MIN,102
1779424231463062,TO_MAX,511
1779424232463748,TO_MIN,102
1779424233464434,TO_MAX,511
1779424234465117,TO_MIN,102
1779424235465807,TO_MAX,511
1779424236466494,TO_MIN,102
1779424237467183,TO_MAX,511
1779424238467870,TO_MIN,102
1779424239468559,TO_MAX,511
1779424240469249,TO_MIN,102
1779424241469935,TO_MAX,511
1779424242470625,TO_MIN,102
1779424243471309,TO_MAX,511
1779424244472016,TO_MIN,102
1779424245472710,TO_MAX,511
1779424246473404,TO_MIN,102
1779424247474093,TO_MAX,511
1779424248474795,TO_MIN,102
1779424249475502,TO_MAX,511
1779424250476179,TO_MIN,102
1779424251476867,TO_MAX,511
1779424252477555,TO_MIN,102
1779424253478244,TO_MAX,511
1779424254478939,TO_MIN,102
1779424255479627,TO_MAX,511
1779424256480319,TO_MIN,102
1779424257481007,TO_MAX,511
1779424258481695,TO_MIN,102
1779424259482388,TO_MAX,511
1779424260483079,TO_MIN,102
1779424261483777,TO_MAX,511
1779424262484472,TO_MIN,102
1779424263485159,TO_MAX,511
1779424264485853,TO_MIN,102
1779424265486556,TO_MAX,511
1779424266487264,TO_MIN,102
1779424267487964,TO_MAX,511
1779424268488664,TO_MIN,102
1779424269489361,TO_MAX,511
1779424270490061,TO_MIN,102
1779424271490760,TO_MAX,511
1779424272491465,TO_MIN,102
1779424273492156,TO_MAX,511
1779424274492846,TO_MIN,102
1779424275493536,TO_MAX,511
1779424276494216,TO_MIN,102
1779424277494909,TO_MAX,511
1779424278495611,TO_MIN,102
1779424279496312,TO_MAX,511
1779424280497012,TO_MIN,102
1779424281497709,TO_MAX,511
1779424282498400,TO_MIN,102
1779424283499090,TO_MAX,511
1779424284499786,TO_MIN,102
1779424285500478,TO_MAX,511
1779424286501169,TO_MIN,102
1779424287501864,TO_MAX,511
1779424288502554,TO_MIN,102
1779424289503244,TO_MAX,511
1779424290503938,TO_MIN,102
1779424291504633,TO_MAX,511
1779424292505323,TO_MIN,102
1779424293506016,TO_MAX,511
1779424294506705,TO_MIN,102
1779424295507394,TO_MAX,511
1779424296508085,TO_MIN,102
1779424297508775,TO_MAX,511
1779424298509470,TO_MIN,102
1779424299510169,TO_MAX,511
1779424300510824,TO_MIN,102
1779424301511517,TO_MAX,511
1779424302512209,TO_MIN,102
1779424303512901,TO_MAX,511
1779424304513589,TO_MIN,102
1779424305514282,TO_MAX,511
1779424306514970,TO_MIN,102
1779424307517078,TO_MAX,511
1779424308517769,TO_MIN,102
1779424309518460,TO_MAX,511
1779424310519160,TO_MIN,102
1779424311519849,TO_MAX,511
1779424312520540,TO_MIN,102
1779424313521234,TO_MAX,511
1779424314521927,TO_MIN,102
1779424315522622,TO_MAX,511
1779424316523311,TO_MIN,102
1779424317526983,TO_MAX,511
1779424318527674,TO_MIN,102
1779424319528363,TO_MAX,511
1779424320529052,TO_MIN,102
1779424321529747,TO_MAX,511
1779424322534096,TO_MIN,102
1779424323534784,TO_MAX,511
1779424324535480,TO_MIN,102
1779424325536167,TO_MAX,511
1779424326536857,TO_MIN,102
1779424327537552,TO_MAX,511
1779424328538242,TO_MIN,102
1779424329538937,TO_MAX,511
1779424330539623,TO_MIN,102
1779424331540318,TO_MAX,511
1779424332549282,TO_MIN,102
1779424333549977,TO_MAX,511
1779424334550669,TO_MIN,102
1779424335551362,TO_MAX,511
1779424336552062,TO_MIN,102
1779424337552762,TO_MAX,511
1779424338553459,TO_MIN,102
1779424339554153,TO_MAX,511
1779424340554823,TO_MIN,102
1779424341555515,TO_MAX,511
1779424342556205,TO_MIN,102
1779424343556894,TO_MAX,511
1779424344557589,TO_MIN,102
1779424345558279,TO_MAX,511
1779424346558966,TO_MIN,102
1779424347559656,TO_MAX,511
1779424348560349,TO_MIN,102
1779424349561041,TO_MAX,511
1779424350561733,TO_MIN,102
1779424351562424,TO_MAX,511
1779424352566005,TO_MIN,102
1779424353566695,TO_MAX,511
1779424354567392,TO_MIN,102
1779424355568086,TO_MAX,511
1779424356568775,TO_MIN,102
1779424357573945,TO_MAX,511
1779424358574635,TO_MIN,102
1779424359575323,TO_MAX,511
1779424360576010,TO_MIN,102
1779424361576698,TO_MAX,511
1779424362581647,TO_MIN,102
1779424363582338,TO_MAX,511
1779424364583025,TO_MIN,102
1779424365583713,TO_MAX,511
1779424366584391,TO_MIN,102
1779424367589076,TO_MAX,511
1779424368589763,TO_MIN,102
1779424369590448,TO_MAX,511
1779424370591137,TO_MIN,102
1779424371591823,TO_MAX,511
1779424372592511,TO_MIN,102
1779424373593200,TO_MAX,511
1779424374593886,TO_MIN,102
1779424375594573,TO_MAX,511
1779424376595262,TO_MIN,102
1779424377598943,TO_MAX,511
1779424378599625,TO_MIN,102
1779424379600313,TO_MAX,511
1779424380601001,TO_MIN,102
1779424381601696,TO_MAX,511
1779424382606654,TO_MIN,102
1779424383607340,TO_MAX,511
1779424384608018,TO_MIN,102
1779424385608707,TO_MAX,511
1779424386609400,TO_MIN,102
1779424387610091,TO_MAX,511
1779424388610786,TO_MIN,102
1779424389611494,TO_MAX,511
1779424390612203,TO_MIN,102
1779424391612892,TO_MAX,511
1779424392613585,TO_MIN,102
1779424393614275,TO_MAX,511
1779424394614961,TO_MIN,102
1779424395615651,TO_MAX,511
1779424396616339,TO_MIN,102
1779424397617026,TO_MAX,511
1779424398617713,TO_MIN,102
1779424399618399,TO_MAX,511
1779424400619086,TO_MIN,102
1779424401619781,TO_MAX,511
1779424402620473,TO_MIN,102
1779424403621164,TO_MAX,511
1779424404621855,TO_MIN,102
1779424405622545,TO_MAX,511
1779424406623229,TO_MIN,102
1779424407623917,TO_MAX,511
1779424408624604,TO_MIN,102
1779424409625293,TO_MAX,511
1779424410625980,TO_MIN,102
1779424411626670,TO_MAX,511
1779424412627358,TO_MIN,102
1779424413628046,TO_MAX,511
1779424414628726,TO_MIN,102
1779424415629418,TO_MAX,511
1779424416630110,TO_MIN,102
1779424417630795,TO_MAX,511
1779424418631479,TO_MIN,102
1779424419632161,TO_MAX,511
1779424420632840,TO_MIN,102
1779424421633529,TO_MAX,511
1779424422634214,TO_MIN,102
1779424423634898,TO_MAX,511
1779424424635585,TO_MIN,102
1779424425636270,TO_MAX,511
1779424426636946,TO_MIN,102
1779424427637630,TO_MAX,511
1779424428638303,TO_MIN,102
1779424429638990,TO_MAX,511
1779424430639685,TO_MIN,102
1779424431640374,TO_MAX,511
1779424432641062,TO_MIN,102
1779424433641750,TO_MAX,511
1779424434642436,TO_MIN,102
1779424435643125,TO_MAX,511
1779424436643808,TO_MIN,102
1779424437644494,TO_MAX,511
1779424438645179,TO_MIN,102
1779424439645867,TO_MAX,511
1779424440646549,TO_MIN,102
1779424441647239,TO_MAX,511
1779424442647930,TO_MIN,102
1779424443648622,TO_MAX,511
1779424444649307,TO_MIN,102
1779424445649998,TO_MAX,511
1779424446650689,TO_MIN,102
1779424447651383,TO_MAX,511
1779424448652070,TO_MIN,102
1779424449652763,TO_MAX,511
1779424450653455,TO_MIN,102
1779424451654153,TO_MAX,511
1779424452654824,TO_MIN,102
1779424453655517,TO_MAX,511
1779424454656210,TO_MIN,102
1779424455656896,TO_MAX,511
1779424456657581,TO_MIN,102
1779424457658273,TO_MAX,511
1779424458658967,TO_MIN,102
1779424459659659,TO_MAX,511
1779424460660344,TO_MIN,102
1779424461661032,TO_MAX,511
1779424462661722,TO_MIN,102
1779424463662409,TO_MAX,511
1779424464663093,TO_MIN,102
1779424465663784,TO_MAX,511
1779424466664474,TO_MIN,102
1779424467665165,TO_MAX,511
1779424468665853,TO_MIN,102
1779424469666544,TO_MAX,511
1779424470667235,TO_MIN,102
1779424471667924,TO_MAX,511
1779424472668612,TO_MIN,102
1779424473669305,TO_MAX,511
1779424474669988,TO_MIN,102
1779424475670676,TO_MAX,511
1779424476671363,TO_MIN,102
1779424477672049,TO_MAX,511
1779424478672737,TO_MIN,102
1779424479673425,TO_MAX,511
1779424480674107,TO_MIN,102
1779424481674794,TO_MAX,511
1779424482675496,TO_MIN,102
1779424483676184,TO_MAX,511
1779424484676870,TO_MIN,102
1779424485677557,TO_MAX,511
1779424486678238,TO_MIN,102
1779424487678927,TO_MAX,511
1779424488679613,TO_MIN,102
1779424489680298,TO_MAX,511
1779424490680981,TO_MIN,102
1779424491681665,TO_MAX,511
1779424492682348,TO_MIN,102
1779424493683034,TO_MAX,511
1779424494683717,TO_MIN,102
1779424495684405,TO_MAX,511
1779424496685087,TO_MIN,102
1779424497685775,TO_MAX,511
1779424498686467,TO_MIN,102
1779424499687157,TO_MAX,511
1779424500687844,TO_MIN,102
1779424501688535,TO_MAX,511
1779424502689226,TO_MIN,102
1779424503689915,TO_MAX,511
1779424504690600,TO_MIN,102
1779424505691288,TO_MAX,511
1779424506691975,TO_MIN,102
1779424507692661,TO_MAX,511
1779424508693349,TO_MIN,102
1779424509694036,TO_MAX,511
1779424510694720,TO_MIN,102
1779424511695413,TO_MAX,511
1779424512696107,TO_MIN,102
1779424513696799,TO_MAX,511
1779424514697493,TO_MIN,102
1779424515698179,TO_MAX,511
1779424516698823,TO_MIN,102
1779424517699513,TO_MAX,511
1779424518700199,TO_MIN,102
1779424519700883,TO_MAX,511
1779424520701569,TO_MIN,102
1779424521702251,TO_MAX,511
1779424522702927,TO_MIN,102
1779424523703622,TO_MAX,511
1779424524704311,TO_MIN,102
1779424525704997,TO_MAX,511
1779424526705683,TO_MIN,102
1779424527706368,TO_MAX,511
1779424528707053,TO_MIN,102
1779424529707743,TO_MAX,511
1779424530708429,TO_MIN,102
1779424531709122,TO_MAX,511
1779424532709811,TO_MIN,102
1779424533710500,TO_MAX,511
1779424534711187,TO_MIN,102
1779424535711875,TO_MAX,511
1779424536712584,TO_MIN,102
1779424537713266,TO_MAX,511
1779424538713939,TO_MIN,102
1779424539714626,TO_MAX,511
1779424540715310,TO_MIN,102
1779424541716002,TO_MAX,511
1779424542716690,TO_MIN,102
1779424543717382,TO_MAX,511
1779424544718077,TO_MIN,102
1779424545718770,TO_MAX,511
1779424546719462,TO_MIN,102
1779424547720154,TO_MAX,511
1779424548720841,TO_MIN,102
1779424549721533,TO_MAX,511
1779424550722226,TO_MIN,102
1779424551722918,TO_MAX,511
1779424552723608,TO_MIN,102
1779424553724295,TO_MAX,511
1779424554724981,TO_MIN,102
1779424555725667,TO_MAX,511
1779424556726345,TO_MIN,102
1779424557727032,TO_MAX,511
1779424558727709,TO_MIN,102
1779424559728392,TO_MAX,511
1779424560729069,TO_MIN,102
1779424561729757,TO_MAX,511
1779424562730433,TO_MIN,102
1779424563731124,TO_MAX,511
1779424564731802,TO_MIN,102
1779424565732485,TO_MAX,511
1779424566733167,TO_MIN,102
1779424567733853,TO_MAX,511
1779424568734532,TO_MIN,102
1779424569735224,TO_MAX,511
1779424570735921,TO_MIN,102
1779424571736627,TO_MAX,511
1779424572737331,TO_MIN,102
1779424573738025,TO_MAX,511
1779424574738718,TO_MIN,102
1779424575739415,TO_MAX,511
1779424576740102,TO_MIN,102
1779424577740806,TO_MAX,511
1779424578741488,TO_MIN,102
1779424579742177,TO_MAX,511
1779424580742823,TO_MIN,102
1779424581743510,TO_MAX,511
1779424582744197,TO_MIN,102
1779424583744883,TO_MAX,511
1779424584745569,TO_MIN,102
1779424585746256,TO_MAX,511
1779424586746947,TO_MIN,102
1779424587747636,TO_MAX,511
1779424588748325,TO_MIN,102
1779424589749015,TO_MAX,511
1779424590749703,TO_MIN,102
1779424591750395,TO_MAX,511
1779424592751083,TO_MIN,102
1779424593751769,TO_MAX,511
1779424594752450,TO_MIN,102
1779424595753140,TO_MAX,511
1779424596753837,TO_MIN,102
1779424597754533,TO_MAX,511
1779424598755223,TO_MIN,102
1779424599755915,TO_MAX,511
1779424600756610,TO_MIN,102
1779424601757299,TO_MAX,511
1779424602757993,TO_MIN,102
1779424603758687,TO_MAX,511
1779424604759389,TO_MIN,102
1779424605760093,TO_MAX,511
1779424606760798,TO_MIN,102
1779424607761494,TO_MAX,511
1779424608762193,TO_MIN,102
1779424609762895,TO_MAX,511
1779424610763593,TO_MIN,102
1779424611764284,TO_MAX,511
1779424612764977,TO_MIN,102
1779424613765669,TO_MAX,511
1779424614766356,TO_MIN,102
1779424615767041,TO_MAX,511
1779424616767741,TO_MIN,102
1779424617768441,TO_MAX,511
1779424618769129,TO_MIN,102
1779424619769826,TO_MAX,511
1779424620770519,TO_MIN,102
1779424621771221,TO_MAX,511
1779424622771917,TO_MIN,102
1779424623772607,TO_MAX,511
1779424624773304,TO_MIN,102
1779424625774007,TO_MAX,511
1779424626774723,TO_MIN,102
1779424627775438,TO_MAX,511
1779424628776138,TO_MIN,102
1779424629776835,TO_MAX,511
1779424630777522,TO_MIN,102
1779424631778219,TO_MAX,511
1779424632778917,TO_MIN,102
1779424633779610,TO_MAX,511
1779424634780301,TO_MIN,102
1779424635780992,TO_MAX,511
1779424636781686,TO_MIN,102
1779424637782379,TO_MAX,511
1779424638783065,TO_MIN,102
1779424639783753,TO_MAX,511
1779424640784443,TO_MIN,102
1779424641785138,TO_MAX,511
1779424642785832,TO_MIN,102
1779424643786524,TO_MAX,511
1779424644787215,TO_MIN,102
1779424645787908,TO_MAX,511
1779424646788594,TO_MIN,102
1779424647789286,TO_MAX,511
1779424648789975,TO_MIN,102
1779424649790666,TO_MAX,511
1779424650791355,TO_MIN,102
1779424651792043,TO_MAX,511
1779424652792732,TO_MIN,102
1779424653793421,TO_MAX,511
1779424654794107,TO_MIN,102
1779424655794796,TO_MAX,511
1779424656795497,TO_MIN,102
1779424657796185,TO_MAX,511
1779424658796870,TO_MIN,102
1779424659797555,TO_MAX,511
1779424660798247,TO_MIN,102
1779424661798934,TO_MAX,511
1779424662799622,TO_MIN,102
1779424663800310,TO_MAX,511
1779424664801003,TO_MIN,102
1779424665801692,TO_MAX,511
1779424666802381,TO_MIN,102
1779424667803070,TO_MAX,511
1779424668803767,TO_MIN,102
1779424669804462,TO_MAX,511
1779424670805151,TO_MIN,102
1779424671805846,TO_MAX,511
1779424672806541,TO_MIN,102
1779424673807230,TO_MAX,511
1779424674807917,TO_MIN,102
1779424675808612,TO_MAX,511
1779424676809302,TO_MIN,102
1779424677809998,TO_MAX,511
1779424678810690,TO_MIN,102
1779424679811380,TO_MAX,511
1779424680812073,TO_MIN,102
1779424681812768,TO_MAX,511
1779424682813458,TO_MIN,102
1779424683814172,TO_MAX,511
1779424684814823,TO_MIN,102
1779424685815511,TO_MAX,511
1779424686816199,TO_MIN,102
1779424687816892,TO_MAX,511
1779424688817588,TO_MIN,102
1779424689818278,TO_MAX,511
1779424690818972,TO_MIN,102
1779424691819669,TO_MAX,511
1779424692820366,TO_MIN,102
1779424693821057,TO_MAX,511
1779424694821749,TO_MIN,102
1779424695822443,TO_MAX,511
1779424696823139,TO_MIN,102
1779424697823838,TO_MAX,511
1779424698824528,TO_MIN,102
1779424699825232,TO_MAX,511
1779424700825925,TO_MIN,102
1779424701826621,TO_MAX,511
1779424702827320,TO_MIN,102
1779424703828023,TO_MAX,511
1779424704828718,TO_MIN,102
1779424705829412,TO_MAX,511
1779424706830103,TO_MIN,102
1779424707830793,TO_MAX,511
1779424708831495,TO_MIN,102
1779424709832184,TO_MAX,511
1779424710832874,TO_MIN,102
1779424711833563,TO_MAX,511
1779424712834257,TO_MIN,102
1779424713834945,TO_MAX,511
1779424714835633,TO_MIN,102
1779424715836333,TO_MAX,511
1779424716837025,TO_MIN,102
1779424717837717,TO_MAX,511
1779424718838411,TO_MIN,102
1779424719839103,TO_MAX,511
1779424720839792,TO_MIN,102
1779424721840483,TO_MAX,511
1779424722841171,TO_MIN,102
1779424723841856,TO_MAX,511
1779424724842543,TO_MIN,102
1779424725843235,TO_MAX,511
1779424726843925,TO_MIN,102
1779424727844616,TO_MAX,511
1779424728845311,TO_MIN,102
1779424729846005,TO_MAX,511
1779424730846698,TO_MIN,102
1779424731847388,TO_MAX,511
1779424732848084,TO_MIN,102
1779424733848778,TO_MAX,511
1779424734849461,TO_MIN,102
1779424735850145,TO_MAX,511
1779424736850822,TO_MIN,102
1779424737851512,TO_MAX,511
1779424738852202,TO_MIN,102
1779424739852896,TO_MAX,511
1779424740853586,TO_MIN,102
1779424741854281,TO_MAX,511
1779424742854974,TO_MIN,102
1779424743855666,TO_MAX,511
1779424744856366,TO_MIN,102
1779424745857058,TO_MAX,511
1779424746857746,TO_MIN,102
1779424747858437,TO_MAX,511
1779424748859125,TO_MIN,102
1779424749859812,TO_MAX,511
1779424750860499,TO_MIN,102
1779424751861201,TO_MAX,511
1779424752861894,TO_MIN,102
1779424753862588,TO_MAX,511
1779424754863278,TO_MIN,102
1779424755863973,TO_MAX,511
1779424756864661,TO_MIN,102
1779424757865352,TO_MAX,511
1779424758866034,TO_MIN,102
1779424759866726,TO_MAX,511
1779424760867414,TO_MIN,102
1779424761868109,TO_MAX,511
1779424762868803,TO_MIN,102
1779424763869498,TO_MAX,511
1779424764870188,TO_MIN,102
1779424765870884,TO_MAX,511
1779424766871572,TO_MIN,102
1779424767872263,TO_MAX,511
1779424768872950,TO_MIN,102
1779424769873641,TO_MAX,511
1779424770874331,TO_MIN,102
1779424771875017,TO_MAX,511
1779424772875704,TO_MIN,102
1779424773876392,TO_MAX,511
1779424774877079,TO_MIN,102
1779424775877771,TO_MAX,511
1779424776878462,TO_MIN,102
1779424777879156,TO_MAX,511
1779424778879842,TO_MIN,102
1779424779880529,TO_MAX,511
1779424780881217,TO_MIN,102
1779424781881907,TO_MAX,511
1779424782882595,TO_MIN,102
1779424783883285,TO_MAX,511
1779424784883967,TO_MIN,102
1779424785884657,TO_MAX,511
1779424786885344,TO_MIN,102
1779424787886036,TO_MAX,511
1779424788886728,TO_MIN,102
1779424789887419,TO_MAX,511
1779424790888109,TO_MIN,102
1779424791888800,TO_MAX,511
1779424792889491,TO_MIN,102
1779424793890181,TO_MAX,511
1779424794890823,TO_MIN,102
1779424795891508,TO_MAX,511
1779424796892192,TO_MIN,102
1779424797892878,TO_MAX,511
1779424798893565,TO_MIN,102
1779424799894255,TO_MAX,511
1779424800894947,TO_MIN,102
1779424801895641,TO_MAX,511
1779424802896331,TO_MIN,102
1779424803897019,TO_MAX,511
1779424804897711,TO_MIN,102
1779424805898399,TO_MAX,511
1779424806899112,TO_MIN,102
1779424807899812,TO_MAX,511
1779424808900518,TO_MIN,102
1779424809901216,TO_MAX,511
1779424810901921,TO_MIN,102
1779424811902640,TO_MAX,511
1779424812903354,TO_MIN,102
1779424813904065,TO_MAX,511
1779424814904757,TO_MIN,102
1779424815905452,TO_MAX,511
1779424816906153,TO_MIN,102
1779424817906879,TO_MAX,511
1779424818907579,TO_MIN,102
1779424819908269,TO_MAX,511
1779424820908959,TO_MIN,102
1779424821909653,TO_MAX,511
1779424822910345,TO_MIN,102
1779424823911035,TO_MAX,511
1779424824911722,TO_MIN,102
1779424825912416,TO_MAX,511
1779424826913103,TO_MIN,102
1779424827913794,TO_MAX,511
1779424828914482,TO_MIN,102
1779424829915188,TO_MAX,511
1779424830915871,TO_MIN,102
1779424831916561,TO_MAX,511
1779424832917250,TO_MIN,102
1779424833917933,TO_MAX,511
1779424834918617,TO_MIN,102
1779424835919307,TO_MAX,511
1779424836919988,TO_MIN,102
1779424837920675,TO_MAX,511
1779424838921358,TO_MIN,102
1779424839922050,TO_MAX,511
1779424840922743,TO_MIN,102
1779424841923437,TO_MAX,511
1779424842924131,TO_MIN,102
1779424843924819,TO_MAX,511
1779424844925505,TO_MIN,102
1779424845926195,TO_MAX,511
1779424846926894,TO_MIN,102
1779424847927584,TO_MAX,511
1779424848928270,TO_MIN,102
1779424849928957,TO_MAX,511
1779424850929644,TO_MIN,102
1779424851930337,TO_MAX,511
1779424852931028,TO_MIN,102
1779424853931721,TO_MAX,511
1779424854932414,TO_MIN,102
1779424855933108,TO_MAX,511
1779424856933799,TO_MIN,102
1779424857934486,TO_MAX,511
1779424858935172,TO_MIN,102
1779424859935861,TO_MAX,511
1779424860936553,TO_MIN,102
1779424861937254,TO_MAX,511
1779424862937948,TO_MIN,102
1779424863938645,TO_MAX,511
1779424864939342,TO_MIN,102
1779424865940039,TO_MAX,511
1779424866940732,TO_MIN,102
1779424867941425,TO_MAX,511
1779424868942121,TO_MIN,102
1779424869942825,TO_MAX,511
1779424870943525,TO_MIN,102
1779424871944232,TO_MAX,511
1779424872944928,TO_MIN,102
1779424873945619,TO_MAX,511
1779424874946306,TO_MIN,102
1779424875946991,TO_MAX,511
1779424876947677,TO_MIN,102
1779424877948372,TO_MAX,511
1779424878949062,TO_MIN,102
1779424879949753,TO_MAX,511
1779424880950437,TO_MIN,102
1779424881951124,TO_MAX,511
1779424882951813,TO_MIN,102
1779424883952498,TO_MAX,511
1779424884953182,TO_MIN,102
1779424885953872,TO_MAX,511
1779424886954551,TO_MIN,102
1779424887955245,TO_MAX,511
1779424888955935,TO_MIN,102
1779424889956618,TO_MAX,511
1779424890957304,TO_MIN,102
1779424891957988,TO_MAX,511
1779424892958674,TO_MIN,102
1779424893959360,TO_MAX,511
1779424894960051,TO_MIN,102
1779424895960741,TO_MAX,511
1779424896961429,TO_MIN,102
1779424897962117,TO_MAX,511
1779424898962800,TO_MIN,102
1779424899963503,TO_MAX,511
1779424900964191,TO_MIN,102
1779424901964878,TO_MAX,511
1779424902965567,TO_MIN,102
1779424903966255,TO_MAX,511
1779424904966948,TO_MIN,102
1779424905967639,TO_MAX,511
1779424906968332,TO_MIN,102
1779424907969022,TO_MAX,511
1779424908969714,TO_MIN,102
1779424909970414,TO_MAX,511
1779424910971096,TO_MIN,102
1779424911971783,TO_MAX,511
1779424912972468,TO_MIN,102
1779424913973160,TO_MAX,511
1779424914973847,TO_MIN,102
1779424915974534,TO_MAX,511
1779424916975229,TO_MIN,102
1779424917975916,TO_MAX,511
1779424918976603,TO_MIN,102
1779424919977289,TO_MAX,511
1779424920977977,TO_MIN,102
1779424921978665,TO_MAX,511
1779424922979353,TO_MIN,102
1779424923980044,TO_MAX,511
1779424924980737,TO_MIN,102
1779424925981428,TO_MAX,511
1779424926982130,TO_MIN,102
1779424927982824,TO_MAX,511
1779424928983526,TO_MIN,102
1779424929984224,TO_MAX,511
1779424930984907,TO_MIN,102
1779424931985623,TO_MAX,511
1779424932986327,TO_MIN,102
1779424933987027,TO_MAX,511
1779424934987731,TO_MIN,102
1779424935988431,TO_MAX,511
1779424936989136,TO_MIN,102
1779424937989850,TO_MAX,511
1779424938990547,TO_MIN,102
1779424939991244,TO_MAX,511
1779424940991941,TO_MIN,102
1779424941992644,TO_MAX,511
1779424942993340,TO_MIN,102
1779424943994039,TO_MAX,511
1779424944994741,TO_MIN,102
1779424945995442,TO_MAX,511
1779424946996138,TO_MIN,102
1779424947996843,TO_MAX,511
1779424948997530,TO_MIN,102
1779424949998220,TO_MAX,511
1779424950998906,TO_MIN,102
1779424951999595,TO_MAX,511
1779424953000283,TO_MIN,102
1779424954000974,TO_MAX,511
1779424955001658,TO_MIN,102
1779424956002343,TO_MAX,511
1779424957003026,TO_MIN,102
1779424958003711,TO_MAX,511
1779424959004404,TO_MIN,102
1779424960005089,TO_MAX,511
1779424961005779,TO_MIN,102
1779424962006470,TO_MAX,511
1779424963007159,TO_MIN,102
1779424964007848,TO_MAX,511
1779424965008541,TO_MIN,102
1779424966009228,TO_MAX,511
1779424967009921,TO_MIN,102
1779424968010611,TO_MAX,511
1779424969011297,TO_MIN,102
1779424970011990,TO_MAX,511
1779424971012682,TO_MIN,102
1779424972013372,TO_MAX,511
1779424973014062,TO_MIN,102
1779424974014752,TO_MAX,511
1779424975015434,TO_MIN,102
1779424976016151,TO_MAX,511
1779424977016838,TO_MIN,102
1779424978017527,TO_MAX,511
1779424979018218,TO_MIN,102
1779424980018911,TO_MAX,511
1779424981019603,TO_MIN,102
1779424982020295,TO_MAX,511
1779424983020987,TO_MIN,102
1779424984021680,TO_MAX,511
1779424985022373,TO_MIN,102
1779424986023075,TO_MAX,511
1779424987023772,TO_MIN,102
1779424988024475,TO_MAX,511
1779424989025174,TO_MIN,102
1779424990025863,TO_MAX,511
1779424991026549,TO_MIN,102
1779424992027258,TO_MAX,511
1779424993027957,TO_MIN,102
1779424994028648,TO_MAX,511
1779424995029341,TO_MIN,102
1779424996030034,TO_MAX,511
1779424997030727,TO_MIN,102
1779424998031419,TO_MAX,511
1779424999032114,TO_MIN,102
1779425000032807,TO_MAX,511
1779425001033502,TO_MIN,102
1779425002034197,TO_MAX,511
1779425003034891,TO_MIN,102
1779425004035585,TO_MAX,511
1779425005036279,TO_MIN,102
1779425006036978,TO_MAX,511
1779425007037669,TO_MIN,102
1779425008038360,TO_MAX,511
1779425009039051,TO_MIN,102
1779425010039749,TO_MAX,511
1779425011040445,TO_MIN,102
1779425012041130,TO_MAX,511
1779425013041822,TO_MIN,102
1779425014042512,TO_MAX,511
1779425015043200,TO_MIN,102
1779425016043903,END,307
