# servo_sweep log
# mode=continuous duration=1200 min_ticks=102 max_ticks=511 center_ticks=307
# period_ms=1000
# timestamp = CLOCK_REALTIME microseconds at host i2c_write call
# actual PWM wire edge appears ~100us after timestamp
# columns: timestamp_us,event,ticks
1779508022002340,START,307
1779508022203108,TO_MAX,511
1779508023203857,TO_MIN,102
1779508024204577,TO_MAX,511
1779508025205282,TO_MIN,102
1779508026205976,TO_MAX,511
1779508027206670,TO_MIN,102
1779508028207367,TO_MAX,511
1779508029208064,TO_MIN,102
1779508030208770,TO_MAX,511
1779508031209470,TO_MIN,102
1779508032210171,TO_MAX,511
1779508033210826,TO_MIN,102
1779508034211522,TO_MAX,511
1779508035212222,TO_MIN,102
1779508036212918,TO_MAX,511
1779508037213610,TO_MIN,102
1779508038214302,TO_MAX,511
1779508039214996,TO_MIN,102
1779508040215688,TO_MAX,511
1779508041216378,TO_MIN,102
1779508042217077,TO_MAX,511
1779508043217772,TO_MIN,102
1779508044218467,TO_MAX,511
1779508045219160,TO_MIN,102
1779508046219858,TO_MAX,511
1779508047220549,TO_MIN,102
1779508048221242,TO_MAX,511
1779508049221932,TO_MIN,102
1779508050222626,TO_MAX,511
1779508051223319,TO_MIN,102
1779508052224015,TO_MAX,511
1779508053224706,TO_MIN,102
1779508054225398,TO_MAX,511
1779508055226090,TO_MIN,102
1779508056226782,TO_MAX,511
1779508057227483,TO_MIN,102
1779508058228178,TO_MAX,511
1779508059228872,TO_MIN,102
1779508060229564,TO_MAX,511
1779508061230258,TO_MIN,102
1779508062230951,TO_MAX,511
1779508063231641,TO_MIN,102
1779508064232341,TO_MAX,511
1779508065233029,TO_MIN,102
1779508066233722,TO_MAX,511
1779508067234413,TO_MIN,102
1779508068235106,TO_MAX,511
1779508069235798,TO_MIN,102
1779508070236493,TO_MAX,511
1779508071237186,TO_MIN,102
1779508072237881,TO_MAX,511
1779508073238575,TO_MIN,102
1779508074239268,TO_MAX,511
1779508075239960,TO_MIN,102
1779508076240662,TO_MAX,511
1779508077241351,TO_MIN,102
1779508078242046,TO_MAX,511
1779508079242738,TO_MIN,102
1779508080243439,TO_MAX,511
1779508081244135,TO_MIN,102
1779508082244827,TO_MAX,511
1779508083245519,TO_MIN,102
1779508084246224,TO_MAX,511
1779508085246918,TO_MIN,102
1779508086247611,TO_MAX,511
1779508087248297,TO_MIN,102
1779508088248989,TO_MAX,511
1779508089249677,TO_MIN,102
1779508090250371,TO_MAX,511
1779508091251066,TO_MIN,102
1779508092251772,TO_MAX,511
1779508093252466,TO_MIN,102
1779508094253159,TO_MAX,511
1779508095253851,TO_MIN,102
1779508096254546,TO_MAX,511
1779508097255236,TO_MIN,102
1779508098255931,TO_MAX,511
1779508099256623,TO_MIN,102
1779508100257319,TO_MAX,511
1779508101258013,TO_MIN,102
1779508102258714,TO_MAX,511
1779508103259413,TO_MIN,102
1779508104260117,TO_MAX,511
1779508105260819,TO_MIN,102
1779508106261527,TO_MAX,511
1779508107262226,TO_MIN,102
1779508108262922,TO_MAX,511
1779508109263618,TO_MIN,102
1779508110264317,TO_MAX,511
1779508111265016,TO_MIN,102
1779508112265722,TO_MAX,511
1779508113266421,TO_MIN,102
1779508114267133,TO_MAX,511
1779508115267834,TO_MIN,102
1779508116268523,TO_MAX,511
1779508117269217,TO_MIN,102
1779508118269920,TO_MAX,511
1779508119270611,TO_MIN,102
1779508120271299,TO_MAX,511
1779508121271988,TO_MIN,102
1779508122272679,TO_MAX,511
1779508123273371,TO_MIN,102
1779508124274064,TO_MAX,511
1779508125274751,TO_MIN,102
1779508126275451,TO_MAX,511
1779508127276141,TO_MIN,102
1779508128276830,TO_MAX,511
1779508129277517,TO_MIN,102
1779508130278211,TO_MAX,511
1779508131278897,TO_MIN,102
1779508132279589,TO_MAX,511
1779508133280276,TO_MIN,102
1779508134280965,TO_MAX,511
1779508135281652,TO_MIN,102
1779508136282344,TO_MAX,511
1779508137283029,TO_MIN,102
1779508138283719,TO_MAX,511
1779508139284411,TO_MIN,102
1779508140285102,TO_MAX,511
1779508141285791,TO_MIN,102
1779508142286487,TO_MAX,511
1779508143287183,TO_MIN,102
1779508144287880,TO_MAX,511
1779508145288573,TO_MIN,102
1779508146289263,TO_MAX,511
1779508147289956,TO_MIN,102
1779508148290651,TO_MAX,511
1779508149291349,TO_MIN,102
1779508150292050,TO_MAX,511
1779508151292749,TO_MIN,102
1779508152293445,TO_MAX,511
1779508153294136,TO_MIN,102
1779508154294830,TO_MAX,511
1779508155295520,TO_MIN,102
1779508156296210,TO_MAX,511
1779508157296897,TO_MIN,102
1779508158297608,TO_MAX,511
1779508159298299,TO_MIN,102
1779508160298996,TO_MAX,511
1779508161299692,TO_MIN,102
1779508162300392,TO_MAX,511
1779508163301088,TO_MIN,102
1779508164301785,TO_MAX,511
1779508165302477,TO_MIN,102
1779508166303174,TO_MAX,511
1779508167303866,TO_MIN,102
1779508168304560,TO_MAX,511
1779508169305259,TO_MIN,102
1779508170305955,TO_MAX,511
1779508171306664,TO_MIN,102
1779508172307370,TO_MAX,511
1779508173308058,TO_MIN,102
1779508174308747,TO_MAX,511
1779508175309439,TO_MIN,102
1779508176310129,TO_MAX,511
1779508177310825,TO_MIN,102
1779508178311515,TO_MAX,511
1779508179312205,TO_MIN,102
1779508180312898,TO_MAX,511
1779508181313591,TO_MIN,102
1779508182314283,TO_MAX,511
1779508183314975,TO_MIN,102
1779508184315672,TO_MAX,511
1779508185316364,TO_MIN,102
1779508186317062,TO_MAX,511
1779508187317757,TO_MIN,102
1779508188318446,TO_MAX,511
1779508189319140,TO_MIN,102
1779508190319836,TO_MAX,511
1779508191320528,TO_MIN,102
1779508192321221,TO_MAX,511
1779508193321918,TO_MIN,102
1779508194322612,TO_MAX,511
1779508195323309,TO_MIN,102
1779508196324008,TO_MAX,511
1779508197324712,TO_MIN,102
1779508198325402,TO_MAX,511
1779508199326098,TO_MIN,102
1779508200326795,TO_MAX,511
1779508201327512,TO_MIN,102
1779508202328293,TO_MAX,511
1779508203328980,TO_MIN,102
1779508204329672,TO_MAX,511
1779508205330363,TO_MIN,102
1779508206331054,TO_MAX,511
1779508207331747,TO_MIN,102
1779508208332444,TO_MAX,511
1779508209333136,TO_MIN,102
1779508210333825,TO_MAX,511
1779508211334505,TO_MIN,102
1779508212335197,TO_MAX,511
1779508213335892,TO_MIN,102
1779508214336583,TO_MAX,511
1779508215337274,TO_MIN,102
1779508216337963,TO_MAX,511
1779508217338650,TO_MIN,102
1779508218339336,TO_MAX,511
1779508219340023,TO_MIN,102
1779508220340721,TO_MAX,511
1779508221341414,TO_MIN,102
1779508222342104,TO_MAX,511
1779508223342795,TO_MIN,102
1779508224343496,TO_MAX,511
1779508225344185,TO_MIN,102
1779508226344879,TO_MAX,511
1779508227345569,TO_MIN,102
1779508228346267,TO_MAX,511
1779508229346959,TO_MIN,102
1779508230347651,TO_MAX,511
1779508231348343,TO_MIN,102
1779508232349039,TO_MAX,511
1779508233349735,TO_MIN,102
1779508234350417,TO_MAX,511
1779508235351106,TO_MIN,102
1779508236351794,TO_MAX,511
1779508237352480,TO_MIN,102
1779508238353175,TO_MAX,511
1779508239353862,TO_MIN,102
1779508240354550,TO_MAX,511
1779508241355239,TO_MIN,102
1779508242355931,TO_MAX,511
1779508243356620,TO_MIN,102
1779508244357311,TO_MAX,511
1779508245358002,TO_MIN,102
1779508246358693,TO_MAX,511
1779508247359386,TO_MIN,102
1779508248360079,TO_MAX,511
1779508249360773,TO_MIN,102
1779508250361467,TO_MAX,511
1779508251362164,TO_MIN,102
1779508252362825,TO_MAX,511
1779508253363524,TO_MIN,102
1779508254364217,TO_MAX,511
1779508255364910,TO_MIN,102
1779508256365600,TO_MAX,511
1779508257366297,TO_MIN,102
1779508258366988,TO_MAX,511
1779508259367681,TO_MIN,102
1779508260368373,TO_MAX,511
1779508261369072,TO_MIN,102
1779508262369766,TO_MAX,511
1779508263370457,TO_MIN,102
1779508264371158,TO_MAX,511
1779508265371859,TO_MIN,102
1779508266372556,TO_MAX,511
1779508267373249,TO_MIN,102
1779508268373948,TO_MAX,511
1779508269374645,TO_MIN,102
1779508270375368,TO_MAX,511
1779508271376073,TO_MIN,102
1779508272376786,TO_MAX,511
1779508273377481,TO_MIN,102
1779508274378182,TO_MAX,511
1779508275378893,TO_MIN,102
1779508276379583,TO_MAX,511
1779508277380277,TO_MIN,102
1779508278380971,TO_MAX,511
1779508279381665,TO_MIN,102
1779508280382363,TO_MAX,511
1779508281383054,TO_MIN,102
1779508282383747,TO_MAX,511
1779508283384435,TO_MIN,102
1779508284385121,TO_MAX,511
1779508285385815,TO_MIN,102
1779508286386506,TO_MAX,511
1779508287387198,TO_MIN,102
1779508288387885,TO_MAX,511
1779508289388576,TO_MIN,102
1779508290389264,TO_MAX,511
1779508291389955,TO_MIN,102
1779508292390644,TO_MAX,511
1779508293391330,TO_MIN,102
1779508294392015,TO_MAX,511
1779508295392708,TO_MIN,102
1779508296393396,TO_MAX,511
1779508297394091,TO_MIN,102
1779508298394784,TO_MAX,511
1779508299395492,TO_MIN,102
1779508300396184,TO_MAX,511
1779508301396872,TO_MIN,102
1779508302397560,TO_MAX,511
1779508303398254,TO_MIN,102
1779508304398946,TO_MAX,511
1779508305399662,TO_MIN,102
1779508306400357,TO_MAX,511
1779508307401047,TO_MIN,102
1779508308401736,TO_MAX,511
1779508309402425,TO_MIN,102
1779508310403115,TO_MAX,511
1779508311403799,TO_MIN,102
1779508312404483,TO_MAX,511
1779508313405168,TO_MIN,102
1779508314405861,TO_MAX,511
1779508315406549,TO_MIN,102
1779508316407237,TO_MAX,511
1779508317407925,TO_MIN,102
1779508318408623,TO_MAX,511
1779508319409317,TO_MIN,102
1779508320410006,TO_MAX,511
1779508321410700,TO_MIN,102
1779508322411390,TO_MAX,511
1779508323412084,TO_MIN,102
1779508324412775,TO_MAX,511
1779508325413466,TO_MIN,102
1779508326414156,TO_MAX,511
1779508327414823,TO_MIN,102
1779508328415517,TO_MAX,511
1779508329416207,TO_MIN,102
1779508330416904,TO_MAX,511
1779508331417600,TO_MIN,102
1779508332418294,TO_MAX,511
1779508333418985,TO_MIN,102
1779508334419680,TO_MAX,511
1779508335420376,TO_MIN,102
1779508336421072,TO_MAX,511
1779508337421781,TO_MIN,102
1779508338422481,TO_MAX,511
1779508339423187,TO_MIN,102
1779508340423899,TO_MAX,511
1779508341424596,TO_MIN,102
1779508342425294,TO_MAX,511
1779508343425997,TO_MIN,102
1779508344426703,TO_MAX,511
1779508345427414,TO_MIN,102
1779508346428110,TO_MAX,511
1779508347428812,TO_MIN,102
1779508348429511,TO_MAX,511
1779508349430205,TO_MIN,102
1779508350430912,TO_MAX,511
1779508351431608,TO_MIN,102
1779508352432297,TO_MAX,511
1779508353432989,TO_MIN,102
1779508354433679,TO_MAX,511
1779508355434367,TO_MIN,102
1779508356435055,TO_MAX,511
1779508357435744,TO_MIN,102
1779508358436433,TO_MAX,511
1779508359437131,TO_MIN,102
1779508360437818,TO_MAX,511
1779508361438506,TO_MIN,102
1779508362439192,TO_MAX,511
1779508363439883,TO_MIN,102
1779508364440569,TO_MAX,511
1779508365441260,TO_MIN,102
1779508366441949,TO_MAX,511
1779508367442636,TO_MIN,102
1779508368443329,TO_MAX,511
1779508369444019,TO_MIN,102
1779508370444707,TO_MAX,511
1779508371445396,TO_MIN,102
1779508372446090,TO_MAX,511
1779508373446779,TO_MIN,102
1779508374447468,TO_MAX,511
1779508375448160,TO_MIN,102
1779508376448849,TO_MAX,511
1779508377449535,TO_MIN,102
1779508378450222,TO_MAX,511
1779508379450914,TO_MIN,102
1779508380451604,TO_MAX,511
1779508381452299,TO_MIN,102
1779508382452991,TO_MAX,511
1779508383453684,TO_MIN,102
1779508384454382,TO_MAX,511
1779508385455080,TO_MIN,102
1779508386455780,TO_MAX,511
1779508387456478,TO_MIN,102
1779508388457174,TO_MAX,511
1779508389457872,TO_MIN,102
1779508390458573,TO_MAX,511
1779508391459266,TO_MIN,102
1779508392459960,TO_MAX,511
1779508393460655,TO_MIN,102
1779508394461343,TO_MAX,511
1779508395462037,TO_MIN,102
1779508396462728,TO_MAX,511
1779508397463418,TO_MIN,102
1779508398464112,TO_MAX,511
1779508399464806,TO_MIN,102
1779508400465498,TO_MAX,511
1779508401466190,TO_MIN,102
1779508402466891,TO_MAX,511
1779508403467580,TO_MIN,102
1779508404468272,TO_MAX,511
1779508405468965,TO_MIN,102
1779508406469657,TO_MAX,511
1779508407470350,TO_MIN,102
1779508408471043,TO_MAX,511
1779508409471736,TO_MIN,102
1779508410472430,TO_MAX,511
1779508411473119,TO_MIN,102
1779508412473812,TO_MAX,511
1779508413474499,TO_MIN,102
1779508414475194,TO_MAX,511
1779508415475881,TO_MIN,102
1779508416476574,TO_MAX,511
1779508417477264,TO_MIN,102
1779508418477960,TO_MAX,511
1779508419478650,TO_MIN,102
1779508420479346,TO_MAX,511
1779508421480037,TO_MIN,102
1779508422480734,TO_MAX,511
1779508423481430,TO_MIN,102
1779508424482126,TO_MAX,511
1779508425482826,TO_MIN,102
1779508426483519,TO_MAX,511
1779508427484211,TO_MIN,102
1779508428484903,TO_MAX,511
1779508429485598,TO_MIN,102
1779508430486296,TO_MAX,511
1779508431486984,TO_MIN,102
1779508432487671,TO_MAX,511
1779508433488363,TO_MIN,102
1779508434489054,TO_MAX,511
1779508435489747,TO_MIN,102
1779508436490434,TO_MAX,511
1779508437491126,TO_MIN,102
1779508438491819,TO_MAX,511
1779508439492515,TO_MIN,102
1779508440493212,TO_MAX,511
1779508441493907,TO_MIN,102
1779508442494600,TO_MAX,511
1779508443495292,TO_MIN,102
1779508444495986,TO_MAX,511
1779508445496677,TO_MIN,102
1779508446497367,TO_MAX,511
1779508447498057,TO_MIN,102
1779508448498746,TO_MAX,511
1779508449499439,TO_MIN,102
1779508450500133,TO_MAX,511
1779508451500848,TO_MIN,102
1779508452501553,TO_MAX,511
1779508453502254,TO_MIN,102
1779508454502954,TO_MAX,511
1779508455503647,TO_MIN,102
1779508456504340,TO_MAX,511
1779508457505042,TO_MIN,102
1779508458505741,TO_MAX,511
1779508459506433,TO_MIN,102
1779508460507126,TO_MAX,511
1779508461507821,TO_MIN,102
1779508462508518,TO_MAX,511
1779508463509207,TO_MIN,102
1779508464509899,TO_MAX,511
1779508465510592,TO_MIN,102
1779508466511292,TO_MAX,511
1779508467511988,TO_MIN,102
1779508468512683,TO_MAX,511
1779508469513379,TO_MIN,102
1779508470514075,TO_MAX,511
1779508471514767,TO_MIN,102
1779508472515465,TO_MAX,511
1779508473516161,TO_MIN,102
1779508474516859,TO_MAX,511
1779508475517552,TO_MIN,102
1779508476518248,TO_MAX,511
1779508477518938,TO_MIN,102
1779508478519629,TO_MAX,511
1779508479520320,TO_MIN,102
1779508480521010,TO_MAX,511
1779508481521704,TO_MIN,102
1779508482522404,TO_MAX,511
1779508483523099,TO_MIN,102
1779508484523794,TO_MAX,511
1779508485524479,TO_MIN,102
1779508486525171,TO_MAX,511
1779508487525861,TO_MIN,102
1779508488526552,TO_MAX,511
1779508489527238,TO_MIN,102
1779508490527925,TO_MAX,511
1779508491528612,TO_MIN,102
1779508492529308,TO_MAX,511
1779508493529992,TO_MIN,102
1779508494530684,TO_MAX,511
1779508495531372,TO_MIN,102
1779508496532063,TO_MAX,511
1779508497532752,TO_MIN,102
1779508498533444,TO_MAX,511
1779508499534132,TO_MIN,102
1779508500534822,TO_MAX,511
1779508501535509,TO_MIN,102
1779508502536200,TO_MAX,511
1779508503536897,TO_MIN,102
1779508504537592,TO_MAX,511
1779508505538283,TO_MIN,102
1779508506538976,TO_MAX,511
1779508507539667,TO_MIN,102
1779508508540357,TO_MAX,511
1779508509541047,TO_MIN,102
1779508510541745,TO_MAX,511
1779508511542434,TO_MIN,102
1779508512543130,TO_MAX,511
1779508513543816,TO_MIN,102
1779508514544509,TO_MAX,511
1779508515545197,TO_MIN,102
1779508516545888,TO_MAX,511
1779508517546576,TO_MIN,102
1779508518547262,TO_MAX,511
1779508519547945,TO_MIN,102
1779508520548631,TO_MAX,511
1779508521549313,TO_MIN,102
1779508522549999,TO_MAX,511
1779508523550688,TO_MIN,102
1779508524551380,TO_MAX,511
1779508525552065,TO_MIN,102
1779508526552752,TO_MAX,511
1779508527553440,TO_MIN,102
1779508528554125,TO_MAX,511
1779508529554810,TO_MIN,102
1779508530555513,TO_MAX,511
1779508531556198,TO_MIN,102
1779508532556883,TO_MAX,511
1779508533557568,TO_MIN,102
1779508534558256,TO_MAX,511
1779508535558939,TO_MIN,102
1779508536559625,TO_MAX,511
1779508537560310,TO_MIN,102
1779508538561001,TO_MAX,511
1779508539561689,TO_MIN,102
1779508540562375,TO_MAX,511
1779508541563056,TO_MIN,102
1779508542563741,TO_MAX,511
1779508543564422,TO_MIN,102
1779508544565111,TO_MAX,511
1779508545565795,TO_MIN,102
1779508546566479,TO_MAX,511
1779508547567161,TO_MIN,102
1779508548567846,TO_MAX,511
1779508549568527,TO_MIN,102
1779508550569218,TO_MAX,511
1779508551569911,TO_MIN,102
1779508552570599,TO_MAX,511
1779508553571282,TO_MIN,102
1779508554571974,TO_MAX,511
1779508555572662,TO_MIN,102
1779508556573351,TO_MAX,511
1779508557574036,TO_MIN,102
1779508558574721,TO_MAX,511
1779508559575416,TO_MIN,102
1779508560576106,TO_MAX,511
1779508561576794,TO_MIN,102
1779508562577481,TO_MAX,511
1779508563578162,TO_MIN,102
1779508564578823,TO_MAX,511
1779508565579512,TO_MIN,102
1779508566580199,TO_MAX,511
1779508567580884,TO_MIN,102
1779508568581564,TO_MAX,511
1779508569582252,TO_MIN,102
1779508570582943,TO_MAX,511
1779508571583629,TO_MIN,102
1779508572584317,TO_MAX,511
1779508573585001,TO_MIN,102
1779508574585698,TO_MAX,511
1779508575586385,TO_MIN,102
1779508576587069,TO_MAX,511
1779508577587754,TO_MIN,102
1779508578588439,TO_MAX,511
1779508579589127,TO_MIN,102
1779508580589813,TO_MAX,511
1779508581590496,TO_MIN,102
1779508582591181,TO_MAX,511
1779508583591867,TO_MIN,102
1779508584592562,TO_MAX,511
1779508585593252,TO_MIN,102
1779508586593940,TO_MAX,511
1779508587594626,TO_MIN,102
1779508588595318,TO_MAX,511
1779508589596013,TO_MIN,102
1779508590596705,TO_MAX,511
1779508591597388,TO_MIN,102
1779508592598074,TO_MAX,511
1779508593598757,TO_MIN,102
1779508594599444,TO_MAX,511
1779508595600132,TO_MIN,102
1779508596600822,TO_MAX,511
1779508597601533,TO_MIN,102
1779508598602221,TO_MAX,511
1779508599602916,TO_MIN,102
1779508600603610,TO_MAX,511
1779508601604298,TO_MIN,102
1779508602604985,TO_MAX,511
1779508603605673,TO_MIN,102
1779508604606359,TO_MAX,511
1779508605607053,TO_MIN,102
1779508606607744,TO_MAX,511
1779508607608435,TO_MIN,102
1779508608609124,TO_MAX,511
1779508609609810,TO_MIN,102
1779508610610495,TO_MAX,511
1779508611611186,TO_MIN,102
1779508612611870,TO_MAX,511
1779508613612559,TO_MIN,102
1779508614613247,TO_MAX,511
1779508615613936,TO_MIN,102
1779508616614632,TO_MAX,511
1779508617615318,TO_MIN,102
1779508618616004,TO_MAX,511
1779508619616688,TO_MIN,102
1779508620617376,TO_MAX,511
1779508621618062,TO_MIN,102
1779508622618749,TO_MAX,511
1779508623619433,TO_MIN,102
1779508624620120,TO_MAX,511
1779508625620806,TO_MIN,102
1779508626621492,TO_MAX,511
1779508627622177,TO_MIN,102
1779508628622823,TO_MAX,511
1779508629623514,TO_MIN,102
1779508630624213,TO_MAX,511
1779508631624904,TO_MIN,102
1779508632625598,TO_MAX,511
1779508633626283,TO_MIN,102
1779508634626969,TO_MAX,511
1779508635627654,TO_MIN,102
1779508636628349,TO_MAX,511
1779508637629037,TO_MIN,102
1779508638629726,TO_MAX,511
1779508639630412,TO_MIN,102
1779508640631096,TO_MAX,511
1779508641631780,TO_MIN,102
1779508642632471,TO_MAX,511
1779508643633155,TO_MIN,102
1779508644633841,TO_MAX,511
1779508645634533,TO_MIN,102
1779508646635219,TO_MAX,511
1779508647635909,TO_MIN,102
1779508648636593,TO_MAX,511
1779508649637279,TO_MIN,102
1779508650637965,TO_MAX,511
1779508651638650,TO_MIN,102
1779508652639332,TO_MAX,511
1779508653640015,TO_MIN,102
1779508654640699,TO_MAX,511
1779508655641384,TO_MIN,102
1779508656642071,TO_MAX,511
1779508657642755,TO_MIN,102
1779508658643443,TO_MAX,511
1779508659644133,TO_MIN,102
1779508660644817,TO_MAX,511
1779508661645505,TO_MIN,102
1779508662646194,TO_MAX,511
1779508663646888,TO_MIN,102
1779508664647575,TO_MAX,511
1779508665648267,TO_MIN,102
1779508666648956,TO_MAX,511
1779508667649649,TO_MIN,102
1779508668650341,TO_MAX,511
1779508669651028,TO_MIN,102
1779508670651711,TO_MAX,511
1779508671652398,TO_MIN,102
1779508672653086,TO_MAX,511
1779508673653771,TO_MIN,102
1779508674654458,TO_MAX,511
1779508675655151,TO_MIN,102
1779508676655843,TO_MAX,511
1779508677656531,TO_MIN,102
1779508678657228,TO_MAX,511
1779508679657921,TO_MIN,102
1779508680658617,TO_MAX,511
1779508681659309,TO_MIN,102
1779508682659994,TO_MAX,511
1779508683660684,TO_MIN,102
1779508684661377,TO_MAX,511
1779508685662066,TO_MIN,102
1779508686662753,TO_MAX,511
1779508687663440,TO_MIN,102
1779508688664127,TO_MAX,511
1779508689664817,TO_MIN,102
1779508690665512,TO_MAX,511
1779508691666204,TO_MIN,102
1779508692666908,TO_MAX,511
1779508693667595,TO_MIN,102
1779508694668284,TO_MAX,511
1779508695668975,TO_MIN,102
1779508696669666,TO_MAX,511
1779508697670357,TO_MIN,102
1779508698671046,TO_MAX,511
1779508699671734,TO_MIN,102
1779508700672423,TO_MAX,511
1779508701673115,TO_MIN,102
1779508702673804,TO_MAX,511
1779508703674492,TO_MIN,102
1779508704675180,TO_MAX,511
1779508705675869,TO_MIN,102
1779508706676558,TO_MAX,511
1779508707677245,TO_MIN,102
1779508708677929,TO_MAX,511
1779508709678622,TO_MIN,102
1779508710679310,TO_MAX,511
1779508711679999,TO_MIN,102
1779508712680685,TO_MAX,511
1779508713681373,TO_MIN,102
1779508714682063,TO_MAX,511
1779508715682753,TO_MIN,102
1779508716683444,TO_MAX,511
1779508717684138,TO_MIN,102
1779508718684829,TO_MAX,511
1779508719685517,TO_MIN,102
1779508720686206,TO_MAX,511
1779508721686904,TO_MIN,102
1779508722687594,TO_MAX,511
1779508723688283,TO_MIN,102
1779508724688967,TO_MAX,511
1779508725689655,TO_MIN,102
1779508726690344,TO_MAX,511
1779508727691034,TO_MIN,102
1779508728691723,TO_MAX,511
1779508729692412,TO_MIN,102
1779508730693102,TO_MAX,511
1779508731693790,TO_MIN,102
1779508732694480,TO_MAX,511
1779508733695169,TO_MIN,102
1779508734695856,TO_MAX,511
1779508735696541,TO_MIN,102
1779508736697227,TO_MAX,511
1779508737697915,TO_MIN,102
1779508738698600,TO_MAX,511
1779508739699286,TO_MIN,102
1779508740699986,TO_MAX,511
1779508741700678,TO_MIN,102
1779508742701367,TO_MAX,511
1779508743702075,TO_MIN,102
1779508744702771,TO_MAX,511
1779508745703465,TO_MIN,102
1779508746704155,TO_MAX,511
1779508747704848,TO_MIN,102
1779508748705540,TO_MAX,511
1779508749706230,TO_MIN,102
1779508750706938,TO_MAX,511
1779508751707645,TO_MIN,102
1779508752708338,TO_MAX,511
1779508753709031,TO_MIN,102
1779508754709718,TO_MAX,511
1779508755710408,TO_MIN,102
1779508756711097,TO_MAX,511
1779508757711786,TO_MIN,102
1779508758712474,TO_MAX,511
1779508759713162,TO_MIN,102
1779508760713850,TO_MAX,511
1779508761714538,TO_MIN,102
1779508762715227,TO_MAX,511
1779508763715915,TO_MIN,102
1779508764716605,TO_MAX,511
1779508765717297,TO_MIN,102
1779508766717986,TO_MAX,511
1779508767718674,TO_MIN,102
1779508768719362,TO_MAX,511
1779508769720049,TO_MIN,102
1779508770720740,TO_MAX,511
1779508771721438,TO_MIN,102
1779508772722128,TO_MAX,511
1779508773722827,TO_MIN,102
1779508774723516,TO_MAX,511
1779508775724203,TO_MIN,102
1779508776724890,TO_MAX,511
1779508777725578,TO_MIN,102
1779508778726268,TO_MAX,511
1779508779726956,TO_MIN,102
1779508780727644,TO_MAX,511
1779508781728328,TO_MIN,102
1779508782729012,TO_MAX,511
1779508783729698,TO_MIN,102
1779508784730385,TO_MAX,511
1779508785731069,TO_MIN,102
1779508786731751,TO_MAX,511
1779508787732433,TO_MIN,102
1779508788733119,TO_MAX,511
1779508789733803,TO_MIN,102
1779508790734492,TO_MAX,511
1779508791735174,TO_MIN,102
1779508792735858,TO_MAX,511
1779508793736541,TO_MIN,102
1779508794737226,TO_MAX,511
1779508795737910,TO_MIN,102
1779508796738596,TO_MAX,511
1779508797739282,TO_MIN,102
1779508798739969,TO_MAX,511
1779508799740653,TO_MIN,102
1779508800741343,TO_MAX,511
1779508801742034,TO_MIN,102
1779508802742729,TO_MAX,511
1779508803743420,TO_MIN,102
1779508804744112,TO_MAX,511
1779508805744797,TO_MIN,102
1779508806745484,TO_MAX,511
1779508807746171,TO_MIN,102
1779508808746826,TO_MAX,511
1779508809747510,TO_MIN,102
1779508810748195,TO_MAX,511
1779508811748887,TO_MIN,102
1779508812749576,TO_MAX,511
1779508813750258,TO_MIN,102
1779508814750943,TO_MAX,511
1779508815751626,TO_MIN,102
1779508816752309,TO_MAX,511
1779508817752997,TO_MIN,102
1779508818753682,TO_MAX,511
1779508819754368,TO_MIN,102
1779508820755051,TO_MAX,511
1779508821755737,TO_MIN,102
1779508822756420,TO_MAX,511
1779508823757109,TO_MIN,102
1779508824757793,TO_MAX,511
1779508825758476,TO_MIN,102
1779508826759163,TO_MAX,511
1779508827759849,TO_MIN,102
1779508828760537,TO_MAX,511
1779508829761223,TO_MIN,102
1779508830761910,TO_MAX,511
1779508831762597,TO_MIN,102
1779508832763278,TO_MAX,511
1779508833763978,TO_MIN,102
1779508834764665,TO_MAX,511
1779508835765350,TO_MIN,102
1779508836766035,TO_MAX,511
1779508837766729,TO_MIN,102
1779508838767415,TO_MAX,511
1779508839768104,TO_MIN,102
1779508840768796,TO_MAX,511
1779508841769487,TO_MIN,102
1779508842770173,TO_MAX,511
1779508843770824,TO_MIN,102
1779508844771515,TO_MAX,511
1779508845772208,TO_MIN,102
1779508846772895,TO_MAX,511
1779508847773588,TO_MIN,102
1779508848774277,TO_MAX,511
1779508849774970,TO_MIN,102
1779508850775662,TO_MAX,511
1779508851776355,TO_MIN,102
1779508852777043,TO_MAX,511
1779508853777729,TO_MIN,102
1779508854778418,TO_MAX,511
1779508855779114,TO_MIN,102
1779508856779811,TO_MAX,511
1779508857780503,TO_MIN,102
1779508858781197,TO_MAX,511
1779508859781889,TO_MIN,102
1779508860782579,TO_MAX,511
1779508861783268,TO_MIN,102
1779508862783958,TO_MAX,511
1779508863784642,TO_MIN,102
1779508864785335,TO_MAX,511
1779508865786029,TO_MIN,102
1779508866786723,TO_MAX,511
1779508867787414,TO_MIN,102
1779508868788101,TO_MAX,511
1779508869788791,TO_MIN,102
1779508870789487,TO_MAX,511
1779508871790184,TO_MIN,102
1779508872790885,TO_MAX,511
1779508873791577,TO_MIN,102
1779508874792266,TO_MAX,511
1779508875792957,TO_MIN,102
1779508876793644,TO_MAX,511
1779508877794329,TO_MIN,102
1779508878795020,TO_MAX,511
1779508879795708,TO_MIN,102
1779508880796395,TO_MAX,511
1779508881797081,TO_MIN,102
1779508882797772,TO_MAX,511
1779508883798461,TO_MIN,102
1779508884799146,TO_MAX,511
1779508885799831,TO_MIN,102
1779508886800516,TO_MAX,511
1779508887801210,TO_MIN,102
1779508888801902,TO_MAX,511
1779508889802593,TO_MIN,102
1779508890803310,TO_MAX,511
1779508891804002,TO_MIN,102
1779508892804690,TO_MAX,511
1779508893805378,TO_MIN,102
1779508894806065,TO_MAX,511
1779508895806754,TO_MIN,102
1779508896807445,TO_MAX,511
1779508897808139,TO_MIN,102
1779508898808828,TO_MAX,511
1779508899809517,TO_MIN,102
1779508900810209,TO_MAX,511
1779508901810900,TO_MIN,102
1779508902811588,TO_MAX,511
1779508903812282,TO_MIN,102
1779508904812976,TO_MAX,511
1779508905813663,TO_MIN,102
1779508906814352,TO_MAX,511
1779508907815042,TO_MIN,102
1779508908815731,TO_MAX,511
1779508909816420,TO_MIN,102
1779508910817113,TO_MAX,511
1779508911817805,TO_MIN,102
1779508912818494,TO_MAX,511
1779508913819180,TO_MIN,102
1779508914819873,TO_MAX,511
1779508915820562,TO_MIN,102
1779508916821251,TO_MAX,511
1779508917821942,TO_MIN,102
1779508918822629,TO_MAX,511
1779508919823317,TO_MIN,102
1779508920824004,TO_MAX,511
1779508921824694,TO_MIN,102
1779508922825387,TO_MAX,511
1779508923826079,TO_MIN,102
1779508924826767,TO_MAX,511
1779508925827458,TO_MIN,102
1779508926828156,TO_MAX,511
1779508927828847,TO_MIN,102
1779508928829541,TO_MAX,511
1779508929830236,TO_MIN,102
1779508930830934,TO_MAX,511
1779508931831631,TO_MIN,102
1779508932832330,TO_MAX,511
1779508933833029,TO_MIN,102
1779508934833728,TO_MAX,511
1779508935834427,TO_MIN,102
1779508936835124,TO_MAX,511
1779508937835819,TO_MIN,102
1779508938836515,TO_MAX,511
1779508939837211,TO_MIN,102
1779508940837901,TO_MAX,511
1779508941838591,TO_MIN,102
1779508942839285,TO_MAX,511
1779508943839976,TO_MIN,102
1779508944840680,TO_MAX,511
1779508945841375,TO_MIN,102
1779508946842066,TO_MAX,511
1779508947842755,TO_MIN,102
1779508948843443,TO_MAX,511
1779508949844134,TO_MIN,102
1779508950844830,TO_MAX,511
1779508951845519,TO_MIN,102
1779508952846205,TO_MAX,511
1779508953846904,TO_MIN,102
1779508954847594,TO_MAX,511
1779508955848284,TO_MIN,102
1779508956848974,TO_MAX,511
1779508957849666,TO_MIN,102
1779508958850355,TO_MAX,511
1779508959851043,TO_MIN,102
1779508960851732,TO_MAX,511
1779508961852423,TO_MIN,102
1779508962853116,TO_MAX,511
1779508963853814,TO_MIN,102
1779508964854505,TO_MAX,511
1779508965855191,TO_MIN,102
1779508966855881,TO_MAX,511
1779508967856567,TO_MIN,102
1779508968857256,TO_MAX,511
1779508969857945,TO_MIN,102
1779508970858635,TO_MAX,511
1779508971859323,TO_MIN,102
1779508972860008,TO_MAX,511
1779508973860694,TO_MIN,102
1779508974861383,TO_MAX,511
1779508975862078,TO_MIN,102
1779508976862767,TO_MAX,511
1779508977863453,TO_MIN,102
1779508978864146,TO_MAX,511
1779508979864838,TO_MIN,102
1779508980865529,TO_MAX,511
1779508981866223,TO_MIN,102
1779508982866913,TO_MAX,511
1779508983867603,TO_MIN,102
1779508984868302,TO_MAX,511
1779508985868993,TO_MIN,102
1779508986869696,TO_MAX,511
1779508987870392,TO_MIN,102
1779508988871087,TO_MAX,511
1779508989871777,TO_MIN,102
1779508990872473,TO_MAX,511
1779508991873179,TO_MIN,102
1779508992873874,TO_MAX,511
1779508993874569,TO_MIN,102
1779508994875257,TO_MAX,511
1779508995875947,TO_MIN,102
1779508996876639,TO_MAX,511
1779508997877325,TO_MIN,102
1779508998878006,TO_MAX,511
1779508999878695,TO_MIN,102
1779509000879391,TO_MAX,511
1779509001880090,TO_MIN,102
1779509002880780,TO_MAX,511
1779509003881477,TO_MIN,102
1779509004882178,TO_MAX,511
1779509005882824,TO_MIN,102
1779509006883515,TO_MAX,511
1779509007884204,TO_MIN,102
1779509008884894,TO_MAX,511
1779509009885585,TO_MIN,102
1779509010886283,TO_MAX,511
1779509011886973,TO_MIN,102
1779509012887666,TO_MAX,511
1779509013888354,TO_MIN,102
1779509014889049,TO_MAX,511
1779509015889748,TO_MIN,102
1779509016890444,TO_MAX,511
1779509017891141,TO_MIN,102
1779509018891828,TO_MAX,511
1779509019892527,TO_MIN,102
1779509020893218,TO_MAX,511
1779509021893908,TO_MIN,102
1779509022894598,TO_MAX,511
1779509023895287,TO_MIN,102
1779509024895982,TO_MAX,511
1779509025896677,TO_MIN,102
1779509026897371,TO_MAX,511
1779509027898060,TO_MIN,102
1779509028898753,TO_MAX,511
1779509029899446,TO_MIN,102
1779509030900143,TO_MAX,511
1779509031900838,TO_MIN,102
1779509032901532,TO_MAX,511
1779509033902224,TO_MIN,102
1779509034902917,TO_MAX,511
1779509035903610,TO_MIN,102
1779509036904330,TO_MAX,511
1779509037905022,TO_MIN,102
1779509038905720,TO_MAX,511
1779509039906417,TO_MIN,102
1779509040907109,TO_MAX,511
1779509041907802,TO_MIN,102
1779509042908506,TO_MAX,511
1779509043909206,TO_MIN,102
1779509044909912,TO_MAX,511
1779509045910612,TO_MIN,102
1779509046911311,TO_MAX,511
1779509047912007,TO_MIN,102
1779509048912707,TO_MAX,511
1779509049913398,TO_MIN,102
1779509050914099,TO_MAX,511
1779509051914800,TO_MIN,102
1779509052915513,TO_MAX,511
1779509053916205,TO_MIN,102
1779509054916904,TO_MAX,511
1779509055917604,TO_MIN,102
1779509056918296,TO_MAX,511
1779509057918984,TO_MIN,102
1779509058919677,TO_MAX,511
1779509059920368,TO_MIN,102
1779509060921059,TO_MAX,511
1779509061921745,TO_MIN,102
1779509062922438,TO_MAX,511
1779509063923127,TO_MIN,102
1779509064923817,TO_MAX,511
1779509065924505,TO_MIN,102
1779509066925195,TO_MAX,511
1779509067925883,TO_MIN,102
1779509068926571,TO_MAX,511
1779509069927258,TO_MIN,102
1779509070927948,TO_MAX,511
1779509071928636,TO_MIN,102
1779509072929324,TO_MAX,511
1779509073930012,TO_MIN,102
1779509074930700,TO_MAX,511
1779509075931389,TO_MIN,102
1779509076932089,TO_MAX,511
1779509077932779,TO_MIN,102
1779509078933469,TO_MAX,511
1779509079934159,TO_MIN,102
1779509080934825,TO_MAX,511
1779509081935519,TO_MIN,102
1779509082936207,TO_MAX,511
1779509083936898,TO_MIN,102
1779509084937587,TO_MAX,511
1779509085938275,TO_MIN,102
1779509086938964,TO_MAX,511
1779509087939659,TO_MIN,102
1779509088940352,TO_MAX,511
1779509089941043,TO_MIN,102
1779509090941734,TO_MAX,511
1779509091942419,TO_MIN,102
1779509092943109,TO_MAX,511
1779509093943802,TO_MIN,102
1779509094944491,TO_MAX,511
1779509095945180,TO_MIN,102
1779509096945868,TO_MAX,511
1779509097946555,TO_MIN,102
1779509098947254,TO_MAX,511
1779509099947946,TO_MIN,102
1779509100948635,TO_MAX,511
1779509101949332,TO_MIN,102
1779509102950039,TO_MAX,511
1779509103950742,TO_MIN,102
1779509104951445,TO_MAX,511
1779509105952137,TO_MIN,102
1779509106952831,TO_MAX,511
1779509107953529,TO_MIN,102
1779509108954225,TO_MAX,511
1779509109954916,TO_MIN,102
1779509110955614,TO_MAX,511
1779509111956309,TO_MIN,102
1779509112957007,TO_MAX,511
1779509113957702,TO_MIN,102
1779509114958405,TO_MAX,511
1779509115959097,TO_MIN,102
1779509116959788,TO_MAX,511
1779509117960477,TO_MIN,102
1779509118961166,TO_MAX,511
1779509119961860,TO_MIN,102
1779509120962554,TO_MAX,511
1779509121963247,TO_MIN,102
1779509122963941,TO_MAX,511
1779509123964636,TO_MIN,102
1779509124965335,TO_MAX,511
1779509125966029,TO_MIN,102
1779509126966720,TO_MAX,511
1779509127967411,TO_MIN,102
1779509128968104,TO_MAX,511
1779509129968794,TO_MIN,102
1779509130969488,TO_MAX,511
1779509131970179,TO_MIN,102
1779509132970882,TO_MAX,511
1779509133971574,TO_MIN,102
1779509134972266,TO_MAX,511
1779509135972954,TO_MIN,102
1779509136973645,TO_MAX,511
1779509137974332,TO_MIN,102
1779509138975023,TO_MAX,511
1779509139975708,TO_MIN,102
1779509140976397,TO_MAX,511
1779509141977082,TO_MIN,102
1779509142977767,TO_MAX,511
1779509143978456,TO_MIN,102
1779509144979140,TO_MAX,511
1779509145979829,TO_MIN,102
1779509146980511,TO_MAX,511
1779509147981200,TO_MIN,102
1779509148981884,TO_MAX,511
1779509149982569,TO_MIN,102
1779509150983256,TO_MAX,511
1779509151983947,TO_MIN,102
1779509152984637,TO_MAX,511
1779509153985325,TO_MIN,102
1779509154986015,TO_MAX,511
1779509155986704,TO_MIN,102
1779509156987389,TO_MAX,511
1779509157988072,TO_MIN,102
1779509158988756,TO_MAX,511
1779509159989441,TO_MIN,102
1779509160990128,TO_MAX,511
1779509161990826,TO_MIN,102
1779509162991518,TO_MAX,511
1779509163992213,TO_MIN,102
1779509164992904,TO_MAX,511
1779509165993592,TO_MIN,102
1779509166994277,TO_MAX,511
1779509167994962,TO_MIN,102
1779509168995644,TO_MAX,511
1779509169996327,TO_MIN,102
1779509170997019,TO_MAX,511
1779509171997721,TO_MIN,102
1779509172998410,TO_MAX,511
1779509173999099,TO_MIN,102
1779509174999798,TO_MAX,511
1779509176000493,TO_MIN,102
1779509177001187,TO_MAX,511
1779509178001879,TO_MIN,102
1779509179002572,TO_MAX,511
1779509180003263,TO_MIN,102
1779509181003951,TO_MAX,511
1779509182004642,TO_MIN,102
1779509183005351,TO_MAX,511
1779509184006042,TO_MIN,102
1779509185006734,TO_MAX,511
1779509186007429,TO_MIN,102
1779509187008118,TO_MAX,511
1779509188008808,TO_MIN,102
1779509189009501,TO_MAX,511
1779509190010189,TO_MIN,102
1779509191010894,TO_MAX,511
1779509192011587,TO_MIN,102
1779509193012280,TO_MAX,511
1779509194012967,TO_MIN,102
1779509195013663,TO_MAX,511
1779509196014356,TO_MIN,102
1779509197015047,TO_MAX,511
1779509198015735,TO_MIN,102
1779509199016425,TO_MAX,511
1779509200017120,TO_MIN,102
1779509201017812,TO_MAX,511
1779509202018508,TO_MIN,102
1779509203019203,TO_MAX,511
1779509204019894,TO_MIN,102
1779509205020585,TO_MAX,511
1779509206021281,TO_MIN,102
1779509207021971,TO_MAX,511
1779509208022660,TO_MIN,102
1779509209023347,TO_MAX,511
1779509210024032,TO_MIN,102
1779509211024717,TO_MAX,511
1779509212025395,TO_MIN,102
1779509213026075,TO_MAX,511
1779509214026753,TO_MIN,102
1779509215027438,TO_MAX,511
1779509216028124,TO_MIN,102
1779509217028811,TO_MAX,511
1779509218029494,TO_MIN,102
1779509219030178,TO_MAX,511
1779509220030831,TO_MIN,102
1779509221031516,TO_MAX,511
1779509222032192,TO_MIN,102
1779509223032882,END,307
