# servo_sweep log
# mode=burst duration=300 min_ticks=102 max_ticks=511 center_ticks=307
# motion_ms=5000 still_ms=5000 burst_period_ms=1000
# timestamp = CLOCK_REALTIME microseconds at host i2c_write call
# actual PWM wire edge appears ~100us after timestamp
# columns: timestamp_us,event,ticks
1779833693447422,START,307
1779833693648178,MOTION_PHASE_START,0
1779833693648222,TO_MAX,511
1779833694648941,TO_MIN,102
1779833695649695,TO_MAX,511
1779833696650591,TO_MIN,102
1779833697651357,TO_MAX,511
1779833698652131,STILL_PHASE_START,307
1779833703652857,MOTION_PHASE_START,0
1779833703652886,TO_MAX,511
1779833704653578,TO_MIN,102
1779833705654481,TO_MAX,511
1779833706655198,TO_MIN,102
1779833707656093,TO_MAX,511
1779833708656986,STILL_PHASE_START,307
1779833713657692,MOTION_PHASE_START,0
1779833713657739,TO_MAX,511
1779833714658448,TO_MIN,102
1779833715659173,TO_MAX,511
1779833716659894,TO_MIN,102
1779833717660621,TO_MAX,511
1779833718661346,STILL_PHASE_START,307
1779833723662248,MOTION_PHASE_START,0
1779833723662291,TO_MAX,511
1779833724662984,TO_MIN,102
1779833725663702,TO_MAX,511
1779833726664597,TO_MIN,102
1779833727665493,TO_MAX,511
1779833728666393,STILL_PHASE_START,307
1779833733667286,MOTION_PHASE_START,0
1779833733667320,TO_MAX,511
1779833734668191,TO_MIN,102
1779833735668892,TO_MAX,511
1779833736669593,TO_MIN,102
1779833737670567,TO_MAX,511
1779833738671472,STILL_PHASE_START,307
1779833743672347,MOTION_PHASE_START,0
1779833743672391,TO_MAX,511
1779833744673088,TO_MIN,102
1779833745673805,TO_MAX,511
1779833746674518,TO_MIN,102
1779833747675228,TO_MAX,511
1779833748676125,STILL_PHASE_START,307
1779833753677022,MOTION_PHASE_START,0
1779833753677070,TO_MAX,511
1779833754677771,TO_MIN,102
1779833755678494,TO_MAX,511
1779833756679209,TO_MIN,102
1779833757679915,TO_MAX,511
1779833758680636,STILL_PHASE_START,307
1779833763681530,MOTION_PHASE_START,0
1779833763681586,TO_MAX,511
1779833764682460,TO_MIN,102
1779833765683358,TO_MAX,511
1779833766684084,TO_MIN,102
1779833767684794,TO_MAX,511
1779833768685690,STILL_PHASE_START,307
1779833773686410,MOTION_PHASE_START,0
1779833773686451,TO_MAX,511
1779833774687329,TO_MIN,102
1779833775688052,TO_MAX,511
1779833776688941,TO_MIN,102
1779833777689835,TO_MAX,511
1779833778690538,STILL_PHASE_START,307
1779833783691244,MOTION_PHASE_START,0
1779833783691298,TO_MAX,511
1779833784692143,TO_MIN,102
1779833785693048,TO_MAX,511
1779833786693944,TO_MIN,102
1779833787694843,TO_MAX,511
1779833788695741,STILL_PHASE_START,307
1779833793696460,MOTION_PHASE_START,0
1779833793696515,TO_MAX,511
1779833794697226,TO_MIN,102
1779833795698140,TO_MAX,511
1779833796699043,TO_MIN,102
1779833797699946,TO_MAX,511
1779833798700841,STILL_PHASE_START,307
1779833803701576,MOTION_PHASE_START,0
1779833803701625,TO_MAX,511
1779833804702494,TO_MIN,102
1779833805703394,TO_MAX,511
1779833806704282,TO_MIN,102
1779833807704991,TO_MAX,511
1779833808705695,STILL_PHASE_START,307
1779833813706407,MOTION_PHASE_START,0
1779833813706455,TO_MAX,511
1779833814707333,TO_MIN,102
1779833815708248,TO_MAX,511
1779833816709160,TO_MIN,102
1779833817710060,TO_MAX,511
1779833818710954,STILL_PHASE_START,307
1779833823711860,MOTION_PHASE_START,0
1779833823711906,TO_MAX,511
1779833824712781,TO_MIN,102
1779833825713691,TO_MAX,511
1779833826714596,TO_MIN,102
1779833827715503,TO_MAX,511
1779833828716415,STILL_PHASE_START,307
1779833833717328,MOTION_PHASE_START,0
1779833833717365,TO_MAX,511
1779833834718053,TO_MIN,102
1779833835718958,TO_MAX,511
1779833836719871,TO_MIN,102
1779833837720777,TO_MAX,511
1779833838721688,STILL_PHASE_START,307
1779833843722599,MOTION_PHASE_START,0
1779833843722643,TO_MAX,511
1779833844723346,TO_MIN,102
1779833845724068,TO_MAX,511
1779833846724794,TO_MIN,102
1779833847725517,TO_MAX,511
1779833848726411,STILL_PHASE_START,307
1779833853727317,MOTION_PHASE_START,0
1779833853727357,TO_MAX,511
1779833854728239,TO_MIN,102
1779833855728948,TO_MAX,511
1779833856729651,TO_MIN,102
1779833857730565,TO_MAX,511
1779833858731465,STILL_PHASE_START,307
1779833863732346,MOTION_PHASE_START,0
1779833863732389,TO_MAX,511
1779833864733274,TO_MIN,102
1779833865734034,TO_MAX,511
1779833866734940,TO_MIN,102
1779833867735668,TO_MAX,511
1779833868736410,STILL_PHASE_START,307
1779833873737320,MOTION_PHASE_START,0
1779833873737373,TO_MAX,511
1779833874738254,TO_MIN,102
1779833875738987,TO_MAX,511
1779833876739706,TO_MIN,102
1779833877740601,TO_MAX,511
1779833878741312,STILL_PHASE_START,307
1779833883742032,MOTION_PHASE_START,0
1779833883742087,TO_MAX,511
1779833884742796,TO_MIN,102
1779833885743706,TO_MAX,511
1779833886744432,TO_MIN,102
1779833887745158,TO_MAX,511
1779833888745884,STILL_PHASE_START,307
1779833893746627,MOTION_PHASE_START,0
1779833893746673,TO_MAX,511
1779833894747553,TO_MIN,102
1779833895748288,TO_MAX,511
1779833896749208,TO_MIN,102
1779833897749924,TO_MAX,511
1779833898750639,STILL_PHASE_START,307
1779833903751349,MOTION_PHASE_START,0
1779833903751395,TO_MAX,511
1779833904752098,TO_MIN,102
1779833905752812,TO_MAX,511
1779833906753723,TO_MIN,102
1779833907754453,TO_MAX,511
1779833908755350,STILL_PHASE_START,307
1779833913756264,MOTION_PHASE_START,0
1779833913756317,TO_MAX,511
1779833914757045,TO_MIN,102
1779833915757782,TO_MAX,511
1779833916758526,TO_MIN,102
1779833917759266,TO_MAX,511
1779833918759981,STILL_PHASE_START,307
1779833923760712,MOTION_PHASE_START,0
1779833923760759,TO_MAX,511
1779833924761466,TO_MIN,102
1779833925762208,TO_MAX,511
1779833926762935,TO_MIN,102
1779833927763666,TO_MAX,511
1779833928764418,STILL_PHASE_START,307
1779833933765157,MOTION_PHASE_START,0
1779833933765194,TO_MAX,511
1779833934765901,TO_MIN,102
1779833935766640,TO_MAX,511
1779833936767382,TO_MIN,102
1779833937768118,TO_MAX,511
1779833938768844,STILL_PHASE_START,307
1779833943769570,MOTION_PHASE_START,0
1779833943769602,TO_MAX,511
1779833944770286,TO_MIN,102
1779833945771001,TO_MAX,511
1779833946771908,TO_MIN,102
1779833947772798,TO_MAX,511
1779833948773694,STILL_PHASE_START,307
1779833953774413,MOTION_PHASE_START,0
1779833953774453,TO_MAX,511
1779833954775156,TO_MIN,102
1779833955776057,TO_MAX,511
1779833956776963,TO_MIN,102
1779833957777866,TO_MAX,511
1779833958778769,STILL_PHASE_START,307
1779833963779666,MOTION_PHASE_START,0
1779833963779699,TO_MAX,511
1779833964780572,TO_MIN,102
1779833965781275,TO_MAX,511
1779833966781978,TO_MIN,102
1779833967782896,TO_MAX,511
1779833968783793,STILL_PHASE_START,307
1779833973784695,MOTION_PHASE_START,0
1779833973784834,TO_MAX,511
1779833974785714,TO_MIN,102
1779833975786403,TO_MAX,511
1779833976787127,TO_MIN,102
1779833977788013,TO_MAX,511
1779833978788909,STILL_PHASE_START,307
1779833983789622,MOTION_PHASE_START,0
1779833983789656,TO_MAX,511
1779833984790539,TO_MIN,102
1779833985791445,TO_MAX,511
1779833986792343,TO_MIN,102
1779833987793234,TO_MAX,511
1779833988793946,STILL_PHASE_START,307
1779833993808112,END,307
