Loading 93 MLC config writes...
MLC config applied. Tap class = 0x04, nontap = 0x00
INT1_CTRL forced to 0x00 (DRDY routing disabled).
EMB_FUNC_LIR = 0 (pulsed mode).
Listening for MLC INT1 events. Ctrl+C to stop.
Saleae D0=Pin15(INT), D1=Pin11(decision), A0=ground truth.
Decision rule: binary state transition (0x00 vs non-zero).
  GPIO toggles on every transition between MLC_OUT_NONTAP
  and any non-NONTAP class. Sub-class transitions within
  the non-NONTAP set (e.g. 0x01 -> 0x04) do NOT toggle.

EVENT# TRIAL# host_dt(us)  mlc_src  transition  
1      1      442          0x04    STILL->MOTION
2      2      444          0x00    MOTION->STILL
3      3      450          0x04    STILL->MOTION
4      4      452          0x00    MOTION->STILL
5      5      445          0x04    STILL->MOTION
6      6      469          0x00    MOTION->STILL
7      7      483          0x04    STILL->MOTION
8      8      449          0x00    MOTION->STILL
9      9      446          0x04    STILL->MOTION
10     10     449          0x00    MOTION->STILL
11     11     450          0x04    STILL->MOTION
12     12     449          0x00    MOTION->STILL
13     13     448          0x04    STILL->MOTION
14     14     437          0x00    MOTION->STILL
15     15     456          0x04    STILL->MOTION
16     16     433          0x00    MOTION->STILL
17     17     432          0x04    STILL->MOTION
18     18     458          0x00    MOTION->STILL
19     19     459          0x04    STILL->MOTION
20     20     450          0x00    MOTION->STILL
21     21     448          0x04    STILL->MOTION
22     22     449          0x00    MOTION->STILL
23     23     435          0x04    STILL->MOTION
24     24     433          0x00    MOTION->STILL
25     25     433          0x04    STILL->MOTION
26     26     438          0x00    MOTION->STILL
27     27     432          0x04    STILL->MOTION
28     28     444          0x00    MOTION->STILL
29     29     433          0x04    STILL->MOTION
30     30     449          0x00    MOTION->STILL
31     31     450          0x04    STILL->MOTION
32     32     456          0x00    MOTION->STILL
33     33     435          0x04    STILL->MOTION
34     34     453          0x00    MOTION->STILL
35     35     448          0x04    STILL->MOTION
36     36     462          0x00    MOTION->STILL
37     37     451          0x04    STILL->MOTION
38     38     447          0x00    MOTION->STILL
39     39     437          0x04    STILL->MOTION
40     40     438          0x00    MOTION->STILL
41     41     438          0x04    STILL->MOTION
42     42     434          0x00    MOTION->STILL
43     43     425          0x04    STILL->MOTION
44     44     442          0x00    MOTION->STILL
45     45     438          0x04    STILL->MOTION
46     46     460          0x00    MOTION->STILL
47     47     442          0x04    STILL->MOTION
48     48     447          0x00    MOTION->STILL
49     49     440          0x04    STILL->MOTION
50     50     450          0x00    MOTION->STILL
51     51     443          0x04    STILL->MOTION
52     52     438          0x00    MOTION->STILL
53     53     450          0x04    STILL->MOTION
54     54     457          0x00    MOTION->STILL
55     55     446          0x04    STILL->MOTION
56     56     435          0x00    MOTION->STILL
57     57     442          0x04    STILL->MOTION
58     58     444          0x00    MOTION->STILL
59     59     448          0x04    STILL->MOTION
60     60     449          0x00    MOTION->STILL
61     61     449          0x04    STILL->MOTION
62     62     448          0x00    MOTION->STILL
63     63     449          0x04    STILL->MOTION
64     64     449          0x00    MOTION->STILL
65     65     450          0x04    STILL->MOTION
66     66     448          0x00    MOTION->STILL
67     67     435          0x04    STILL->MOTION
68     68     442          0x00    MOTION->STILL
69     69     439          0x04    STILL->MOTION
70     70     443          0x00    MOTION->STILL
71     71     449          0x04    STILL->MOTION
72     72     452          0x00    MOTION->STILL
73     73     443          0x04    STILL->MOTION
74     74     436          0x00    MOTION->STILL
75     75     434          0x04    STILL->MOTION
76     76     443          0x00    MOTION->STILL
77     77     439          0x04    STILL->MOTION
78     78     447          0x00    MOTION->STILL
79     79     447          0x04    STILL->MOTION
80     80     450          0x00    MOTION->STILL
81     81     444          0x04    STILL->MOTION
82     82     447          0x00    MOTION->STILL
83     83     449          0x04    STILL->MOTION
84     84     456          0x00    MOTION->STILL
85     85     447          0x04    STILL->MOTION
86     86     447          0x00    MOTION->STILL
87     87     450          0x04    STILL->MOTION
88     88     444          0x00    MOTION->STILL
89     89     434          0x04    STILL->MOTION
90     90     437          0x00    MOTION->STILL
91     91     432          0x04    STILL->MOTION
92     92     439          0x00    MOTION->STILL
93     93     437          0x04    STILL->MOTION
94     94     450          0x00    MOTION->STILL
95     95     456          0x04    STILL->MOTION
96     96     454          0x00    MOTION->STILL
97     97     455          0x04    STILL->MOTION
98     98     446          0x00    MOTION->STILL
99     99     444          0x04    STILL->MOTION
100    100    447          0x00    MOTION->STILL
101    101    444          0x04    STILL->MOTION
102    102    465          0x00    MOTION->STILL
103    103    451          0x04    STILL->MOTION
104    104    455          0x00    MOTION->STILL
105    105    463          0x04    STILL->MOTION
106    106    455          0x00    MOTION->STILL
107    107    451          0x04    STILL->MOTION
108    108    452          0x00    MOTION->STILL
109    109    451          0x04    STILL->MOTION
110    110    443          0x00    MOTION->STILL
111    111    442          0x04    STILL->MOTION
112    112    450          0x00    MOTION->STILL
113    113    463          0x04    STILL->MOTION
114    114    442          0x00    MOTION->STILL
115    115    449          0x04    STILL->MOTION
116    116    442          0x00    MOTION->STILL
117    117    446          0x04    STILL->MOTION
118    118    445          0x00    MOTION->STILL
119    119    449          0x04    STILL->MOTION
120    120    450          0x00    MOTION->STILL
121    121    458          0x04    STILL->MOTION
122    122    448          0x00    MOTION->STILL
123    123    445          0x04    STILL->MOTION
124    124    450          0x00    MOTION->STILL
125    125    441          0x04    STILL->MOTION
126    126    436          0x00    MOTION->STILL
127    127    460          0x04    STILL->MOTION
128    128    458          0x00    MOTION->STILL
129    129    450          0x04    STILL->MOTION
130    130    445          0x00    MOTION->STILL
131    131    443          0x04    STILL->MOTION
132    132    443          0x00    MOTION->STILL
133    133    447          0x04    STILL->MOTION
134    134    450          0x00    MOTION->STILL
135    135    453          0x04    STILL->MOTION
136    136    439          0x00    MOTION->STILL
137    137    436          0x04    STILL->MOTION
138    138    444          0x00    MOTION->STILL
139    139    437          0x04    STILL->MOTION
140    140    444          0x00    MOTION->STILL
141    141    448          0x04    STILL->MOTION
142    142    438          0x00    MOTION->STILL
143    143    432          0x04    STILL->MOTION
144    144    444          0x00    MOTION->STILL
145    145    436          0x04    STILL->MOTION
146    146    434          0x00    MOTION->STILL
147    147    450          0x04    STILL->MOTION
148    148    450          0x00    MOTION->STILL
149    149    469          0x04    STILL->MOTION
150    150    440          0x00    MOTION->STILL
151    151    453          0x04    STILL->MOTION
152    152    445          0x00    MOTION->STILL
153    153    449          0x04    STILL->MOTION
154    154    450          0x00    MOTION->STILL
155    155    444          0x04    STILL->MOTION
156    156    436          0x00    MOTION->STILL
157    157    458          0x04    STILL->MOTION
158    158    458          0x00    MOTION->STILL
159    159    450          0x04    STILL->MOTION
160    160    454          0x00    MOTION->STILL
161    161    448          0x04    STILL->MOTION
162    162    452          0x00    MOTION->STILL
163    163    449          0x04    STILL->MOTION
164    164    455          0x00    MOTION->STILL
165    165    448          0x04    STILL->MOTION
166    166    452          0x00    MOTION->STILL
167    167    453          0x04    STILL->MOTION
168    168    448          0x00    MOTION->STILL
169    169    446          0x04    STILL->MOTION
170    170    461          0x00    MOTION->STILL
171    171    472          0x04    STILL->MOTION
172    172    460          0x00    MOTION->STILL
173    173    452          0x04    STILL->MOTION
174    174    447          0x00    MOTION->STILL
175    175    447          0x04    STILL->MOTION
176    176    444          0x00    MOTION->STILL
177    177    448          0x04    STILL->MOTION
178    178    433          0x00    MOTION->STILL
179    179    443          0x04    STILL->MOTION
180    180    457          0x00    MOTION->STILL
181    181    442          0x04    STILL->MOTION
182    182    449          0x00    MOTION->STILL
183    183    447          0x04    STILL->MOTION
184    184    456          0x00    MOTION->STILL
185    185    453          0x04    STILL->MOTION
186    186    455          0x00    MOTION->STILL
187    187    461          0x04    STILL->MOTION
188    188    460          0x00    MOTION->STILL
189    189    459          0x04    STILL->MOTION
190    190    454          0x00    MOTION->STILL
191    191    444          0x04    STILL->MOTION
192    192    443          0x00    MOTION->STILL
193    193    444          0x04    STILL->MOTION
194    194    440          0x00    MOTION->STILL
195    195    434          0x04    STILL->MOTION
196    196    450          0x00    MOTION->STILL
197    197    447          0x04    STILL->MOTION
198    198    457          0x00    MOTION->STILL
199    199    449          0x04    STILL->MOTION
200    200    459          0x00    MOTION->STILL
201    201    460          0x04    STILL->MOTION
202    202    447          0x00    MOTION->STILL
203    203    450          0x04    STILL->MOTION
204    204    449          0x00    MOTION->STILL
205    205    445          0x04    STILL->MOTION
206    206    445          0x00    MOTION->STILL
207    207    450          0x04    STILL->MOTION
208    208    454          0x00    MOTION->STILL
209    209    447          0x04    STILL->MOTION
210    210    441          0x00    MOTION->STILL
211    211    447          0x04    STILL->MOTION
212    212    447          0x00    MOTION->STILL
213    213    454          0x04    STILL->MOTION
214    214    438          0x00    MOTION->STILL
215    215    441          0x04    STILL->MOTION
216    216    453          0x00    MOTION->STILL
217    217    446          0x04    STILL->MOTION
218    218    451          0x00    MOTION->STILL
219    219    447          0x04    STILL->MOTION
220    220    443          0x00    MOTION->STILL
221    221    438          0x04    STILL->MOTION
222    222    442          0x00    MOTION->STILL
223    223    451          0x04    STILL->MOTION
224    224    450          0x00    MOTION->STILL
225    225    454          0x04    STILL->MOTION
226    226    457          0x00    MOTION->STILL
227    227    441          0x04    STILL->MOTION
228    228    442          0x00    MOTION->STILL
229    229    445          0x04    STILL->MOTION
230    230    453          0x00    MOTION->STILL
231    231    453          0x04    STILL->MOTION
232    232    451          0x00    MOTION->STILL
233    233    445          0x04    STILL->MOTION
234    234    444          0x00    MOTION->STILL
235    235    452          0x04    STILL->MOTION
236    236    453          0x00    MOTION->STILL
237    237    450          0x04    STILL->MOTION
238    238    449          0x00    MOTION->STILL
239    239    447          0x04    STILL->MOTION
240    240    447          0x00    MOTION->STILL
241    241    443          0x04    STILL->MOTION
242    242    449          0x00    MOTION->STILL
243    243    449          0x04    STILL->MOTION
244    244    455          0x00    MOTION->STILL
245    245    449          0x04    STILL->MOTION
246    246    450          0x00    MOTION->STILL
247    247    446          0x04    STILL->MOTION
248    248    443          0x00    MOTION->STILL
249    249    447          0x04    STILL->MOTION
250    250    471          0x00    MOTION->STILL
251    251    460          0x04    STILL->MOTION
252    252    455          0x00    MOTION->STILL
253    253    445          0x04    STILL->MOTION
254    254    438          0x00    MOTION->STILL
255    255    434          0x04    STILL->MOTION
256    256    442          0x00    MOTION->STILL
257    257    441          0x04    STILL->MOTION
258    258    444          0x00    MOTION->STILL
259    259    452          0x04    STILL->MOTION
260    260    444          0x00    MOTION->STILL
261    261    460          0x04    STILL->MOTION
262    262    457          0x00    MOTION->STILL
263    263    456          0x04    STILL->MOTION
264    264    440          0x00    MOTION->STILL
265    265    444          0x04    STILL->MOTION
266    266    507          0x00    MOTION->STILL
267    267    448          0x04    STILL->MOTION
268    268    451          0x00    MOTION->STILL
269    269    447          0x04    STILL->MOTION
270    270    456          0x00    MOTION->STILL
271    271    444          0x04    STILL->MOTION
272    272    443          0x00    MOTION->STILL
273    273    456          0x04    STILL->MOTION
274    274    448          0x00    MOTION->STILL
275    275    449          0x04    STILL->MOTION
276    276    450          0x00    MOTION->STILL
277    277    441          0x04    STILL->MOTION
278    278    447          0x00    MOTION->STILL
279    279    450          0x04    STILL->MOTION
280    280    454          0x00    MOTION->STILL
281    281    446          0x04    STILL->MOTION
282    282    444          0x00    MOTION->STILL
283    283    449          0x04    STILL->MOTION
284    284    449          0x00    MOTION->STILL
285    285    456          0x04    STILL->MOTION
286    286    452          0x00    MOTION->STILL
287    287    447          0x04    STILL->MOTION
288    288    450          0x00    MOTION->STILL
289    289    452          0x04    STILL->MOTION
290    290    450          0x00    MOTION->STILL
291    291    441          0x04    STILL->MOTION
292    292    448          0x00    MOTION->STILL
293    293    443          0x04    STILL->MOTION
294    294    437          0x00    MOTION->STILL
295    295    437          0x04    STILL->MOTION
296    296    443          0x00    MOTION->STILL
297    297    442          0x04    STILL->MOTION
298    298    433          0x00    MOTION->STILL
299    299    441          0x04    STILL->MOTION
300    300    442          0x00    MOTION->STILL
301    301    443          0x04    STILL->MOTION
302    302    434          0x00    MOTION->STILL
303    303    434          0x04    STILL->MOTION
304    304    450          0x00    MOTION->STILL
305    305    448          0x04    STILL->MOTION
306    306    450          0x00    MOTION->STILL
307    307    446          0x04    STILL->MOTION
308    308    438          0x00    MOTION->STILL
309    309    439          0x04    STILL->MOTION
310    310    439          0x00    MOTION->STILL
311    311    457          0x04    STILL->MOTION
312    312    451          0x00    MOTION->STILL
313    313    454          0x04    STILL->MOTION
314    314    444          0x00    MOTION->STILL
315    315    458          0x04    STILL->MOTION
316    316    442          0x00    MOTION->STILL
317    317    452          0x04    STILL->MOTION
318    318    454          0x00    MOTION->STILL
319    319    447          0x04    STILL->MOTION
320    320    450          0x00    MOTION->STILL
321    321    446          0x04    STILL->MOTION
322    322    449          0x00    MOTION->STILL
323    323    450          0x04    STILL->MOTION
324    324    452          0x00    MOTION->STILL
325    325    456          0x04    STILL->MOTION
326    326    446          0x00    MOTION->STILL
327    327    454          0x04    STILL->MOTION
328    328    434          0x00    MOTION->STILL
329    329    450          0x04    STILL->MOTION
330    330    455          0x00    MOTION->STILL
331    331    454          0x04    STILL->MOTION
332    332    452          0x00    MOTION->STILL
333    333    445          0x04    STILL->MOTION
334    334    456          0x00    MOTION->STILL
335    335    451          0x04    STILL->MOTION
336    336    449          0x00    MOTION->STILL
337    337    454          0x04    STILL->MOTION
338    338    452          0x00    MOTION->STILL
339    339    450          0x04    STILL->MOTION
340    340    456          0x00    MOTION->STILL
341    341    448          0x04    STILL->MOTION
342    342    450          0x00    MOTION->STILL
343    343    447          0x04    STILL->MOTION
344    344    452          0x00    MOTION->STILL
345    345    451          0x04    STILL->MOTION
346    346    448          0x00    MOTION->STILL
347    347    454          0x04    STILL->MOTION
348    348    449          0x00    MOTION->STILL
349    349    438          0x04    STILL->MOTION
350    350    436          0x00    MOTION->STILL
351    351    431          0x04    STILL->MOTION
352    352    434          0x00    MOTION->STILL
353    353    450          0x04    STILL->MOTION
354    354    454          0x00    MOTION->STILL
355    355    437          0x04    STILL->MOTION
356    356    456          0x00    MOTION->STILL
357    357    439          0x04    STILL->MOTION
358    358    430          0x00    MOTION->STILL
359    359    434          0x04    STILL->MOTION
360    360    446          0x00    MOTION->STILL
361    361    436          0x04    STILL->MOTION
362    362    445          0x00    MOTION->STILL
363    363    442          0x04    STILL->MOTION
364    364    435          0x00    MOTION->STILL
365    365    437          0x04    STILL->MOTION
366    366    438          0x00    MOTION->STILL
367    367    448          0x04    STILL->MOTION
368    368    452          0x00    MOTION->STILL
369    369    445          0x04    STILL->MOTION
370    370    448          0x00    MOTION->STILL
