# servo_sweep log
# mode=burst duration=1800 min_ticks=102 max_ticks=511 center_ticks=307
# motion_ms=5000 still_ms=5000 burst_period_ms=1000
# timestamp = CLOCK_REALTIME microseconds at host i2c_write call
# actual PWM wire edge appears ~100us after timestamp
# columns: timestamp_us,event,ticks
1779779639597272,START,307
1779779639798010,MOTION_PHASE_START,0
1779779639798049,TO_MAX,511
1779779640798756,TO_MIN,102
1779779641799481,TO_MAX,511
1779779642800192,TO_MIN,102
1779779643800952,TO_MAX,511
1779779644801698,STILL_PHASE_START,307
1779779649802430,MOTION_PHASE_START,0
1779779649802469,TO_MAX,511
1779779650803179,TO_MIN,102
1779779651803911,TO_MAX,511
1779779652804633,TO_MIN,102
1779779653805351,TO_MAX,511
1779779654806072,STILL_PHASE_START,307
1779779659806783,MOTION_PHASE_START,0
1779779659806815,TO_MAX,511
1779779660807507,TO_MIN,102
1779779661808221,TO_MAX,511
1779779662808936,TO_MIN,102
1779779663809646,TO_MAX,511
1779779664810349,STILL_PHASE_START,307
1779779669811058,MOTION_PHASE_START,0
1779779669811086,TO_MAX,511
1779779670811771,TO_MIN,102
1779779671812476,TO_MAX,511
1779779672813187,TO_MIN,102
1779779673813904,TO_MAX,511
1779779674814608,STILL_PHASE_START,307
1779779679815314,MOTION_PHASE_START,0
1779779679815345,TO_MAX,511
1779779680816034,TO_MIN,102
1779779681816739,TO_MAX,511
1779779682817438,TO_MIN,102
1779779683818138,TO_MAX,511
1779779684818845,STILL_PHASE_START,307
1779779689819552,MOTION_PHASE_START,0
1779779689819588,TO_MAX,511
1779779690820291,TO_MIN,102
1779779691821009,TO_MAX,511
1779779692821732,TO_MIN,102
1779779693822452,TO_MAX,511
1779779694823175,STILL_PHASE_START,307
1779779699823896,MOTION_PHASE_START,0
1779779699823928,TO_MAX,511
1779779700824629,TO_MIN,102
1779779701825345,TO_MAX,511
1779779702826054,TO_MIN,102
1779779703826767,TO_MAX,511
1779779704827482,STILL_PHASE_START,307
1779779709828195,MOTION_PHASE_START,0
1779779709828230,TO_MAX,511
1779779710828922,TO_MIN,102
1779779711829638,TO_MAX,511
1779779712830347,TO_MIN,102
1779779713831071,TO_MAX,511
1779779714831792,STILL_PHASE_START,307
1779779719832515,MOTION_PHASE_START,0
1779779719832548,TO_MAX,511
1779779720833248,TO_MIN,102
1779779721833951,TO_MAX,511
1779779722834662,TO_MIN,102
1779779723835368,TO_MAX,511
1779779724836084,STILL_PHASE_START,307
1779779729836795,MOTION_PHASE_START,0
1779779729836827,TO_MAX,511
1779779730837525,TO_MIN,102
1779779731838239,TO_MAX,511
1779779732838953,TO_MIN,102
1779779733839665,TO_MAX,511
1779779734840376,STILL_PHASE_START,307
1779779739841095,MOTION_PHASE_START,0
1779779739841126,TO_MAX,511
1779779740841836,TO_MIN,102
1779779741842552,TO_MAX,511
1779779742843271,TO_MIN,102
1779779743843983,TO_MAX,511
1779779744844699,STILL_PHASE_START,307
1779779749845417,MOTION_PHASE_START,0
1779779749845451,TO_MAX,511
1779779750846152,TO_MIN,102
1779779751846867,TO_MAX,511
1779779752847584,TO_MIN,102
1779779753848300,TO_MAX,511
1779779754849014,STILL_PHASE_START,307
1779779759849725,MOTION_PHASE_START,0
1779779759849753,TO_MAX,511
1779779760850453,TO_MIN,102
1779779761851165,TO_MAX,511
1779779762851875,TO_MIN,102
1779779763852580,TO_MAX,511
1779779764853287,STILL_PHASE_START,307
1779779769853996,MOTION_PHASE_START,0
1779779769854031,TO_MAX,511
1779779770854735,TO_MIN,102
1779779771855467,TO_MAX,511
1779779772856193,TO_MIN,102
1779779773856910,TO_MAX,511
1779779774857628,STILL_PHASE_START,307
1779779779858355,MOTION_PHASE_START,0
1779779779858387,TO_MAX,511
1779779780859081,TO_MIN,102
1779779781859797,TO_MAX,511
1779779782860509,TO_MIN,102
1779779783861229,TO_MAX,511
1779779784861947,STILL_PHASE_START,307
1779779789862688,MOTION_PHASE_START,0
1779779789862715,TO_MAX,511
1779779790863410,TO_MIN,102
1779779791864131,TO_MAX,511
1779779792864842,TO_MIN,102
1779779793865550,TO_MAX,511
1779779794866255,STILL_PHASE_START,307
1779779799866976,MOTION_PHASE_START,0
1779779799867009,TO_MAX,511
1779779800867701,TO_MIN,102
1779779801868416,TO_MAX,511
1779779802869134,TO_MIN,102
1779779803869849,TO_MAX,511
1779779804870562,STILL_PHASE_START,307
1779779809871281,MOTION_PHASE_START,0
1779779809871314,TO_MAX,511
1779779810872018,TO_MIN,102
1779779811872752,TO_MAX,511
1779779812873465,TO_MIN,102
1779779813874180,TO_MAX,511
1779779814874895,STILL_PHASE_START,307
1779779819875600,MOTION_PHASE_START,0
1779779819875632,TO_MAX,511
1779779820876327,TO_MIN,102
1779779821877041,TO_MAX,511
1779779822877772,TO_MIN,102
1779779823878482,TO_MAX,511
1779779824879198,STILL_PHASE_START,307
1779779829879920,MOTION_PHASE_START,0
1779779829879954,TO_MAX,511
1779779830880650,TO_MIN,102
1779779831881371,TO_MAX,511
1779779832882085,TO_MIN,102
1779779833882793,TO_MAX,511
1779779834883501,STILL_PHASE_START,307
1779779839884208,MOTION_PHASE_START,0
1779779839884240,TO_MAX,511
1779779840884937,TO_MIN,102
1779779841885643,TO_MAX,511
1779779842886366,TO_MIN,102
1779779843887072,TO_MAX,511
1779779844887781,STILL_PHASE_START,307
1779779849888483,MOTION_PHASE_START,0
1779779849888518,TO_MAX,511
1779779850889215,TO_MIN,102
1779779851889920,TO_MAX,511
1779779852890643,TO_MIN,102
1779779853891361,TO_MAX,511
1779779854892073,STILL_PHASE_START,307
1779779859892791,MOTION_PHASE_START,0
1779779859892829,TO_MAX,511
1779779860893518,TO_MIN,102
1779779861894232,TO_MAX,511
1779779862894952,TO_MIN,102
1779779863895669,TO_MAX,511
1779779864896389,STILL_PHASE_START,307
1779779869897105,MOTION_PHASE_START,0
1779779869897138,TO_MAX,511
1779779870897829,TO_MIN,102
1779779871898543,TO_MAX,511
1779779872899249,TO_MIN,102
1779779873899950,TO_MAX,511
1779779874900658,STILL_PHASE_START,307
1779779879901830,MOTION_PHASE_START,0
1779779879901865,TO_MAX,511
1779779880902567,TO_MIN,102
1779779881903289,TO_MAX,511
1779779882904004,TO_MIN,102
1779779883904721,TO_MAX,511
1779779884905426,STILL_PHASE_START,307
1779779889906135,MOTION_PHASE_START,0
1779779889906166,TO_MAX,511
1779779890906858,TO_MIN,102
1779779891907581,TO_MAX,511
1779779892908299,TO_MIN,102
1779779893909017,TO_MAX,511
1779779894909744,STILL_PHASE_START,307
1779779899910462,MOTION_PHASE_START,0
1779779899910492,TO_MAX,511
1779779900911191,TO_MIN,102
1779779901911902,TO_MAX,511
1779779902912611,TO_MIN,102
1779779903913837,TO_MAX,511
1779779904914562,STILL_PHASE_START,307
1779779909915280,MOTION_PHASE_START,0
1779779909915319,TO_MAX,511
1779779910916018,TO_MIN,102
1779779911916734,TO_MAX,511
1779779912917457,TO_MIN,102
1779779913918175,TO_MAX,511
1779779914918890,STILL_PHASE_START,307
1779779919919611,MOTION_PHASE_START,0
1779779919919673,TO_MAX,511
1779779920920367,TO_MIN,102
1779779921921085,TO_MAX,511
1779779922921807,TO_MIN,102
1779779923922533,TO_MAX,511
1779779924923251,STILL_PHASE_START,307
1779779929923966,MOTION_PHASE_START,0
1779779929924132,TO_MAX,511
1779779930924822,TO_MIN,102
1779779931925531,TO_MAX,511
1779779932926253,TO_MIN,102
1779779933926968,TO_MAX,511
1779779934927679,STILL_PHASE_START,307
1779779939928390,MOTION_PHASE_START,0
1779779939928425,TO_MAX,511
1779779940929119,TO_MIN,102
1779779941929835,TO_MAX,511
1779779942930546,TO_MIN,102
1779779943931254,TO_MAX,511
1779779944931963,STILL_PHASE_START,307
1779779949932677,MOTION_PHASE_START,0
1779779949932709,TO_MAX,511
1779779950933404,TO_MIN,102
1779779951934127,TO_MAX,511
1779779952934844,TO_MIN,102
1779779953935555,TO_MAX,511
1779779954936262,STILL_PHASE_START,307
1779779959936974,MOTION_PHASE_START,0
1779779959937011,TO_MAX,511
1779779960937708,TO_MIN,102
1779779961938425,TO_MAX,511
1779779962939142,TO_MIN,102
1779779963939818,TO_MAX,511
1779779964940533,STILL_PHASE_START,307
1779779969941245,MOTION_PHASE_START,0
1779779969941277,TO_MAX,511
1779779970941973,TO_MIN,102
1779779971942680,TO_MAX,511
1779779972943388,TO_MIN,102
1779779973944102,TO_MAX,511
1779779974944820,STILL_PHASE_START,307
1779779979945529,MOTION_PHASE_START,0
1779779979945555,TO_MAX,511
1779779980946247,TO_MIN,102
1779779981946959,TO_MAX,511
1779779982947664,TO_MIN,102
1779779983948371,TO_MAX,511
1779779984949074,STILL_PHASE_START,307
1779779989949784,MOTION_PHASE_START,0
1779779989949858,TO_MAX,511
1779779990950560,TO_MIN,102
1779779991951275,TO_MAX,511
1779779992951995,TO_MIN,102
1779779993952711,TO_MAX,511
1779779994953429,STILL_PHASE_START,307
1779779999954146,MOTION_PHASE_START,0
1779779999954182,TO_MAX,511
1779780000954910,TO_MIN,102
1779780001955590,TO_MAX,511
1779780002956305,TO_MIN,102
1779780003957009,TO_MAX,511
1779780004957719,STILL_PHASE_START,307
1779780009958422,MOTION_PHASE_START,0
1779780009958448,TO_MAX,511
1779780010959143,TO_MIN,102
1779780011959854,TO_MAX,511
1779780012960559,TO_MIN,102
1779780013961260,TO_MAX,511
1779780014961956,STILL_PHASE_START,307
1779780019962662,MOTION_PHASE_START,0
1779780019962700,TO_MAX,511
1779780020963400,TO_MIN,102
1779780021964107,TO_MAX,511
1779780022964823,TO_MIN,102
1779780023965547,TO_MAX,511
1779780024966259,STILL_PHASE_START,307
1779780029966984,MOTION_PHASE_START,0
1779780029967010,TO_MAX,511
1779780030967710,TO_MIN,102
1779780031968423,TO_MAX,511
1779780032969141,TO_MIN,102
1779780033969833,TO_MAX,511
1779780034970543,STILL_PHASE_START,307
1779780039971255,MOTION_PHASE_START,0
1779780039971282,TO_MAX,511
1779780040971972,TO_MIN,102
1779780041972685,TO_MAX,511
1779780042973401,TO_MIN,102
1779780043974100,TO_MAX,511
1779780044974817,STILL_PHASE_START,307
1779780049975543,MOTION_PHASE_START,0
1779780049975599,TO_MAX,511
1779780050976306,TO_MIN,102
1779780051977031,TO_MAX,511
1779780052977745,TO_MIN,102
1779780053978470,TO_MAX,511
1779780054979187,STILL_PHASE_START,307
1779780060010803,MOTION_PHASE_START,0
1779780060010840,TO_MAX,511
1779780061011548,TO_MIN,102
1779780062012264,TO_MAX,511
1779780063012978,TO_MIN,102
1779780064013685,TO_MAX,511
1779780065014393,STILL_PHASE_START,307
1779780070015105,MOTION_PHASE_START,0
1779780070015133,TO_MAX,511
1779780071015824,TO_MIN,102
1779780072016533,TO_MAX,511
1779780073017237,TO_MIN,102
1779780074017948,TO_MAX,511
1779780075018663,STILL_PHASE_START,307
1779780080019373,MOTION_PHASE_START,0
1779780080019405,TO_MAX,511
1779780081020103,TO_MIN,102
1779780082020812,TO_MAX,511
1779780083021533,TO_MIN,102
1779780084022245,TO_MAX,511
1779780085022956,STILL_PHASE_START,307
1779780090023668,MOTION_PHASE_START,0
1779780090023692,TO_MAX,511
1779780091024389,TO_MIN,102
1779780092025097,TO_MAX,511
1779780093025807,TO_MIN,102
1779780094026520,TO_MAX,511
1779780095027221,STILL_PHASE_START,307
1779780100027928,MOTION_PHASE_START,0
1779780100027952,TO_MAX,511
1779780101028645,TO_MIN,102
1779780102029356,TO_MAX,511
1779780103030066,TO_MIN,102
1779780104030782,TO_MAX,511
1779780105031502,STILL_PHASE_START,307
1779780110032214,MOTION_PHASE_START,0
1779780110032246,TO_MAX,511
1779780111032949,TO_MIN,102
1779780112033662,TO_MAX,511
1779780113034378,TO_MIN,102
1779780114035095,TO_MAX,511
1779780115035804,STILL_PHASE_START,307
1779780120036523,MOTION_PHASE_START,0
1779780120036557,TO_MAX,511
1779780121037273,TO_MIN,102
1779780122037990,TO_MAX,511
1779780123038698,TO_MIN,102
1779780124039407,TO_MAX,511
1779780125040116,STILL_PHASE_START,307
1779780130040827,MOTION_PHASE_START,0
1779780130040854,TO_MAX,511
1779780131041554,TO_MIN,102
1779780132042283,TO_MAX,511
1779780133042997,TO_MIN,102
1779780134043716,TO_MAX,511
1779780135044436,STILL_PHASE_START,307
1779780140045156,MOTION_PHASE_START,0
1779780140045185,TO_MAX,511
1779780141045900,TO_MIN,102
1779780142046616,TO_MAX,511
1779780143047333,TO_MIN,102
1779780144048050,TO_MAX,511
1779780145048765,STILL_PHASE_START,307
1779780150049482,MOTION_PHASE_START,0
1779780150049505,TO_MAX,511
1779780151050204,TO_MIN,102
1779780152050907,TO_MAX,511
1779780153051612,TO_MIN,102
1779780154052314,TO_MAX,511
1779780155053022,STILL_PHASE_START,307
1779780160053730,MOTION_PHASE_START,0
1779780160053757,TO_MAX,511
1779780161054456,TO_MIN,102
1779780162055174,TO_MAX,511
1779780163055901,TO_MIN,102
1779780164056635,TO_MAX,511
1779780165057366,STILL_PHASE_START,307
1779780170058086,MOTION_PHASE_START,0
1779780170058114,TO_MAX,511
1779780171058809,TO_MIN,102
1779780172059527,TO_MAX,511
1779780173060241,TO_MIN,102
1779780174060964,TO_MAX,511
1779780175061693,STILL_PHASE_START,307
1779780180062410,MOTION_PHASE_START,0
1779780180062449,TO_MAX,511
1779780181063149,TO_MIN,102
1779780182063857,TO_MAX,511
1779780183064565,TO_MIN,102
1779780184065270,TO_MAX,511
1779780185065970,STILL_PHASE_START,307
1779780190066669,MOTION_PHASE_START,0
1779780190066737,TO_MAX,511
1779780191067435,TO_MIN,102
1779780192068157,TO_MAX,511
1779780193068877,TO_MIN,102
1779780194069589,TO_MAX,511
1779780195070303,STILL_PHASE_START,307
1779780200071017,MOTION_PHASE_START,0
1779780200071049,TO_MAX,511
1779780201071742,TO_MIN,102
1779780202072453,TO_MAX,511
1779780203073157,TO_MIN,102
1779780204073831,TO_MAX,511
1779780205074535,STILL_PHASE_START,307
1779780210075247,MOTION_PHASE_START,0
1779780210075279,TO_MAX,511
1779780211075973,TO_MIN,102
1779780212076687,TO_MAX,511
1779780213077397,TO_MIN,102
1779780214078107,TO_MAX,511
1779780215079362,STILL_PHASE_START,307
1779780220080084,MOTION_PHASE_START,0
1779780220080113,TO_MAX,511
1779780221080806,TO_MIN,102
1779780222081515,TO_MAX,511
1779780223082222,TO_MIN,102
1779780224082935,TO_MAX,511
1779780225083646,STILL_PHASE_START,307
1779780230084366,MOTION_PHASE_START,0
1779780230084397,TO_MAX,511
1779780231085106,TO_MIN,102
1779780232085829,TO_MAX,511
1779780233086538,TO_MIN,102
1779780234087246,TO_MAX,511
1779780235087955,STILL_PHASE_START,307
1779780240088673,MOTION_PHASE_START,0
1779780240088699,TO_MAX,511
1779780241089396,TO_MIN,102
1779780242090122,TO_MAX,511
1779780243090846,TO_MIN,102
1779780244091559,TO_MAX,511
1779780245092267,STILL_PHASE_START,307
1779780250092984,MOTION_PHASE_START,0
1779780250093009,TO_MAX,511
1779780251093705,TO_MIN,102
1779780252094421,TO_MAX,511
1779780253095137,TO_MIN,102
1779780254095856,TO_MAX,511
1779780255096573,STILL_PHASE_START,307
1779780260097297,MOTION_PHASE_START,0
1779780260097327,TO_MAX,511
1779780261098029,TO_MIN,102
1779780262098736,TO_MAX,511
1779780263099449,TO_MIN,102
1779780264100156,TO_MAX,511
1779780265100863,STILL_PHASE_START,307
1779780270101564,MOTION_PHASE_START,0
1779780270101596,TO_MAX,511
1779780271102285,TO_MIN,102
1779780272102993,TO_MAX,511
1779780273103716,TO_MIN,102
1779780274104425,TO_MAX,511
1779780275105129,STILL_PHASE_START,307
1779780280105837,MOTION_PHASE_START,0
1779780280105863,TO_MAX,511
1779780281106562,TO_MIN,102
1779780282107267,TO_MAX,511
1779780283107967,TO_MIN,102
1779780284108671,TO_MAX,511
1779780285109391,STILL_PHASE_START,307
1779780290110106,MOTION_PHASE_START,0
1779780290110133,TO_MAX,511
1779780291110828,TO_MIN,102
1779780292111536,TO_MAX,511
1779780293112233,TO_MIN,102
1779780294112939,TO_MAX,511
1779780295113645,STILL_PHASE_START,307
1779780300114355,MOTION_PHASE_START,0
1779780300114401,TO_MAX,511
1779780301115104,TO_MIN,102
1779780302115824,TO_MAX,511
1779780303116556,TO_MIN,102
1779780304117262,TO_MAX,511
1779780305117985,STILL_PHASE_START,307
1779780310118740,MOTION_PHASE_START,0
1779780310118771,TO_MAX,511
1779780311119483,TO_MIN,102
1779780312120203,TO_MAX,511
1779780313120909,TO_MIN,102
1779780314121623,TO_MAX,511
1779780315122328,STILL_PHASE_START,307
1779780320123041,MOTION_PHASE_START,0
1779780320123065,TO_MAX,511
1779780321123760,TO_MIN,102
1779780322124466,TO_MAX,511
1779780323125170,TO_MIN,102
1779780324125849,TO_MAX,511
1779780325126560,STILL_PHASE_START,307
1779780330127780,MOTION_PHASE_START,0
1779780330127810,TO_MAX,511
1779780331128506,TO_MIN,102
1779780332129220,TO_MAX,511
1779780333129941,TO_MIN,102
1779780334130651,TO_MAX,511
1779780335131369,STILL_PHASE_START,307
1779780340132093,MOTION_PHASE_START,0
1779780340132123,TO_MAX,511
1779780341132821,TO_MIN,102
1779780342133527,TO_MAX,511
1779780343134237,TO_MIN,102
1779780344134946,TO_MAX,511
1779780345135660,STILL_PHASE_START,307
1779780350136370,MOTION_PHASE_START,0
1779780350136396,TO_MAX,511
1779780351137089,TO_MIN,102
1779780352137794,TO_MAX,511
1779780353138514,TO_MIN,102
1779780354139557,TO_MAX,511
1779780355140278,STILL_PHASE_START,307
1779780360140997,MOTION_PHASE_START,0
1779780360141035,TO_MAX,511
1779780361141736,TO_MIN,102
1779780362142457,TO_MAX,511
1779780363143167,TO_MIN,102
1779780364143878,TO_MAX,511
1779780365144592,STILL_PHASE_START,307
1779780370145320,MOTION_PHASE_START,0
1779780370145352,TO_MAX,511
1779780371146064,TO_MIN,102
1779780372146776,TO_MAX,511
1779780373147487,TO_MIN,102
1779780374148196,TO_MAX,511
1779780375148902,STILL_PHASE_START,307
1779780380149620,MOTION_PHASE_START,0
1779780380149682,TO_MAX,511
1779780381150380,TO_MIN,102
1779780382151532,TO_MAX,511
1779780383152250,TO_MIN,102
1779780384152966,TO_MAX,511
1779780385153691,STILL_PHASE_START,307
1779780390154411,MOTION_PHASE_START,0
1779780390154440,TO_MAX,511
1779780391155133,TO_MIN,102
1779780392155837,TO_MAX,511
1779780393156550,TO_MIN,102
1779780394157263,TO_MAX,511
1779780395157972,STILL_PHASE_START,307
1779780400158682,MOTION_PHASE_START,0
1779780400158714,TO_MAX,511
1779780401159412,TO_MIN,102
1779780402160123,TO_MAX,511
1779780403160838,TO_MIN,102
1779780404161548,TO_MAX,511
1779780405162249,STILL_PHASE_START,307
1779780410162956,MOTION_PHASE_START,0
1779780410162982,TO_MAX,511
1779780411163682,TO_MIN,102
1779780412164392,TO_MAX,511
1779780413165108,TO_MIN,102
1779780414165829,TO_MAX,511
1779780415166546,STILL_PHASE_START,307
1779780420167272,MOTION_PHASE_START,0
1779780420167306,TO_MAX,511
1779780421168005,TO_MIN,102
1779780422168736,TO_MAX,511
1779780423169463,TO_MIN,102
1779780424170191,TO_MAX,511
1779780425170915,STILL_PHASE_START,307
1779780430171635,MOTION_PHASE_START,0
1779780430171665,TO_MAX,511
1779780431172362,TO_MIN,102
1779780432173083,TO_MAX,511
1779780433173800,TO_MIN,102
1779780434174525,TO_MAX,511
1779780435175243,STILL_PHASE_START,307
1779780440175968,MOTION_PHASE_START,0
1779780440176010,TO_MAX,511
1779780441176726,TO_MIN,102
1779780442177446,TO_MAX,511
1779780443178173,TO_MIN,102
1779780444178898,TO_MAX,511
1779780445179612,STILL_PHASE_START,307
1779780450180350,MOTION_PHASE_START,0
1779780450180389,TO_MAX,511
1779780451181098,TO_MIN,102
1779780452181815,TO_MAX,511
1779780453182545,TO_MIN,102
1779780454183259,TO_MAX,511
1779780455183977,STILL_PHASE_START,307
1779780460184719,MOTION_PHASE_START,0
1779780460184779,TO_MAX,511
1779780461185476,TO_MIN,102
1779780462186199,TO_MAX,511
1779780463186922,TO_MIN,102
1779780464187640,TO_MAX,511
1779780465188361,STILL_PHASE_START,307
1779780470189087,MOTION_PHASE_START,0
1779780470189123,TO_MAX,511
1779780471189834,TO_MIN,102
1779780472190556,TO_MAX,511
1779780473191279,TO_MIN,102
1779780474192007,TO_MAX,511
1779780475192739,STILL_PHASE_START,307
1779780480193467,MOTION_PHASE_START,0
1779780480193500,TO_MAX,511
1779780481194199,TO_MIN,102
1779780482194920,TO_MAX,511
1779780483195639,TO_MIN,102
1779780484196358,TO_MAX,511
1779780485197075,STILL_PHASE_START,307
1779780490197799,MOTION_PHASE_START,0
1779780490197836,TO_MAX,511
1779780491198537,TO_MIN,102
1779780492199257,TO_MAX,511
1779780493200046,TO_MIN,102
1779780494200762,TO_MAX,511
1779780495201478,STILL_PHASE_START,307
1779780500202201,MOTION_PHASE_START,0
1779780500202230,TO_MAX,511
1779780501202924,TO_MIN,102
1779780502203636,TO_MAX,511
1779780503204341,TO_MIN,102
1779780504205046,TO_MAX,511
1779780505205761,STILL_PHASE_START,307
1779780510206476,MOTION_PHASE_START,0
1779780510206502,TO_MAX,511
1779780511207190,TO_MIN,102
1779780512207902,TO_MAX,511
1779780513208605,TO_MIN,102
1779780514209306,TO_MAX,511
1779780515210011,STILL_PHASE_START,307
1779780520210718,MOTION_PHASE_START,0
1779780520210746,TO_MAX,511
1779780521211435,TO_MIN,102
1779780522212141,TO_MAX,511
1779780523213242,TO_MIN,102
1779780524213949,TO_MAX,511
1779780525214667,STILL_PHASE_START,307
1779780530216219,MOTION_PHASE_START,0
1779780530216249,TO_MAX,511
1779780531216950,TO_MIN,102
1779780532217664,TO_MAX,511
1779780533218381,TO_MIN,102
1779780534219091,TO_MAX,511
1779780535219798,STILL_PHASE_START,307
1779780540220500,MOTION_PHASE_START,0
1779780540220529,TO_MAX,511
1779780541221228,TO_MIN,102
1779780542221962,TO_MAX,511
1779780543222666,TO_MIN,102
1779780544223375,TO_MAX,511
1779780545224079,STILL_PHASE_START,307
1779780550224787,MOTION_PHASE_START,0
1779780550224813,TO_MAX,511
1779780551225957,TO_MIN,102
1779780552226682,TO_MAX,511
1779780553227402,TO_MIN,102
1779780554228115,TO_MAX,511
1779780555228833,STILL_PHASE_START,307
1779780560229561,MOTION_PHASE_START,0
1779780560229585,TO_MAX,511
1779780561230267,TO_MIN,102
1779780562230981,TO_MAX,511
1779780563231692,TO_MIN,102
1779780564232398,TO_MAX,511
1779780565233099,STILL_PHASE_START,307
1779780570233834,MOTION_PHASE_START,0
1779780570233859,TO_MAX,511
1779780571234546,TO_MIN,102
1779780572235244,TO_MAX,511
1779780573235950,TO_MIN,102
1779780574236652,TO_MAX,511
1779780575237353,STILL_PHASE_START,307
1779780580238055,MOTION_PHASE_START,0
1779780580238082,TO_MAX,511
1779780581238777,TO_MIN,102
1779780582239484,TO_MAX,511
1779780583240189,TO_MIN,102
1779780584240894,TO_MAX,511
1779780585241608,STILL_PHASE_START,307
1779780590242313,MOTION_PHASE_START,0
1779780590242351,TO_MAX,511
1779780591243045,TO_MIN,102
1779780592243748,TO_MAX,511
1779780593244448,TO_MIN,102
1779780594245147,TO_MAX,511
1779780595245835,STILL_PHASE_START,307
1779780600246548,MOTION_PHASE_START,0
1779780600246573,TO_MAX,511
1779780601247263,TO_MIN,102
1779780602247977,TO_MAX,511
1779780603248684,TO_MIN,102
1779780604249393,TO_MAX,511
1779780605250102,STILL_PHASE_START,307
1779780610250812,MOTION_PHASE_START,0
1779780610250838,TO_MAX,511
1779780611251533,TO_MIN,102
1779780612252261,TO_MAX,511
1779780613252984,TO_MIN,102
1779780614253697,TO_MAX,511
1779780615254412,STILL_PHASE_START,307
1779780620255128,MOTION_PHASE_START,0
1779780620255151,TO_MAX,511
1779780621255839,TO_MIN,102
1779780622256555,TO_MAX,511
1779780623257265,TO_MIN,102
1779780624257972,TO_MAX,511
1779780625258678,STILL_PHASE_START,307
1779780630259387,MOTION_PHASE_START,0
1779780630259412,TO_MAX,511
1779780631260110,TO_MIN,102
1779780632260826,TO_MAX,511
1779780633261534,TO_MIN,102
1779780634262245,TO_MAX,511
1779780635262957,STILL_PHASE_START,307
1779780640263672,MOTION_PHASE_START,0
1779780640263703,TO_MAX,511
1779780641264397,TO_MIN,102
1779780642265118,TO_MAX,511
1779780643265827,TO_MIN,102
1779780644266552,TO_MAX,511
1779780645267265,STILL_PHASE_START,307
1779780650267993,MOTION_PHASE_START,0
1779780650268022,TO_MAX,511
1779780651268727,TO_MIN,102
1779780652269438,TO_MAX,511
1779780653270159,TO_MIN,102
1779780654270877,TO_MAX,511
1779780655271585,STILL_PHASE_START,307
1779780660272304,MOTION_PHASE_START,0
1779780660272327,TO_MAX,511
1779780661273020,TO_MIN,102
1779780662273721,TO_MAX,511
1779780663274417,TO_MIN,102
1779780664275127,TO_MAX,511
1779780665275840,STILL_PHASE_START,307
1779780670276560,MOTION_PHASE_START,0
1779780670276585,TO_MAX,511
1779780671277287,TO_MIN,102
1779780672278006,TO_MAX,511
1779780673278723,TO_MIN,102
1779780674279438,TO_MAX,511
1779780675280154,STILL_PHASE_START,307
1779780680280871,MOTION_PHASE_START,0
1779780680280892,TO_MAX,511
1779780681281586,TO_MIN,102
1779780682282289,TO_MAX,511
1779780683282994,TO_MIN,102
1779780684283700,TO_MAX,511
1779780685284406,STILL_PHASE_START,307
1779780690285114,MOTION_PHASE_START,0
1779780690285144,TO_MAX,511
1779780691285846,TO_MIN,102
1779780692286577,TO_MAX,511
1779780693287300,TO_MIN,102
1779780694288016,TO_MAX,511
1779780695288736,STILL_PHASE_START,307
1779780700289454,MOTION_PHASE_START,0
1779780700289477,TO_MAX,511
1779780701290167,TO_MIN,102
1779780702290881,TO_MAX,511
1779780703291590,TO_MIN,102
1779780704292301,TO_MAX,511
1779780705293017,STILL_PHASE_START,307
1779780710293730,MOTION_PHASE_START,0
1779780710293756,TO_MAX,511
1779780711294443,TO_MIN,102
1779780712295147,TO_MAX,511
1779780713295849,TO_MIN,102
1779780714296548,TO_MAX,511
1779780715297254,STILL_PHASE_START,307
1779780720297961,MOTION_PHASE_START,0
1779780720297997,TO_MAX,511
1779780721298695,TO_MIN,102
1779780722299410,TO_MAX,511
1779780723300123,TO_MIN,102
1779780724300840,TO_MAX,511
1779780725301546,STILL_PHASE_START,307
1779780730302259,MOTION_PHASE_START,0
1779780730302287,TO_MAX,511
1779780731302991,TO_MIN,102
1779780732303699,TO_MAX,511
1779780733304413,TO_MIN,102
1779780734305131,TO_MAX,511
1779780735305853,STILL_PHASE_START,307
1779780740306570,MOTION_PHASE_START,0
1779780740306603,TO_MAX,511
1779780741307304,TO_MIN,102
1779780742308011,TO_MAX,511
1779780743308714,TO_MIN,102
1779780744309412,TO_MAX,511
1779780745310119,STILL_PHASE_START,307
1779780750310853,MOTION_PHASE_START,0
1779780750310917,TO_MAX,511
1779780751311611,TO_MIN,102
1779780752312325,TO_MAX,511
1779780753313032,TO_MIN,102
1779780754313736,TO_MAX,511
1779780755314468,STILL_PHASE_START,307
1779780760315187,MOTION_PHASE_START,0
1779780760315214,TO_MAX,511
1779780761315905,TO_MIN,102
1779780762316614,TO_MAX,511
1779780763317321,TO_MIN,102
1779780764318024,TO_MAX,511
1779780765318742,STILL_PHASE_START,307
1779780770319454,MOTION_PHASE_START,0
1779780770319477,TO_MAX,511
1779780771320168,TO_MIN,102
1779780772320876,TO_MAX,511
1779780773321596,TO_MIN,102
1779780774322316,TO_MAX,511
1779780775323041,STILL_PHASE_START,307
1779780780323758,MOTION_PHASE_START,0
1779780780323804,TO_MAX,511
1779780781324509,TO_MIN,102
1779780782325232,TO_MAX,511
1779780783325947,TO_MIN,102
1779780784326667,TO_MAX,511
1779780785327386,STILL_PHASE_START,307
1779780790328112,MOTION_PHASE_START,0
1779780790328138,TO_MAX,511
1779780791328839,TO_MIN,102
1779780792329558,TO_MAX,511
1779780793330268,TO_MIN,102
1779780794330987,TO_MAX,511
1779780795331696,STILL_PHASE_START,307
1779780800332413,MOTION_PHASE_START,0
1779780800332441,TO_MAX,511
1779780801333141,TO_MIN,102
1779780802333837,TO_MAX,511
1779780803334551,TO_MIN,102
1779780804335287,TO_MAX,511
1779780805336005,STILL_PHASE_START,307
1779780810336718,MOTION_PHASE_START,0
1779780810336743,TO_MAX,511
1779780811337444,TO_MIN,102
1779780812338157,TO_MAX,511
1779780813338862,TO_MIN,102
1779780814339566,TO_MAX,511
1779780815340271,STILL_PHASE_START,307
1779780820340988,MOTION_PHASE_START,0
1779780820341012,TO_MAX,511
1779780821341706,TO_MIN,102
1779780822342421,TO_MAX,511
1779780823343126,TO_MIN,102
1779780824343839,TO_MAX,511
1779780825344548,STILL_PHASE_START,307
1779780830345260,MOTION_PHASE_START,0
1779780830345290,TO_MAX,511
1779780831346002,TO_MIN,102
1779780832346715,TO_MAX,511
1779780833347430,TO_MIN,102
1779780834348150,TO_MAX,511
1779780835348865,STILL_PHASE_START,307
1779780840349586,MOTION_PHASE_START,0
1779780840349615,TO_MAX,511
1779780841350317,TO_MIN,102
1779780842351022,TO_MAX,511
1779780843351736,TO_MIN,102
1779780844352446,TO_MAX,511
1779780845353149,STILL_PHASE_START,307
1779780850353863,MOTION_PHASE_START,0
1779780850353891,TO_MAX,511
1779780851354590,TO_MIN,102
1779780852355298,TO_MAX,511
1779780853356005,TO_MIN,102
1779780854356717,TO_MAX,511
1779780855357429,STILL_PHASE_START,307
1779780860358133,MOTION_PHASE_START,0
1779780860358166,TO_MAX,511
1779780861358867,TO_MIN,102
1779780862359587,TO_MAX,511
1779780863360305,TO_MIN,102
1779780864361021,TO_MAX,511
1779780865361731,STILL_PHASE_START,307
1779780870362452,MOTION_PHASE_START,0
1779780870362480,TO_MAX,511
1779780871363179,TO_MIN,102
1779780872363893,TO_MAX,511
1779780873364609,TO_MIN,102
1779780874365324,TO_MAX,511
1779780875366039,STILL_PHASE_START,307
1779780880366757,MOTION_PHASE_START,0
1779780880366781,TO_MAX,511
1779780881367474,TO_MIN,102
1779780882368176,TO_MAX,511
1779780883368883,TO_MIN,102
1779780884369585,TO_MAX,511
1779780885370299,STILL_PHASE_START,307
1779780890371020,MOTION_PHASE_START,0
1779780890371054,TO_MAX,511
1779780891371763,TO_MIN,102
1779780892372466,TO_MAX,511
1779780893373191,TO_MIN,102
1779780894373919,TO_MAX,511
1779780895374624,STILL_PHASE_START,307
1779780900375349,MOTION_PHASE_START,0
1779780900375372,TO_MAX,511
1779780901376062,TO_MIN,102
1779780902376790,TO_MAX,511
1779780903377506,TO_MIN,102
1779780904378223,TO_MAX,511
1779780905378934,STILL_PHASE_START,307
1779780910379647,MOTION_PHASE_START,0
1779780910379673,TO_MAX,511
1779780911380367,TO_MIN,102
1779780912381076,TO_MAX,511
1779780913381790,TO_MIN,102
1779780914382514,TO_MAX,511
1779780915383233,STILL_PHASE_START,307
1779780920383955,MOTION_PHASE_START,0
1779780920383985,TO_MAX,511
1779780921384689,TO_MIN,102
1779780922385401,TO_MAX,511
1779780923386118,TO_MIN,102
1779780924386831,TO_MAX,511
1779780925387531,STILL_PHASE_START,307
1779780930388235,MOTION_PHASE_START,0
1779780930388261,TO_MAX,511
1779780931388948,TO_MIN,102
1779780932389651,TO_MAX,511
1779780933390353,TO_MIN,102
1779780934391050,TO_MAX,511
1779780935391754,STILL_PHASE_START,307
1779780940392460,MOTION_PHASE_START,0
1779780940392486,TO_MAX,511
1779780941393173,TO_MIN,102
1779780942393894,TO_MAX,511
1779780943394604,TO_MIN,102
1779780944395339,TO_MAX,511
1779780945396055,STILL_PHASE_START,307
1779780950396774,MOTION_PHASE_START,0
1779780950396806,TO_MAX,511
1779780951397512,TO_MIN,102
1779780952398226,TO_MAX,511
1779780953398939,TO_MIN,102
1779780954399646,TO_MAX,511
1779780955400349,STILL_PHASE_START,307
1779780960401065,MOTION_PHASE_START,0
1779780960401091,TO_MAX,511
1779780961401788,TO_MIN,102
1779780962402505,TO_MAX,511
1779780963403205,TO_MIN,102
1779780964403894,TO_MAX,511
1779780965404587,STILL_PHASE_START,307
1779780970405312,MOTION_PHASE_START,0
1779780970405356,TO_MAX,511
1779780971406085,TO_MIN,102
1779780972406804,TO_MAX,511
1779780973407516,TO_MIN,102
1779780974408231,TO_MAX,511
1779780975408941,STILL_PHASE_START,307
1779780980409660,MOTION_PHASE_START,0
1779780980409686,TO_MAX,511
1779780981410376,TO_MIN,102
1779780982411089,TO_MAX,511
1779780983411804,TO_MIN,102
1779780984412509,TO_MAX,511
1779780985413218,STILL_PHASE_START,307
1779780990413929,MOTION_PHASE_START,0
1779780990413955,TO_MAX,511
1779780991414647,TO_MIN,102
1779780992415356,TO_MAX,511
1779780993416073,TO_MIN,102
1779780994416793,TO_MAX,511
1779780995417498,STILL_PHASE_START,307
1779781000418210,MOTION_PHASE_START,0
1779781000418240,TO_MAX,511
1779781001418946,TO_MIN,102
1779781002419678,TO_MAX,511
1779781003420402,TO_MIN,102
1779781004421121,TO_MAX,511
1779781005421832,STILL_PHASE_START,307
1779781010422561,MOTION_PHASE_START,0
1779781010422595,TO_MAX,511
1779781011423297,TO_MIN,102
1779781012424011,TO_MAX,511
1779781013424723,TO_MIN,102
1779781014425449,TO_MAX,511
1779781015426165,STILL_PHASE_START,307
1779781020426894,MOTION_PHASE_START,0
1779781020426929,TO_MAX,511
1779781021427631,TO_MIN,102
1779781022428345,TO_MAX,511
1779781023429060,TO_MIN,102
1779781024429778,TO_MAX,511
1779781025430496,STILL_PHASE_START,307
1779781030431228,MOTION_PHASE_START,0
1779781030431272,TO_MAX,511
1779781031431989,TO_MIN,102
1779781032432719,TO_MAX,511
1779781033433452,TO_MIN,102
1779781034434173,TO_MAX,511
1779781035434890,STILL_PHASE_START,307
1779781040435617,MOTION_PHASE_START,0
1779781040435644,TO_MAX,511
1779781041436344,TO_MIN,102
1779781042437061,TO_MAX,511
1779781043437790,TO_MIN,102
1779781044438529,TO_MAX,511
1779781045439247,STILL_PHASE_START,307
1779781050439968,MOTION_PHASE_START,0
1779781050440000,TO_MAX,511
1779781051440699,TO_MIN,102
1779781052441422,TO_MAX,511
1779781053442140,TO_MIN,102
1779781054442865,TO_MAX,511
1779781055443589,STILL_PHASE_START,307
1779781060444301,MOTION_PHASE_START,0
1779781060444330,TO_MAX,511
1779781061445026,TO_MIN,102
1779781062445744,TO_MAX,511
1779781063446464,TO_MIN,102
1779781064447189,TO_MAX,511
1779781065447911,STILL_PHASE_START,307
1779781070448637,MOTION_PHASE_START,0
1779781070448670,TO_MAX,511
1779781071449371,TO_MIN,102
1779781072450088,TO_MAX,511
1779781073450815,TO_MIN,102
1779781074451536,TO_MAX,511
1779781075452258,STILL_PHASE_START,307
1779781080452982,MOTION_PHASE_START,0
1779781080453021,TO_MAX,511
1779781081453728,TO_MIN,102
1779781082454448,TO_MAX,511
1779781083455173,TO_MIN,102
1779781084455889,TO_MAX,511
1779781085456619,STILL_PHASE_START,307
1779781090457362,MOTION_PHASE_START,0
1779781090457395,TO_MAX,511
1779781091458103,TO_MIN,102
1779781092458829,TO_MAX,511
1779781093459548,TO_MIN,102
1779781094460274,TO_MAX,511
1779781095460997,STILL_PHASE_START,307
1779781100461720,MOTION_PHASE_START,0
1779781100461754,TO_MAX,511
1779781101462459,TO_MIN,102
1779781102463184,TO_MAX,511
1779781103463907,TO_MIN,102
1779781104464624,TO_MAX,511
1779781105465338,STILL_PHASE_START,307
1779781110466055,MOTION_PHASE_START,0
1779781110466088,TO_MAX,511
1779781111466794,TO_MIN,102
1779781112467511,TO_MAX,511
1779781113468276,TO_MIN,102
1779781114469016,TO_MAX,511
1779781115469749,STILL_PHASE_START,307
1779781120470478,MOTION_PHASE_START,0
1779781120470509,TO_MAX,511
1779781121471212,TO_MIN,102
1779781122471942,TO_MAX,511
1779781123472665,TO_MIN,102
1779781124473385,TO_MAX,511
1779781125474109,STILL_PHASE_START,307
1779781130474837,MOTION_PHASE_START,0
1779781130474871,TO_MAX,511
1779781131475581,TO_MIN,102
1779781132476310,TO_MAX,511
1779781133477067,TO_MIN,102
1779781134477788,TO_MAX,511
1779781135478515,STILL_PHASE_START,307
1779781140479243,MOTION_PHASE_START,0
1779781140479279,TO_MAX,511
1779781141479985,TO_MIN,102
1779781142480704,TO_MAX,511
1779781143481426,TO_MIN,102
1779781144482145,TO_MAX,511
1779781145482870,STILL_PHASE_START,307
1779781150483597,MOTION_PHASE_START,0
1779781150483645,TO_MAX,511
1779781151484361,TO_MIN,102
1779781152485072,TO_MAX,511
1779781153485840,TO_MIN,102
1779781154486592,TO_MAX,511
1779781155487309,STILL_PHASE_START,307
1779781160488027,MOTION_PHASE_START,0
1779781160488061,TO_MAX,511
1779781161488750,TO_MIN,102
1779781162489452,TO_MAX,511
1779781163490151,TO_MIN,102
1779781164490851,TO_MAX,511
1779781165491553,STILL_PHASE_START,307
1779781170492271,MOTION_PHASE_START,0
1779781170492300,TO_MAX,511
1779781171493006,TO_MIN,102
1779781172493723,TO_MAX,511
1779781173494451,TO_MIN,102
1779781174495169,TO_MAX,511
1779781175495884,STILL_PHASE_START,307
1779781180496600,MOTION_PHASE_START,0
1779781180496627,TO_MAX,511
1779781181497321,TO_MIN,102
1779781182498025,TO_MAX,511
1779781183498734,TO_MIN,102
1779781184499443,TO_MAX,511
1779781185500154,STILL_PHASE_START,307
1779781190500862,MOTION_PHASE_START,0
1779781190500888,TO_MAX,511
1779781191501580,TO_MIN,102
1779781192502296,TO_MAX,511
1779781193503007,TO_MIN,102
1779781194503727,TO_MAX,511
1779781195504437,STILL_PHASE_START,307
1779781200505156,MOTION_PHASE_START,0
1779781200505191,TO_MAX,511
1779781201505902,TO_MIN,102
1779781202506621,TO_MAX,511
1779781203507341,TO_MIN,102
1779781204508054,TO_MAX,511
1779781205508768,STILL_PHASE_START,307
1779781210509491,MOTION_PHASE_START,0
1779781210509527,TO_MAX,511
1779781211510234,TO_MIN,102
1779781212510952,TO_MAX,511
1779781213511654,TO_MIN,102
1779781214512362,TO_MAX,511
1779781215513074,STILL_PHASE_START,307
1779781220513791,MOTION_PHASE_START,0
1779781220513842,TO_MAX,511
1779781221514554,TO_MIN,102
1779781222515270,TO_MAX,511
1779781223515992,TO_MIN,102
1779781224516714,TO_MAX,511
1779781225517433,STILL_PHASE_START,307
1779781230518159,MOTION_PHASE_START,0
1779781230518189,TO_MAX,511
1779781231518887,TO_MIN,102
1779781232519605,TO_MAX,511
1779781233520327,TO_MIN,102
1779781234521037,TO_MAX,511
1779781235521747,STILL_PHASE_START,307
1779781240522466,MOTION_PHASE_START,0
1779781240522498,TO_MAX,511
1779781241523193,TO_MIN,102
1779781242523910,TO_MAX,511
1779781243524617,TO_MIN,102
1779781244525330,TO_MAX,511
1779781245526037,STILL_PHASE_START,307
1779781250526745,MOTION_PHASE_START,0
1779781250526775,TO_MAX,511
1779781251527476,TO_MIN,102
1779781252528196,TO_MAX,511
1779781253528920,TO_MIN,102
1779781254529645,TO_MAX,511
1779781255530361,STILL_PHASE_START,307
1779781260531076,MOTION_PHASE_START,0
1779781260531112,TO_MAX,511
1779781261531811,TO_MIN,102
1779781262532535,TO_MAX,511
1779781263533252,TO_MIN,102
1779781264533976,TO_MAX,511
1779781265534684,STILL_PHASE_START,307
1779781270535397,MOTION_PHASE_START,0
1779781270535433,TO_MAX,511
1779781271536134,TO_MIN,102
1779781272536845,TO_MAX,511
1779781273537548,TO_MIN,102
1779781274538249,TO_MAX,511
1779781275555113,STILL_PHASE_START,307
1779781280555822,MOTION_PHASE_START,0
1779781280555851,TO_MAX,511
1779781281556547,TO_MIN,102
1779781282557259,TO_MAX,511
1779781283557970,TO_MIN,102
1779781284558685,TO_MAX,511
1779781285559395,STILL_PHASE_START,307
1779781290560115,MOTION_PHASE_START,0
1779781290560152,TO_MAX,511
1779781291560858,TO_MIN,102
1779781292561579,TO_MAX,511
1779781293562295,TO_MIN,102
1779781294563012,TO_MAX,511
1779781295563722,STILL_PHASE_START,307
1779781300564441,MOTION_PHASE_START,0
1779781300564464,TO_MAX,511
1779781301565160,TO_MIN,102
1779781302565831,TO_MAX,511
1779781303566535,TO_MIN,102
1779781304567240,TO_MAX,511
1779781305568456,STILL_PHASE_START,307
1779781310569176,MOTION_PHASE_START,0
1779781310569208,TO_MAX,511
1779781311569918,TO_MIN,102
1779781312570635,TO_MAX,511
1779781313571353,TO_MIN,102
1779781314572075,TO_MAX,511
1779781315572789,STILL_PHASE_START,307
1779781320573506,MOTION_PHASE_START,0
1779781320573536,TO_MAX,511
1779781321574232,TO_MIN,102
1779781322574978,TO_MAX,511
1779781323575694,TO_MIN,102
1779781324576415,TO_MAX,511
1779781325577135,STILL_PHASE_START,307
1779781330577845,MOTION_PHASE_START,0
1779781330577869,TO_MAX,511
1779781331578564,TO_MIN,102
1779781332579271,TO_MAX,511
1779781333579991,TO_MIN,102
1779781334580712,TO_MAX,511
1779781335581440,STILL_PHASE_START,307
1779781340582158,MOTION_PHASE_START,0
1779781340582191,TO_MAX,511
1779781341582893,TO_MIN,102
1779781342583606,TO_MAX,511
1779781343584329,TO_MIN,102
1779781344585049,TO_MAX,511
1779781345585762,STILL_PHASE_START,307
1779781350586481,MOTION_PHASE_START,0
1779781350586536,TO_MAX,511
1779781351587236,TO_MIN,102
1779781352587955,TO_MAX,511
1779781353588664,TO_MIN,102
1779781354589370,TO_MAX,511
1779781355590080,STILL_PHASE_START,307
1779781360590800,MOTION_PHASE_START,0
1779781360590820,TO_MAX,511
1779781361591514,TO_MIN,102
1779781362592233,TO_MAX,511
1779781363592944,TO_MIN,102
1779781364593655,TO_MAX,511
1779781365594370,STILL_PHASE_START,307
1779781370595086,MOTION_PHASE_START,0
1779781370595116,TO_MAX,511
1779781371595815,TO_MIN,102
1779781372596529,TO_MAX,511
1779781373597248,TO_MIN,102
1779781374597966,TO_MAX,511
1779781375598682,STILL_PHASE_START,307
1779781380599396,MOTION_PHASE_START,0
1779781380599423,TO_MAX,511
1779781381600117,TO_MIN,102
1779781382600835,TO_MAX,511
1779781383601549,TO_MIN,102
1779781384602264,TO_MAX,511
1779781385602977,STILL_PHASE_START,307
1779781390603696,MOTION_PHASE_START,0
1779781390603731,TO_MAX,511
1779781391604442,TO_MIN,102
1779781392605170,TO_MAX,511
1779781393605898,TO_MIN,102
1779781394606620,TO_MAX,511
1779781395607332,STILL_PHASE_START,307
1779781400608042,MOTION_PHASE_START,0
1779781400608069,TO_MAX,511
1779781401608765,TO_MIN,102
1779781402609468,TO_MAX,511
1779781403610172,TO_MIN,102
1779781404610883,TO_MAX,511
1779781405611585,STILL_PHASE_START,307
1779781410612300,MOTION_PHASE_START,0
1779781410612326,TO_MAX,511
1779781411613020,TO_MIN,102
1779781412613732,TO_MAX,511
1779781413614446,TO_MIN,102
1779781414615156,TO_MAX,511
1779781415615863,STILL_PHASE_START,307
1779781420616575,MOTION_PHASE_START,0
1779781420616604,TO_MAX,511
1779781421617301,TO_MIN,102
1779781422618023,TO_MAX,511
1779781423618750,TO_MIN,102
1779781424619465,TO_MAX,511
1779781425620185,STILL_PHASE_START,307
1779781430620915,MOTION_PHASE_START,0
1779781430620951,TO_MAX,511
1779781431621668,TO_MIN,102
1779781432622385,TO_MAX,511
1779781433623097,TO_MIN,102
1779781434623812,TO_MAX,511
1779781435624526,STILL_PHASE_START,307
1779781440625257,END,307
