# servo_sweep log
# mode=burst duration=300 min_ticks=102 max_ticks=511 center_ticks=307
# motion_ms=5000 still_ms=5000 burst_period_ms=1000
# timestamp = CLOCK_REALTIME microseconds at host i2c_write call
# actual PWM wire edge appears ~100us after timestamp
# columns: timestamp_us,event,ticks
1779847921325433,START,307
1779847921526200,MOTION_PHASE_START,0
1779847921526253,TO_MAX,511
1779847922526968,TO_MIN,102
1779847923527905,TO_MAX,511
1779847924528821,TO_MIN,102
1779847925529605,TO_MAX,511
1779847926530334,STILL_PHASE_START,307
1779847931531066,MOTION_PHASE_START,0
1779847931531103,TO_MAX,511
1779847932531807,TO_MIN,102
1779847933532548,TO_MAX,511
1779847934533265,TO_MIN,102
1779847935533987,TO_MAX,511
1779847936534711,STILL_PHASE_START,307
1779847941535435,MOTION_PHASE_START,0
1779847941535465,TO_MAX,511
1779847942536158,TO_MIN,102
1779847943536859,TO_MAX,511
1779847944537558,TO_MIN,102
1779847945538277,TO_MAX,511
1779847946539000,STILL_PHASE_START,307
1779847951539727,MOTION_PHASE_START,0
1779847951539825,TO_MAX,511
1779847952540519,TO_MIN,102
1779847953541237,TO_MAX,511
1779847954541952,TO_MIN,102
1779847955542667,TO_MAX,511
1779847956543381,STILL_PHASE_START,307
1779847961544112,MOTION_PHASE_START,0
1779847961544153,TO_MAX,511
1779847962544854,TO_MIN,102
1779847963545575,TO_MAX,511
1779847964546299,TO_MIN,102
1779847965547016,TO_MAX,511
1779847966547731,STILL_PHASE_START,307
1779847971548449,MOTION_PHASE_START,0
1779847971548488,TO_MAX,511
1779847972549182,TO_MIN,102
1779847973549897,TO_MAX,511
1779847974550612,TO_MIN,102
1779847975551327,TO_MAX,511
1779847976552044,STILL_PHASE_START,307
1779847981552759,MOTION_PHASE_START,0
1779847981552799,TO_MAX,511
1779847982553497,TO_MIN,102
1779847983554219,TO_MAX,511
1779847984554949,TO_MIN,102
1779847985555668,TO_MAX,511
1779847986556348,STILL_PHASE_START,307
1779847991557074,MOTION_PHASE_START,0
1779847991557115,TO_MAX,511
1779847992557818,TO_MIN,102
1779847993558538,TO_MAX,511
1779847994559255,TO_MIN,102
1779847995559976,TO_MAX,511
1779847996560693,STILL_PHASE_START,307
1779848001561414,MOTION_PHASE_START,0
1779848001561453,TO_MAX,511
1779848002562154,TO_MIN,102
1779848003562884,TO_MAX,511
1779848004563602,TO_MIN,102
1779848005564327,TO_MAX,511
1779848006565060,STILL_PHASE_START,307
1779848011565785,MOTION_PHASE_START,0
1779848011565825,TO_MAX,511
1779848012566529,TO_MIN,102
1779848013567248,TO_MAX,511
1779848014567963,TO_MIN,102
1779848015568675,TO_MAX,511
1779848016569392,STILL_PHASE_START,307
1779848021570108,MOTION_PHASE_START,0
1779848021570176,TO_MAX,511
1779848022570868,TO_MIN,102
1779848023571574,TO_MAX,511
1779848024572285,TO_MIN,102
1779848025573008,TO_MAX,511
1779848026573730,STILL_PHASE_START,307
1779848031574449,MOTION_PHASE_START,0
1779848031574491,TO_MAX,511
1779848032575189,TO_MIN,102
1779848033575913,TO_MAX,511
1779848034576626,TO_MIN,102
1779848035577339,TO_MAX,511
1779848036578048,STILL_PHASE_START,307
1779848041578777,MOTION_PHASE_START,0
1779848041578821,TO_MAX,511
1779848042579526,TO_MIN,102
1779848043580253,TO_MAX,511
1779848044580976,TO_MIN,102
1779848045581701,TO_MAX,511
1779848046582422,STILL_PHASE_START,307
1779848051583162,MOTION_PHASE_START,0
1779848051583204,TO_MAX,511
1779848052583907,TO_MIN,102
1779848053584647,TO_MAX,511
1779848054585392,TO_MIN,102
1779848055586120,TO_MAX,511
1779848056586845,STILL_PHASE_START,307
1779848061587574,MOTION_PHASE_START,0
1779848061587612,TO_MAX,511
1779848062588301,TO_MIN,102
1779848063589028,TO_MAX,511
1779848064589742,TO_MIN,102
1779848065590455,TO_MAX,511
1779848066591172,STILL_PHASE_START,307
1779848071591886,MOTION_PHASE_START,0
1779848071591919,TO_MAX,511
1779848072592607,TO_MIN,102
1779848073593313,TO_MAX,511
1779848074594015,TO_MIN,102
1779848075594720,TO_MAX,511
1779848076595425,STILL_PHASE_START,307
1779848081596138,MOTION_PHASE_START,0
1779848081596183,TO_MAX,511
1779848082596880,TO_MIN,102
1779848083597600,TO_MAX,511
1779848084598322,TO_MIN,102
1779848085599037,TO_MAX,511
1779848086599964,STILL_PHASE_START,307
1779848091600681,MOTION_PHASE_START,0
1779848091600723,TO_MAX,511
1779848092601420,TO_MIN,102
1779848093602175,TO_MAX,511
1779848094602893,TO_MIN,102
1779848095603615,TO_MAX,511
1779848096604346,STILL_PHASE_START,307
1779848101605063,MOTION_PHASE_START,0
1779848101605098,TO_MAX,511
1779848102605803,TO_MIN,102
1779848103606520,TO_MAX,511
1779848104607236,TO_MIN,102
1779848105607957,TO_MAX,511
1779848106608902,STILL_PHASE_START,307
1779848111610031,MOTION_PHASE_START,0
1779848111610076,TO_MAX,511
1779848112610773,TO_MIN,102
1779848113611500,TO_MAX,511
1779848114612228,TO_MIN,102
1779848115612955,TO_MAX,511
1779848116613681,STILL_PHASE_START,307
1779848121614424,MOTION_PHASE_START,0
1779848121614470,TO_MAX,511
1779848122615172,TO_MIN,102
1779848123615901,TO_MAX,511
1779848124616617,TO_MIN,102
1779848125617322,TO_MAX,511
1779848126618025,STILL_PHASE_START,307
1779848131618735,MOTION_PHASE_START,0
1779848131618782,TO_MAX,511
1779848132619476,TO_MIN,102
1779848133620193,TO_MAX,511
1779848134620912,TO_MIN,102
1779848135621624,TO_MAX,511
1779848136622343,STILL_PHASE_START,307
1779848141623057,MOTION_PHASE_START,0
1779848141623094,TO_MAX,511
1779848142623783,TO_MIN,102
1779848143624497,TO_MAX,511
1779848144625207,TO_MIN,102
1779848145625912,TO_MAX,511
1779848146626618,STILL_PHASE_START,307
1779848151627335,MOTION_PHASE_START,0
1779848151627379,TO_MAX,511
1779848152628072,TO_MIN,102
1779848153628777,TO_MAX,511
1779848154629474,TO_MIN,102
1779848155630179,TO_MAX,511
1779848156630890,STILL_PHASE_START,307
1779848161631604,MOTION_PHASE_START,0
1779848161631657,TO_MAX,511
1779848162632353,TO_MIN,102
1779848163633098,TO_MAX,511
1779848164633824,TO_MIN,102
1779848165634543,TO_MAX,511
1779848166635270,STILL_PHASE_START,307
1779848171636001,MOTION_PHASE_START,0
1779848171636044,TO_MAX,511
1779848172636734,TO_MIN,102
1779848173637460,TO_MAX,511
1779848174638200,TO_MIN,102
1779848175638921,TO_MAX,511
1779848176639655,STILL_PHASE_START,307
1779848181640386,MOTION_PHASE_START,0
1779848181640422,TO_MAX,511
1779848182641114,TO_MIN,102
1779848183641825,TO_MAX,511
1779848184642528,TO_MIN,102
1779848185643241,TO_MAX,511
1779848186643950,STILL_PHASE_START,307
1779848191644682,MOTION_PHASE_START,0
1779848191644752,TO_MAX,511
1779848192645443,TO_MIN,102
1779848193646162,TO_MAX,511
1779848194646879,TO_MIN,102
1779848195647597,TO_MAX,511
1779848196648310,STILL_PHASE_START,307
1779848201649049,MOTION_PHASE_START,0
1779848201649092,TO_MAX,511
1779848202649800,TO_MIN,102
1779848203650512,TO_MAX,511
1779848204651231,TO_MIN,102
1779848205651940,TO_MAX,511
1779848206652653,STILL_PHASE_START,307
1779848211653376,MOTION_PHASE_START,0
1779848211653415,TO_MAX,511
1779848212654109,TO_MIN,102
1779848213654835,TO_MAX,511
1779848214655565,TO_MIN,102
1779848215656275,TO_MAX,511
1779848216657007,STILL_PHASE_START,307
1779848221657730,END,307
