# servo_sweep log
# mode=burst duration=300 min_ticks=102 max_ticks=511 center_ticks=307
# motion_ms=5000 still_ms=5000 burst_period_ms=1000
# timestamp = CLOCK_REALTIME microseconds at host i2c_write call
# actual PWM wire edge appears ~100us after timestamp
# columns: timestamp_us,event,ticks
1779845065581773,START,307
1779845065782544,MOTION_PHASE_START,0
1779845065782587,TO_MAX,511
1779845066783282,TO_MIN,102
1779845067784003,TO_MAX,511
1779845068784715,TO_MIN,102
1779845069785438,TO_MAX,511
1779845070786183,STILL_PHASE_START,307
1779845075786916,MOTION_PHASE_START,0
1779845075786954,TO_MAX,511
1779845076787646,TO_MIN,102
1779845077788384,TO_MAX,511
1779845078789106,TO_MIN,102
1779845079789831,TO_MAX,511
1779845080790551,STILL_PHASE_START,307
1779845085791274,MOTION_PHASE_START,0
1779845085791307,TO_MAX,511
1779845086791997,TO_MIN,102
1779845087792716,TO_MAX,511
1779845088793437,TO_MIN,102
1779845089794148,TO_MAX,511
1779845090794857,STILL_PHASE_START,307
1779845095795568,MOTION_PHASE_START,0
1779845095795610,TO_MAX,511
1779845096796299,TO_MIN,102
1779845097797020,TO_MAX,511
1779845098797733,TO_MIN,102
1779845099798441,TO_MAX,511
1779845100799146,STILL_PHASE_START,307
1779845105799856,MOTION_PHASE_START,0
1779845105799901,TO_MAX,511
1779845106800592,TO_MIN,102
1779845107801318,TO_MAX,511
1779845108802044,TO_MIN,102
1779845109802769,TO_MAX,511
1779845110803497,STILL_PHASE_START,307
1779845115804230,MOTION_PHASE_START,0
1779845115804274,TO_MAX,511
1779845116804965,TO_MIN,102
1779845117805671,TO_MAX,511
1779845118806378,TO_MIN,102
1779845119807086,TO_MAX,511
1779845120807798,STILL_PHASE_START,307
1779845125808518,MOTION_PHASE_START,0
1779845125808555,TO_MAX,511
1779845126809247,TO_MIN,102
1779845127809952,TO_MAX,511
1779845128810669,TO_MIN,102
1779845129811400,TO_MAX,511
1779845130812127,STILL_PHASE_START,307
1779845135812851,MOTION_PHASE_START,0
1779845135812893,TO_MAX,511
1779845136813591,TO_MIN,102
1779845137814316,TO_MAX,511
1779845138815087,TO_MIN,102
1779845139815813,TO_MAX,511
1779845140816533,STILL_PHASE_START,307
1779845145817255,MOTION_PHASE_START,0
1779845145817290,TO_MAX,511
1779845146817982,TO_MIN,102
1779845147818696,TO_MAX,511
1779845148819406,TO_MIN,102
1779845149820116,TO_MAX,511
1779845150820819,STILL_PHASE_START,307
1779845155821522,MOTION_PHASE_START,0
1779845155821563,TO_MAX,511
1779845156822252,TO_MIN,102
1779845157822968,TO_MAX,511
1779845158823693,TO_MIN,102
1779845159824425,TO_MAX,511
1779845160825145,STILL_PHASE_START,307
1779845165825874,MOTION_PHASE_START,0
1779845165825915,TO_MAX,511
1779845166826611,TO_MIN,102
1779845167827331,TO_MAX,511
1779845168828051,TO_MIN,102
1779845169828769,TO_MAX,511
1779845170829487,STILL_PHASE_START,307
1779845175830206,MOTION_PHASE_START,0
1779845175830244,TO_MAX,511
1779845176830939,TO_MIN,102
1779845177831647,TO_MAX,511
1779845178832348,TO_MIN,102
1779845179833050,TO_MAX,511
1779845180833757,STILL_PHASE_START,307
1779845185834481,MOTION_PHASE_START,0
1779845185834529,TO_MAX,511
1779845186835221,TO_MIN,102
1779845187835935,TO_MAX,511
1779845188836647,TO_MIN,102
1779845189837370,TO_MAX,511
1779845190838091,STILL_PHASE_START,307
1779845195838812,MOTION_PHASE_START,0
1779845195838852,TO_MAX,511
1779845196839544,TO_MIN,102
1779845197840257,TO_MAX,511
1779845198840971,TO_MIN,102
1779845199841687,TO_MAX,511
1779845200842403,STILL_PHASE_START,307
1779845205843127,MOTION_PHASE_START,0
1779845205843165,TO_MAX,511
1779845206843857,TO_MIN,102
1779845207844561,TO_MAX,511
1779845208845286,TO_MIN,102
1779845209846009,TO_MAX,511
1779845210846728,STILL_PHASE_START,307
1779845215847460,MOTION_PHASE_START,0
1779845215847502,TO_MAX,511
1779845216848192,TO_MIN,102
1779845217848919,TO_MAX,511
1779845218849635,TO_MIN,102
1779845219850355,TO_MAX,511
1779845220851077,STILL_PHASE_START,307
1779845225851808,MOTION_PHASE_START,0
1779845225851853,TO_MAX,511
1779845226852541,TO_MIN,102
1779845227853263,TO_MAX,511
1779845228853983,TO_MIN,102
1779845229854716,TO_MAX,511
1779845230855459,STILL_PHASE_START,307
1779845235856193,MOTION_PHASE_START,0
1779845235856234,TO_MAX,511
1779845236856936,TO_MIN,102
1779845237857711,TO_MAX,511
1779845238858440,TO_MIN,102
1779845239859162,TO_MAX,511
1779845240859899,STILL_PHASE_START,307
1779845245860635,MOTION_PHASE_START,0
1779845245860689,TO_MAX,511
1779845246861386,TO_MIN,102
1779845247862103,TO_MAX,511
1779845248862824,TO_MIN,102
1779845249863545,TO_MAX,511
1779845250864264,STILL_PHASE_START,307
1779845255865000,MOTION_PHASE_START,0
1779845255865048,TO_MAX,511
1779845256865743,TO_MIN,102
1779845257866471,TO_MAX,511
1779845258867198,TO_MIN,102
1779845259867919,TO_MAX,511
1779845260868637,STILL_PHASE_START,307
1779845265869361,MOTION_PHASE_START,0
1779845265869410,TO_MAX,511
1779845266870106,TO_MIN,102
1779845267870832,TO_MAX,511
1779845268871555,TO_MIN,102
1779845269872271,TO_MAX,511
1779845270872996,STILL_PHASE_START,307
1779845275873724,MOTION_PHASE_START,0
1779845275873770,TO_MAX,511
1779845276874459,TO_MIN,102
1779845277875172,TO_MAX,511
1779845278875905,TO_MIN,102
1779845279876620,TO_MAX,511
1779845280877332,STILL_PHASE_START,307
1779845285878054,MOTION_PHASE_START,0
1779845285878098,TO_MAX,511
1779845286878788,TO_MIN,102
1779845287879504,TO_MAX,511
1779845288880216,TO_MIN,102
1779845289880936,TO_MAX,511
1779845290881682,STILL_PHASE_START,307
1779845295882406,MOTION_PHASE_START,0
1779845295882454,TO_MAX,511
1779845296883140,TO_MIN,102
1779845297883856,TO_MAX,511
1779845298884566,TO_MIN,102
1779845299885282,TO_MAX,511
1779845300885998,STILL_PHASE_START,307
1779845305886719,MOTION_PHASE_START,0
1779845305886766,TO_MAX,511
1779845306887448,TO_MIN,102
1779845307888165,TO_MAX,511
1779845308888875,TO_MIN,102
1779845309889588,TO_MAX,511
1779845310890300,STILL_PHASE_START,307
1779845315920146,MOTION_PHASE_START,0
1779845315920234,TO_MAX,511
1779845316920929,TO_MIN,102
1779845317921662,TO_MAX,511
1779845318922385,TO_MIN,102
1779845319923108,TO_MAX,511
1779845320923828,STILL_PHASE_START,307
1779845325924554,MOTION_PHASE_START,0
1779845325924590,TO_MAX,511
1779845326925285,TO_MIN,102
1779845327926018,TO_MAX,511
1779845328926739,TO_MIN,102
1779845329927459,TO_MAX,511
1779845330928174,STILL_PHASE_START,307
1779845335928888,MOTION_PHASE_START,0
1779845335928928,TO_MAX,511
1779845336929613,TO_MIN,102
1779845337933359,TO_MAX,511
1779845338934081,TO_MIN,102
1779845339934803,TO_MAX,511
1779845340935524,STILL_PHASE_START,307
1779845345936243,MOTION_PHASE_START,0
1779845345936491,TO_MAX,511
1779845346937182,TO_MIN,102
1779845347937895,TO_MAX,511
1779845348938613,TO_MIN,102
1779845349939330,TO_MAX,511
1779845350940060,STILL_PHASE_START,307
1779845355940786,MOTION_PHASE_START,0
1779845355940829,TO_MAX,511
1779845356941524,TO_MIN,102
1779845357942250,TO_MAX,511
1779845358942979,TO_MIN,102
1779845359943698,TO_MAX,511
1779845360944420,STILL_PHASE_START,307
1779845365945146,END,307
