# servo_sweep log
# mode=burst duration=1800 min_ticks=102 max_ticks=511 center_ticks=307
# motion_ms=5000 still_ms=5000 burst_period_ms=1000
# timestamp = CLOCK_REALTIME microseconds at host i2c_write call
# actual PWM wire edge appears ~100us after timestamp
# columns: timestamp_us,event,ticks
1779808707819301,START,307
1779808708020055,MOTION_PHASE_START,0
1779808708020078,TO_MAX,511
1779808709020768,TO_MIN,102
1779808710021477,TO_MAX,511
1779808711022182,TO_MIN,102
1779808712022897,TO_MAX,511
1779808713023635,STILL_PHASE_START,307
1779808718024360,MOTION_PHASE_START,0
1779808718024391,TO_MAX,511
1779808719025082,TO_MIN,102
1779808720025805,TO_MAX,511
1779808721026527,TO_MIN,102
1779808722027244,TO_MAX,511
1779808723027962,STILL_PHASE_START,307
1779808728028683,MOTION_PHASE_START,0
1779808728028716,TO_MAX,511
1779808729029401,TO_MIN,102
1779808730030096,TO_MAX,511
1779808731030790,TO_MIN,102
1779808732031498,TO_MAX,511
1779808733032207,STILL_PHASE_START,307
1779808738032923,MOTION_PHASE_START,0
1779808738032951,TO_MAX,511
1779808739033640,TO_MIN,102
1779808740034350,TO_MAX,511
1779808741035069,TO_MIN,102
1779808742035770,TO_MAX,511
1779808743036482,STILL_PHASE_START,307
1779808748037192,MOTION_PHASE_START,0
1779808748037222,TO_MAX,511
1779808749037919,TO_MIN,102
1779808750038632,TO_MAX,511
1779808751039350,TO_MIN,102
1779808752040072,TO_MAX,511
1779808753040779,STILL_PHASE_START,307
1779808758041496,MOTION_PHASE_START,0
1779808758041537,TO_MAX,511
1779808759042227,TO_MIN,102
1779808760042943,TO_MAX,511
1779808761043671,TO_MIN,102
1779808762044383,TO_MAX,511
1779808763045095,STILL_PHASE_START,307
1779808768045807,MOTION_PHASE_START,0
1779808768045861,TO_MAX,511
1779808769046558,TO_MIN,102
1779808770047270,TO_MAX,511
1779808771047974,TO_MIN,102
1779808772048687,TO_MAX,511
1779808773049390,STILL_PHASE_START,307
1779808778050099,MOTION_PHASE_START,0
1779808778050131,TO_MAX,511
1779808779050820,TO_MIN,102
1779808780051523,TO_MAX,511
1779808781052222,TO_MIN,102
1779808782052927,TO_MAX,511
1779808783053640,STILL_PHASE_START,307
1779808788054354,MOTION_PHASE_START,0
1779808788054391,TO_MAX,511
1779808789055086,TO_MIN,102
1779808790055801,TO_MAX,511
1779808791056508,TO_MIN,102
1779808792057227,TO_MAX,511
1779808793057936,STILL_PHASE_START,307
1779808798058646,MOTION_PHASE_START,0
1779808798058681,TO_MAX,511
1779808799059377,TO_MIN,102
1779808800060092,TO_MAX,511
1779808801060814,TO_MIN,102
1779808802061528,TO_MAX,511
1779808803062236,STILL_PHASE_START,307
1779808808062955,MOTION_PHASE_START,0
1779808808062985,TO_MAX,511
1779808809063671,TO_MIN,102
1779808810064376,TO_MAX,511
1779808811065081,TO_MIN,102
1779808812065787,TO_MAX,511
1779808813066504,STILL_PHASE_START,307
1779808818067211,MOTION_PHASE_START,0
1779808818067243,TO_MAX,511
1779808819067929,TO_MIN,102
1779808820068634,TO_MAX,511
1779808821069338,TO_MIN,102
1779808822070041,TO_MAX,511
1779808823070983,STILL_PHASE_START,307
1779808828071691,MOTION_PHASE_START,0
1779808828071723,TO_MAX,511
1779808829072411,TO_MIN,102
1779808830073123,TO_MAX,511
1779808831073835,TO_MIN,102
1779808832074541,TO_MAX,511
1779808833075245,STILL_PHASE_START,307
1779808838075954,MOTION_PHASE_START,0
1779808838075995,TO_MAX,511
1779808839076684,TO_MIN,102
1779808840077397,TO_MAX,511
1779808841078111,TO_MIN,102
1779808842078817,TO_MAX,511
1779808843079525,STILL_PHASE_START,307
1779808848080238,MOTION_PHASE_START,0
1779808848080269,TO_MAX,511
1779808849080957,TO_MIN,102
1779808850081657,TO_MAX,511
1779808851082361,TO_MIN,102
1779808852083074,TO_MAX,511
1779808853083781,STILL_PHASE_START,307
1779808858084488,MOTION_PHASE_START,0
1779808858084521,TO_MAX,511
1779808859085207,TO_MIN,102
1779808860085920,TO_MAX,511
1779808861086642,TO_MIN,102
1779808862087340,TO_MAX,511
1779808863088042,STILL_PHASE_START,307
1779808868088747,MOTION_PHASE_START,0
1779808868088774,TO_MAX,511
1779808869089460,TO_MIN,102
1779808870090161,TO_MAX,511
1779808871090865,TO_MIN,102
1779808872091576,TO_MAX,511
1779808873092282,STILL_PHASE_START,307
1779808878092989,MOTION_PHASE_START,0
1779808878093019,TO_MAX,511
1779808879093699,TO_MIN,102
1779808880094436,TO_MAX,511
1779808881095152,TO_MIN,102
1779808882095858,TO_MAX,511
1779808883096570,STILL_PHASE_START,307
1779808888097286,MOTION_PHASE_START,0
1779808888097322,TO_MAX,511
1779808889098011,TO_MIN,102
1779808890098725,TO_MAX,511
1779808891099443,TO_MIN,102
1779808892100157,TO_MAX,511
1779808893100879,STILL_PHASE_START,307
1779808898101585,MOTION_PHASE_START,0
1779808898101623,TO_MAX,511
1779808899102315,TO_MIN,102
1779808900103027,TO_MAX,511
1779808901103735,TO_MIN,102
1779808902104443,TO_MAX,511
1779808903105154,STILL_PHASE_START,307
1779808908105834,MOTION_PHASE_START,0
1779808908105886,TO_MAX,511
1779808909106584,TO_MIN,102
1779808910107297,TO_MAX,511
1779808911108008,TO_MIN,102
1779808912108717,TO_MAX,511
1779808913109422,STILL_PHASE_START,307
1779808918110133,MOTION_PHASE_START,0
1779808918110171,TO_MAX,511
1779808919110865,TO_MIN,102
1779808920111577,TO_MAX,511
1779808921112288,TO_MIN,102
1779808922113003,TO_MAX,511
1779808923113710,STILL_PHASE_START,307
1779808928114417,MOTION_PHASE_START,0
1779808928114457,TO_MAX,511
1779808929115153,TO_MIN,102
1779808930115855,TO_MAX,511
1779808931116561,TO_MIN,102
1779808932117269,TO_MAX,511
1779808933117984,STILL_PHASE_START,307
1779808938118702,MOTION_PHASE_START,0
1779808938118744,TO_MAX,511
1779808939119435,TO_MIN,102
1779808940120141,TO_MAX,511
1779808941120848,TO_MIN,102
1779808942121565,TO_MAX,511
1779808943122272,STILL_PHASE_START,307
1779808948122979,MOTION_PHASE_START,0
1779808948123015,TO_MAX,511
1779808949123700,TO_MIN,102
1779808950124408,TO_MAX,511
1779808951125119,TO_MIN,102
1779808952125829,TO_MAX,511
1779808953126532,STILL_PHASE_START,307
1779808958127244,MOTION_PHASE_START,0
1779808958127277,TO_MAX,511
1779808959127971,TO_MIN,102
1779808960128675,TO_MAX,511
1779808961129377,TO_MIN,102
1779808962130080,TO_MAX,511
1779808963130782,STILL_PHASE_START,307
1779808968131493,MOTION_PHASE_START,0
1779808968131544,TO_MAX,511
1779808969132231,TO_MIN,102
1779808970132947,TO_MAX,511
1779808971133657,TO_MIN,102
1779808972134367,TO_MAX,511
1779808973135076,STILL_PHASE_START,307
1779808978135816,MOTION_PHASE_START,0
1779808978135866,TO_MAX,511
1779808979136554,TO_MIN,102
1779808980137264,TO_MAX,511
1779808981137971,TO_MIN,102
1779808982138674,TO_MAX,511
1779808983139379,STILL_PHASE_START,307
1779808988140101,MOTION_PHASE_START,0
1779808988140137,TO_MAX,511
1779808989140832,TO_MIN,102
1779808990141548,TO_MAX,511
1779808991142257,TO_MIN,102
1779808992143110,TO_MAX,511
1779808993143823,STILL_PHASE_START,307
1779808998144528,MOTION_PHASE_START,0
1779808998144695,TO_MAX,511
1779808999145382,TO_MIN,102
1779809000146087,TO_MAX,511
1779809001146799,TO_MIN,102
1779809002147507,TO_MAX,511
1779809003148225,STILL_PHASE_START,307
1779809008148941,MOTION_PHASE_START,0
1779809008148990,TO_MAX,511
1779809009149677,TO_MIN,102
1779809010150384,TO_MAX,511
1779809011151102,TO_MIN,102
1779809012151815,TO_MAX,511
1779809013152526,STILL_PHASE_START,307
1779809018153270,MOTION_PHASE_START,0
1779809018153340,TO_MAX,511
1779809019154033,TO_MIN,102
1779809020154764,TO_MAX,511
1779809021155474,TO_MIN,102
1779809022156190,TO_MAX,511
1779809023156904,STILL_PHASE_START,307
1779809028157615,MOTION_PHASE_START,0
1779809028157650,TO_MAX,511
1779809029158335,TO_MIN,102
1779809030159043,TO_MAX,511
1779809031159761,TO_MIN,102
1779809032160477,TO_MAX,511
1779809033161188,STILL_PHASE_START,307
1779809038161910,MOTION_PHASE_START,0
1779809038161949,TO_MAX,511
1779809039162639,TO_MIN,102
1779809040163349,TO_MAX,511
1779809041164071,TO_MIN,102
1779809042164786,TO_MAX,511
1779809043165491,STILL_PHASE_START,307
1779809048166198,MOTION_PHASE_START,0
1779809048166234,TO_MAX,511
1779809049166920,TO_MIN,102
1779809050167628,TO_MAX,511
1779809051168345,TO_MIN,102
1779809052169061,TO_MAX,511
1779809053169764,STILL_PHASE_START,307
1779809058170471,MOTION_PHASE_START,0
1779809058170502,TO_MAX,511
1779809059171186,TO_MIN,102
1779809060171891,TO_MAX,511
1779809061172595,TO_MIN,102
1779809062173315,TO_MAX,511
1779809063174027,STILL_PHASE_START,307
1779809068174728,MOTION_PHASE_START,0
1779809068174763,TO_MAX,511
1779809069175481,TO_MIN,102
1779809070176186,TO_MAX,511
1779809071176888,TO_MIN,102
1779809072177589,TO_MAX,511
1779809073178294,STILL_PHASE_START,307
1779809078179000,MOTION_PHASE_START,0
1779809078179034,TO_MAX,511
1779809079179730,TO_MIN,102
1779809080180442,TO_MAX,511
1779809081181151,TO_MIN,102
1779809082181827,TO_MAX,511
1779809083182526,STILL_PHASE_START,307
1779809088183238,MOTION_PHASE_START,0
1779809088183294,TO_MAX,511
1779809089183981,TO_MIN,102
1779809090184677,TO_MAX,511
1779809091185381,TO_MIN,102
1779809092186088,TO_MAX,511
1779809093186793,STILL_PHASE_START,307
1779809098187510,MOTION_PHASE_START,0
1779809098187540,TO_MAX,511
1779809099188230,TO_MIN,102
1779809100188930,TO_MAX,511
1779809101189636,TO_MIN,102
1779809102190341,TO_MAX,511
1779809103191048,STILL_PHASE_START,307
1779809108191754,MOTION_PHASE_START,0
1779809108191784,TO_MAX,511
1779809109192471,TO_MIN,102
1779809110193183,TO_MAX,511
1779809111193905,TO_MIN,102
1779809112194616,TO_MAX,511
1779809113195326,STILL_PHASE_START,307
1779809118196030,MOTION_PHASE_START,0
1779809118196061,TO_MAX,511
1779809119196752,TO_MIN,102
1779809120197465,TO_MAX,511
1779809121198184,TO_MIN,102
1779809122198885,TO_MAX,511
1779809123199589,STILL_PHASE_START,307
1779809128200301,MOTION_PHASE_START,0
1779809128200333,TO_MAX,511
1779809129201029,TO_MIN,102
1779809130201732,TO_MAX,511
1779809131202433,TO_MIN,102
1779809132203138,TO_MAX,511
1779809133203851,STILL_PHASE_START,307
1779809138204557,MOTION_PHASE_START,0
1779809138204592,TO_MAX,511
1779809139205288,TO_MIN,102
1779809140205997,TO_MAX,511
1779809141206705,TO_MIN,102
1779809142207417,TO_MAX,511
1779809143208136,STILL_PHASE_START,307
1779809148208849,MOTION_PHASE_START,0
1779809148208887,TO_MAX,511
1779809149209581,TO_MIN,102
1779809150210286,TO_MAX,511
1779809151210991,TO_MIN,102
1779809152211703,TO_MAX,511
1779809153212416,STILL_PHASE_START,307
1779809158213133,MOTION_PHASE_START,0
1779809158213157,TO_MAX,511
1779809159213832,TO_MIN,102
1779809160214543,TO_MAX,511
1779809161215265,TO_MIN,102
1779809162215975,TO_MAX,511
1779809163216674,STILL_PHASE_START,307
1779809168217382,MOTION_PHASE_START,0
1779809168217416,TO_MAX,511
1779809169218110,TO_MIN,102
1779809170218834,TO_MAX,511
1779809171219543,TO_MIN,102
1779809172220253,TO_MAX,511
1779809173220954,STILL_PHASE_START,307
1779809178221664,MOTION_PHASE_START,0
1779809178221698,TO_MAX,511
1779809179222392,TO_MIN,102
1779809180223102,TO_MAX,511
1779809181223811,TO_MIN,102
1779809182224518,TO_MAX,511
1779809183225226,STILL_PHASE_START,307
1779809188225933,MOTION_PHASE_START,0
1779809188225970,TO_MAX,511
1779809189226667,TO_MIN,102
1779809190227373,TO_MAX,511
1779809191228091,TO_MIN,102
1779809192228802,TO_MAX,511
1779809193229533,STILL_PHASE_START,307
1779809198230245,MOTION_PHASE_START,0
1779809198230278,TO_MAX,511
1779809199230963,TO_MIN,102
1779809200231665,TO_MAX,511
1779809201232363,TO_MIN,102
1779809202233062,TO_MAX,511
1779809203233763,STILL_PHASE_START,307
1779809208234466,MOTION_PHASE_START,0
1779809208234499,TO_MAX,511
1779809209235182,TO_MIN,102
1779809210235886,TO_MAX,511
1779809211236595,TO_MIN,102
1779809212237304,TO_MAX,511
1779809213238004,STILL_PHASE_START,307
1779809218238719,MOTION_PHASE_START,0
1779809218238753,TO_MAX,511
1779809219239447,TO_MIN,102
1779809220240157,TO_MAX,511
1779809221240869,TO_MIN,102
1779809222241577,TO_MAX,511
1779809223242285,STILL_PHASE_START,307
1779809228242989,MOTION_PHASE_START,0
1779809228243025,TO_MAX,511
1779809229243714,TO_MIN,102
1779809230244421,TO_MAX,511
1779809231245125,TO_MIN,102
1779809232245832,TO_MAX,511
1779809233246548,STILL_PHASE_START,307
1779809238247263,MOTION_PHASE_START,0
1779809238247294,TO_MAX,511
1779809239247982,TO_MIN,102
1779809240248689,TO_MAX,511
1779809241249401,TO_MIN,102
1779809242250098,TO_MAX,511
1779809243250800,STILL_PHASE_START,307
1779809248251503,MOTION_PHASE_START,0
1779809248251534,TO_MAX,511
1779809249252227,TO_MIN,102
1779809250252934,TO_MAX,511
1779809251253646,TO_MIN,102
1779809252254358,TO_MAX,511
1779809253255070,STILL_PHASE_START,307
1779809258255779,MOTION_PHASE_START,0
1779809258255829,TO_MAX,511
1779809259256521,TO_MIN,102
1779809260257227,TO_MAX,511
1779809261257928,TO_MIN,102
1779809262258633,TO_MAX,511
1779809263259343,STILL_PHASE_START,307
1779809268260054,MOTION_PHASE_START,0
1779809268260118,TO_MAX,511
1779809269260812,TO_MIN,102
1779809270261527,TO_MAX,511
1779809271262234,TO_MIN,102
1779809272262931,TO_MAX,511
1779809273263635,STILL_PHASE_START,307
1779809278264347,MOTION_PHASE_START,0
1779809278264380,TO_MAX,511
1779809279265065,TO_MIN,102
1779809280265773,TO_MAX,511
1779809281266480,TO_MIN,102
1779809282267188,TO_MAX,511
1779809283267893,STILL_PHASE_START,307
1779809288268602,MOTION_PHASE_START,0
1779809288268633,TO_MAX,511
1779809289269331,TO_MIN,102
1779809290270033,TO_MAX,511
1779809291270740,TO_MIN,102
1779809292271442,TO_MAX,511
1779809293272146,STILL_PHASE_START,307
1779809298272851,MOTION_PHASE_START,0
1779809298272875,TO_MAX,511
1779809299273558,TO_MIN,102
1779809300274261,TO_MAX,511
1779809301274977,TO_MIN,102
1779809302275698,TO_MAX,511
1779809303276404,STILL_PHASE_START,307
1779809308277121,MOTION_PHASE_START,0
1779809308277148,TO_MAX,511
1779809309277831,TO_MIN,102
1779809310278544,TO_MAX,511
1779809311279250,TO_MIN,102
1779809312279960,TO_MAX,511
1779809313280669,STILL_PHASE_START,307
1779809318281381,MOTION_PHASE_START,0
1779809318281408,TO_MAX,511
1779809319282102,TO_MIN,102
1779809320282810,TO_MAX,511
1779809321283515,TO_MIN,102
1779809322284221,TO_MAX,511
1779809323284926,STILL_PHASE_START,307
1779809328285627,MOTION_PHASE_START,0
1779809328285659,TO_MAX,511
1779809329286353,TO_MIN,102
1779809330287062,TO_MAX,511
1779809331287771,TO_MIN,102
1779809332288478,TO_MAX,511
1779809333289189,STILL_PHASE_START,307
1779809338289909,MOTION_PHASE_START,0
1779809338289941,TO_MAX,511
1779809339290633,TO_MIN,102
1779809340291333,TO_MAX,511
1779809341292044,TO_MIN,102
1779809342292751,TO_MAX,511
1779809343293463,STILL_PHASE_START,307
1779809348294176,MOTION_PHASE_START,0
1779809348294204,TO_MAX,511
1779809349294891,TO_MIN,102
1779809350295594,TO_MAX,511
1779809351296292,TO_MIN,102
1779809352296993,TO_MAX,511
1779809353297695,STILL_PHASE_START,307
1779809358298397,MOTION_PHASE_START,0
1779809358298428,TO_MAX,511
1779809359299119,TO_MIN,102
1779809360299823,TO_MAX,511
1779809361300531,TO_MIN,102
1779809362301242,TO_MAX,511
1779809363301951,STILL_PHASE_START,307
1779809368302660,MOTION_PHASE_START,0
1779809368302692,TO_MAX,511
1779809369303383,TO_MIN,102
1779809370304088,TO_MAX,511
1779809371304799,TO_MIN,102
1779809372305502,TO_MAX,511
1779809373306200,STILL_PHASE_START,307
1779809378306907,MOTION_PHASE_START,0
1779809378306934,TO_MAX,511
1779809379307613,TO_MIN,102
1779809380308313,TO_MAX,511
1779809381309009,TO_MIN,102
1779809382309704,TO_MAX,511
1779809383333309,STILL_PHASE_START,307
1779809388334021,MOTION_PHASE_START,0
1779809388334049,TO_MAX,511
1779809389334740,TO_MIN,102
1779809390335438,TO_MAX,511
1779809391336135,TO_MIN,102
1779809392336838,TO_MAX,511
1779809393337543,STILL_PHASE_START,307
1779809398338254,MOTION_PHASE_START,0
1779809398338283,TO_MAX,511
1779809399338975,TO_MIN,102
1779809400339686,TO_MAX,511
1779809401340390,TO_MIN,102
1779809402341099,TO_MAX,511
1779809403341809,STILL_PHASE_START,307
1779809408342538,MOTION_PHASE_START,0
1779809408342567,TO_MAX,511
1779809409343261,TO_MIN,102
1779809410343972,TO_MAX,511
1779809411344673,TO_MIN,102
1779809412345386,TO_MAX,511
1779809413346096,STILL_PHASE_START,307
1779809418346809,MOTION_PHASE_START,0
1779809418346833,TO_MAX,511
1779809419347523,TO_MIN,102
1779809420348224,TO_MAX,511
1779809421348921,TO_MIN,102
1779809422349621,TO_MAX,511
1779809423350314,STILL_PHASE_START,307
1779809428351008,MOTION_PHASE_START,0
1779809428351031,TO_MAX,511
1779809429351716,TO_MIN,102
1779809430352421,TO_MAX,511
1779809431353117,TO_MIN,102
1779809432353816,TO_MAX,511
1779809433354522,STILL_PHASE_START,307
1779809438355233,MOTION_PHASE_START,0
1779809438355264,TO_MAX,511
1779809439355957,TO_MIN,102
1779809440356682,TO_MAX,511
1779809441357427,TO_MIN,102
1779809442358142,TO_MAX,511
1779809443358857,STILL_PHASE_START,307
1779809448359577,MOTION_PHASE_START,0
1779809448359626,TO_MAX,511
1779809449360315,TO_MIN,102
1779809450361031,TO_MAX,511
1779809451361744,TO_MIN,102
1779809452362463,TO_MAX,511
1779809453363173,STILL_PHASE_START,307
1779809458363906,MOTION_PHASE_START,0
1779809458363933,TO_MAX,511
1779809459364622,TO_MIN,102
1779809460365329,TO_MAX,511
1779809461366034,TO_MIN,102
1779809462366733,TO_MAX,511
1779809463367435,STILL_PHASE_START,307
1779809468368142,MOTION_PHASE_START,0
1779809468368171,TO_MAX,511
1779809469368857,TO_MIN,102
1779809470369563,TO_MAX,511
1779809471370276,TO_MIN,102
1779809472370979,TO_MAX,511
1779809473371677,STILL_PHASE_START,307
1779809478372377,MOTION_PHASE_START,0
1779809478372406,TO_MAX,511
1779809479373093,TO_MIN,102
1779809480373790,TO_MAX,511
1779809481374497,TO_MIN,102
1779809482375200,TO_MAX,511
1779809483375898,STILL_PHASE_START,307
1779809488376608,MOTION_PHASE_START,0
1779809488376630,TO_MAX,511
1779809489377310,TO_MIN,102
1779809490378013,TO_MAX,511
1779809491378718,TO_MIN,102
1779809492379416,TO_MAX,511
1779809493380125,STILL_PHASE_START,307
1779809498380827,MOTION_PHASE_START,0
1779809498380855,TO_MAX,511
1779809499381542,TO_MIN,102
1779809500382259,TO_MAX,511
1779809501382969,TO_MIN,102
1779809502383669,TO_MAX,511
1779809503384375,STILL_PHASE_START,307
1779809508385082,MOTION_PHASE_START,0
1779809508385110,TO_MAX,511
1779809509385793,TO_MIN,102
1779809510386512,TO_MAX,511
1779809511387221,TO_MIN,102
1779809512387925,TO_MAX,511
1779809513388632,STILL_PHASE_START,307
1779809518389342,MOTION_PHASE_START,0
1779809518389371,TO_MAX,511
1779809519390055,TO_MIN,102
1779809520390756,TO_MAX,511
1779809521391461,TO_MIN,102
1779809522392167,TO_MAX,511
1779809523392870,STILL_PHASE_START,307
1779809528393580,MOTION_PHASE_START,0
1779809528393610,TO_MAX,511
1779809529394297,TO_MIN,102
1779809530395015,TO_MAX,511
1779809531395754,TO_MIN,102
1779809532396461,TO_MAX,511
1779809533397178,STILL_PHASE_START,307
1779809538397902,MOTION_PHASE_START,0
1779809538397926,TO_MAX,511
1779809539398614,TO_MIN,102
1779809540399319,TO_MAX,511
1779809541400036,TO_MIN,102
1779809542400749,TO_MAX,511
1779809543401454,STILL_PHASE_START,307
1779809548402164,MOTION_PHASE_START,0
1779809548402194,TO_MAX,511
1779809549402912,TO_MIN,102
1779809550403615,TO_MAX,511
1779809551404317,TO_MIN,102
1779809552405022,TO_MAX,511
1779809553405727,STILL_PHASE_START,307
1779809558406446,MOTION_PHASE_START,0
1779809558406471,TO_MAX,511
1779809559407161,TO_MIN,102
1779809560407874,TO_MAX,511
1779809561408581,TO_MIN,102
1779809562409288,TO_MAX,511
1779809563410003,STILL_PHASE_START,307
1779809568410705,MOTION_PHASE_START,0
1779809568410733,TO_MAX,511
1779809569411420,TO_MIN,102
1779809570412126,TO_MAX,511
1779809571412820,TO_MIN,102
1779809572413519,TO_MAX,511
1779809573414216,STILL_PHASE_START,307
1779809578414925,MOTION_PHASE_START,0
1779809578414955,TO_MAX,511
1779809579415644,TO_MIN,102
1779809580416366,TO_MAX,511
1779809581417094,TO_MIN,102
1779809582417811,TO_MAX,511
1779809583418542,STILL_PHASE_START,307
1779809588419251,MOTION_PHASE_START,0
1779809588419281,TO_MAX,511
1779809589419970,TO_MIN,102
1779809590420686,TO_MAX,511
1779809591421410,TO_MIN,102
1779809592422126,TO_MAX,511
1779809593422836,STILL_PHASE_START,307
1779809598423557,MOTION_PHASE_START,0
1779809598423590,TO_MAX,511
1779809599424285,TO_MIN,102
1779809600425004,TO_MAX,511
1779809601425720,TO_MIN,102
1779809602426434,TO_MAX,511
1779809603427143,STILL_PHASE_START,307
1779809608427859,MOTION_PHASE_START,0
1779809608427921,TO_MAX,511
1779809609428616,TO_MIN,102
1779809610429328,TO_MAX,511
1779809611430044,TO_MIN,102
1779809612430750,TO_MAX,511
1779809613431461,STILL_PHASE_START,307
1779809618432179,MOTION_PHASE_START,0
1779809618432210,TO_MAX,511
1779809619432899,TO_MIN,102
1779809620433605,TO_MAX,511
1779809621434311,TO_MIN,102
1779809622435020,TO_MAX,511
1779809623435730,STILL_PHASE_START,307
1779809628436452,MOTION_PHASE_START,0
1779809628436481,TO_MAX,511
1779809629437167,TO_MIN,102
1779809630437889,TO_MAX,511
1779809631438590,TO_MIN,102
1779809632439295,TO_MAX,511
1779809633439995,STILL_PHASE_START,307
1779809638440740,MOTION_PHASE_START,0
1779809638440770,TO_MAX,511
1779809639441460,TO_MIN,102
1779809640442157,TO_MAX,511
1779809641442868,TO_MIN,102
1779809642443567,TO_MAX,511
1779809643444271,STILL_PHASE_START,307
1779809648444978,MOTION_PHASE_START,0
1779809648445006,TO_MAX,511
1779809649445693,TO_MIN,102
1779809650446402,TO_MAX,511
1779809651447136,TO_MIN,102
1779809652447841,TO_MAX,511
1779809653448547,STILL_PHASE_START,307
1779809658449251,MOTION_PHASE_START,0
1779809658449285,TO_MAX,511
1779809659449980,TO_MIN,102
1779809660450684,TO_MAX,511
1779809661451390,TO_MIN,102
1779809662452096,TO_MAX,511
1779809663452803,STILL_PHASE_START,307
1779809668453520,MOTION_PHASE_START,0
1779809668453552,TO_MAX,511
1779809669454244,TO_MIN,102
1779809670454949,TO_MAX,511
1779809671455656,TO_MIN,102
1779809672456359,TO_MAX,511
1779809673457061,STILL_PHASE_START,307
1779809678457773,MOTION_PHASE_START,0
1779809678457807,TO_MAX,511
1779809679458522,TO_MIN,102
1779809680459219,TO_MAX,511
1779809681459923,TO_MIN,102
1779809682460622,TO_MAX,511
1779809683461324,STILL_PHASE_START,307
1779809688462038,MOTION_PHASE_START,0
1779809688462062,TO_MAX,511
1779809689462749,TO_MIN,102
1779809690463456,TO_MAX,511
1779809691464158,TO_MIN,102
1779809692464860,TO_MAX,511
1779809693465566,STILL_PHASE_START,307
1779809698466273,MOTION_PHASE_START,0
1779809698466301,TO_MAX,511
1779809699466995,TO_MIN,102
1779809700467707,TO_MAX,511
1779809701468419,TO_MIN,102
1779809702469124,TO_MAX,511
1779809703469831,STILL_PHASE_START,307
1779809708470548,MOTION_PHASE_START,0
1779809708470576,TO_MAX,511
1779809709471270,TO_MIN,102
1779809710471974,TO_MAX,511
1779809711472683,TO_MIN,102
1779809712473387,TO_MAX,511
1779809713474088,STILL_PHASE_START,307
1779809718474791,MOTION_PHASE_START,0
1779809718474817,TO_MAX,511
1779809719475503,TO_MIN,102
1779809720476203,TO_MAX,511
1779809721476910,TO_MIN,102
1779809722477612,TO_MAX,511
1779809723478314,STILL_PHASE_START,307
1779809728479017,MOTION_PHASE_START,0
1779809728479045,TO_MAX,511
1779809729479730,TO_MIN,102
1779809730480433,TO_MAX,511
1779809731481132,TO_MIN,102
1779809732481829,TO_MAX,511
1779809733482528,STILL_PHASE_START,307
1779809738483234,MOTION_PHASE_START,0
1779809738483266,TO_MAX,511
1779809739483993,TO_MIN,102
1779809740484694,TO_MAX,511
1779809741485398,TO_MIN,102
1779809742486106,TO_MAX,511
1779809743486808,STILL_PHASE_START,307
1779809748487522,MOTION_PHASE_START,0
1779809748487557,TO_MAX,511
1779809749488253,TO_MIN,102
1779809750488973,TO_MAX,511
1779809751489691,TO_MIN,102
1779809752490395,TO_MAX,511
1779809753491109,STILL_PHASE_START,307
1779809758491826,MOTION_PHASE_START,0
1779809758491849,TO_MAX,511
1779809759492541,TO_MIN,102
1779809760493252,TO_MAX,511
1779809761493964,TO_MIN,102
1779809762494674,TO_MAX,511
1779809763495381,STILL_PHASE_START,307
1779809768496091,MOTION_PHASE_START,0
1779809768496112,TO_MAX,511
1779809769496799,TO_MIN,102
1779809770497520,TO_MAX,511
1779809771498245,TO_MIN,102
1779809772498949,TO_MAX,511
1779809773499655,STILL_PHASE_START,307
1779809778500369,MOTION_PHASE_START,0
1779809778500404,TO_MAX,511
1779809779501102,TO_MIN,102
1779809780501812,TO_MAX,511
1779809781502535,TO_MIN,102
1779809782503249,TO_MAX,511
1779809783503970,STILL_PHASE_START,307
1779809788504683,MOTION_PHASE_START,0
1779809788504716,TO_MAX,511
1779809789505405,TO_MIN,102
1779809790506121,TO_MAX,511
1779809791506834,TO_MIN,102
1779809792507550,TO_MAX,511
1779809793508264,STILL_PHASE_START,307
1779809798508977,MOTION_PHASE_START,0
1779809798509008,TO_MAX,511
1779809799509692,TO_MIN,102
1779809800510398,TO_MAX,511
1779809801511116,TO_MIN,102
1779809802511839,TO_MAX,511
1779809803522528,STILL_PHASE_START,307
1779809808523243,MOTION_PHASE_START,0
1779809808523275,TO_MAX,511
1779809809523959,TO_MIN,102
1779809810524666,TO_MAX,511
1779809811525368,TO_MIN,102
1779809812526087,TO_MAX,511
1779809813526803,STILL_PHASE_START,307
1779809818527523,MOTION_PHASE_START,0
1779809818527557,TO_MAX,511
1779809819528259,TO_MIN,102
1779809820528963,TO_MAX,511
1779809821529671,TO_MIN,102
1779809822530376,TO_MAX,511
1779809823531114,STILL_PHASE_START,307
1779809828531831,MOTION_PHASE_START,0
1779809828531855,TO_MAX,511
1779809829532548,TO_MIN,102
1779809830533250,TO_MAX,511
1779809831533958,TO_MIN,102
1779809832534660,TO_MAX,511
1779809833535739,STILL_PHASE_START,307
1779809838536455,MOTION_PHASE_START,0
1779809838536489,TO_MAX,511
1779809839537181,TO_MIN,102
1779809840537891,TO_MAX,511
1779809841538602,TO_MIN,102
1779809842539306,TO_MAX,511
1779809843540009,STILL_PHASE_START,307
1779809848540722,MOTION_PHASE_START,0
1779809848540756,TO_MAX,511
1779809849541442,TO_MIN,102
1779809850542148,TO_MAX,511
1779809851542856,TO_MIN,102
1779809852543554,TO_MAX,511
1779809853544257,STILL_PHASE_START,307
1779809858544959,MOTION_PHASE_START,0
1779809858544986,TO_MAX,511
1779809859545674,TO_MIN,102
1779809860546371,TO_MAX,511
1779809861547074,TO_MIN,102
1779809862547781,TO_MAX,511
1779809863548489,STILL_PHASE_START,307
1779809868549193,MOTION_PHASE_START,0
1779809868549219,TO_MAX,511
1779809869549912,TO_MIN,102
1779809870550623,TO_MAX,511
1779809871551334,TO_MIN,102
1779809872552044,TO_MAX,511
1779809873552744,STILL_PHASE_START,307
1779809878553450,MOTION_PHASE_START,0
1779809878553481,TO_MAX,511
1779809879554171,TO_MIN,102
1779809880554878,TO_MAX,511
1779809881555585,TO_MIN,102
1779809882556286,TO_MAX,511
1779809883556982,STILL_PHASE_START,307
1779809888557686,MOTION_PHASE_START,0
1779809888557715,TO_MAX,511
1779809889558406,TO_MIN,102
1779809890559119,TO_MAX,511
1779809891559838,TO_MIN,102
1779809892560550,TO_MAX,511
1779809893561268,STILL_PHASE_START,307
1779809898561977,MOTION_PHASE_START,0
1779809898562007,TO_MAX,511
1779809899562691,TO_MIN,102
1779809900563395,TO_MAX,511
1779809901564100,TO_MIN,102
1779809902564804,TO_MAX,511
1779809903565508,STILL_PHASE_START,307
1779809908566210,MOTION_PHASE_START,0
1779809908566238,TO_MAX,511
1779809909566923,TO_MIN,102
1779809910567626,TO_MAX,511
1779809911568337,TO_MIN,102
1779809912569055,TO_MAX,511
1779809913569782,STILL_PHASE_START,307
1779809918570531,MOTION_PHASE_START,0
1779809918570564,TO_MAX,511
1779809919571247,TO_MIN,102
1779809920571960,TO_MAX,511
1779809921572671,TO_MIN,102
1779809922573379,TO_MAX,511
1779809923574092,STILL_PHASE_START,307
1779809928574814,MOTION_PHASE_START,0
1779809928574847,TO_MAX,511
1779809929575538,TO_MIN,102
1779809930576252,TO_MAX,511
1779809931576967,TO_MIN,102
1779809932577681,TO_MAX,511
1779809933578402,STILL_PHASE_START,307
1779809938579123,MOTION_PHASE_START,0
1779809938579155,TO_MAX,511
1779809939579847,TO_MIN,102
1779809940580560,TO_MAX,511
1779809941581278,TO_MIN,102
1779809942581990,TO_MAX,511
1779809943582703,STILL_PHASE_START,307
1779809948583420,MOTION_PHASE_START,0
1779809948583448,TO_MAX,511
1779809949584139,TO_MIN,102
1779809950584860,TO_MAX,511
1779809951585574,TO_MIN,102
1779809952586283,TO_MAX,511
1779809953586996,STILL_PHASE_START,307
1779809958587713,MOTION_PHASE_START,0
1779809958587746,TO_MAX,511
1779809959588441,TO_MIN,102
1779809960589152,TO_MAX,511
1779809961589828,TO_MIN,102
1779809962590542,TO_MAX,511
1779809963591257,STILL_PHASE_START,307
1779809968591971,MOTION_PHASE_START,0
1779809968591996,TO_MAX,511
1779809969592682,TO_MIN,102
1779809970593382,TO_MAX,511
1779809971594078,TO_MIN,102
1779809972594779,TO_MAX,511
1779809973595490,STILL_PHASE_START,307
1779809978596202,MOTION_PHASE_START,0
1779809978596229,TO_MAX,511
1779809979596921,TO_MIN,102
1779809980597629,TO_MAX,511
1779809981598332,TO_MIN,102
1779809982599052,TO_MAX,511
1779809983599759,STILL_PHASE_START,307
1779809988600459,MOTION_PHASE_START,0
1779809988600488,TO_MAX,511
1779809989601182,TO_MIN,102
1779809990601900,TO_MAX,511
1779809991602611,TO_MIN,102
1779809992603331,TO_MAX,511
1779809993604047,STILL_PHASE_START,307
1779809998604752,MOTION_PHASE_START,0
1779809998604776,TO_MAX,511
1779809999605462,TO_MIN,102
1779810000606165,TO_MAX,511
1779810001606869,TO_MIN,102
1779810002607579,TO_MAX,511
1779810003608281,STILL_PHASE_START,307
1779810008608989,MOTION_PHASE_START,0
1779810008609015,TO_MAX,511
1779810009609705,TO_MIN,102
1779810010610417,TO_MAX,511
1779810011611142,TO_MIN,102
1779810012611878,TO_MAX,511
1779810013612582,STILL_PHASE_START,307
1779810018613293,MOTION_PHASE_START,0
1779810018613327,TO_MAX,511
1779810019614020,TO_MIN,102
1779810020614733,TO_MAX,511
1779810021615445,TO_MIN,102
1779810022616152,TO_MAX,511
1779810023616867,STILL_PHASE_START,307
1779810028617582,MOTION_PHASE_START,0
1779810028617663,TO_MAX,511
1779810029618376,TO_MIN,102
1779810030619090,TO_MAX,511
1779810031619798,TO_MIN,102
1779810032620502,TO_MAX,511
1779810033621214,STILL_PHASE_START,307
1779810038621931,MOTION_PHASE_START,0
1779810038621971,TO_MAX,511
1779810039622667,TO_MIN,102
1779810040623377,TO_MAX,511
1779810041624090,TO_MIN,102
1779810042624797,TO_MAX,511
1779810043625507,STILL_PHASE_START,307
1779810048626220,MOTION_PHASE_START,0
1779810048626254,TO_MAX,511
1779810049626946,TO_MIN,102
1779810050627655,TO_MAX,511
1779810051628368,TO_MIN,102
1779810052629086,TO_MAX,511
1779810053629796,STILL_PHASE_START,307
1779810058630522,MOTION_PHASE_START,0
1779810058630551,TO_MAX,511
1779810059631241,TO_MIN,102
1779810060631948,TO_MAX,511
1779810061632659,TO_MIN,102
1779810062633373,TO_MAX,511
1779810063634080,STILL_PHASE_START,307
1779810068634797,MOTION_PHASE_START,0
1779810068634832,TO_MAX,511
1779810069635528,TO_MIN,102
1779810070636252,TO_MAX,511
1779810071636978,TO_MIN,102
1779810072637699,TO_MAX,511
1779810073638413,STILL_PHASE_START,307
1779810078639132,MOTION_PHASE_START,0
1779810078639169,TO_MAX,511
1779810079639861,TO_MIN,102
1779810080640573,TO_MAX,511
1779810081641277,TO_MIN,102
1779810082641988,TO_MAX,511
1779810083642700,STILL_PHASE_START,307
1779810088645168,MOTION_PHASE_START,0
1779810088645228,TO_MAX,511
1779810089645912,TO_MIN,102
1779810090646619,TO_MAX,511
1779810091647324,TO_MIN,102
1779810092648032,TO_MAX,511
1779810093648750,STILL_PHASE_START,307
1779810098649473,MOTION_PHASE_START,0
1779810098649494,TO_MAX,511
1779810099650191,TO_MIN,102
1779810100650899,TO_MAX,511
1779810101651612,TO_MIN,102
1779810102652312,TO_MAX,511
1779810103653007,STILL_PHASE_START,307
1779810108653710,MOTION_PHASE_START,0
1779810108653733,TO_MAX,511
1779810109654422,TO_MIN,102
1779810110655134,TO_MAX,511
1779810111655841,TO_MIN,102
1779810112656552,TO_MAX,511
1779810113657253,STILL_PHASE_START,307
1779810118658319,MOTION_PHASE_START,0
1779810118658343,TO_MAX,511
1779810119659028,TO_MIN,102
1779810120659730,TO_MAX,511
1779810121660437,TO_MIN,102
1779810122661146,TO_MAX,511
1779810123661856,STILL_PHASE_START,307
1779810128662562,MOTION_PHASE_START,0
1779810128662591,TO_MAX,511
1779810129663276,TO_MIN,102
1779810130663982,TO_MAX,511
1779810131664685,TO_MIN,102
1779810132665389,TO_MAX,511
1779810133666092,STILL_PHASE_START,307
1779810138666797,MOTION_PHASE_START,0
1779810138666831,TO_MAX,511
1779810139667523,TO_MIN,102
1779810140668238,TO_MAX,511
1779810141668947,TO_MIN,102
1779810142669686,TO_MAX,511
1779810143670397,STILL_PHASE_START,307
1779810148671121,MOTION_PHASE_START,0
1779810148671161,TO_MAX,511
1779810149671873,TO_MIN,102
1779810150672604,TO_MAX,511
1779810151673318,TO_MIN,102
1779810152674043,TO_MAX,511
1779810153674763,STILL_PHASE_START,307
1779810158675486,MOTION_PHASE_START,0
1779810158675518,TO_MAX,511
1779810159676201,TO_MIN,102
1779810160676918,TO_MAX,511
1779810161677629,TO_MIN,102
1779810162678341,TO_MAX,511
1779810163679068,STILL_PHASE_START,307
1779810168679790,MOTION_PHASE_START,0
1779810168679829,TO_MAX,511
1779810169680521,TO_MIN,102
1779810170681620,TO_MAX,511
1779810171682339,TO_MIN,102
1779810172683045,TO_MAX,511
1779810173683755,STILL_PHASE_START,307
1779810178684473,MOTION_PHASE_START,0
1779810178684511,TO_MAX,511
1779810179685208,TO_MIN,102
1779810180685950,TO_MAX,511
1779810181686659,TO_MIN,102
1779810182687373,TO_MAX,511
1779810183688079,STILL_PHASE_START,307
1779810188688791,MOTION_PHASE_START,0
1779810188688825,TO_MAX,511
1779810189689523,TO_MIN,102
1779810190690235,TO_MAX,511
1779810191690942,TO_MIN,102
1779810192691671,TO_MAX,511
1779810193692396,STILL_PHASE_START,307
1779810198693120,MOTION_PHASE_START,0
1779810198693158,TO_MAX,511
1779810199693852,TO_MIN,102
1779810200694567,TO_MAX,511
1779810201695308,TO_MIN,102
1779810202696022,TO_MAX,511
1779810203696740,STILL_PHASE_START,307
1779810208697450,MOTION_PHASE_START,0
1779810208697484,TO_MAX,511
1779810209698167,TO_MIN,102
1779810210698876,TO_MAX,511
1779810211699588,TO_MIN,102
1779810212700303,TO_MAX,511
1779810213701019,STILL_PHASE_START,307
1779810218701738,MOTION_PHASE_START,0
1779810218701772,TO_MAX,511
1779810219702460,TO_MIN,102
1779810220703167,TO_MAX,511
1779810221703880,TO_MIN,102
1779810222704590,TO_MAX,511
1779810223705300,STILL_PHASE_START,307
1779810228706012,MOTION_PHASE_START,0
1779810228706047,TO_MAX,511
1779810229706733,TO_MIN,102
1779810230707445,TO_MAX,511
1779810231708156,TO_MIN,102
1779810232708873,TO_MAX,511
1779810233709584,STILL_PHASE_START,307
1779810238710290,MOTION_PHASE_START,0
1779810238710323,TO_MAX,511
1779810239711010,TO_MIN,102
1779810240711723,TO_MAX,511
1779810241712436,TO_MIN,102
1779810242713148,TO_MAX,511
1779810243713831,STILL_PHASE_START,307
1779810248714541,MOTION_PHASE_START,0
1779810248714574,TO_MAX,511
1779810249715261,TO_MIN,102
1779810250715971,TO_MAX,511
1779810251716694,TO_MIN,102
1779810252717416,TO_MAX,511
1779810253718153,STILL_PHASE_START,307
1779810258718866,MOTION_PHASE_START,0
1779810258718895,TO_MAX,511
1779810259719612,TO_MIN,102
1779810260720326,TO_MAX,511
1779810261721036,TO_MIN,102
1779810262721742,TO_MAX,511
1779810263722449,STILL_PHASE_START,307
1779810268723165,MOTION_PHASE_START,0
1779810268723199,TO_MAX,511
1779810269723918,TO_MIN,102
1779810270724632,TO_MAX,511
1779810271725347,TO_MIN,102
1779810272726060,TO_MAX,511
1779810273726772,STILL_PHASE_START,307
1779810278727489,MOTION_PHASE_START,0
1779810278727524,TO_MAX,511
1779810279728213,TO_MIN,102
1779810280728935,TO_MAX,511
1779810281729654,TO_MIN,102
1779810282730360,TO_MAX,511
1779810283731069,STILL_PHASE_START,307
1779810288731789,MOTION_PHASE_START,0
1779810288731829,TO_MAX,511
1779810289732541,TO_MIN,102
1779810290733259,TO_MAX,511
1779810291733970,TO_MIN,102
1779810292734681,TO_MAX,511
1779810293735392,STILL_PHASE_START,307
1779810298736121,MOTION_PHASE_START,0
1779810298736151,TO_MAX,511
1779810299736841,TO_MIN,102
1779810300737564,TO_MAX,511
1779810301738283,TO_MIN,102
1779810302738999,TO_MAX,511
1779810303739712,STILL_PHASE_START,307
1779810308740423,MOTION_PHASE_START,0
1779810308740455,TO_MAX,511
1779810309741143,TO_MIN,102
1779810310741864,TO_MAX,511
1779810311742580,TO_MIN,102
1779810312743295,TO_MAX,511
1779810313744008,STILL_PHASE_START,307
1779810318744722,MOTION_PHASE_START,0
1779810318744754,TO_MAX,511
1779810319745439,TO_MIN,102
1779810320746157,TO_MAX,511
1779810321746867,TO_MIN,102
1779810322747576,TO_MAX,511
1779810323748298,STILL_PHASE_START,307
1779810328749020,MOTION_PHASE_START,0
1779810328749051,TO_MAX,511
1779810329749733,TO_MIN,102
1779810330750431,TO_MAX,511
1779810331751145,TO_MIN,102
1779810332751864,TO_MAX,511
1779810333752572,STILL_PHASE_START,307
1779810338753290,MOTION_PHASE_START,0
1779810338753324,TO_MAX,511
1779810339754010,TO_MIN,102
1779810340754715,TO_MAX,511
1779810341755435,TO_MIN,102
1779810342756160,TO_MAX,511
1779810343756876,STILL_PHASE_START,307
1779810348757597,MOTION_PHASE_START,0
1779810348757629,TO_MAX,511
1779810349758318,TO_MIN,102
1779810350759031,TO_MAX,511
1779810351759744,TO_MIN,102
1779810352760446,TO_MAX,511
1779810353761162,STILL_PHASE_START,307
1779810358761889,MOTION_PHASE_START,0
1779810358761919,TO_MAX,511
1779810359762608,TO_MIN,102
1779810360763325,TO_MAX,511
1779810361764047,TO_MIN,102
1779810362764766,TO_MAX,511
1779810363765482,STILL_PHASE_START,307
1779810368766195,MOTION_PHASE_START,0
1779810368766227,TO_MAX,511
1779810369766923,TO_MIN,102
1779810370767662,TO_MAX,511
1779810371768377,TO_MIN,102
1779810372769094,TO_MAX,511
1779810373769800,STILL_PHASE_START,307
1779810378770521,MOTION_PHASE_START,0
1779810378770546,TO_MAX,511
1779810379771230,TO_MIN,102
1779810380771931,TO_MAX,511
1779810381772634,TO_MIN,102
1779810382773339,TO_MAX,511
1779810383774052,STILL_PHASE_START,307
1779810388774760,MOTION_PHASE_START,0
1779810388774782,TO_MAX,511
1779810389775469,TO_MIN,102
1779810390776197,TO_MAX,511
1779810391776895,TO_MIN,102
1779810392777598,TO_MAX,511
1779810393778300,STILL_PHASE_START,307
1779810398779152,MOTION_PHASE_START,0
1779810398779180,TO_MAX,511
1779810399779868,TO_MIN,102
1779810400780582,TO_MAX,511
1779810401781315,TO_MIN,102
1779810402782026,TO_MAX,511
1779810403782731,STILL_PHASE_START,307
1779810408783440,MOTION_PHASE_START,0
1779810408783469,TO_MAX,511
1779810409784156,TO_MIN,102
1779810410784864,TO_MAX,511
1779810411785564,TO_MIN,102
1779810412786264,TO_MAX,511
1779810413786965,STILL_PHASE_START,307
1779810418787689,MOTION_PHASE_START,0
1779810418787717,TO_MAX,511
1779810419788412,TO_MIN,102
1779810420789113,TO_MAX,511
1779810421789815,TO_MIN,102
1779810422790541,TO_MAX,511
1779810423791248,STILL_PHASE_START,307
1779810428791958,MOTION_PHASE_START,0
1779810428792015,TO_MAX,511
1779810429792704,TO_MIN,102
1779810430793410,TO_MAX,511
1779810431794121,TO_MIN,102
1779810432794844,TO_MAX,511
1779810433795559,STILL_PHASE_START,307
1779810438796270,MOTION_PHASE_START,0
1779810438796297,TO_MAX,511
1779810439796985,TO_MIN,102
1779810440797682,TO_MAX,511
1779810441798395,TO_MIN,102
1779810442799113,TO_MAX,511
1779810443799820,STILL_PHASE_START,307
1779810448800520,MOTION_PHASE_START,0
1779810448800545,TO_MAX,511
1779810449801233,TO_MIN,102
1779810450801973,TO_MAX,511
1779810451802678,TO_MIN,102
1779810452803380,TO_MAX,511
1779810453804086,STILL_PHASE_START,307
1779810458804789,MOTION_PHASE_START,0
1779810458804816,TO_MAX,511
1779810459805508,TO_MIN,102
1779810460806209,TO_MAX,511
1779810461806928,TO_MIN,102
1779810462807645,TO_MAX,511
1779810463808347,STILL_PHASE_START,307
1779810468809057,MOTION_PHASE_START,0
1779810468809083,TO_MAX,511
1779810469809768,TO_MIN,102
1779810470810465,TO_MAX,511
1779810471811164,TO_MIN,102
1779810472811876,TO_MAX,511
1779810473812597,STILL_PHASE_START,307
1779810478813304,MOTION_PHASE_START,0
1779810478813332,TO_MAX,511
1779810479814020,TO_MIN,102
1779810480814722,TO_MAX,511
1779810481815426,TO_MIN,102
1779810482816131,TO_MAX,511
1779810483816838,STILL_PHASE_START,307
1779810488817552,MOTION_PHASE_START,0
1779810488817579,TO_MAX,511
1779810489818282,TO_MIN,102
1779810490818989,TO_MAX,511
1779810491819697,TO_MIN,102
1779810492820403,TO_MAX,511
1779810493821126,STILL_PHASE_START,307
1779810498821832,MOTION_PHASE_START,0
1779810498821858,TO_MAX,511
1779810499822539,TO_MIN,102
1779810500823236,TO_MAX,511
1779810501823940,TO_MIN,102
1779810502824639,TO_MAX,511
1779810503825341,STILL_PHASE_START,307
