# servo_sweep log
# mode=burst duration=300 min_ticks=102 max_ticks=511 center_ticks=307
# motion_ms=5000 still_ms=5000 burst_period_ms=1000
# timestamp = CLOCK_REALTIME microseconds at host i2c_write call
# actual PWM wire edge appears ~100us after timestamp
# columns: timestamp_us,event,ticks
1779835572800240,START,307
1779835573001009,MOTION_PHASE_START,0
1779835573001049,TO_MAX,511
1779835574001750,TO_MIN,102
1779835575002662,TO_MAX,511
1779835576003393,TO_MIN,102
1779835577004320,TO_MAX,511
1779835578005133,STILL_PHASE_START,307
1779835583005879,MOTION_PHASE_START,0
1779835583005923,TO_MAX,511
1779835584006612,TO_MIN,102
1779835585007314,TO_MAX,511
1779835586008017,TO_MIN,102
1779835587008719,TO_MAX,511
1779835588009415,STILL_PHASE_START,307
1779835593010134,MOTION_PHASE_START,0
1779835593010168,TO_MAX,511
1779835594010862,TO_MIN,102
1779835595011570,TO_MAX,511
1779835596012277,TO_MIN,102
1779835597012983,TO_MAX,511
1779835598013690,STILL_PHASE_START,307
1779835603014398,MOTION_PHASE_START,0
1779835603014456,TO_MAX,511
1779835604015163,TO_MIN,102
1779835605015903,TO_MAX,511
1779835606016639,TO_MIN,102
1779835607017363,TO_MAX,511
1779835608018093,STILL_PHASE_START,307
1779835613018849,MOTION_PHASE_START,0
1779835613018923,TO_MAX,511
1779835614019621,TO_MIN,102
1779835615020346,TO_MAX,511
1779835616021062,TO_MIN,102
1779835617021771,TO_MAX,511
1779835618022489,STILL_PHASE_START,307
1779835623023216,MOTION_PHASE_START,0
1779835623023247,TO_MAX,511
1779835624023940,TO_MIN,102
1779835625024650,TO_MAX,511
1779835626025360,TO_MIN,102
1779835627026068,TO_MAX,511
1779835628026777,STILL_PHASE_START,307
1779835633027515,MOTION_PHASE_START,0
1779835633027558,TO_MAX,511
1779835634028260,TO_MIN,102
1779835635028990,TO_MAX,511
1779835636029720,TO_MIN,102
1779835637030446,TO_MAX,511
1779835638031165,STILL_PHASE_START,307
1779835643031885,MOTION_PHASE_START,0
1779835643031929,TO_MAX,511
1779835644032619,TO_MIN,102
1779835645033331,TO_MAX,511
1779835646034056,TO_MIN,102
1779835647034775,TO_MAX,511
1779835648035483,STILL_PHASE_START,307
1779835653036200,MOTION_PHASE_START,0
1779835653036232,TO_MAX,511
1779835654036923,TO_MIN,102
1779835655037783,TO_MAX,511
1779835656038495,TO_MIN,102
1779835657039219,TO_MAX,511
1779835658039938,STILL_PHASE_START,307
1779835663040661,MOTION_PHASE_START,0
1779835663040702,TO_MAX,511
1779835664041395,TO_MIN,102
1779835665042105,TO_MAX,511
1779835666042816,TO_MIN,102
1779835667043531,TO_MAX,511
1779835668044240,STILL_PHASE_START,307
1779835673044971,MOTION_PHASE_START,0
1779835673045011,TO_MAX,511
1779835674045712,TO_MIN,102
1779835675046425,TO_MAX,511
1779835676047133,TO_MIN,102
1779835677047845,TO_MAX,511
1779835678048552,STILL_PHASE_START,307
1779835683049258,MOTION_PHASE_START,0
1779835683049300,TO_MAX,511
1779835684049991,TO_MIN,102
1779835685050718,TO_MAX,511
1779835686051427,TO_MIN,102
1779835687052139,TO_MAX,511
1779835688052880,STILL_PHASE_START,307
1779835693053602,MOTION_PHASE_START,0
1779835693053645,TO_MAX,511
1779835694054334,TO_MIN,102
1779835695055044,TO_MAX,511
1779835696055760,TO_MIN,102
1779835697056478,TO_MAX,511
1779835698057192,STILL_PHASE_START,307
1779835703057907,MOTION_PHASE_START,0
1779835703057951,TO_MAX,511
1779835704058639,TO_MIN,102
1779835705059351,TO_MAX,511
1779835706060075,TO_MIN,102
1779835707060796,TO_MAX,511
1779835708061515,STILL_PHASE_START,307
1779835713062242,MOTION_PHASE_START,0
1779835713062286,TO_MAX,511
1779835714062978,TO_MIN,102
1779835715063697,TO_MAX,511
1779835716064426,TO_MIN,102
1779835717065137,TO_MAX,511
1779835718065851,STILL_PHASE_START,307
1779835723066572,MOTION_PHASE_START,0
1779835723066621,TO_MAX,511
1779835724067310,TO_MIN,102
1779835725068022,TO_MAX,511
1779835726068740,TO_MIN,102
1779835727069459,TO_MAX,511
1779835728070172,STILL_PHASE_START,307
1779835733070904,MOTION_PHASE_START,0
1779835733070953,TO_MAX,511
1779835734071645,TO_MIN,102
1779835735072373,TO_MAX,511
1779835736073102,TO_MIN,102
1779835737073857,TO_MAX,511
1779835738074571,STILL_PHASE_START,307
1779835743075300,MOTION_PHASE_START,0
1779835743075352,TO_MAX,511
1779835744076043,TO_MIN,102
1779835745076792,TO_MAX,511
1779835746077505,TO_MIN,102
1779835747078220,TO_MAX,511
1779835748078931,STILL_PHASE_START,307
1779835753079651,MOTION_PHASE_START,0
1779835753079691,TO_MAX,511
1779835754080378,TO_MIN,102
1779835755081087,TO_MAX,511
1779835756081797,TO_MIN,102
1779835757082506,TO_MAX,511
1779835758083217,STILL_PHASE_START,307
1779835763084100,MOTION_PHASE_START,0
1779835763084147,TO_MAX,511
1779835764084836,TO_MIN,102
1779835765085537,TO_MAX,511
1779835766086249,TO_MIN,102
1779835767086963,TO_MAX,511
1779835768087679,STILL_PHASE_START,307
1779835773088405,MOTION_PHASE_START,0
1779835773088447,TO_MAX,511
1779835774089138,TO_MIN,102
1779835775089851,TO_MAX,511
1779835776090565,TO_MIN,102
1779835777091283,TO_MAX,511
1779835778092000,STILL_PHASE_START,307
1779835783092716,MOTION_PHASE_START,0
1779835783092766,TO_MAX,511
1779835784093461,TO_MIN,102
1779835785094175,TO_MAX,511
1779835786094893,TO_MIN,102
1779835787095612,TO_MAX,511
1779835788096321,STILL_PHASE_START,307
1779835793097077,MOTION_PHASE_START,0
1779835793097125,TO_MAX,511
1779835794097809,TO_MIN,102
1779835795098522,TO_MAX,511
1779835796099244,TO_MIN,102
1779835797099958,TO_MAX,511
1779835798100669,STILL_PHASE_START,307
1779835803101388,MOTION_PHASE_START,0
1779835803101432,TO_MAX,511
1779835804102119,TO_MIN,102
1779835805102836,TO_MAX,511
1779835806103550,TO_MIN,102
1779835807104265,TO_MAX,511
1779835808104979,STILL_PHASE_START,307
1779835813105698,MOTION_PHASE_START,0
1779835813105752,TO_MAX,511
1779835814106442,TO_MIN,102
1779835815107170,TO_MAX,511
1779835816107892,TO_MIN,102
1779835817108611,TO_MAX,511
1779835818109341,STILL_PHASE_START,307
1779835823110062,MOTION_PHASE_START,0
1779835823110102,TO_MAX,511
1779835824110784,TO_MIN,102
1779835825111500,TO_MAX,511
1779835826112208,TO_MIN,102
1779835827112921,TO_MAX,511
1779835828113630,STILL_PHASE_START,307
1779835833114348,MOTION_PHASE_START,0
1779835833114378,TO_MAX,511
1779835834115064,TO_MIN,102
1779835835115769,TO_MAX,511
1779835836116477,TO_MIN,102
1779835837117175,TO_MAX,511
1779835838118069,STILL_PHASE_START,307
1779835843118778,MOTION_PHASE_START,0
1779835843118822,TO_MAX,511
1779835844119514,TO_MIN,102
1779835845120228,TO_MAX,511
1779835846120945,TO_MIN,102
1779835847121661,TO_MAX,511
1779835848122372,STILL_PHASE_START,307
1779835853123095,MOTION_PHASE_START,0
1779835853123169,TO_MAX,511
1779835854123861,TO_MIN,102
1779835855124573,TO_MAX,511
1779835856125280,TO_MIN,102
1779835857125989,TO_MAX,511
1779835858126717,STILL_PHASE_START,307
1779835863127428,MOTION_PHASE_START,0
1779835863127469,TO_MAX,511
1779835864128161,TO_MIN,102
1779835865128886,TO_MAX,511
1779835866129614,TO_MIN,102
1779835867130343,TO_MAX,511
1779835868131058,STILL_PHASE_START,307
1779835873131777,END,307
